#
# There is insufficient memory for the Java Runtime Environment to continue.
# Native memory allocation (malloc) failed to allocate 751536 bytes. Error detail: Chunk::new
# Possible reasons:
#   The system is out of physical RAM or swap space
#   This process is running with CompressedOops enabled, and the Java Heap may be blocking the growth of the native heap
# Possible solutions:
#   Reduce memory load on the system
#   Increase physical memory or swap space
#   Check if swap backing store is full
#   Decrease Java heap size (-Xmx/-Xms)
#   Decrease number of Java threads
#   Decrease Java thread stack sizes (-Xss)
#   Set larger code cache with -XX:ReservedCodeCacheSize=
#   JVM is running with Unscaled Compressed Oops mode in which the Java heap is
#     placed in the first 4GB address space. The Java Heap base address is the
#     maximum limit for the native heap growth. Please use -XX:HeapBaseMinAddress
#     to set the Java Heap base and to place the Java Heap above 4GB virtual address.
# This output file may be truncated or incomplete.
#
#  Out of Memory Error (arena.cpp:168), pid=103184, tid=111444
#
# JRE version: OpenJDK Runtime Environment Temurin-21.0.7+6 (21.0.7+6) (build 21.0.7+6-LTS)
# Java VM: OpenJDK 64-Bit Server VM Temurin-21.0.7+6 (21.0.7+6-LTS, mixed mode, sharing, tiered, compressed oops, compressed class ptrs, parallel gc, windows-amd64)
# No core dump will be written. Minidumps are not enabled by default on client versions of Windows
#

---------------  S U M M A R Y ------------

Command Line: --add-modules=ALL-SYSTEM --add-opens=java.base/java.util=ALL-UNNAMED --add-opens=java.base/java.lang=ALL-UNNAMED --add-opens=java.base/sun.nio.fs=ALL-UNNAMED -Declipse.application=org.eclipse.jdt.ls.core.id1 -Dosgi.bundles.defaultStartLevel=4 -Declipse.product=org.eclipse.jdt.ls.core.product -Djava.import.generatesMetadataFilesAtProjectRoot=false -DDetectVMInstallationsJob.disabled=true -Dfile.encoding=utf8 -XX:+UseParallelGC -XX:GCTimeRatio=4 -XX:AdaptiveSizePolicyWeight=90 -Dsun.zip.disableMemoryMapping=true -Xmx2G -Xms100m -Xlog:disable -javaagent:c:\Users\nikhi\.vscode\extensions\redhat.java-1.43.1-win32-x64\lombok\lombok-1.18.39-4050.jar -XX:+HeapDumpOnOutOfMemoryError -XX:HeapDumpPath=c:\Users\nikhi\AppData\Roaming\Code\User\workspaceStorage\2c7cbe482d4aa630f73c311e50a62fd4\redhat.java -Daether.dependencyCollector.impl=bf c:\Users\nikhi\.vscode\extensions\redhat.java-1.43.1-win32-x64\server\plugins\org.eclipse.equinox.launcher_1.7.0.v20250519-0528.jar -configuration c:\Users\nikhi\AppData\Roaming\Code\User\globalStorage\redhat.java\1.43.1\config_win -data c:\Users\nikhi\AppData\Roaming\Code\User\workspaceStorage\2c7cbe482d4aa630f73c311e50a62fd4\redhat.java\jdt_ws --pipe=\\.\pipe\lsp-f6c35e579795f1f0df847d866e604aa0-sock

Host: Intel(R) Core(TM) i5-10300H CPU @ 2.50GHz, 8 cores, 3G,  Windows 11 , 64 bit Build 26100 (10.0.26100.4484)
Time: Thu Jul 24 22:54:49 2025 India Standard Time elapsed time: 34.578227 seconds (0d 0h 0m 34s)

---------------  T H R E A D  ---------------

Current thread (0x000001afe7f8e670):  JavaThread "C2 CompilerThread1" daemon [_thread_in_native, id=111444, stack(0x0000000f6d000000,0x0000000f6d100000) (1024K)]


Current CompileTask:
C2:34578 13602       4       org.eclipse.jdt.internal.compiler.lookup.BinaryTypeBinding::createMethod (1666 bytes)

Stack: [0x0000000f6d000000,0x0000000f6d100000]
Native frames: (J=compiled Java code, j=interpreted, Vv=VM code, C=native code)
V  [jvm.dll+0x6ce119]
V  [jvm.dll+0x8a84a1]
V  [jvm.dll+0x8aa9ce]
V  [jvm.dll+0x8ab0b3]
V  [jvm.dll+0x27f8a6]
V  [jvm.dll+0xc507d]
V  [jvm.dll+0xc55b3]
V  [jvm.dll+0x2f2c6d]
V  [jvm.dll+0x5f6bca]
V  [jvm.dll+0x250cb2]
V  [jvm.dll+0x25106f]
V  [jvm.dll+0x249934]
V  [jvm.dll+0x246fc4]
V  [jvm.dll+0x1c760e]
V  [jvm.dll+0x25695a]
V  [jvm.dll+0x254efa]
V  [jvm.dll+0x3f03f6]
V  [jvm.dll+0x851f6b]
V  [jvm.dll+0x6cc7dd]
C  [ucrtbase.dll+0x37b0]
C  [KERNEL32.DLL+0x2e8d7]
C  [ntdll.dll+0x3c34c]


---------------  P R O C E S S  ---------------

Threads class SMR info:
_java_thread_list=0x000001afdbad1b70, length=69, elements={
0x000001affa863900, 0x000001af938ae2e0, 0x000001affccb53b0, 0x000001affccb6510,
0x000001affccb7160, 0x000001affccb9af0, 0x000001affccbd1f0, 0x000001afd633c4f0,
0x000001afd633fb00, 0x000001afd641ef90, 0x000001afd6668640, 0x000001afd6acc8c0,
0x000001afd6ba28b0, 0x000001afd6c344f0, 0x000001afd6df32f0, 0x000001afd6ec9020,
0x000001afd6ec96b0, 0x000001afd6ec9d40, 0x000001afd6eca3d0, 0x000001afd6ecaa60,
0x000001afd6ec8300, 0x000001afd6ec7c70, 0x000001afdbce67e0, 0x000001afdbce4710,
0x000001afdbce6e70, 0x000001afdbce5430, 0x000001afdbce5ac0, 0x000001afdbce4da0,
0x000001afdbce6150, 0x000001afdbce7500, 0x000001afdbce4080, 0x000001afdc694a10,
0x000001afdc6950a0, 0x000001afdc695730, 0x000001afdc695dc0, 0x000001afdc696450,
0x000001afdc692fd0, 0x000001afdc696ae0, 0x000001afdc693cf0, 0x000001afdc693660,
0x000001afdc699240, 0x000001afdc697170, 0x000001afdc6998d0, 0x000001afdc697e90,
0x000001afdc699f60, 0x000001afe5cc0dc0, 0x000001afe5cc2170, 0x000001afe5cc3520,
0x000001afe5cc00a0, 0x000001afe5cc2800, 0x000001afe5cc2e90, 0x000001afe5cc1ae0,
0x000001afe5cc1450, 0x000001afe5cc3bb0, 0x000001afe5cc0730, 0x000001afe5cc6310,
0x000001afe5cc7030, 0x000001afe5cc76c0, 0x000001afe5cc4f60, 0x000001afe5cc4240,
0x000001afe5cc5c80, 0x000001afdcafc760, 0x000001afdcafad20, 0x000001afdcafcdf0,
0x000001afdcafa690, 0x000001afdcafd480, 0x000001afdcafb3b0, 0x000001afdcafba40,
0x000001afe7f8e670
}

Java Threads: ( => current thread )
  0x000001affa863900 JavaThread "main"                              [_thread_blocked, id=106292, stack(0x0000000f68000000,0x0000000f68100000) (1024K)]
  0x000001af938ae2e0 JavaThread "Reference Handler"          daemon [_thread_blocked, id=110988, stack(0x0000000f68400000,0x0000000f68500000) (1024K)]
  0x000001affccb53b0 JavaThread "Finalizer"                  daemon [_thread_blocked, id=106320, stack(0x0000000f68500000,0x0000000f68600000) (1024K)]
  0x000001affccb6510 JavaThread "Signal Dispatcher"          daemon [_thread_blocked, id=110956, stack(0x0000000f68600000,0x0000000f68700000) (1024K)]
  0x000001affccb7160 JavaThread "Attach Listener"            daemon [_thread_blocked, id=29780, stack(0x0000000f68700000,0x0000000f68800000) (1024K)]
  0x000001affccb9af0 JavaThread "Service Thread"             daemon [_thread_blocked, id=111116, stack(0x0000000f68800000,0x0000000f68900000) (1024K)]
  0x000001affccbd1f0 JavaThread "Monitor Deflation Thread"   daemon [_thread_blocked, id=110736, stack(0x0000000f68900000,0x0000000f68a00000) (1024K)]
  0x000001afd633c4f0 JavaThread "C2 CompilerThread0"         daemon [_thread_in_vm, id=110740, stack(0x0000000f68a00000,0x0000000f68b00000) (1024K)]
  0x000001afd633fb00 JavaThread "C1 CompilerThread0"         daemon [_thread_blocked, id=110752, stack(0x0000000f68b00000,0x0000000f68c00000) (1024K)]
  0x000001afd641ef90 JavaThread "Common-Cleaner"             daemon [_thread_blocked, id=110824, stack(0x0000000f68c00000,0x0000000f68d00000) (1024K)]
  0x000001afd6668640 JavaThread "Notification Thread"        daemon [_thread_blocked, id=110304, stack(0x0000000f68d00000,0x0000000f68e00000) (1024K)]
  0x000001afd6acc8c0 JavaThread "Active Thread: Equinox Container: 7f16d64a-dafe-472f-9154-e455e81872dd"        [_thread_blocked, id=109644, stack(0x0000000f69400000,0x0000000f69500000) (1024K)]
  0x000001afd6ba28b0 JavaThread "Refresh Thread: Equinox Container: 7f16d64a-dafe-472f-9154-e455e81872dd" daemon [_thread_blocked, id=109988, stack(0x0000000f69600000,0x0000000f69700000) (1024K)]
  0x000001afd6c344f0 JavaThread "Framework Event Dispatcher: Equinox Container: 7f16d64a-dafe-472f-9154-e455e81872dd" daemon [_thread_blocked, id=110032, stack(0x0000000f69700000,0x0000000f69800000) (1024K)]
  0x000001afd6df32f0 JavaThread "Start Level: Equinox Container: 7f16d64a-dafe-472f-9154-e455e81872dd" daemon [_thread_blocked, id=111188, stack(0x0000000f69800000,0x0000000f69900000) (1024K)]
  0x000001afd6ec9020 JavaThread "Bundle File Closer"         daemon [_thread_blocked, id=109648, stack(0x0000000f69900000,0x0000000f69a00000) (1024K)]
  0x000001afd6ec96b0 JavaThread "SCR Component Actor"        daemon [_thread_blocked, id=110020, stack(0x0000000f69a00000,0x0000000f69b00000) (1024K)]
  0x000001afd6ec9d40 JavaThread "Worker-JM"                         [_thread_blocked, id=110968, stack(0x0000000f69c00000,0x0000000f69d00000) (1024K)]
  0x000001afd6eca3d0 JavaThread "JNA Cleaner"                daemon [_thread_blocked, id=109592, stack(0x0000000f69d00000,0x0000000f69e00000) (1024K)]
  0x000001afd6ecaa60 JavaThread "Worker-0"                          [_thread_blocked, id=109688, stack(0x0000000f69e00000,0x0000000f69f00000) (1024K)]
  0x000001afd6ec8300 JavaThread "Worker-1"                          [_thread_blocked, id=109424, stack(0x0000000f69f00000,0x0000000f6a000000) (1024K)]
  0x000001afd6ec7c70 JavaThread "Worker-2"                          [_thread_blocked, id=110996, stack(0x0000000f6a000000,0x0000000f6a100000) (1024K)]
  0x000001afdbce67e0 JavaThread "Java indexing"              daemon [_thread_blocked, id=110096, stack(0x0000000f6a100000,0x0000000f6a200000) (1024K)]
  0x000001afdbce4710 JavaThread "Worker-3"                          [_thread_blocked, id=110492, stack(0x0000000f6a200000,0x0000000f6a300000) (1024K)]
  0x000001afdbce6e70 JavaThread "Worker-4: Initialize workspace"        [_thread_blocked, id=103776, stack(0x0000000f6a500000,0x0000000f6a600000) (1024K)]
  0x000001afdbce5430 JavaThread "Worker-5"                          [_thread_blocked, id=103764, stack(0x0000000f6a600000,0x0000000f6a700000) (1024K)]
  0x000001afdbce5ac0 JavaThread "Thread-2"                   daemon [_thread_in_native, id=103732, stack(0x0000000f6a700000,0x0000000f6a800000) (1024K)]
  0x000001afdbce4da0 JavaThread "Thread-3"                   daemon [_thread_in_native, id=109524, stack(0x0000000f6a800000,0x0000000f6a900000) (1024K)]
  0x000001afdbce6150 JavaThread "Thread-4"                   daemon [_thread_in_native, id=10348, stack(0x0000000f6a900000,0x0000000f6aa00000) (1024K)]
  0x000001afdbce7500 JavaThread "Thread-5"                   daemon [_thread_in_native, id=110436, stack(0x0000000f6aa00000,0x0000000f6ab00000) (1024K)]
  0x000001afdbce4080 JavaThread "Thread-6"                   daemon [_thread_in_native, id=110052, stack(0x0000000f6ab00000,0x0000000f6ac00000) (1024K)]
  0x000001afdc694a10 JavaThread "Thread-7"                   daemon [_thread_in_native, id=85840, stack(0x0000000f6ac00000,0x0000000f6ad00000) (1024K)]
  0x000001afdc6950a0 JavaThread "Thread-8"                   daemon [_thread_in_native, id=108796, stack(0x0000000f6ad00000,0x0000000f6ae00000) (1024K)]
  0x000001afdc695730 JavaThread "Thread-9"                   daemon [_thread_in_native, id=109636, stack(0x0000000f6ae00000,0x0000000f6af00000) (1024K)]
  0x000001afdc695dc0 JavaThread "Thread-10"                  daemon [_thread_in_native, id=110564, stack(0x0000000f6af00000,0x0000000f6b000000) (1024K)]
  0x000001afdc696450 JavaThread "pool-2-thread-1"                   [_thread_blocked, id=109984, stack(0x0000000f6b000000,0x0000000f6b100000) (1024K)]
  0x000001afdc692fd0 JavaThread "WorkspaceEventsHandler"            [_thread_blocked, id=105088, stack(0x0000000f6b100000,0x0000000f6b200000) (1024K)]
  0x000001afdc696ae0 JavaThread "pool-1-thread-1"                   [_thread_blocked, id=109328, stack(0x0000000f6b200000,0x0000000f6b300000) (1024K)]
  0x000001afdc693cf0 JavaThread "Worker-6"                          [_thread_blocked, id=103204, stack(0x0000000f6b300000,0x0000000f6b400000) (1024K)]
  0x000001afdc693660 JavaThread "Worker-7"                          [_thread_blocked, id=109320, stack(0x0000000f6b400000,0x0000000f6b500000) (1024K)]
  0x000001afdc699240 JavaThread "LocalFile Deleter"          daemon [_thread_blocked, id=70220, stack(0x0000000f6b500000,0x0000000f6b600000) (1024K)]
  0x000001afdc697170 JavaThread "LocalFile Deleter"          daemon [_thread_blocked, id=110432, stack(0x0000000f6b600000,0x0000000f6b700000) (1024K)]
  0x000001afdc6998d0 JavaThread "LocalFile Deleter"          daemon [_thread_blocked, id=109972, stack(0x0000000f6b700000,0x0000000f6b800000) (1024K)]
  0x000001afdc697e90 JavaThread "LocalFile Deleter"          daemon [_thread_blocked, id=109968, stack(0x0000000f6b800000,0x0000000f6b900000) (1024K)]
  0x000001afdc699f60 JavaThread "LocalFile Deleter"          daemon [_thread_blocked, id=109572, stack(0x0000000f6b900000,0x0000000f6ba00000) (1024K)]
  0x000001afe5cc0dc0 JavaThread "LocalFile Deleter"          daemon [_thread_blocked, id=90252, stack(0x0000000f6ba00000,0x0000000f6bb00000) (1024K)]
  0x000001afe5cc2170 JavaThread "LocalFile Deleter"          daemon [_thread_blocked, id=110608, stack(0x0000000f6bb00000,0x0000000f6bc00000) (1024K)]
  0x000001afe5cc3520 JavaThread "LocalFile Deleter"          daemon [_thread_blocked, id=110612, stack(0x0000000f6bc00000,0x0000000f6bd00000) (1024K)]
  0x000001afe5cc00a0 JavaThread "Compiler Source File Reader" daemon [_thread_blocked, id=110676, stack(0x0000000f6bd00000,0x0000000f6be00000) (1024K)]
  0x000001afe5cc2800 JavaThread "Compiler Source File Reader" daemon [_thread_blocked, id=110656, stack(0x0000000f6be00000,0x0000000f6bf00000) (1024K)]
  0x000001afe5cc2e90 JavaThread "Compiler Source File Reader" daemon [_thread_blocked, id=110668, stack(0x0000000f6bf00000,0x0000000f6c000000) (1024K)]
  0x000001afe5cc1ae0 JavaThread "Compiler Source File Reader" daemon [_thread_blocked, id=110664, stack(0x0000000f6c000000,0x0000000f6c100000) (1024K)]
  0x000001afe5cc1450 JavaThread "Compiler Source File Reader" daemon [_thread_blocked, id=110672, stack(0x0000000f6c100000,0x0000000f6c200000) (1024K)]
  0x000001afe5cc3bb0 JavaThread "Compiler Source File Reader" daemon [_thread_blocked, id=103964, stack(0x0000000f6c200000,0x0000000f6c300000) (1024K)]
  0x000001afe5cc0730 JavaThread "Compiler Processing Task"   daemon [_thread_blocked, id=106240, stack(0x0000000f69b00000,0x0000000f69c00000) (1024K)]
  0x000001afe5cc6310 JavaThread "Compiler Class File Writer" daemon [_thread_blocked, id=108248, stack(0x0000000f6c300000,0x0000000f6c400000) (1024K)]
  0x000001afe5cc7030 JavaThread "Compiler Class File Writer" daemon [_thread_blocked, id=10616, stack(0x0000000f6c400000,0x0000000f6c500000) (1024K)]
  0x000001afe5cc76c0 JavaThread "Compiler Class File Writer" daemon [_thread_blocked, id=105852, stack(0x0000000f6c500000,0x0000000f6c600000) (1024K)]
  0x000001afe5cc4f60 JavaThread "Compiler Class File Writer" daemon [_thread_blocked, id=104732, stack(0x0000000f6c600000,0x0000000f6c700000) (1024K)]
  0x000001afe5cc4240 JavaThread "Compiler Class File Writer" daemon [_thread_blocked, id=91996, stack(0x0000000f6c700000,0x0000000f6c800000) (1024K)]
  0x000001afe5cc5c80 JavaThread "Compiler Class File Writer" daemon [_thread_blocked, id=25748, stack(0x0000000f6c800000,0x0000000f6c900000) (1024K)]
  0x000001afdcafc760 JavaThread "ForkJoinPool.commonPool-worker-1" daemon [_thread_blocked, id=105200, stack(0x0000000f6c900000,0x0000000f6ca00000) (1024K)]
  0x000001afdcafad20 JavaThread "ForkJoinPool.commonPool-worker-2" daemon [_thread_blocked, id=102232, stack(0x0000000f6ca00000,0x0000000f6cb00000) (1024K)]
  0x000001afdcafcdf0 JavaThread "ForkJoinPool.commonPool-worker-3" daemon [_thread_in_vm, id=107660, stack(0x0000000f6cb00000,0x0000000f6cc00000) (1024K)]
  0x000001afdcafa690 JavaThread "ForkJoinPool.commonPool-worker-4" daemon [_thread_blocked, id=111332, stack(0x0000000f6cc00000,0x0000000f6cd00000) (1024K)]
  0x000001afdcafd480 JavaThread "ForkJoinPool.commonPool-worker-5" daemon [_thread_blocked, id=101184, stack(0x0000000f6cd00000,0x0000000f6ce00000) (1024K)]
  0x000001afdcafb3b0 JavaThread "ForkJoinPool.commonPool-worker-6" daemon [_thread_blocked, id=106764, stack(0x0000000f6ce00000,0x0000000f6cf00000) (1024K)]
  0x000001afdcafba40 JavaThread "ForkJoinPool.commonPool-worker-7" daemon [_thread_blocked, id=104352, stack(0x0000000f6cf00000,0x0000000f6d000000) (1024K)]
=>0x000001afe7f8e670 JavaThread "C2 CompilerThread1"         daemon [_thread_in_native, id=111444, stack(0x0000000f6d000000,0x0000000f6d100000) (1024K)]
Total: 69

Other Threads:
  0x000001affa82f1f0 VMThread "VM Thread"                           [id=103760, stack(0x0000000f68300000,0x0000000f68400000) (1024K)]
  0x000001af9378ca00 WatcherThread "VM Periodic Task Thread"        [id=103744, stack(0x0000000f68200000,0x0000000f68300000) (1024K)]
  0x000001affa830070 WorkerThread "GC Thread#0"                     [id=106424, stack(0x0000000f68100000,0x0000000f68200000) (1024K)]
  0x000001affa82f590 WorkerThread "GC Thread#1"                     [id=110976, stack(0x0000000f68e00000,0x0000000f68f00000) (1024K)]
  0x000001afd6a46140 WorkerThread "GC Thread#2"                     [id=111008, stack(0x0000000f68f00000,0x0000000f69000000) (1024K)]
  0x000001afd6a47700 WorkerThread "GC Thread#3"                     [id=111000, stack(0x0000000f69000000,0x0000000f69100000) (1024K)]
  0x000001afd6a46c20 WorkerThread "GC Thread#4"                     [id=110628, stack(0x0000000f69100000,0x0000000f69200000) (1024K)]
  0x000001afd6a46880 WorkerThread "GC Thread#5"                     [id=110964, stack(0x0000000f69200000,0x0000000f69300000) (1024K)]
  0x000001afd6a447e0 WorkerThread "GC Thread#6"                     [id=111004, stack(0x0000000f69300000,0x0000000f69400000) (1024K)]
  0x000001afd6a44b80 WorkerThread "GC Thread#7"                     [id=109956, stack(0x0000000f69500000,0x0000000f69600000) (1024K)]
Total: 10

Threads with active compile tasks:
C2 CompilerThread0  34645 13570       4       java.io.DataOutputStream::writeInt (28 bytes)
C2 CompilerThread1  34645 13602       4       org.eclipse.jdt.internal.compiler.lookup.BinaryTypeBinding::createMethod (1666 bytes)
Total: 2

VM state: not at safepoint (normal execution)

VM Mutex/Monitor currently owned by a thread:  ([mutex/lock_event])
[0x00007ffd3c4ece88] MethodCompileQueue_lock - owner thread: 0x000001afd633c4f0
[0x00007ffd3c4ee208] CodeCache_lock - owner thread: 0x000001afd633c4f0
[0x00007ffd3c4ee308] Threads_lock - owner thread: 0x000001afdcafcdf0
[0x00007ffd3c4ee388] Compile_lock - owner thread: 0x000001afd633c4f0

Heap address: 0x0000000080000000, size: 2048 MB, Compressed Oops mode: 32-bit

CDS archive(s) mapped at: [0x000001af94000000-0x000001af94ba0000-0x000001af94ba0000), size 12189696, SharedBaseAddress: 0x000001af94000000, ArchiveRelocationMode: 1.
Compressed class space mapped at: 0x000001af95000000-0x000001afd5000000, reserved size: 1073741824
Narrow klass base: 0x000001af94000000, Narrow klass shift: 0, Narrow klass range: 0x100000000

GC Precious Log:
 CardTable entry size: 512
 CPUs: 8 total, 8 available
 Memory: 3889M
 Large Page Support: Disabled
 NUMA Support: Disabled
 Compressed Oops: Enabled (32-bit)
 Alignments: Space 512K, Generation 512K, Heap 2M
 Heap Min Capacity: 100M
 Heap Initial Capacity: 100M
 Heap Max Capacity: 2G
 Pre-touch: Disabled
 Parallel Workers: 8

Heap:
 PSYoungGen      total 18944K, used 16001K [0x00000000d5580000, 0x00000000d7680000, 0x0000000100000000)
  eden space 17408K, 83% used [0x00000000d5580000,0x00000000d63a0bf8,0x00000000d6680000)
  from space 1536K, 99% used [0x00000000d6800000,0x00000000d697f820,0x00000000d6980000)
  to   space 8192K, 0% used [0x00000000d6e80000,0x00000000d6e80000,0x00000000d7680000)
 ParOldGen       total 825856K, used 825420K [0x0000000080000000, 0x00000000b2680000, 0x00000000d5580000)
  object space 825856K, 99% used [0x0000000080000000,0x00000000b26132a8,0x00000000b2680000)
 Metaspace       used 70395K, committed 72064K, reserved 1114112K
  class space    used 7199K, committed 7936K, reserved 1048576K

Card table byte_map: [0x000001affc5a0000,0x000001affc9b0000] _byte_map_base: 0x000001affc1a0000

Marking Bits: (ParMarkBitMap*) 0x00007ffd3c4f31f0
 Begin Bits: [0x000001af8f2b0000, 0x000001af912b0000)
 End Bits:   [0x000001af912b0000, 0x000001af932b0000)

Polling page: 0x000001affaa00000

Metaspace:

Usage:
  Non-class:     61.72 MB used.
      Class:      7.03 MB used.
       Both:     68.75 MB used.

Virtual space:
  Non-class space:       64.00 MB reserved,      62.62 MB ( 98%) committed,  1 nodes.
      Class space:        1.00 GB reserved,       7.75 MB ( <1%) committed,  1 nodes.
             Both:        1.06 GB reserved,      70.38 MB (  6%) committed. 

Chunk freelists:
   Non-Class:  544.00 KB
       Class:  8.09 MB
        Both:  8.62 MB

MaxMetaspaceSize: unlimited
CompressedClassSpaceSize: 1.00 GB
Initial GC threshold: 21.00 MB
Current GC threshold: 97.31 MB
CDS: on
 - commit_granule_bytes: 65536.
 - commit_granule_words: 8192.
 - virtual_space_node_default_size: 8388608.
 - enlarge_chunks_in_place: 1.
 - use_allocation_guard: 0.


Internal statistics:

num_allocs_failed_limit: 9.
num_arena_births: 1354.
num_arena_deaths: 14.
num_vsnodes_births: 2.
num_vsnodes_deaths: 0.
num_space_committed: 1126.
num_space_uncommitted: 0.
num_chunks_returned_to_freelist: 23.
num_chunks_taken_from_freelist: 4774.
num_chunk_merges: 13.
num_chunk_splits: 2911.
num_chunks_enlarged: 1581.
num_inconsistent_stats: 0.

CodeHeap 'non-profiled nmethods': size=120000Kb used=7933Kb max_used=7933Kb free=112066Kb
 bounds [0x000001af87ad0000, 0x000001af88290000, 0x000001af8f000000]
CodeHeap 'profiled nmethods': size=120000Kb used=29205Kb max_used=29205Kb free=90794Kb
 bounds [0x000001af80000000, 0x000001af81c90000, 0x000001af87530000]
CodeHeap 'non-nmethods': size=5760Kb used=1479Kb max_used=1543Kb free=4280Kb
 bounds [0x000001af87530000, 0x000001af877a0000, 0x000001af87ad0000]
 total_blobs=14079 nmethods=13300 adapters=682
 compilation: enabled
              stopped_count=0, restarted_count=0
 full_count=0

Compilation events (20 events):
Event: 32.419 Thread 0x000001afd633c4f0 nmethod 13270 0x000001af88283d10 code [0x000001af88283e80, 0x000001af88283f98]
Event: 32.419 Thread 0x000001afd633c4f0 13240       4       java.lang.Integer::getChars (121 bytes)
Event: 32.424 Thread 0x000001afd633c4f0 nmethod 13240 0x000001af88284010 code [0x000001af882841c0, 0x000001af88284550]
Event: 32.424 Thread 0x000001afd633c4f0 13080       4       java.lang.Byte::toUnsignedInt (6 bytes)
Event: 32.424 Thread 0x000001afd633c4f0 nmethod 13080 0x000001af88284790 code [0x000001af88284900, 0x000001af88284968]
Event: 32.424 Thread 0x000001afd633c4f0 13233       4       java.util.concurrent.locks.AbstractQueuedSynchronizer::release (19 bytes)
Event: 32.426 Thread 0x000001afd633c4f0 nmethod 13233 0x000001af88284a90 code [0x000001af88284c40, 0x000001af88284df8]
Event: 32.426 Thread 0x000001afd633c4f0 13585       4       org.eclipse.jdt.internal.compiler.parser.ScannerHelper::isWhitespace (26 bytes)
Event: 32.427 Thread 0x000001afd633c4f0 nmethod 13585 0x000001af88284f90 code [0x000001af88285120, 0x000001af882851f8]
Event: 32.427 Thread 0x000001afd633c4f0 13336       4       lombok.core.LombokImmutableList$1::hasNext (19 bytes)
Event: 32.427 Thread 0x000001afd633c4f0 nmethod 13336 0x000001af88285310 code [0x000001af882854a0, 0x000001af88285568]
Event: 32.427 Thread 0x000001afd633c4f0 13199       4       jdk.nio.zipfs.ZipConstants::SH (19 bytes)
Event: 32.428 Thread 0x000001afd633c4f0 nmethod 13199 0x000001af88285610 code [0x000001af882857a0, 0x000001af88285888]
Event: 32.428 Thread 0x000001afd633c4f0 14060       4       org.eclipse.jdt.internal.compiler.parser.ScannerHelper::isJavaIdentifierStart (28 bytes)
Event: 32.428 Thread 0x000001afd633c4f0 nmethod 14060 0x000001af88285990 code [0x000001af88285b20, 0x000001af88285c00]
Event: 32.428 Thread 0x000001afd633c4f0 14061       4       org.eclipse.jdt.internal.compiler.parser.ScannerHelper::isJavaIdentifierPart (28 bytes)
Event: 32.429 Thread 0x000001afd633c4f0 nmethod 14061 0x000001af88285d10 code [0x000001af88285ea0, 0x000001af88285f68]
Event: 32.429 Thread 0x000001afd633c4f0 13311       4       java.util.Arrays$ArrayItr::next (36 bytes)
Event: 32.429 Thread 0x000001afd633c4f0 nmethod 13311 0x000001af88286010 code [0x000001af882861a0, 0x000001af88286290]
Event: 32.429 Thread 0x000001afd633c4f0 13273       4       org.eclipse.jdt.core.compiler.CharOperation::indexOf (7 bytes)

GC Heap History (20 events):
Event: 29.448 GC heap before
{Heap before GC invocations=1179 (full 3):
 PSYoungGen      total 23040K, used 22542K [0x00000000d5580000, 0x00000000d6e00000, 0x0000000100000000)
  eden space 22016K, 100% used [0x00000000d5580000,0x00000000d6b00000,0x00000000d6b00000)
  from space 1024K, 51% used [0x00000000d6c00000,0x00000000d6c83b00,0x00000000d6d00000)
  to   space 1024K, 0% used [0x00000000d6d00000,0x00000000d6d00000,0x00000000d6e00000)
 ParOldGen       total 804864K, used 804355K [0x0000000080000000, 0x00000000b1200000, 0x00000000d5580000)
  object space 804864K, 99% used [0x0000000080000000,0x00000000b1180fa8,0x00000000b1200000)
 Metaspace       used 67274K, committed 68992K, reserved 1114112K
  class space    used 6891K, committed 7680K, reserved 1048576K
}
Event: 29.452 GC heap after
{Heap after GC invocations=1179 (full 3):
 PSYoungGen      total 22528K, used 448K [0x00000000d5580000, 0x00000000d6d80000, 0x0000000100000000)
  eden space 22016K, 0% used [0x00000000d5580000,0x00000000d5580000,0x00000000d6b00000)
  from space 512K, 87% used [0x00000000d6d00000,0x00000000d6d70000,0x00000000d6d80000)
  to   space 512K, 0% used [0x00000000d6c80000,0x00000000d6c80000,0x00000000d6d00000)
 ParOldGen       total 804864K, used 804692K [0x0000000080000000, 0x00000000b1200000, 0x00000000d5580000)
  object space 804864K, 99% used [0x0000000080000000,0x00000000b11d53a8,0x00000000b1200000)
 Metaspace       used 67274K, committed 68992K, reserved 1114112K
  class space    used 6891K, committed 7680K, reserved 1048576K
}
Event: 29.475 GC heap before
{Heap before GC invocations=1180 (full 3):
 PSYoungGen      total 22528K, used 22464K [0x00000000d5580000, 0x00000000d6d80000, 0x0000000100000000)
  eden space 22016K, 100% used [0x00000000d5580000,0x00000000d6b00000,0x00000000d6b00000)
  from space 512K, 87% used [0x00000000d6d00000,0x00000000d6d70000,0x00000000d6d80000)
  to   space 512K, 0% used [0x00000000d6c80000,0x00000000d6c80000,0x00000000d6d00000)
 ParOldGen       total 804864K, used 804692K [0x0000000080000000, 0x00000000b1200000, 0x00000000d5580000)
  object space 804864K, 99% used [0x0000000080000000,0x00000000b11d53a8,0x00000000b1200000)
 Metaspace       used 67277K, committed 68992K, reserved 1114112K
  class space    used 6891K, committed 7680K, reserved 1048576K
}
Event: 29.480 GC heap after
{Heap after GC invocations=1180 (full 3):
 PSYoungGen      total 22528K, used 416K [0x00000000d5580000, 0x00000000d6d80000, 0x0000000100000000)
  eden space 22016K, 0% used [0x00000000d5580000,0x00000000d5580000,0x00000000d6b00000)
  from space 512K, 81% used [0x00000000d6c80000,0x00000000d6ce8000,0x00000000d6d00000)
  to   space 512K, 0% used [0x00000000d6d00000,0x00000000d6d00000,0x00000000d6d80000)
 ParOldGen       total 805376K, used 804892K [0x0000000080000000, 0x00000000b1280000, 0x00000000d5580000)
  object space 805376K, 99% used [0x0000000080000000,0x00000000b12073a8,0x00000000b1280000)
 Metaspace       used 67277K, committed 68992K, reserved 1114112K
  class space    used 6891K, committed 7680K, reserved 1048576K
}
Event: 29.504 GC heap before
{Heap before GC invocations=1181 (full 3):
 PSYoungGen      total 22528K, used 22431K [0x00000000d5580000, 0x00000000d6d80000, 0x0000000100000000)
  eden space 22016K, 99% used [0x00000000d5580000,0x00000000d6affff0,0x00000000d6b00000)
  from space 512K, 81% used [0x00000000d6c80000,0x00000000d6ce8000,0x00000000d6d00000)
  to   space 512K, 0% used [0x00000000d6d00000,0x00000000d6d00000,0x00000000d6d80000)
 ParOldGen       total 805376K, used 804892K [0x0000000080000000, 0x00000000b1280000, 0x00000000d5580000)
  object space 805376K, 99% used [0x0000000080000000,0x00000000b12073a8,0x00000000b1280000)
 Metaspace       used 67277K, committed 68992K, reserved 1114112K
  class space    used 6891K, committed 7680K, reserved 1048576K
}
Event: 30.508 GC heap after
{Heap after GC invocations=1181 (full 3):
 PSYoungGen      total 21504K, used 512K [0x00000000d5580000, 0x00000000d7580000, 0x0000000100000000)
  eden space 20992K, 0% used [0x00000000d5580000,0x00000000d5580000,0x00000000d6a00000)
  from space 512K, 100% used [0x00000000d6d00000,0x00000000d6d80000,0x00000000d6d80000)
  to   space 3072K, 0% used [0x00000000d6a00000,0x00000000d6a00000,0x00000000d6d00000)
 ParOldGen       total 807424K, used 806676K [0x0000000080000000, 0x00000000b1480000, 0x00000000d5580000)
  object space 807424K, 99% used [0x0000000080000000,0x00000000b13c53a8,0x00000000b1480000)
 Metaspace       used 67277K, committed 68992K, reserved 1114112K
  class space    used 6891K, committed 7680K, reserved 1048576K
}
Event: 30.584 GC heap before
{Heap before GC invocations=1182 (full 3):
 PSYoungGen      total 21504K, used 19889K [0x00000000d5580000, 0x00000000d7580000, 0x0000000100000000)
  eden space 20992K, 92% used [0x00000000d5580000,0x00000000d686c4d8,0x00000000d6a00000)
  from space 512K, 100% used [0x00000000d6d00000,0x00000000d6d80000,0x00000000d6d80000)
  to   space 3072K, 0% used [0x00000000d6a00000,0x00000000d6a00000,0x00000000d6d00000)
 ParOldGen       total 807424K, used 806676K [0x0000000080000000, 0x00000000b1480000, 0x00000000d5580000)
  object space 807424K, 99% used [0x0000000080000000,0x00000000b13c53a8,0x00000000b1480000)
 Metaspace       used 67689K, committed 69312K, reserved 1114112K
  class space    used 6950K, committed 7680K, reserved 1048576K
}
Event: 30.587 GC heap after
{Heap after GC invocations=1182 (full 3):
 PSYoungGen      total 24064K, used 448K [0x00000000d5580000, 0x00000000d7180000, 0x0000000100000000)
  eden space 20992K, 0% used [0x00000000d5580000,0x00000000d5580000,0x00000000d6a00000)
  from space 3072K, 14% used [0x00000000d6a00000,0x00000000d6a70000,0x00000000d6d00000)
  to   space 1536K, 0% used [0x00000000d7000000,0x00000000d7000000,0x00000000d7180000)
 ParOldGen       total 807424K, used 806964K [0x0000000080000000, 0x00000000b1480000, 0x00000000d5580000)
  object space 807424K, 99% used [0x0000000080000000,0x00000000b140d3a8,0x00000000b1480000)
 Metaspace       used 67689K, committed 69312K, reserved 1114112K
  class space    used 6950K, committed 7680K, reserved 1048576K
}
Event: 30.715 GC heap before
{Heap before GC invocations=1183 (full 3):
 PSYoungGen      total 24064K, used 21440K [0x00000000d5580000, 0x00000000d7180000, 0x0000000100000000)
  eden space 20992K, 100% used [0x00000000d5580000,0x00000000d6a00000,0x00000000d6a00000)
  from space 3072K, 14% used [0x00000000d6a00000,0x00000000d6a70000,0x00000000d6d00000)
  to   space 1536K, 0% used [0x00000000d7000000,0x00000000d7000000,0x00000000d7180000)
 ParOldGen       total 807424K, used 806964K [0x0000000080000000, 0x00000000b1480000, 0x00000000d5580000)
  object space 807424K, 99% used [0x0000000080000000,0x00000000b140d3a8,0x00000000b1480000)
 Metaspace       used 67977K, committed 69632K, reserved 1114112K
  class space    used 7005K, committed 7744K, reserved 1048576K
}
Event: 31.731 GC heap after
{Heap after GC invocations=1183 (full 3):
 PSYoungGen      total 18944K, used 1520K [0x00000000d5580000, 0x00000000d8180000, 0x0000000100000000)
  eden space 17408K, 0% used [0x00000000d5580000,0x00000000d5580000,0x00000000d6680000)
  from space 1536K, 98% used [0x00000000d7000000,0x00000000d717c020,0x00000000d7180000)
  to   space 9728K, 0% used [0x00000000d6680000,0x00000000d6680000,0x00000000d7000000)
 ParOldGen       total 813568K, used 813475K [0x0000000080000000, 0x00000000b1a80000, 0x00000000d5580000)
  object space 813568K, 99% used [0x0000000080000000,0x00000000b1a68ce8,0x00000000b1a80000)
 Metaspace       used 67977K, committed 69632K, reserved 1114112K
  class space    used 7005K, committed 7744K, reserved 1048576K
}
Event: 31.822 GC heap before
{Heap before GC invocations=1184 (full 3):
 PSYoungGen      total 18944K, used 18928K [0x00000000d5580000, 0x00000000d8180000, 0x0000000100000000)
  eden space 17408K, 100% used [0x00000000d5580000,0x00000000d6680000,0x00000000d6680000)
  from space 1536K, 98% used [0x00000000d7000000,0x00000000d717c020,0x00000000d7180000)
  to   space 9728K, 0% used [0x00000000d6680000,0x00000000d6680000,0x00000000d7000000)
 ParOldGen       total 813568K, used 813475K [0x0000000080000000, 0x00000000b1a80000, 0x00000000d5580000)
  object space 813568K, 99% used [0x0000000080000000,0x00000000b1a68ce8,0x00000000b1a80000)
 Metaspace       used 68138K, committed 69760K, reserved 1114112K
  class space    used 7013K, committed 7744K, reserved 1048576K
}
Event: 31.828 GC heap after
{Heap after GC invocations=1184 (full 3):
 PSYoungGen      total 20992K, used 3232K [0x00000000d5580000, 0x00000000d7080000, 0x0000000100000000)
  eden space 17408K, 0% used [0x00000000d5580000,0x00000000d5580000,0x00000000d6680000)
  from space 3584K, 90% used [0x00000000d6680000,0x00000000d69a8040,0x00000000d6a00000)
  to   space 5120K, 0% used [0x00000000d6b80000,0x00000000d6b80000,0x00000000d7080000)
 ParOldGen       total 815104K, used 814937K [0x0000000080000000, 0x00000000b1c00000, 0x00000000d5580000)
  object space 815104K, 99% used [0x0000000080000000,0x00000000b1bd6478,0x00000000b1c00000)
 Metaspace       used 68138K, committed 69760K, reserved 1114112K
  class space    used 7013K, committed 7744K, reserved 1048576K
}
Event: 31.901 GC heap before
{Heap before GC invocations=1185 (full 3):
 PSYoungGen      total 20992K, used 20640K [0x00000000d5580000, 0x00000000d7080000, 0x0000000100000000)
  eden space 17408K, 100% used [0x00000000d5580000,0x00000000d6680000,0x00000000d6680000)
  from space 3584K, 90% used [0x00000000d6680000,0x00000000d69a8040,0x00000000d6a00000)
  to   space 5120K, 0% used [0x00000000d6b80000,0x00000000d6b80000,0x00000000d7080000)
 ParOldGen       total 815104K, used 814937K [0x0000000080000000, 0x00000000b1c00000, 0x00000000d5580000)
  object space 815104K, 99% used [0x0000000080000000,0x00000000b1bd6478,0x00000000b1c00000)
 Metaspace       used 68210K, committed 69824K, reserved 1114112K
  class space    used 7017K, committed 7744K, reserved 1048576K
}
Event: 31.907 GC heap after
{Heap after GC invocations=1185 (full 3):
 PSYoungGen      total 18944K, used 1120K [0x00000000d5580000, 0x00000000d6d00000, 0x0000000100000000)
  eden space 17408K, 0% used [0x00000000d5580000,0x00000000d5580000,0x00000000d6680000)
  from space 1536K, 72% used [0x00000000d6b80000,0x00000000d6c98000,0x00000000d6d00000)
  to   space 2560K, 0% used [0x00000000d6800000,0x00000000d6800000,0x00000000d6a80000)
 ParOldGen       total 817664K, used 817481K [0x0000000080000000, 0x00000000b1e80000, 0x00000000d5580000)
  object space 817664K, 99% used [0x0000000080000000,0x00000000b1e524f8,0x00000000b1e80000)
 Metaspace       used 68210K, committed 69824K, reserved 1114112K
  class space    used 7017K, committed 7744K, reserved 1048576K
}
Event: 32.024 GC heap before
{Heap before GC invocations=1186 (full 3):
 PSYoungGen      total 18944K, used 18528K [0x00000000d5580000, 0x00000000d6d00000, 0x0000000100000000)
  eden space 17408K, 100% used [0x00000000d5580000,0x00000000d6680000,0x00000000d6680000)
  from space 1536K, 72% used [0x00000000d6b80000,0x00000000d6c98000,0x00000000d6d00000)
  to   space 2560K, 0% used [0x00000000d6800000,0x00000000d6800000,0x00000000d6a80000)
 ParOldGen       total 817664K, used 817481K [0x0000000080000000, 0x00000000b1e80000, 0x00000000d5580000)
  object space 817664K, 99% used [0x0000000080000000,0x00000000b1e524f8,0x00000000b1e80000)
 Metaspace       used 68364K, committed 69952K, reserved 1114112K
  class space    used 7019K, committed 7744K, reserved 1048576K
}
Event: 32.030 GC heap after
{Heap after GC invocations=1186 (full 3):
 PSYoungGen      total 19456K, used 1728K [0x00000000d5580000, 0x00000000d6c00000, 0x0000000100000000)
  eden space 17408K, 0% used [0x00000000d5580000,0x00000000d5580000,0x00000000d6680000)
  from space 2048K, 84% used [0x00000000d6800000,0x00000000d69b0040,0x00000000d6a00000)
  to   space 2048K, 0% used [0x00000000d6a00000,0x00000000d6a00000,0x00000000d6c00000)
 ParOldGen       total 818688K, used 818446K [0x0000000080000000, 0x00000000b1f80000, 0x00000000d5580000)
  object space 818688K, 99% used [0x0000000080000000,0x00000000b1f43988,0x00000000b1f80000)
 Metaspace       used 68364K, committed 69952K, reserved 1114112K
  class space    used 7019K, committed 7744K, reserved 1048576K
}
Event: 32.204 GC heap before
{Heap before GC invocations=1187 (full 3):
 PSYoungGen      total 19456K, used 19136K [0x00000000d5580000, 0x00000000d6c00000, 0x0000000100000000)
  eden space 17408K, 99% used [0x00000000d5580000,0x00000000d667ffe8,0x00000000d6680000)
  from space 2048K, 84% used [0x00000000d6800000,0x00000000d69b0040,0x00000000d6a00000)
  to   space 2048K, 0% used [0x00000000d6a00000,0x00000000d6a00000,0x00000000d6c00000)
 ParOldGen       total 818688K, used 818446K [0x0000000080000000, 0x00000000b1f80000, 0x00000000d5580000)
  object space 818688K, 99% used [0x0000000080000000,0x00000000b1f43988,0x00000000b1f80000)
 Metaspace       used 69102K, committed 70720K, reserved 1114112K
  class space    used 7072K, committed 7808K, reserved 1048576K
}
Event: 32.208 GC heap after
{Heap after GC invocations=1187 (full 3):
 PSYoungGen      total 18432K, used 832K [0x00000000d5580000, 0x00000000d6b00000, 0x0000000100000000)
  eden space 17408K, 0% used [0x00000000d5580000,0x00000000d5580000,0x00000000d6680000)
  from space 1024K, 81% used [0x00000000d6a00000,0x00000000d6ad0000,0x00000000d6b00000)
  to   space 1536K, 0% used [0x00000000d6800000,0x00000000d6800000,0x00000000d6980000)
 ParOldGen       total 820224K, used 819923K [0x0000000080000000, 0x00000000b2100000, 0x00000000d5580000)
  object space 820224K, 99% used [0x0000000080000000,0x00000000b20b4c58,0x00000000b2100000)
 Metaspace       used 69102K, committed 70720K, reserved 1114112K
  class space    used 7072K, committed 7808K, reserved 1048576K
}
Event: 32.303 GC heap before
{Heap before GC invocations=1188 (full 3):
 PSYoungGen      total 18432K, used 18084K [0x00000000d5580000, 0x00000000d6b00000, 0x0000000100000000)
  eden space 17408K, 99% used [0x00000000d5580000,0x00000000d66590a8,0x00000000d6680000)
  from space 1024K, 81% used [0x00000000d6a00000,0x00000000d6ad0000,0x00000000d6b00000)
  to   space 1536K, 0% used [0x00000000d6800000,0x00000000d6800000,0x00000000d6980000)
 ParOldGen       total 820224K, used 819923K [0x0000000080000000, 0x00000000b2100000, 0x00000000d5580000)
  object space 820224K, 99% used [0x0000000080000000,0x00000000b20b4c58,0x00000000b2100000)
 Metaspace       used 69616K, committed 71232K, reserved 1114112K
  class space    used 7120K, committed 7872K, reserved 1048576K
}
Event: 32.311 GC heap after
{Heap after GC invocations=1188 (full 3):
 PSYoungGen      total 18944K, used 1534K [0x00000000d5580000, 0x00000000d7680000, 0x0000000100000000)
  eden space 17408K, 0% used [0x00000000d5580000,0x00000000d5580000,0x00000000d6680000)
  from space 1536K, 99% used [0x00000000d6800000,0x00000000d697f820,0x00000000d6980000)
  to   space 8192K, 0% used [0x00000000d6e80000,0x00000000d6e80000,0x00000000d7680000)
 ParOldGen       total 825856K, used 825420K [0x0000000080000000, 0x00000000b2680000, 0x00000000d5580000)
  object space 825856K, 99% used [0x0000000080000000,0x00000000b26132a8,0x00000000b2680000)
 Metaspace       used 69616K, committed 71232K, reserved 1114112K
  class space    used 7120K, committed 7872K, reserved 1048576K
}

Dll operation events (11 events):
Event: 0.034 Loaded shared library c:\Users\nikhi\.vscode\extensions\redhat.java-1.43.1-win32-x64\jre\21.0.7-win32-x86_64\bin\java.dll
Event: 0.207 Loaded shared library c:\Users\nikhi\.vscode\extensions\redhat.java-1.43.1-win32-x64\jre\21.0.7-win32-x86_64\bin\zip.dll
Event: 0.232 Loaded shared library C:\Users\nikhi\.vscode\extensions\redhat.java-1.43.1-win32-x64\jre\21.0.7-win32-x86_64\bin\instrument.dll
Event: 0.238 Loaded shared library C:\Users\nikhi\.vscode\extensions\redhat.java-1.43.1-win32-x64\jre\21.0.7-win32-x86_64\bin\net.dll
Event: 0.246 Loaded shared library C:\Users\nikhi\.vscode\extensions\redhat.java-1.43.1-win32-x64\jre\21.0.7-win32-x86_64\bin\nio.dll
Event: 0.249 Loaded shared library C:\Users\nikhi\.vscode\extensions\redhat.java-1.43.1-win32-x64\jre\21.0.7-win32-x86_64\bin\zip.dll
Event: 0.266 Loaded shared library C:\Users\nikhi\.vscode\extensions\redhat.java-1.43.1-win32-x64\jre\21.0.7-win32-x86_64\bin\jimage.dll
Event: 0.341 Loaded shared library c:\Users\nikhi\.vscode\extensions\redhat.java-1.43.1-win32-x64\jre\21.0.7-win32-x86_64\bin\verify.dll
Event: 1.723 Loaded shared library C:\Users\nikhi\AppData\Roaming\Code\User\globalStorage\redhat.java\1.43.1\config_win\org.eclipse.equinox.launcher\org.eclipse.equinox.launcher.win32.win32.x86_64_1.2.1300.v20250331-1702\eclipse_11911.dll
Event: 3.094 Loaded shared library C:\Users\nikhi\AppData\Local\Temp\jna-104821521\jna4411398871076035847.dll
Event: 25.247 Loaded shared library C:\Users\nikhi\.vscode\extensions\redhat.java-1.43.1-win32-x64\jre\21.0.7-win32-x86_64\bin\sunmscapi.dll

Deoptimization events (20 events):
Event: 32.243 Thread 0x000001afdcafa690 DEOPT PACKING pc=0x000001af87b6715c sp=0x0000000f6ccfe330
Event: 32.243 Thread 0x000001afdcafa690 DEOPT UNPACKING pc=0x000001af87583aa2 sp=0x0000000f6ccfe2a8 mode 2
Event: 32.262 Thread 0x000001afdcafad20 DEOPT PACKING pc=0x000001af80ae2905 sp=0x0000000f6cafe120
Event: 32.262 Thread 0x000001afdcafad20 DEOPT UNPACKING pc=0x000001af87584242 sp=0x0000000f6cafd560 mode 0
Event: 32.271 Thread 0x000001afdcafad20 Uncommon trap: trap_request=0xffffff45 fr.pc=0x000001af8827437c relative=0x00000000000020dc
Event: 32.271 Thread 0x000001afdcafad20 Uncommon trap: reason=unstable_if action=reinterpret pc=0x000001af8827437c method=org.eclipse.jdt.internal.compiler.parser.Parser.consumeToken(Lorg/eclipse/jdt/internal/compiler/parser/TerminalToken;)V @ 8 c2
Event: 32.271 Thread 0x000001afdcafad20 DEOPT PACKING pc=0x000001af8827437c sp=0x0000000f6cafdba0
Event: 32.271 Thread 0x000001afdcafad20 DEOPT UNPACKING pc=0x000001af87583aa2 sp=0x0000000f6cafdb68 mode 2
Event: 32.296 Thread 0x000001afdcafad20 Uncommon trap: trap_request=0xffffff45 fr.pc=0x000001af881fb9bc relative=0x000000000000015c
Event: 32.296 Thread 0x000001afdcafad20 Uncommon trap: reason=unstable_if action=reinterpret pc=0x000001af881fb9bc method=org.eclipse.jdt.internal.compiler.parser.Scanner.internalScanIdentifierOrKeyword(II[C)Lorg/eclipse/jdt/internal/compiler/parser/TerminalToken; @ 2631 c2
Event: 32.296 Thread 0x000001afdcafad20 DEOPT PACKING pc=0x000001af881fb9bc sp=0x0000000f6cafd9c0
Event: 32.296 Thread 0x000001afdcafad20 DEOPT UNPACKING pc=0x000001af87583aa2 sp=0x0000000f6cafd958 mode 2
Event: 32.343 Thread 0x000001afdcafad20 Uncommon trap: trap_request=0xffffff45 fr.pc=0x000001af8809e19c relative=0x000000000000139c
Event: 32.343 Thread 0x000001afdcafad20 Uncommon trap: reason=unstable_if action=reinterpret pc=0x000001af8809e19c method=org.eclipse.jdt.core.Signature.getTypeParameters([C)[[C @ 128 c2
Event: 32.343 Thread 0x000001afdcafad20 DEOPT PACKING pc=0x000001af8809e19c sp=0x0000000f6cafdc30
Event: 32.343 Thread 0x000001afdcafad20 DEOPT UNPACKING pc=0x000001af87583aa2 sp=0x0000000f6cafdc28 mode 2
Event: 32.357 Thread 0x000001afdcafad20 DEOPT PACKING pc=0x000001af80ae2905 sp=0x0000000f6cafdf90
Event: 32.357 Thread 0x000001afdcafad20 DEOPT UNPACKING pc=0x000001af87584242 sp=0x0000000f6cafd3d0 mode 0
Event: 32.373 Thread 0x000001afdbce6e70 DEOPT PACKING pc=0x000001af819adad1 sp=0x0000000f6a5fec40
Event: 32.373 Thread 0x000001afdbce6e70 DEOPT UNPACKING pc=0x000001af87584242 sp=0x0000000f6a5fe1a8 mode 0

Classes loaded (20 events):
Event: 31.883 Loading class sun/nio/cs/ISO_8859_1$Encoder
Event: 31.884 Loading class sun/nio/cs/ISO_8859_1$Encoder done
Event: 31.885 Loading class sun/nio/cs/Surrogate$Parser
Event: 31.885 Loading class sun/nio/cs/Surrogate$Parser done
Event: 31.885 Loading class sun/nio/cs/Surrogate
Event: 31.885 Loading class sun/nio/cs/Surrogate done
Event: 32.203 Loading class java/util/stream/ReduceOps$5
Event: 32.208 Loading class java/util/stream/ReduceOps$5 done
Event: 32.208 Loading class java/util/stream/ReduceOps$CountingSink$OfRef
Event: 32.208 Loading class java/util/stream/ReduceOps$CountingSink
Event: 32.208 Loading class java/util/stream/ReduceOps$CountingSink done
Event: 32.208 Loading class java/util/stream/ReduceOps$CountingSink$OfRef done
Event: 32.338 Loading class java/util/stream/ReduceOps$1
Event: 32.339 Loading class java/util/stream/ReduceOps$1 done
Event: 32.339 Loading class java/util/stream/ReduceOps$1ReducingSink
Event: 32.340 Loading class java/util/stream/ReduceOps$1ReducingSink done
Event: 32.411 Loading class java/nio/charset/CharacterCodingException
Event: 32.411 Loading class java/nio/charset/CharacterCodingException done
Event: 32.466 Loading class jdk/internal/ref/CleanerImpl$InnocuousThreadFactory
Event: 32.467 Loading class jdk/internal/ref/CleanerImpl$InnocuousThreadFactory done

Classes unloaded (7 events):
Event: 3.505 Thread 0x000001affa82f1f0 Unloading class 0x000001af951a1000 'java/lang/invoke/LambdaForm$MH+0x000001af951a1000'
Event: 3.505 Thread 0x000001affa82f1f0 Unloading class 0x000001af951a0c00 'java/lang/invoke/LambdaForm$MH+0x000001af951a0c00'
Event: 3.505 Thread 0x000001affa82f1f0 Unloading class 0x000001af951a0800 'java/lang/invoke/LambdaForm$MH+0x000001af951a0800'
Event: 3.505 Thread 0x000001affa82f1f0 Unloading class 0x000001af951a0400 'java/lang/invoke/LambdaForm$MH+0x000001af951a0400'
Event: 3.505 Thread 0x000001affa82f1f0 Unloading class 0x000001af951a0000 'java/lang/invoke/LambdaForm$BMH+0x000001af951a0000'
Event: 3.505 Thread 0x000001affa82f1f0 Unloading class 0x000001af9519fc00 'java/lang/invoke/LambdaForm$DMH+0x000001af9519fc00'
Event: 3.505 Thread 0x000001affa82f1f0 Unloading class 0x000001af9519e800 'java/lang/invoke/LambdaForm$DMH+0x000001af9519e800'

Classes redefined (0 events):
No events

Internal exceptions (20 events):
Event: 31.745 Thread 0x000001afdbce6e70 Exception <a 'sun/nio/fs/WindowsException'{0x00000000d574f0b0}> (0x00000000d574f0b0) 
thrown [s\src\hotspot\share\prims\jni.cpp, line 520]
Event: 31.745 Thread 0x000001afdbce6e70 Exception <a 'sun/nio/fs/WindowsException'{0x00000000d574f6e0}> (0x00000000d574f6e0) 
thrown [s\src\hotspot\share\prims\jni.cpp, line 520]
Event: 31.746 Thread 0x000001afdbce6e70 Exception <a 'sun/nio/fs/WindowsException'{0x00000000d57505c0}> (0x00000000d57505c0) 
thrown [s\src\hotspot\share\prims\jni.cpp, line 520]
Event: 31.746 Thread 0x000001afdbce6e70 Exception <a 'sun/nio/fs/WindowsException'{0x00000000d5750bf0}> (0x00000000d5750bf0) 
thrown [s\src\hotspot\share\prims\jni.cpp, line 520]
Event: 31.746 Thread 0x000001afdbce6e70 Exception <a 'sun/nio/fs/WindowsException'{0x00000000d5752560}> (0x00000000d5752560) 
thrown [s\src\hotspot\share\prims\jni.cpp, line 520]
Event: 31.746 Thread 0x000001afdbce6e70 Exception <a 'sun/nio/fs/WindowsException'{0x00000000d57cece8}> (0x00000000d57cece8) 
thrown [s\src\hotspot\share\prims\jni.cpp, line 520]
Event: 31.749 Thread 0x000001afdbce6e70 Exception <a 'sun/nio/fs/WindowsException'{0x00000000d580eab8}> (0x00000000d580eab8) 
thrown [s\src\hotspot\share\prims\jni.cpp, line 520]
Event: 31.750 Thread 0x000001afdbce6e70 Exception <a 'sun/nio/fs/WindowsException'{0x00000000d580f398}> (0x00000000d580f398) 
thrown [s\src\hotspot\share\prims\jni.cpp, line 520]
Event: 31.972 Thread 0x000001afdbce6e70 Exception <a 'sun/nio/fs/WindowsException'{0x00000000d6020978}> (0x00000000d6020978) 
thrown [s\src\hotspot\share\prims\jni.cpp, line 520]
Event: 31.972 Thread 0x000001afdbce6e70 Exception <a 'sun/nio/fs/WindowsException'{0x00000000d6020fa8}> (0x00000000d6020fa8) 
thrown [s\src\hotspot\share\prims\jni.cpp, line 520]
Event: 31.973 Thread 0x000001afdbce6e70 Exception <a 'sun/nio/fs/WindowsException'{0x00000000d6021e88}> (0x00000000d6021e88) 
thrown [s\src\hotspot\share\prims\jni.cpp, line 520]
Event: 31.973 Thread 0x000001afdbce6e70 Exception <a 'sun/nio/fs/WindowsException'{0x00000000d60224b8}> (0x00000000d60224b8) 
thrown [s\src\hotspot\share\prims\jni.cpp, line 520]
Event: 31.973 Thread 0x000001afdbce6e70 Exception <a 'sun/nio/fs/WindowsException'{0x00000000d6039da0}> (0x00000000d6039da0) 
thrown [s\src\hotspot\share\prims\jni.cpp, line 520]
Event: 31.973 Thread 0x000001afdbce6e70 Exception <a 'sun/nio/fs/WindowsException'{0x00000000d603a3d0}> (0x00000000d603a3d0) 
thrown [s\src\hotspot\share\prims\jni.cpp, line 520]
Event: 31.976 Thread 0x000001afdbce6e70 Exception <a 'sun/nio/fs/WindowsException'{0x00000000d6095a10}> (0x00000000d6095a10) 
thrown [s\src\hotspot\share\prims\jni.cpp, line 520]
Event: 31.977 Thread 0x000001afdbce6e70 Exception <a 'sun/nio/fs/WindowsException'{0x00000000d60962f0}> (0x00000000d60962f0) 
thrown [s\src\hotspot\share\prims\jni.cpp, line 520]
Event: 32.228 Thread 0x000001afdbce6e70 Exception <a 'sun/nio/fs/WindowsException'{0x00000000d59271c0}> (0x00000000d59271c0) 
thrown [s\src\hotspot\share\prims\jni.cpp, line 520]
Event: 32.228 Thread 0x000001afdbce6e70 Exception <a 'sun/nio/fs/WindowsException'{0x00000000d59277f0}> (0x00000000d59277f0) 
thrown [s\src\hotspot\share\prims\jni.cpp, line 520]
Event: 32.242 Thread 0x000001afdcafad20 Implicit null exception at 0x000001af8801f160 to 0x000001af8801f1b9
Event: 32.379 Thread 0x000001afdbce6e70 Exception <a 'java/lang/NoSuchMethodError'{0x00000000d5edaaa0}: 'java.lang.Object java.lang.invoke.DirectMethodHandle$Holder.invokeStatic(java.lang.Object, java.lang.Object, int, java.lang.Object)'> (0x00000000d5edaaa0) 
thrown [s\src\hotspot\share\interpreter\linkResolver.cpp, line 773]

ZGC Phase Switch (0 events):
No events

VM Operations (20 events):
Event: 30.705 Executing VM operation: ICBufferFull done
Event: 30.714 Executing VM operation: ParallelGCFailedAllocation (Allocation Failure)
Event: 31.731 Executing VM operation: ParallelGCFailedAllocation (Allocation Failure) done
Event: 31.822 Executing VM operation: ParallelGCFailedAllocation (Allocation Failure)
Event: 31.828 Executing VM operation: ParallelGCFailedAllocation (Allocation Failure) done
Event: 31.890 Executing VM operation: ParallelGCFailedAllocation (Allocation Failure)
Event: 31.907 Executing VM operation: ParallelGCFailedAllocation (Allocation Failure) done
Event: 31.993 Executing VM operation: ICBufferFull
Event: 31.994 Executing VM operation: ICBufferFull done
Event: 31.994 Executing VM operation: ICBufferFull
Event: 31.994 Executing VM operation: ICBufferFull done
Event: 32.024 Executing VM operation: ParallelGCFailedAllocation (Allocation Failure)
Event: 32.030 Executing VM operation: ParallelGCFailedAllocation (Allocation Failure) done
Event: 32.175 Executing VM operation: ICBufferFull
Event: 32.175 Executing VM operation: ICBufferFull done
Event: 32.204 Executing VM operation: ParallelGCFailedAllocation (Allocation Failure)
Event: 32.208 Executing VM operation: ParallelGCFailedAllocation (Allocation Failure) done
Event: 32.303 Executing VM operation: ParallelGCFailedAllocation (Allocation Failure)
Event: 32.311 Executing VM operation: ParallelGCFailedAllocation (Allocation Failure) done
Event: 33.319 Executing VM operation: Cleanup

Memory protections (0 events):
No events

Nmethod flushes (20 events):
Event: 10.760 Thread 0x000001affa82f1f0 flushing  nmethod 0x000001af80933490
Event: 10.760 Thread 0x000001affa82f1f0 flushing  nmethod 0x000001af80933d10
Event: 10.760 Thread 0x000001affa82f1f0 flushing  nmethod 0x000001af80938210
Event: 10.760 Thread 0x000001affa82f1f0 flushing  nmethod 0x000001af80957d10
Event: 10.760 Thread 0x000001affa82f1f0 flushing  nmethod 0x000001af809b7310
Event: 10.760 Thread 0x000001affa82f1f0 flushing  nmethod 0x000001af809b8e90
Event: 10.760 Thread 0x000001affa82f1f0 flushing osr nmethod 0x000001af809c3390
Event: 10.760 Thread 0x000001affa82f1f0 flushing  nmethod 0x000001af809cf510
Event: 10.760 Thread 0x000001affa82f1f0 flushing  nmethod 0x000001af809dec90
Event: 10.760 Thread 0x000001affa82f1f0 flushing  nmethod 0x000001af809df110
Event: 10.760 Thread 0x000001affa82f1f0 flushing  nmethod 0x000001af809e1610
Event: 10.760 Thread 0x000001affa82f1f0 flushing  nmethod 0x000001af809f1b90
Event: 10.760 Thread 0x000001affa82f1f0 flushing  nmethod 0x000001af809f2f90
Event: 10.760 Thread 0x000001affa82f1f0 flushing  nmethod 0x000001af80a03590
Event: 10.760 Thread 0x000001affa82f1f0 flushing  nmethod 0x000001af80a03d10
Event: 10.760 Thread 0x000001affa82f1f0 flushing  nmethod 0x000001af80a04c90
Event: 10.760 Thread 0x000001affa82f1f0 flushing  nmethod 0x000001af80a05590
Event: 10.760 Thread 0x000001affa82f1f0 flushing  nmethod 0x000001af80a05f10
Event: 10.760 Thread 0x000001affa82f1f0 flushing  nmethod 0x000001af80a07610
Event: 10.760 Thread 0x000001affa82f1f0 flushing  nmethod 0x000001af80a08c10

Events (20 events):
Event: 13.388 Thread 0x000001afd6ec7c70 Thread added: 0x000001afdcafc760
Event: 13.551 Thread 0x000001afdcafba40 Thread exited: 0x000001afdcafba40
Event: 13.551 Thread 0x000001afdcafb3b0 Thread exited: 0x000001afdcafb3b0
Event: 13.551 Thread 0x000001afdcafa690 Thread exited: 0x000001afdcafa690
Event: 13.551 Thread 0x000001afdcafc760 Thread exited: 0x000001afdcafc760
Event: 13.551 Thread 0x000001afdcafad20 Thread exited: 0x000001afdcafad20
Event: 15.553 Thread 0x000001afd633c4f0 Thread added: 0x000001afe69c9360
Event: 16.497 Thread 0x000001afe69c9360 Thread exited: 0x000001afe69c9360
Event: 25.038 Thread 0x000001afdc696ae0 Thread added: 0x000001afdcafc760
Event: 25.060 Thread 0x000001afdc696ae0 Thread added: 0x000001afdcafad20
Event: 25.061 Thread 0x000001afdcafad20 Thread added: 0x000001afdcafcdf0
Event: 25.077 Thread 0x000001afdcafcdf0 Thread added: 0x000001afdcafa690
Event: 25.080 Thread 0x000001afdc696ae0 Thread added: 0x000001afdcafd480
Event: 25.081 Thread 0x000001afdc696ae0 Thread added: 0x000001afdcafb3b0
Event: 25.082 Thread 0x000001afdcafb3b0 Thread added: 0x000001afdcafba40
Event: 25.095 Thread 0x000001afd633fb00 Thread added: 0x000001afe7f8e670
Event: 25.144 Thread 0x000001afdcafcdf0 Thread added: 0x000001afdcafa000
Event: 25.805 Thread 0x000001afdcafa000 Thread exited: 0x000001afdcafa000
Event: 25.958 Thread 0x000001afdbce6e70 Thread added: 0x000001afdcafa000
Event: 31.735 Thread 0x000001afdcafa000 Thread exited: 0x000001afdcafa000


Dynamic libraries:
0x00007ff792eb0000 - 0x00007ff792ebe000 	c:\Users\nikhi\.vscode\extensions\redhat.java-1.43.1-win32-x64\jre\21.0.7-win32-x86_64\bin\java.exe
0x00007ffdbe320000 - 0x00007ffdbe588000 	C:\WINDOWS\SYSTEM32\ntdll.dll
0x00007ffdbcf20000 - 0x00007ffdbcfe9000 	C:\WINDOWS\System32\KERNEL32.DLL
0x00007ffdbb930000 - 0x00007ffdbbd1d000 	C:\WINDOWS\System32\KERNELBASE.dll
0x00007ffdbb470000 - 0x00007ffdbb5bb000 	C:\WINDOWS\System32\ucrtbase.dll
0x00007ffd9b380000 - 0x00007ffd9b398000 	c:\Users\nikhi\.vscode\extensions\redhat.java-1.43.1-win32-x64\jre\21.0.7-win32-x86_64\bin\jli.dll
0x00007ffd94830000 - 0x00007ffd9484e000 	c:\Users\nikhi\.vscode\extensions\redhat.java-1.43.1-win32-x64\jre\21.0.7-win32-x86_64\bin\VCRUNTIME140.dll
0x00007ffdbc2a0000 - 0x00007ffdbc46c000 	C:\WINDOWS\System32\USER32.dll
0x00007ffdbbde0000 - 0x00007ffdbbe07000 	C:\WINDOWS\System32\win32u.dll
0x00007ffdbde20000 - 0x00007ffdbde4b000 	C:\WINDOWS\System32\GDI32.dll
0x00007ffda66b0000 - 0x00007ffda694a000 	C:\WINDOWS\WinSxS\amd64_microsoft.windows.common-controls_6595b64144ccf1df_6.0.26100.4484_none_3e0e6d4ce32ef3b3\COMCTL32.dll
0x00007ffdbb670000 - 0x00007ffdbb7a7000 	C:\WINDOWS\System32\gdi32full.dll
0x00007ffdbe230000 - 0x00007ffdbe2d9000 	C:\WINDOWS\System32\msvcrt.dll
0x00007ffdbb5c0000 - 0x00007ffdbb663000 	C:\WINDOWS\System32\msvcp_win.dll
0x00007ffdbc250000 - 0x00007ffdbc27f000 	C:\WINDOWS\System32\IMM32.DLL
0x00000000532f0000 - 0x00000000532fc000 	C:\Program Files (x86)\360\Total Security\safemon\SafeWrapper.dll
0x00007ffdbd2f0000 - 0x00007ffdbd3a4000 	C:\WINDOWS\System32\ADVAPI32.dll
0x00007ffdbdd70000 - 0x00007ffdbde16000 	C:\WINDOWS\System32\sechost.dll
0x00007ffdbcc90000 - 0x00007ffdbcda8000 	C:\WINDOWS\System32\RPCRT4.dll
0x00007ffd5f8a0000 - 0x00007ffd5f94c000 	C:\Program Files (x86)\360\Total Security\safemon\libzdtp64.dll
0x00007ffdbd620000 - 0x00007ffdbdd6a000 	C:\WINDOWS\System32\SHELL32.dll
0x00007ffdbbe10000 - 0x00007ffdbbf84000 	C:\WINDOWS\System32\wintypes.dll
0x00007ffdbdea0000 - 0x00007ffdbe226000 	C:\WINDOWS\System32\combase.dll
0x00007ffdbcbf0000 - 0x00007ffdbcc5a000 	C:\WINDOWS\System32\SHLWAPI.dll
0x00007ffdbad50000 - 0x00007ffdbad5b000 	C:\WINDOWS\SYSTEM32\VERSION.dll
0x00007ffdb2f80000 - 0x00007ffdb2f8c000 	c:\Users\nikhi\.vscode\extensions\redhat.java-1.43.1-win32-x64\jre\21.0.7-win32-x86_64\bin\vcruntime140_1.dll
0x00007ffd5e470000 - 0x00007ffd5e4fd000 	c:\Users\nikhi\.vscode\extensions\redhat.java-1.43.1-win32-x64\jre\21.0.7-win32-x86_64\bin\msvcp140.dll
0x00007ffd3b840000 - 0x00007ffd3c5d0000 	c:\Users\nikhi\.vscode\extensions\redhat.java-1.43.1-win32-x64\jre\21.0.7-win32-x86_64\bin\server\jvm.dll
0x00007ffdbd5a0000 - 0x00007ffdbd614000 	C:\WINDOWS\System32\WS2_32.dll
0x00007ffdbb2c0000 - 0x00007ffdbb31e000 	C:\WINDOWS\SYSTEM32\POWRPROF.dll
0x00007ffda8780000 - 0x00007ffda87b5000 	C:\WINDOWS\SYSTEM32\WINMM.dll
0x00007ffdbb2a0000 - 0x00007ffdbb2b4000 	C:\WINDOWS\SYSTEM32\UMPDC.dll
0x00007ffdba1a0000 - 0x00007ffdba1bb000 	C:\WINDOWS\SYSTEM32\kernel.appcore.dll
0x00007ffdacb40000 - 0x00007ffdacb4a000 	c:\Users\nikhi\.vscode\extensions\redhat.java-1.43.1-win32-x64\jre\21.0.7-win32-x86_64\bin\jimage.dll
0x00007ffdb8af0000 - 0x00007ffdb8d31000 	C:\WINDOWS\SYSTEM32\DBGHELP.DLL
0x00007ffdbd3b0000 - 0x00007ffdbd490000 	C:\WINDOWS\System32\OLEAUT32.dll
0x00007ffda3630000 - 0x00007ffda3673000 	C:\WINDOWS\SYSTEM32\dbgcore.DLL
0x00007ffdbc020000 - 0x00007ffdbc0b9000 	C:\WINDOWS\System32\bcryptPrimitives.dll
0x00007ffda10d0000 - 0x00007ffda10df000 	c:\Users\nikhi\.vscode\extensions\redhat.java-1.43.1-win32-x64\jre\21.0.7-win32-x86_64\bin\instrument.dll
0x00007ffd8efd0000 - 0x00007ffd8efef000 	c:\Users\nikhi\.vscode\extensions\redhat.java-1.43.1-win32-x64\jre\21.0.7-win32-x86_64\bin\java.dll
0x00007ffdb9060000 - 0x00007ffdb98bb000 	C:\WINDOWS\SYSTEM32\windows.storage.dll
0x00007ffdbc0c0000 - 0x00007ffdbc1b5000 	C:\WINDOWS\System32\SHCORE.dll
0x00007ffdbb380000 - 0x00007ffdbb3af000 	C:\WINDOWS\SYSTEM32\profapi.dll
0x00007ffd8e5c0000 - 0x00007ffd8e5d8000 	c:\Users\nikhi\.vscode\extensions\redhat.java-1.43.1-win32-x64\jre\21.0.7-win32-x86_64\bin\zip.dll
0x00007ffda0f20000 - 0x00007ffda0f30000 	C:\Users\nikhi\.vscode\extensions\redhat.java-1.43.1-win32-x64\jre\21.0.7-win32-x86_64\bin\net.dll
0x00007ffdb3cb0000 - 0x00007ffdb3dce000 	C:\WINDOWS\SYSTEM32\WINHTTP.dll
0x00007ffdba730000 - 0x00007ffdba79a000 	C:\WINDOWS\system32\mswsock.dll
0x00007ffd8e2b0000 - 0x00007ffd8e2c6000 	C:\Users\nikhi\.vscode\extensions\redhat.java-1.43.1-win32-x64\jre\21.0.7-win32-x86_64\bin\nio.dll
0x00007ffd9d650000 - 0x00007ffd9d660000 	c:\Users\nikhi\.vscode\extensions\redhat.java-1.43.1-win32-x64\jre\21.0.7-win32-x86_64\bin\verify.dll
0x00007ffd7d230000 - 0x00007ffd7d275000 	C:\Users\nikhi\AppData\Roaming\Code\User\globalStorage\redhat.java\1.43.1\config_win\org.eclipse.equinox.launcher\org.eclipse.equinox.launcher.win32.win32.x86_64_1.2.1300.v20250331-1702\eclipse_11911.dll
0x00007ffdbc5b0000 - 0x00007ffdbc74e000 	C:\WINDOWS\System32\ole32.dll
0x00007ffdba9e0000 - 0x00007ffdba9fb000 	C:\WINDOWS\SYSTEM32\CRYPTSP.dll
0x00007ffdba100000 - 0x00007ffdba13b000 	C:\WINDOWS\system32\rsaenh.dll
0x00007ffdba7d0000 - 0x00007ffdba7fb000 	C:\WINDOWS\SYSTEM32\USERENV.dll
0x00007ffdbb350000 - 0x00007ffdbb376000 	C:\WINDOWS\SYSTEM32\bcrypt.dll
0x00007ffdbaa00000 - 0x00007ffdbaa0c000 	C:\WINDOWS\SYSTEM32\CRYPTBASE.dll
0x00007ffdb9bd0000 - 0x00007ffdb9c03000 	C:\WINDOWS\SYSTEM32\IPHLPAPI.DLL
0x00007ffdbc290000 - 0x00007ffdbc29a000 	C:\WINDOWS\System32\NSI.dll
0x00007ffd9b2a0000 - 0x00007ffd9b2e9000 	C:\Users\nikhi\AppData\Local\Temp\jna-104821521\jna4411398871076035847.dll
0x00007ffdbd280000 - 0x00007ffdbd288000 	C:\WINDOWS\System32\PSAPI.DLL
0x00007ffdb4710000 - 0x00007ffdb472f000 	C:\WINDOWS\SYSTEM32\dhcpcsvc6.DLL
0x00007ffdb46e0000 - 0x00007ffdb4705000 	C:\WINDOWS\SYSTEM32\dhcpcsvc.DLL
0x00007ffdb5f20000 - 0x00007ffdb5f2e000 	C:\Users\nikhi\.vscode\extensions\redhat.java-1.43.1-win32-x64\jre\21.0.7-win32-x86_64\bin\sunmscapi.dll
0x00007ffdbb7b0000 - 0x00007ffdbb927000 	C:\WINDOWS\System32\CRYPT32.dll
0x00007ffdbac00000 - 0x00007ffdbac30000 	C:\WINDOWS\SYSTEM32\ncrypt.dll
0x00007ffdbabb0000 - 0x00007ffdbabef000 	C:\WINDOWS\SYSTEM32\NTASN1.dll

dbghelp: loaded successfully - version: 4.0.5 - missing functions: none
symbol engine: initialized successfully - sym options: 0x614 - pdb path: .;c:\Users\nikhi\.vscode\extensions\redhat.java-1.43.1-win32-x64\jre\21.0.7-win32-x86_64\bin;C:\WINDOWS\SYSTEM32;C:\WINDOWS\WinSxS\amd64_microsoft.windows.common-controls_6595b64144ccf1df_6.0.26100.4484_none_3e0e6d4ce32ef3b3;C:\Program Files (x86)\360\Total Security\safemon;c:\Users\nikhi\.vscode\extensions\redhat.java-1.43.1-win32-x64\jre\21.0.7-win32-x86_64\bin\server;C:\Users\nikhi\AppData\Roaming\Code\User\globalStorage\redhat.java\1.43.1\config_win\org.eclipse.equinox.launcher\org.eclipse.equinox.launcher.win32.win32.x86_64_1.2.1300.v20250331-1702;C:\Users\nikhi\AppData\Local\Temp\jna-104821521

VM Arguments:
jvm_args: --add-modules=ALL-SYSTEM --add-opens=java.base/java.util=ALL-UNNAMED --add-opens=java.base/java.lang=ALL-UNNAMED --add-opens=java.base/sun.nio.fs=ALL-UNNAMED -Declipse.application=org.eclipse.jdt.ls.core.id1 -Dosgi.bundles.defaultStartLevel=4 -Declipse.product=org.eclipse.jdt.ls.core.product -Djava.import.generatesMetadataFilesAtProjectRoot=false -DDetectVMInstallationsJob.disabled=true -Dfile.encoding=utf8 -XX:+UseParallelGC -XX:GCTimeRatio=4 -XX:AdaptiveSizePolicyWeight=90 -Dsun.zip.disableMemoryMapping=true -Xmx2G -Xms100m -Xlog:disable -javaagent:c:\Users\nikhi\.vscode\extensions\redhat.java-1.43.1-win32-x64\lombok\lombok-1.18.39-4050.jar -XX:+HeapDumpOnOutOfMemoryError -XX:HeapDumpPath=c:\Users\nikhi\AppData\Roaming\Code\User\workspaceStorage\2c7cbe482d4aa630f73c311e50a62fd4\redhat.java -Daether.dependencyCollector.impl=bf 
java_command: c:\Users\nikhi\.vscode\extensions\redhat.java-1.43.1-win32-x64\server\plugins\org.eclipse.equinox.launcher_1.7.0.v20250519-0528.jar -configuration c:\Users\nikhi\AppData\Roaming\Code\User\globalStorage\redhat.java\1.43.1\config_win -data c:\Users\nikhi\AppData\Roaming\Code\User\workspaceStorage\2c7cbe482d4aa630f73c311e50a62fd4\redhat.java\jdt_ws --pipe=\\.\pipe\lsp-f6c35e579795f1f0df847d866e604aa0-sock
java_class_path (initial): c:\Users\nikhi\.vscode\extensions\redhat.java-1.43.1-win32-x64\server\plugins\org.eclipse.equinox.launcher_1.7.0.v20250519-0528.jar
Launcher Type: SUN_STANDARD

[Global flags]
    uintx AdaptiveSizePolicyWeight                 = 90                                        {product} {command line}
     intx CICompilerCount                          = 4                                         {product} {ergonomic}
    uintx GCTimeRatio                              = 4                                         {product} {command line}
     bool HeapDumpOnOutOfMemoryError               = true                                   {manageable} {command line}
    ccstr HeapDumpPath                             = c:\Users\nikhi\AppData\Roaming\Code\User\workspaceStorage\2c7cbe482d4aa630f73c311e50a62fd4\redhat.java         {manageable} {command line}
   size_t InitialHeapSize                          = 104857600                                 {product} {command line}
   size_t MaxHeapSize                              = 2147483648                                {product} {command line}
   size_t MaxNewSize                               = 715653120                                 {product} {ergonomic}
   size_t MinHeapDeltaBytes                        = 524288                                    {product} {ergonomic}
   size_t MinHeapSize                              = 104857600                                 {product} {command line}
   size_t NewSize                                  = 34603008                                  {product} {ergonomic}
    uintx NonNMethodCodeHeapSize                   = 5839372                                {pd product} {ergonomic}
    uintx NonProfiledCodeHeapSize                  = 122909434                              {pd product} {ergonomic}
   size_t OldSize                                  = 70254592                                  {product} {ergonomic}
    uintx ProfiledCodeHeapSize                     = 122909434                              {pd product} {ergonomic}
    uintx ReservedCodeCacheSize                    = 251658240                              {pd product} {ergonomic}
     bool SegmentedCodeCache                       = true                                      {product} {ergonomic}
   size_t SoftMaxHeapSize                          = 2147483648                             {manageable} {ergonomic}
     bool UseCompressedOops                        = true                           {product lp64_product} {ergonomic}
     bool UseLargePagesIndividualAllocation        = false                                  {pd product} {ergonomic}
     bool UseParallelGC                            = true                                      {product} {command line}

Logging:
Log output configuration:
 #0: stdout all=off uptime,level,tags foldmultilines=false
 #1: stderr all=off uptime,level,tags foldmultilines=false

Environment Variables:
PATH=C:\Program Files\Common Files\Oracle\Java\javapath;C:\WINDOWS\system32;C:\WINDOWS;C:\WINDOWS\System32\Wbem;C:\WINDOWS\System32\WindowsPowerShell\v1.0\;C:\WINDOWS\System32\OpenSSH\;C:\Program Files\Java\jdk-23\bin;D:\node.js\;C:\Program Files\MySQL\MySQL Shell 8.0\bin\;C:\Users\nikhi\AppData\Local\Microsoft\WindowsApps;C:\Users\nikhi\AppData\Local\Programs\Microsoft VS Code\bin;C:\Users\nikhi\AppData\Local\Programs\cursor\resources\app\bin;C:\Users\nikhi\AppData\Roaming\npm
USERNAME=nikhi
OS=Windows_NT
PROCESSOR_IDENTIFIER=Intel64 Family 6 Model 165 Stepping 2, GenuineIntel
TMP=C:\Users\nikhi\AppData\Local\Temp
TEMP=C:\Users\nikhi\AppData\Local\Temp




Periodic native trim disabled

---------------  S Y S T E M  ---------------

OS:
 Windows 11 , 64 bit Build 26100 (10.0.26100.4484)
OS uptime: 4 days 9:28 hours

CPU: total 8 (initial active 8) (4 cores per cpu, 2 threads per core) family 6 model 165 stepping 2 microcode 0xfc, cx8, cmov, fxsr, ht, mmx, 3dnowpref, sse, sse2, sse3, ssse3, sse4.1, sse4.2, popcnt, lzcnt, tsc, tscinvbit, avx, avx2, aes, erms, clmul, bmi1, bmi2, adx, fma, vzeroupper, clflush, clflushopt, rdtscp, f16c, pku
Processor Information for the first 8 processors :
  Max Mhz: 2496, Current Mhz: 2496, Mhz Limit: 2496

Memory: 4k page, system-wide physical 3889M (346M free)
TotalPageFile size 15665M (AvailPageFile size 0M)
current process WorkingSet (physical memory assigned to process): 434M, peak: 618M
current process commit charge ("private bytes"): 1153M, peak: 1159M

vm_info: OpenJDK 64-Bit Server VM (21.0.7+6-LTS) for windows-amd64 JRE (21.0.7+6-LTS), built on 2025-04-15T00:00:00Z by "admin" with MS VC++ 17.7 (VS2022)

END.
