#
# There is insufficient memory for the Java Runtime Environment to continue.
# Native memory allocation (malloc) failed to allocate 1404576 bytes. Error detail: Chunk::new
# Possible reasons:
#   The system is out of physical RAM or swap space
#   This process is running with CompressedOops enabled, and the Java Heap may be blocking the growth of the native heap
# Possible solutions:
#   Reduce memory load on the system
#   Increase physical memory or swap space
#   Check if swap backing store is full
#   Decrease Java heap size (-Xmx/-Xms)
#   Decrease number of Java threads
#   Decrease Java thread stack sizes (-Xss)
#   Set larger code cache with -XX:ReservedCodeCacheSize=
#   JVM is running with Unscaled Compressed Oops mode in which the Java heap is
#     placed in the first 4GB address space. The Java Heap base address is the
#     maximum limit for the native heap growth. Please use -XX:HeapBaseMinAddress
#     to set the Java Heap base and to place the Java Heap above 4GB virtual address.
# This output file may be truncated or incomplete.
#
#  Out of Memory Error (arena.cpp:168), pid=237600, tid=235524
#
# JRE version: OpenJDK Runtime Environment Temurin-21.0.7+6 (21.0.7+6) (build 21.0.7+6-LTS)
# Java VM: OpenJDK 64-Bit Server VM Temurin-21.0.7+6 (21.0.7+6-LTS, mixed mode, sharing, tiered, compressed oops, compressed class ptrs, parallel gc, windows-amd64)
# No core dump will be written. Minidumps are not enabled by default on client versions of Windows
#

---------------  S U M M A R Y ------------

Command Line: --add-modules=ALL-SYSTEM --add-opens=java.base/java.util=ALL-UNNAMED --add-opens=java.base/java.lang=ALL-UNNAMED --add-opens=java.base/sun.nio.fs=ALL-UNNAMED -Declipse.application=org.eclipse.jdt.ls.core.id1 -Dosgi.bundles.defaultStartLevel=4 -Declipse.product=org.eclipse.jdt.ls.core.product -Djava.import.generatesMetadataFilesAtProjectRoot=false -DDetectVMInstallationsJob.disabled=true -Dfile.encoding=utf8 -XX:+UseParallelGC -XX:GCTimeRatio=4 -XX:AdaptiveSizePolicyWeight=90 -Dsun.zip.disableMemoryMapping=true -Xmx2G -Xms100m -Xlog:disable -javaagent:c:\Users\nikhi\.vscode\extensions\redhat.java-1.43.1-win32-x64\lombok\lombok-1.18.39-4050.jar -XX:+HeapDumpOnOutOfMemoryError -XX:HeapDumpPath=c:\Users\nikhi\AppData\Roaming\Code\User\workspaceStorage\2c7cbe482d4aa630f73c311e50a62fd4\redhat.java -Daether.dependencyCollector.impl=bf c:\Users\nikhi\.vscode\extensions\redhat.java-1.43.1-win32-x64\server\plugins\org.eclipse.equinox.launcher_1.7.0.v20250519-0528.jar -configuration c:\Users\nikhi\AppData\Roaming\Code\User\globalStorage\redhat.java\1.43.1\config_win -data c:\Users\nikhi\AppData\Roaming\Code\User\workspaceStorage\2c7cbe482d4aa630f73c311e50a62fd4\redhat.java\jdt_ws --pipe=\\.\pipe\lsp-02b430b4f134f608804e7ed781c04e01-sock

Host: Intel(R) Core(TM) i5-10300H CPU @ 2.50GHz, 8 cores, 3G,  Windows 11 , 64 bit Build 26100 (10.0.26100.4484)
Time: Sun Jul 27 17:22:10 2025 India Standard Time elapsed time: 31.702371 seconds (0d 0h 0m 31s)

---------------  T H R E A D  ---------------

Current thread (0x000001c65a8ab3e0):  JavaThread "C2 CompilerThread0" daemon [_thread_in_native, id=235524, stack(0x000000aaf5500000,0x000000aaf5600000) (1024K)]


Current CompileTask:
C2:31702 13570 % !   4       org.eclipse.jdt.internal.compiler.classfmt.ClassFileReader::<init> @ 81 (2135 bytes)

Stack: [0x000000aaf5500000,0x000000aaf5600000]
Native frames: (J=compiled Java code, j=interpreted, Vv=VM code, C=native code)
V  [jvm.dll+0x6ce119]
V  [jvm.dll+0x8a84a1]
V  [jvm.dll+0x8aa9ce]
V  [jvm.dll+0x8ab0b3]
V  [jvm.dll+0x27f8a6]
V  [jvm.dll+0xc507d]
V  [jvm.dll+0xc55b3]
V  [jvm.dll+0x2f2c6d]
V  [jvm.dll+0x5f6bca]
V  [jvm.dll+0x250cb2]
V  [jvm.dll+0x25106f]
V  [jvm.dll+0x249934]
V  [jvm.dll+0x246fc4]
V  [jvm.dll+0x1c760e]
V  [jvm.dll+0x25695a]
V  [jvm.dll+0x254efa]
V  [jvm.dll+0x3f03f6]
V  [jvm.dll+0x851f6b]
V  [jvm.dll+0x6cc7dd]
C  [ucrtbase.dll+0x37b0]
C  [KERNEL32.DLL+0x2e8d7]
C  [ntdll.dll+0x3c34c]


---------------  P R O C E S S  ---------------

Threads class SMR info:
_java_thread_list=0x000001c65f60ab80, length=62, elements={
0x000001c67f121ea0, 0x000001c617dd1b60, 0x000001c617dd3570, 0x000001c617dd81c0,
0x000001c617dd9a30, 0x000001c617dde120, 0x000001c617ddfb60, 0x000001c65a8ab3e0,
0x000001c65a8ae230, 0x000001c617de0880, 0x000001c617de15a0, 0x000001c617dde7b0,
0x000001c617ddee40, 0x000001c617de01f0, 0x000001c617de0f10, 0x000001c65f805970,
0x000001c65f804c50, 0x000001c65f803210, 0x000001c65f802b80, 0x000001c65f803f30,
0x000001c660016070, 0x000001c660015350, 0x000001c660013910, 0x000001c6600159e0,
0x000001c660014630, 0x000001c660017420, 0x000001c660013fa0, 0x000001c660017ab0,
0x000001c660018140, 0x000001c660014cc0, 0x000001c660019b80, 0x000001c6600187d0,
0x000001c66001af30, 0x000001c6600194f0, 0x000001c66001a210, 0x000001c660018e60,
0x000001c66001a8a0, 0x000001c661fa1260, 0x000001c661fa2610, 0x000001c661f9feb0,
0x000001c661fa1f80, 0x000001c661fa3330, 0x000001c661fa39c0, 0x000001c661fa18f0,
0x000001c661fa0540, 0x000001c661fa4050, 0x000001c661fa6120, 0x000001c661fa46e0,
0x000001c661fa4d70, 0x000001c661fa5400, 0x000001c661fa5a90, 0x000001c661fa2ca0,
0x000001c661fa67b0, 0x000001c661fa6e40, 0x000001c661fa74d0, 0x000001c65f8052e0,
0x000001c66ba8ee50, 0x000001c66ba8c060, 0x000001c66ba8c6f0, 0x000001c66ba8e7c0,
0x000001c66ba8e130, 0x000001c66ba01c30
}

Java Threads: ( => current thread )
  0x000001c67f121ea0 JavaThread "main"                              [_thread_blocked, id=197936, stack(0x000000aaf4b00000,0x000000aaf4c00000) (1024K)]
  0x000001c617dd1b60 JavaThread "Reference Handler"          daemon [_thread_blocked, id=236756, stack(0x000000aaf4f00000,0x000000aaf5000000) (1024K)]
  0x000001c617dd3570 JavaThread "Finalizer"                  daemon [_thread_blocked, id=238288, stack(0x000000aaf5000000,0x000000aaf5100000) (1024K)]
  0x000001c617dd81c0 JavaThread "Signal Dispatcher"          daemon [_thread_blocked, id=199080, stack(0x000000aaf5100000,0x000000aaf5200000) (1024K)]
  0x000001c617dd9a30 JavaThread "Attach Listener"            daemon [_thread_blocked, id=227132, stack(0x000000aaf5200000,0x000000aaf5300000) (1024K)]
  0x000001c617dde120 JavaThread "Service Thread"             daemon [_thread_blocked, id=226904, stack(0x000000aaf5300000,0x000000aaf5400000) (1024K)]
  0x000001c617ddfb60 JavaThread "Monitor Deflation Thread"   daemon [_thread_blocked, id=238012, stack(0x000000aaf5400000,0x000000aaf5500000) (1024K)]
=>0x000001c65a8ab3e0 JavaThread "C2 CompilerThread0"         daemon [_thread_in_native, id=235524, stack(0x000000aaf5500000,0x000000aaf5600000) (1024K)]
  0x000001c65a8ae230 JavaThread "C1 CompilerThread0"         daemon [_thread_blocked, id=238264, stack(0x000000aaf5600000,0x000000aaf5700000) (1024K)]
  0x000001c617de0880 JavaThread "Common-Cleaner"             daemon [_thread_blocked, id=235940, stack(0x000000aaf5700000,0x000000aaf5800000) (1024K)]
  0x000001c617de15a0 JavaThread "Notification Thread"        daemon [_thread_blocked, id=233408, stack(0x000000aaf5900000,0x000000aaf5a00000) (1024K)]
  0x000001c617dde7b0 JavaThread "Active Thread: Equinox Container: 6f65de1e-226c-4e51-9c5f-59652fdfb951"        [_thread_blocked, id=237828, stack(0x000000aaf6100000,0x000000aaf6200000) (1024K)]
  0x000001c617ddee40 JavaThread "Refresh Thread: Equinox Container: 6f65de1e-226c-4e51-9c5f-59652fdfb951" daemon [_thread_blocked, id=237852, stack(0x000000aaf6300000,0x000000aaf6400000) (1024K)]
  0x000001c617de01f0 JavaThread "Framework Event Dispatcher: Equinox Container: 6f65de1e-226c-4e51-9c5f-59652fdfb951" daemon [_thread_blocked, id=237856, stack(0x000000aaf6400000,0x000000aaf6500000) (1024K)]
  0x000001c617de0f10 JavaThread "Start Level: Equinox Container: 6f65de1e-226c-4e51-9c5f-59652fdfb951" daemon [_thread_blocked, id=237832, stack(0x000000aaf6500000,0x000000aaf6600000) (1024K)]
  0x000001c65f805970 JavaThread "Bundle File Closer"         daemon [_thread_blocked, id=237700, stack(0x000000aaf6600000,0x000000aaf6700000) (1024K)]
  0x000001c65f804c50 JavaThread "SCR Component Actor"        daemon [_thread_blocked, id=237704, stack(0x000000aaf6700000,0x000000aaf6800000) (1024K)]
  0x000001c65f803210 JavaThread "Worker-JM"                         [_thread_blocked, id=237716, stack(0x000000aaf6900000,0x000000aaf6a00000) (1024K)]
  0x000001c65f802b80 JavaThread "JNA Cleaner"                daemon [_thread_blocked, id=209228, stack(0x000000aaf5800000,0x000000aaf5900000) (1024K)]
  0x000001c65f803f30 JavaThread "Worker-0: Java indexing... "        [_thread_blocked, id=241416, stack(0x000000aaf5a00000,0x000000aaf5b00000) (1024K)]
  0x000001c660016070 JavaThread "Worker-1"                          [_thread_blocked, id=239860, stack(0x000000aaf6a00000,0x000000aaf6b00000) (1024K)]
  0x000001c660015350 JavaThread "Worker-2"                          [_thread_blocked, id=238452, stack(0x000000aaf6b00000,0x000000aaf6c00000) (1024K)]
  0x000001c660013910 JavaThread "Java indexing"              daemon [_thread_blocked, id=240644, stack(0x000000aaf6c00000,0x000000aaf6d00000) (1024K)]
  0x000001c6600159e0 JavaThread "Worker-3: Check JDK Index"         [_thread_blocked, id=240612, stack(0x000000aaf6d00000,0x000000aaf6e00000) (1024K)]
  0x000001c660014630 JavaThread "Worker-4"                          [_thread_blocked, id=225704, stack(0x000000aaf7000000,0x000000aaf7100000) (1024K)]
  0x000001c660017420 JavaThread "Worker-5"                          [_thread_blocked, id=241300, stack(0x000000aaf7100000,0x000000aaf7200000) (1024K)]
  0x000001c660013fa0 JavaThread "Thread-2"                   daemon [_thread_in_native, id=240632, stack(0x000000aaf7200000,0x000000aaf7300000) (1024K)]
  0x000001c660017ab0 JavaThread "Thread-3"                   daemon [_thread_in_native, id=240560, stack(0x000000aaf7300000,0x000000aaf7400000) (1024K)]
  0x000001c660018140 JavaThread "Thread-4"                   daemon [_thread_in_native, id=240956, stack(0x000000aaf7400000,0x000000aaf7500000) (1024K)]
  0x000001c660014cc0 JavaThread "Thread-5"                   daemon [_thread_in_native, id=236784, stack(0x000000aaf7500000,0x000000aaf7600000) (1024K)]
  0x000001c660019b80 JavaThread "Thread-6"                   daemon [_thread_in_native, id=238640, stack(0x000000aaf7600000,0x000000aaf7700000) (1024K)]
  0x000001c6600187d0 JavaThread "Thread-7"                   daemon [_thread_in_native, id=238952, stack(0x000000aaf7700000,0x000000aaf7800000) (1024K)]
  0x000001c66001af30 JavaThread "Thread-8"                   daemon [_thread_in_native, id=239452, stack(0x000000aaf7800000,0x000000aaf7900000) (1024K)]
  0x000001c6600194f0 JavaThread "Thread-9"                   daemon [_thread_in_native, id=238864, stack(0x000000aaf7900000,0x000000aaf7a00000) (1024K)]
  0x000001c66001a210 JavaThread "Thread-10"                  daemon [_thread_in_native, id=241292, stack(0x000000aaf7a00000,0x000000aaf7b00000) (1024K)]
  0x000001c660018e60 JavaThread "pool-2-thread-1"                   [_thread_blocked, id=235316, stack(0x000000aaf7b00000,0x000000aaf7c00000) (1024K)]
  0x000001c66001a8a0 JavaThread "WorkspaceEventsHandler"            [_thread_blocked, id=241252, stack(0x000000aaf7c00000,0x000000aaf7d00000) (1024K)]
  0x000001c661fa1260 JavaThread "pool-1-thread-1"                   [_thread_blocked, id=203520, stack(0x000000aaf7d00000,0x000000aaf7e00000) (1024K)]
  0x000001c661fa2610 JavaThread "Worker-6"                          [_thread_blocked, id=229124, stack(0x000000aaf7e00000,0x000000aaf7f00000) (1024K)]
  0x000001c661f9feb0 JavaThread "Worker-7"                          [_thread_blocked, id=239820, stack(0x000000aaf7f00000,0x000000aaf8000000) (1024K)]
  0x000001c661fa1f80 JavaThread "LocalFile Deleter"          daemon [_thread_blocked, id=239080, stack(0x000000aaf8000000,0x000000aaf8100000) (1024K)]
  0x000001c661fa3330 JavaThread "LocalFile Deleter"          daemon [_thread_blocked, id=234836, stack(0x000000aaf8100000,0x000000aaf8200000) (1024K)]
  0x000001c661fa39c0 JavaThread "LocalFile Deleter"          daemon [_thread_blocked, id=240660, stack(0x000000aaf8200000,0x000000aaf8300000) (1024K)]
  0x000001c661fa18f0 JavaThread "LocalFile Deleter"          daemon [_thread_blocked, id=240244, stack(0x000000aaf8300000,0x000000aaf8400000) (1024K)]
  0x000001c661fa0540 JavaThread "LocalFile Deleter"          daemon [_thread_blocked, id=240652, stack(0x000000aaf8400000,0x000000aaf8500000) (1024K)]
  0x000001c661fa4050 JavaThread "LocalFile Deleter"          daemon [_thread_blocked, id=221324, stack(0x000000aaf8500000,0x000000aaf8600000) (1024K)]
  0x000001c661fa6120 JavaThread "LocalFile Deleter"          daemon [_thread_blocked, id=240060, stack(0x000000aaf8600000,0x000000aaf8700000) (1024K)]
  0x000001c661fa46e0 JavaThread "LocalFile Deleter"          daemon [_thread_blocked, id=224804, stack(0x000000aaf8700000,0x000000aaf8800000) (1024K)]
  0x000001c661fa4d70 JavaThread "Compiler Source File Reader" daemon [_thread_blocked, id=239060, stack(0x000000aaf8800000,0x000000aaf8900000) (1024K)]
  0x000001c661fa5400 JavaThread "Compiler Source File Reader" daemon [_thread_blocked, id=239248, stack(0x000000aaf8900000,0x000000aaf8a00000) (1024K)]
  0x000001c661fa5a90 JavaThread "Compiler Source File Reader" daemon [_thread_blocked, id=237796, stack(0x000000aaf8a00000,0x000000aaf8b00000) (1024K)]
  0x000001c661fa2ca0 JavaThread "Compiler Source File Reader" daemon [_thread_blocked, id=212592, stack(0x000000aaf8b00000,0x000000aaf8c00000) (1024K)]
  0x000001c661fa67b0 JavaThread "Compiler Source File Reader" daemon [_thread_blocked, id=241072, stack(0x000000aaf8c00000,0x000000aaf8d00000) (1024K)]
  0x000001c661fa6e40 JavaThread "Compiler Source File Reader" daemon [_thread_blocked, id=239812, stack(0x000000aaf8d00000,0x000000aaf8e00000) (1024K)]
  0x000001c661fa74d0 JavaThread "Compiler Processing Task"   daemon [_thread_blocked, id=210280, stack(0x000000aaf6800000,0x000000aaf6900000) (1024K)]
  0x000001c65f8052e0 JavaThread "Compiler Class File Writer" daemon [_thread_blocked, id=239632, stack(0x000000aaf8e00000,0x000000aaf8f00000) (1024K)]
  0x000001c66ba8ee50 JavaThread "Compiler Class File Writer" daemon [_thread_blocked, id=236988, stack(0x000000aaf8f00000,0x000000aaf9000000) (1024K)]
  0x000001c66ba8c060 JavaThread "Compiler Class File Writer" daemon [_thread_blocked, id=241344, stack(0x000000aaf9000000,0x000000aaf9100000) (1024K)]
  0x000001c66ba8c6f0 JavaThread "Compiler Class File Writer" daemon [_thread_blocked, id=197128, stack(0x000000aaf9100000,0x000000aaf9200000) (1024K)]
  0x000001c66ba8e7c0 JavaThread "Compiler Class File Writer" daemon [_thread_blocked, id=236340, stack(0x000000aaf9200000,0x000000aaf9300000) (1024K)]
  0x000001c66ba8e130 JavaThread "Compiler Class File Writer" daemon [_thread_blocked, id=241432, stack(0x000000aaf9300000,0x000000aaf9400000) (1024K)]
  0x000001c66ba01c30 JavaThread "ForkJoinPool.commonPool-worker-1" daemon [_thread_blocked, id=240772, stack(0x000000aaf9500000,0x000000aaf9600000) (1024K)]
Total: 62

Other Threads:
  0x000001c67f9ce950 VMThread "VM Thread"                           [id=238404, stack(0x000000aaf4e00000,0x000000aaf4f00000) (1024K)]
  0x000001c617ccca00 WatcherThread "VM Periodic Task Thread"        [id=235436, stack(0x000000aaf4d00000,0x000000aaf4e00000) (1024K)]
  0x000001c67f9547d0 WorkerThread "GC Thread#0"                     [id=238432, stack(0x000000aaf4c00000,0x000000aaf4d00000) (1024K)]
  0x000001c65f4855a0 WorkerThread "GC Thread#1"                     [id=238412, stack(0x000000aaf5b00000,0x000000aaf5c00000) (1024K)]
  0x000001c65f6f52f0 WorkerThread "GC Thread#2"                     [id=212692, stack(0x000000aaf5c00000,0x000000aaf5d00000) (1024K)]
  0x000001c65faee8c0 WorkerThread "GC Thread#3"                     [id=236904, stack(0x000000aaf5d00000,0x000000aaf5e00000) (1024K)]
  0x000001c65f48a1f0 WorkerThread "GC Thread#4"                     [id=237824, stack(0x000000aaf5e00000,0x000000aaf5f00000) (1024K)]
  0x000001c65f48a590 WorkerThread "GC Thread#5"                     [id=237864, stack(0x000000aaf5f00000,0x000000aaf6000000) (1024K)]
  0x000001c65ac1b2f0 WorkerThread "GC Thread#6"                     [id=237868, stack(0x000000aaf6000000,0x000000aaf6100000) (1024K)]
  0x000001c65f773c40 WorkerThread "GC Thread#7"                     [id=237840, stack(0x000000aaf6200000,0x000000aaf6300000) (1024K)]
Total: 10

Threads with active compile tasks:
C2 CompilerThread0  31819 13570 % !   4       org.eclipse.jdt.internal.compiler.classfmt.ClassFileReader::<init> @ 81 (2135 bytes)
Total: 1

VM state: at safepoint (normal execution)

VM Mutex/Monitor currently owned by a thread:  ([mutex/lock_event])
[0x00007fff0f58e308] Threads_lock - owner thread: 0x000001c67f9ce950
[0x00007fff0f58e408] Heap_lock - owner thread: 0x000001c660013910
[0x00007fff0f58e888] PSOldGenExpand_lock - owner thread: 0x000001c65faee8c0

Heap address: 0x0000000080000000, size: 2048 MB, Compressed Oops mode: 32-bit

CDS archive(s) mapped at: [0x000001c618000000-0x000001c618ba0000-0x000001c618ba0000), size 12189696, SharedBaseAddress: 0x000001c618000000, ArchiveRelocationMode: 1.
Compressed class space mapped at: 0x000001c619000000-0x000001c659000000, reserved size: 1073741824
Narrow klass base: 0x000001c618000000, Narrow klass shift: 0, Narrow klass range: 0x100000000

GC Precious Log:
 CardTable entry size: 512
 CPUs: 8 total, 8 available
 Memory: 3889M
 Large Page Support: Disabled
 NUMA Support: Disabled
 Compressed Oops: Enabled (32-bit)
 Alignments: Space 512K, Generation 512K, Heap 2M
 Heap Min Capacity: 100M
 Heap Initial Capacity: 100M
 Heap Max Capacity: 2G
 Pre-touch: Disabled
 Parallel Workers: 8

Heap:
 PSYoungGen      total 4608K, used 4533K [0x00000000d5580000, 0x00000000d5b00000, 0x0000000100000000)
  eden space 4096K, 99% used [0x00000000d5580000,0x00000000d597d538,0x00000000d5980000)
  from space 512K, 87% used [0x00000000d5a80000,0x00000000d5af0000,0x00000000d5b00000)
  to   space 512K, 100% used [0x00000000d5a00000,0x00000000d5a80000,0x00000000d5a80000)
 ParOldGen       total 620544K, used 620543K [0x0000000080000000, 0x00000000a5e00000, 0x00000000d5580000)
  object space 620544K, 99% used [0x0000000080000000,0x00000000a5dffe50,0x00000000a5e00000)
 Metaspace       used 66260K, committed 67712K, reserved 1114112K
  class space    used 6730K, committed 7424K, reserved 1048576K

Card table byte_map: [0x000001c67fbb0000,0x000001c67ffc0000] _byte_map_base: 0x000001c67f7b0000

Marking Bits: (ParMarkBitMap*) 0x00007fff0f5931f0
 Begin Bits: [0x000001c6137f0000, 0x000001c6157f0000)
 End Bits:   [0x000001c6157f0000, 0x000001c6177f0000)

Polling page: 0x000001c67f3b0000

Metaspace:

Usage:
  Non-class:     58.13 MB used.
      Class:      6.57 MB used.
       Both:     64.71 MB used.

Virtual space:
  Non-class space:       64.00 MB reserved,      58.88 MB ( 92%) committed,  1 nodes.
      Class space:        1.00 GB reserved,       7.25 MB ( <1%) committed,  1 nodes.
             Both:        1.06 GB reserved,      66.12 MB (  6%) committed. 

Chunk freelists:
   Non-Class:  4.62 MB
       Class:  8.57 MB
        Both:  13.20 MB

MaxMetaspaceSize: unlimited
CompressedClassSpaceSize: 1.00 GB
Initial GC threshold: 21.00 MB
Current GC threshold: 97.31 MB
CDS: on
 - commit_granule_bytes: 65536.
 - commit_granule_words: 8192.
 - virtual_space_node_default_size: 8388608.
 - enlarge_chunks_in_place: 1.
 - use_allocation_guard: 0.


Internal statistics:

num_allocs_failed_limit: 9.
num_arena_births: 1294.
num_arena_deaths: 14.
num_vsnodes_births: 2.
num_vsnodes_deaths: 0.
num_space_committed: 1058.
num_space_uncommitted: 0.
num_chunks_returned_to_freelist: 23.
num_chunks_taken_from_freelist: 4492.
num_chunk_merges: 13.
num_chunk_splits: 2719.
num_chunks_enlarged: 1499.
num_inconsistent_stats: 0.

CodeHeap 'non-profiled nmethods': size=120000Kb used=6756Kb max_used=6756Kb free=113243Kb
 bounds [0x000001c60c010000, 0x000001c60c6b0000, 0x000001c613540000]
CodeHeap 'profiled nmethods': size=120000Kb used=27670Kb max_used=27670Kb free=92330Kb
 bounds [0x000001c604540000, 0x000001c606050000, 0x000001c60ba70000]
CodeHeap 'non-nmethods': size=5760Kb used=1438Kb max_used=1531Kb free=4321Kb
 bounds [0x000001c60ba70000, 0x000001c60bce0000, 0x000001c60c010000]
 total_blobs=13596 nmethods=12841 adapters=659
 compilation: enabled
              stopped_count=0, restarted_count=0
 full_count=0

Compilation events (20 events):
Event: 31.239 Thread 0x000001c65a8ae230 13608       3       java.io.File::normalizedList (86 bytes)
Event: 31.240 Thread 0x000001c65a8ae230 nmethod 13608 0x000001c60603ef90 code [0x000001c60603f1a0, 0x000001c60603f830]
Event: 31.240 Thread 0x000001c65a8ae230 13609   !   3       java.io.WinNTFileSystem::list (27 bytes)
Event: 31.240 Thread 0x000001c65a8ae230 nmethod 13609 0x000001c60603fa90 code [0x000001c60603fc60, 0x000001c60603fe80]
Event: 31.249 Thread 0x000001c65a8ae230 13610       3       org.eclipse.jdt.internal.compiler.classfmt.AnnotationInfo::readTargetValue (322 bytes)
Event: 31.256 Thread 0x000001c65a8ae230 nmethod 13610 0x000001c60603ff90 code [0x000001c606040220, 0x000001c606041258]
Event: 31.297 Thread 0x000001c65a8ae230 13611       3       java.lang.Math::multiplyHigh (86 bytes)
Event: 31.297 Thread 0x000001c65a8ae230 nmethod 13611 0x000001c606041810 code [0x000001c6060419a0, 0x000001c606041b08]
Event: 31.313 Thread 0x000001c65a8ab3e0 nmethod 13567 0x000001c60c6a4e90 code [0x000001c60c6a53c0, 0x000001c60c6a79e0]
Event: 31.314 Thread 0x000001c65a8ab3e0 13570 % !   4       org.eclipse.jdt.internal.compiler.classfmt.ClassFileReader::<init> @ 81 (2135 bytes)
Event: 31.321 Thread 0x000001c65a8ae230 13613   !   3       java.io.BufferedWriter::flushBuffer (63 bytes)
Event: 31.322 Thread 0x000001c65a8ae230 nmethod 13613 0x000001c606041b90 code [0x000001c606041ea0, 0x000001c6060431f8]
Event: 31.322 Thread 0x000001c65a8ae230 13614       3       org.eclipse.core.runtime.NullProgressMonitor::done (1 bytes)
Event: 31.322 Thread 0x000001c65a8ae230 nmethod 13614 0x000001c606043990 code [0x000001c606043b20, 0x000001c606043c28]
Event: 31.528 Thread 0x000001c65a8ae230 13615       3       org.eclipse.jdt.internal.core.util.Messages::bind (17 bytes)
Event: 31.529 Thread 0x000001c65a8ae230 nmethod 13615 0x000001c606043c90 code [0x000001c606043e80, 0x000001c606044420]
Event: 31.566 Thread 0x000001c65a8ae230 13616       3       org.eclipse.core.internal.jobs.JobManager::delayFor (83 bytes)
Event: 31.566 Thread 0x000001c65a8ae230 nmethod 13616 0x000001c606044610 code [0x000001c606044820, 0x000001c606044cd0]
Event: 31.566 Thread 0x000001c65a8ae230 13617   !   3       org.eclipse.core.internal.jobs.JobManager::shouldRun (34 bytes)
Event: 31.567 Thread 0x000001c65a8ae230 nmethod 13617 0x000001c606044e90 code [0x000001c6060450a0, 0x000001c6060455b0]

GC Heap History (20 events):
Event: 31.187 GC heap before
{Heap before GC invocations=915 (full 3):
 PSYoungGen      total 5120K, used 4736K [0x00000000d5580000, 0x00000000d5b80000, 0x0000000100000000)
  eden space 4096K, 100% used [0x00000000d5580000,0x00000000d5980000,0x00000000d5980000)
  from space 1024K, 62% used [0x00000000d5980000,0x00000000d5a20000,0x00000000d5a80000)
  to   space 1024K, 0% used [0x00000000d5a80000,0x00000000d5a80000,0x00000000d5b80000)
 ParOldGen       total 616448K, used 616335K [0x0000000080000000, 0x00000000a5a00000, 0x00000000d5580000)
  object space 616448K, 99% used [0x0000000080000000,0x00000000a59e3e60,0x00000000a5a00000)
 Metaspace       used 66225K, committed 67648K, reserved 1114112K
  class space    used 6728K, committed 7360K, reserved 1048576K
}
Event: 31.189 GC heap after
{Heap after GC invocations=915 (full 3):
 PSYoungGen      total 5120K, used 672K [0x00000000d5580000, 0x00000000d5b80000, 0x0000000100000000)
  eden space 4096K, 0% used [0x00000000d5580000,0x00000000d5580000,0x00000000d5980000)
  from space 1024K, 65% used [0x00000000d5a80000,0x00000000d5b28010,0x00000000d5b80000)
  to   space 1024K, 0% used [0x00000000d5980000,0x00000000d5980000,0x00000000d5a80000)
 ParOldGen       total 616960K, used 616855K [0x0000000080000000, 0x00000000a5a80000, 0x00000000d5580000)
  object space 616960K, 99% used [0x0000000080000000,0x00000000a5a65e60,0x00000000a5a80000)
 Metaspace       used 66225K, committed 67648K, reserved 1114112K
  class space    used 6728K, committed 7360K, reserved 1048576K
}
Event: 31.252 GC heap before
{Heap before GC invocations=916 (full 3):
 PSYoungGen      total 5120K, used 4768K [0x00000000d5580000, 0x00000000d5b80000, 0x0000000100000000)
  eden space 4096K, 100% used [0x00000000d5580000,0x00000000d5980000,0x00000000d5980000)
  from space 1024K, 65% used [0x00000000d5a80000,0x00000000d5b28010,0x00000000d5b80000)
  to   space 1024K, 0% used [0x00000000d5980000,0x00000000d5980000,0x00000000d5a80000)
 ParOldGen       total 616960K, used 616855K [0x0000000080000000, 0x00000000a5a80000, 0x00000000d5580000)
  object space 616960K, 99% used [0x0000000080000000,0x00000000a5a65e60,0x00000000a5a80000)
 Metaspace       used 66242K, committed 67648K, reserved 1114112K
  class space    used 6728K, committed 7360K, reserved 1048576K
}
Event: 31.255 GC heap after
{Heap after GC invocations=916 (full 3):
 PSYoungGen      total 5120K, used 640K [0x00000000d5580000, 0x00000000d5b80000, 0x0000000100000000)
  eden space 4096K, 0% used [0x00000000d5580000,0x00000000d5580000,0x00000000d5980000)
  from space 1024K, 62% used [0x00000000d5980000,0x00000000d5a20010,0x00000000d5a80000)
  to   space 1024K, 0% used [0x00000000d5a80000,0x00000000d5a80000,0x00000000d5b80000)
 ParOldGen       total 617472K, used 617359K [0x0000000080000000, 0x00000000a5b00000, 0x00000000d5580000)
  object space 617472K, 99% used [0x0000000080000000,0x00000000a5ae3e60,0x00000000a5b00000)
 Metaspace       used 66242K, committed 67648K, reserved 1114112K
  class space    used 6728K, committed 7360K, reserved 1048576K
}
Event: 31.292 GC heap before
{Heap before GC invocations=917 (full 3):
 PSYoungGen      total 5120K, used 4735K [0x00000000d5580000, 0x00000000d5b80000, 0x0000000100000000)
  eden space 4096K, 99% used [0x00000000d5580000,0x00000000d597ffd8,0x00000000d5980000)
  from space 1024K, 62% used [0x00000000d5980000,0x00000000d5a20010,0x00000000d5a80000)
  to   space 1024K, 0% used [0x00000000d5a80000,0x00000000d5a80000,0x00000000d5b80000)
 ParOldGen       total 617472K, used 617359K [0x0000000080000000, 0x00000000a5b00000, 0x00000000d5580000)
  object space 617472K, 99% used [0x0000000080000000,0x00000000a5ae3e60,0x00000000a5b00000)
 Metaspace       used 66248K, committed 67648K, reserved 1114112K
  class space    used 6729K, committed 7360K, reserved 1048576K
}
Event: 31.296 GC heap after
{Heap after GC invocations=917 (full 3):
 PSYoungGen      total 4608K, used 256K [0x00000000d5580000, 0x00000000d5b00000, 0x0000000100000000)
  eden space 4096K, 0% used [0x00000000d5580000,0x00000000d5580000,0x00000000d5980000)
  from space 512K, 50% used [0x00000000d5a80000,0x00000000d5ac0000,0x00000000d5b00000)
  to   space 512K, 0% used [0x00000000d5a00000,0x00000000d5a00000,0x00000000d5a80000)
 ParOldGen       total 617984K, used 617839K [0x0000000080000000, 0x00000000a5b80000, 0x00000000d5580000)
  object space 617984K, 99% used [0x0000000080000000,0x00000000a5b5be70,0x00000000a5b80000)
 Metaspace       used 66248K, committed 67648K, reserved 1114112K
  class space    used 6729K, committed 7360K, reserved 1048576K
}
Event: 31.345 GC heap before
{Heap before GC invocations=918 (full 3):
 PSYoungGen      total 4608K, used 4352K [0x00000000d5580000, 0x00000000d5b00000, 0x0000000100000000)
  eden space 4096K, 100% used [0x00000000d5580000,0x00000000d5980000,0x00000000d5980000)
  from space 512K, 50% used [0x00000000d5a80000,0x00000000d5ac0000,0x00000000d5b00000)
  to   space 512K, 0% used [0x00000000d5a00000,0x00000000d5a00000,0x00000000d5a80000)
 ParOldGen       total 617984K, used 617839K [0x0000000080000000, 0x00000000a5b80000, 0x00000000d5580000)
  object space 617984K, 99% used [0x0000000080000000,0x00000000a5b5be70,0x00000000a5b80000)
 Metaspace       used 66257K, committed 67712K, reserved 1114112K
  class space    used 6730K, committed 7424K, reserved 1048576K
}
Event: 31.349 GC heap after
{Heap after GC invocations=918 (full 3):
 PSYoungGen      total 4608K, used 507K [0x00000000d5580000, 0x00000000d5b80000, 0x0000000100000000)
  eden space 4096K, 0% used [0x00000000d5580000,0x00000000d5580000,0x00000000d5980000)
  from space 512K, 99% used [0x00000000d5a00000,0x00000000d5a7ec08,0x00000000d5a80000)
  to   space 1024K, 0% used [0x00000000d5a80000,0x00000000d5a80000,0x00000000d5b80000)
 ParOldGen       total 618496K, used 618007K [0x0000000080000000, 0x00000000a5c00000, 0x00000000d5580000)
  object space 618496K, 99% used [0x0000000080000000,0x00000000a5b85e80,0x00000000a5c00000)
 Metaspace       used 66257K, committed 67712K, reserved 1114112K
  class space    used 6730K, committed 7424K, reserved 1048576K
}
Event: 31.391 GC heap before
{Heap before GC invocations=919 (full 3):
 PSYoungGen      total 4608K, used 4603K [0x00000000d5580000, 0x00000000d5b80000, 0x0000000100000000)
  eden space 4096K, 100% used [0x00000000d5580000,0x00000000d5980000,0x00000000d5980000)
  from space 512K, 99% used [0x00000000d5a00000,0x00000000d5a7ec08,0x00000000d5a80000)
  to   space 1024K, 0% used [0x00000000d5a80000,0x00000000d5a80000,0x00000000d5b80000)
 ParOldGen       total 618496K, used 618007K [0x0000000080000000, 0x00000000a5c00000, 0x00000000d5580000)
  object space 618496K, 99% used [0x0000000080000000,0x00000000a5b85e80,0x00000000a5c00000)
 Metaspace       used 66257K, committed 67712K, reserved 1114112K
  class space    used 6730K, committed 7424K, reserved 1048576K
}
Event: 31.397 GC heap after
{Heap after GC invocations=919 (full 3):
 PSYoungGen      total 4608K, used 383K [0x00000000d5580000, 0x00000000d5b00000, 0x0000000100000000)
  eden space 4096K, 0% used [0x00000000d5580000,0x00000000d5580000,0x00000000d5980000)
  from space 512K, 74% used [0x00000000d5a80000,0x00000000d5adfdd0,0x00000000d5b00000)
  to   space 512K, 0% used [0x00000000d5a00000,0x00000000d5a00000,0x00000000d5a80000)
 ParOldGen       total 618496K, used 618159K [0x0000000080000000, 0x00000000a5c00000, 0x00000000d5580000)
  object space 618496K, 99% used [0x0000000080000000,0x00000000a5babe80,0x00000000a5c00000)
 Metaspace       used 66257K, committed 67712K, reserved 1114112K
  class space    used 6730K, committed 7424K, reserved 1048576K
}
Event: 31.416 GC heap before
{Heap before GC invocations=920 (full 3):
 PSYoungGen      total 4608K, used 4471K [0x00000000d5580000, 0x00000000d5b00000, 0x0000000100000000)
  eden space 4096K, 99% used [0x00000000d5580000,0x00000000d597e0d8,0x00000000d5980000)
  from space 512K, 74% used [0x00000000d5a80000,0x00000000d5adfdd0,0x00000000d5b00000)
  to   space 512K, 0% used [0x00000000d5a00000,0x00000000d5a00000,0x00000000d5a80000)
 ParOldGen       total 618496K, used 618159K [0x0000000080000000, 0x00000000a5c00000, 0x00000000d5580000)
  object space 618496K, 99% used [0x0000000080000000,0x00000000a5babe80,0x00000000a5c00000)
 Metaspace       used 66259K, committed 67712K, reserved 1114112K
  class space    used 6730K, committed 7424K, reserved 1048576K
}
Event: 31.419 GC heap after
{Heap after GC invocations=920 (full 3):
 PSYoungGen      total 4608K, used 507K [0x00000000d5580000, 0x00000000d5b80000, 0x0000000100000000)
  eden space 4096K, 0% used [0x00000000d5580000,0x00000000d5580000,0x00000000d5980000)
  from space 512K, 99% used [0x00000000d5a00000,0x00000000d5a7ec08,0x00000000d5a80000)
  to   space 1024K, 0% used [0x00000000d5a80000,0x00000000d5a80000,0x00000000d5b80000)
 ParOldGen       total 618496K, used 618479K [0x0000000080000000, 0x00000000a5c00000, 0x00000000d5580000)
  object space 618496K, 99% used [0x0000000080000000,0x00000000a5bfbc50,0x00000000a5c00000)
 Metaspace       used 66259K, committed 67712K, reserved 1114112K
  class space    used 6730K, committed 7424K, reserved 1048576K
}
Event: 31.444 GC heap before
{Heap before GC invocations=921 (full 3):
 PSYoungGen      total 4608K, used 4603K [0x00000000d5580000, 0x00000000d5b80000, 0x0000000100000000)
  eden space 4096K, 100% used [0x00000000d5580000,0x00000000d5980000,0x00000000d5980000)
  from space 512K, 99% used [0x00000000d5a00000,0x00000000d5a7ec08,0x00000000d5a80000)
  to   space 1024K, 0% used [0x00000000d5a80000,0x00000000d5a80000,0x00000000d5b80000)
 ParOldGen       total 618496K, used 618479K [0x0000000080000000, 0x00000000a5c00000, 0x00000000d5580000)
  object space 618496K, 99% used [0x0000000080000000,0x00000000a5bfbc50,0x00000000a5c00000)
 Metaspace       used 66259K, committed 67712K, reserved 1114112K
  class space    used 6730K, committed 7424K, reserved 1048576K
}
Event: 31.446 GC heap after
{Heap after GC invocations=921 (full 3):
 PSYoungGen      total 5120K, used 566K [0x00000000d5580000, 0x00000000d5b80000, 0x0000000100000000)
  eden space 4096K, 0% used [0x00000000d5580000,0x00000000d5580000,0x00000000d5980000)
  from space 1024K, 55% used [0x00000000d5a80000,0x00000000d5b0d808,0x00000000d5b80000)
  to   space 1024K, 0% used [0x00000000d5980000,0x00000000d5980000,0x00000000d5a80000)
 ParOldGen       total 619008K, used 618879K [0x0000000080000000, 0x00000000a5c80000, 0x00000000d5580000)
  object space 619008K, 99% used [0x0000000080000000,0x00000000a5c5fc50,0x00000000a5c80000)
 Metaspace       used 66259K, committed 67712K, reserved 1114112K
  class space    used 6730K, committed 7424K, reserved 1048576K
}
Event: 31.463 GC heap before
{Heap before GC invocations=922 (full 3):
 PSYoungGen      total 5120K, used 4662K [0x00000000d5580000, 0x00000000d5b80000, 0x0000000100000000)
  eden space 4096K, 100% used [0x00000000d5580000,0x00000000d5980000,0x00000000d5980000)
  from space 1024K, 55% used [0x00000000d5a80000,0x00000000d5b0d808,0x00000000d5b80000)
  to   space 1024K, 0% used [0x00000000d5980000,0x00000000d5980000,0x00000000d5a80000)
 ParOldGen       total 619008K, used 618879K [0x0000000080000000, 0x00000000a5c80000, 0x00000000d5580000)
  object space 619008K, 99% used [0x0000000080000000,0x00000000a5c5fc50,0x00000000a5c80000)
 Metaspace       used 66259K, committed 67712K, reserved 1114112K
  class space    used 6730K, committed 7424K, reserved 1048576K
}
Event: 31.465 GC heap after
{Heap after GC invocations=922 (full 3):
 PSYoungGen      total 5120K, used 480K [0x00000000d5580000, 0x00000000d5b80000, 0x0000000100000000)
  eden space 4096K, 0% used [0x00000000d5580000,0x00000000d5580000,0x00000000d5980000)
  from space 1024K, 46% used [0x00000000d5980000,0x00000000d59f8000,0x00000000d5a80000)
  to   space 1024K, 0% used [0x00000000d5a80000,0x00000000d5a80000,0x00000000d5b80000)
 ParOldGen       total 619520K, used 619373K [0x0000000080000000, 0x00000000a5d00000, 0x00000000d5580000)
  object space 619520K, 99% used [0x0000000080000000,0x00000000a5cdb458,0x00000000a5d00000)
 Metaspace       used 66259K, committed 67712K, reserved 1114112K
  class space    used 6730K, committed 7424K, reserved 1048576K
}
Event: 31.483 GC heap before
{Heap before GC invocations=923 (full 3):
 PSYoungGen      total 5120K, used 4576K [0x00000000d5580000, 0x00000000d5b80000, 0x0000000100000000)
  eden space 4096K, 100% used [0x00000000d5580000,0x00000000d5980000,0x00000000d5980000)
  from space 1024K, 46% used [0x00000000d5980000,0x00000000d59f8000,0x00000000d5a80000)
  to   space 1024K, 0% used [0x00000000d5a80000,0x00000000d5a80000,0x00000000d5b80000)
 ParOldGen       total 619520K, used 619373K [0x0000000080000000, 0x00000000a5d00000, 0x00000000d5580000)
  object space 619520K, 99% used [0x0000000080000000,0x00000000a5cdb458,0x00000000a5d00000)
 Metaspace       used 66259K, committed 67712K, reserved 1114112K
  class space    used 6730K, committed 7424K, reserved 1048576K
}
Event: 31.487 GC heap after
{Heap after GC invocations=923 (full 3):
 PSYoungGen      total 5120K, used 672K [0x00000000d5580000, 0x00000000d5b80000, 0x0000000100000000)
  eden space 4096K, 0% used [0x00000000d5580000,0x00000000d5580000,0x00000000d5980000)
  from space 1024K, 65% used [0x00000000d5a80000,0x00000000d5b28000,0x00000000d5b80000)
  to   space 1024K, 0% used [0x00000000d5980000,0x00000000d5980000,0x00000000d5a80000)
 ParOldGen       total 620032K, used 619757K [0x0000000080000000, 0x00000000a5d80000, 0x00000000d5580000)
  object space 620032K, 99% used [0x0000000080000000,0x00000000a5d3b458,0x00000000a5d80000)
 Metaspace       used 66259K, committed 67712K, reserved 1114112K
  class space    used 6730K, committed 7424K, reserved 1048576K
}
Event: 31.533 GC heap before
{Heap before GC invocations=924 (full 3):
 PSYoungGen      total 5120K, used 4768K [0x00000000d5580000, 0x00000000d5b80000, 0x0000000100000000)
  eden space 4096K, 100% used [0x00000000d5580000,0x00000000d5980000,0x00000000d5980000)
  from space 1024K, 65% used [0x00000000d5a80000,0x00000000d5b28000,0x00000000d5b80000)
  to   space 1024K, 0% used [0x00000000d5980000,0x00000000d5980000,0x00000000d5a80000)
 ParOldGen       total 620032K, used 619757K [0x0000000080000000, 0x00000000a5d80000, 0x00000000d5580000)
  object space 620032K, 99% used [0x0000000080000000,0x00000000a5d3b458,0x00000000a5d80000)
 Metaspace       used 66260K, committed 67712K, reserved 1114112K
  class space    used 6730K, committed 7424K, reserved 1048576K
}
Event: 31.534 GC heap after
{Heap after GC invocations=924 (full 3):
 PSYoungGen      total 5120K, used 320K [0x00000000d5580000, 0x00000000d5b00000, 0x0000000100000000)
  eden space 4096K, 0% used [0x00000000d5580000,0x00000000d5580000,0x00000000d5980000)
  from space 1024K, 31% used [0x00000000d5980000,0x00000000d59d0000,0x00000000d5a80000)
  to   space 512K, 0% used [0x00000000d5a80000,0x00000000d5a80000,0x00000000d5b00000)
 ParOldGen       total 620544K, used 620141K [0x0000000080000000, 0x00000000a5e00000, 0x00000000d5580000)
  object space 620544K, 99% used [0x0000000080000000,0x00000000a5d9b458,0x00000000a5e00000)
 Metaspace       used 66260K, committed 67712K, reserved 1114112K
  class space    used 6730K, committed 7424K, reserved 1048576K
}

Dll operation events (10 events):
Event: 0.014 Loaded shared library c:\Users\nikhi\.vscode\extensions\redhat.java-1.43.1-win32-x64\jre\21.0.7-win32-x86_64\bin\java.dll
Event: 0.077 Loaded shared library c:\Users\nikhi\.vscode\extensions\redhat.java-1.43.1-win32-x64\jre\21.0.7-win32-x86_64\bin\zip.dll
Event: 0.095 Loaded shared library C:\Users\nikhi\.vscode\extensions\redhat.java-1.43.1-win32-x64\jre\21.0.7-win32-x86_64\bin\instrument.dll
Event: 0.099 Loaded shared library C:\Users\nikhi\.vscode\extensions\redhat.java-1.43.1-win32-x64\jre\21.0.7-win32-x86_64\bin\net.dll
Event: 0.104 Loaded shared library C:\Users\nikhi\.vscode\extensions\redhat.java-1.43.1-win32-x64\jre\21.0.7-win32-x86_64\bin\nio.dll
Event: 0.107 Loaded shared library C:\Users\nikhi\.vscode\extensions\redhat.java-1.43.1-win32-x64\jre\21.0.7-win32-x86_64\bin\zip.dll
Event: 0.120 Loaded shared library C:\Users\nikhi\.vscode\extensions\redhat.java-1.43.1-win32-x64\jre\21.0.7-win32-x86_64\bin\jimage.dll
Event: 0.171 Loaded shared library c:\Users\nikhi\.vscode\extensions\redhat.java-1.43.1-win32-x64\jre\21.0.7-win32-x86_64\bin\verify.dll
Event: 1.023 Loaded shared library C:\Users\nikhi\AppData\Roaming\Code\User\globalStorage\redhat.java\1.43.1\config_win\org.eclipse.equinox.launcher\org.eclipse.equinox.launcher.win32.win32.x86_64_1.2.1300.v20250331-1702\eclipse_11911.dll
Event: 2.492 Loaded shared library C:\Users\nikhi\AppData\Local\Temp\jna-104821521\jna7772743174817055559.dll

Deoptimization events (20 events):
Event: 31.172 Thread 0x000001c617dde7b0 DEOPT PACKING pc=0x000001c604d49ed0 sp=0x000000aaf61feb30
Event: 31.172 Thread 0x000001c617dde7b0 DEOPT UNPACKING pc=0x000001c60bac4242 sp=0x000000aaf61fe088 mode 0
Event: 31.172 Thread 0x000001c617dde7b0 DEOPT PACKING pc=0x000001c604d49ed0 sp=0x000000aaf61feb30
Event: 31.172 Thread 0x000001c617dde7b0 DEOPT UNPACKING pc=0x000001c60bac4242 sp=0x000000aaf61fe088 mode 0
Event: 31.172 Thread 0x000001c617dde7b0 DEOPT PACKING pc=0x000001c604d49ed0 sp=0x000000aaf61feb30
Event: 31.172 Thread 0x000001c617dde7b0 DEOPT UNPACKING pc=0x000001c60bac4242 sp=0x000000aaf61fe088 mode 0
Event: 31.175 Thread 0x000001c617dde7b0 DEOPT PACKING pc=0x000001c604d49ed0 sp=0x000000aaf61feb30
Event: 31.175 Thread 0x000001c617dde7b0 DEOPT UNPACKING pc=0x000001c60bac4242 sp=0x000000aaf61fe088 mode 0
Event: 31.175 Thread 0x000001c617dde7b0 DEOPT PACKING pc=0x000001c604d49ed0 sp=0x000000aaf61feb30
Event: 31.175 Thread 0x000001c617dde7b0 DEOPT UNPACKING pc=0x000001c60bac4242 sp=0x000000aaf61fe088 mode 0
Event: 31.176 Thread 0x000001c617dde7b0 DEOPT PACKING pc=0x000001c604d49ed0 sp=0x000000aaf61feb30
Event: 31.176 Thread 0x000001c617dde7b0 DEOPT UNPACKING pc=0x000001c60bac4242 sp=0x000000aaf61fe088 mode 0
Event: 31.177 Thread 0x000001c617dde7b0 DEOPT PACKING pc=0x000001c604d49ed0 sp=0x000000aaf61feb30
Event: 31.177 Thread 0x000001c617dde7b0 DEOPT UNPACKING pc=0x000001c60bac4242 sp=0x000000aaf61fe088 mode 0
Event: 31.177 Thread 0x000001c617dde7b0 DEOPT PACKING pc=0x000001c604d49ed0 sp=0x000000aaf61feb30
Event: 31.177 Thread 0x000001c617dde7b0 DEOPT UNPACKING pc=0x000001c60bac4242 sp=0x000000aaf61fe088 mode 0
Event: 31.177 Thread 0x000001c617dde7b0 DEOPT PACKING pc=0x000001c604d49ed0 sp=0x000000aaf61feb30
Event: 31.177 Thread 0x000001c617dde7b0 DEOPT UNPACKING pc=0x000001c60bac4242 sp=0x000000aaf61fe088 mode 0
Event: 31.177 Thread 0x000001c617dde7b0 DEOPT PACKING pc=0x000001c604d49ed0 sp=0x000000aaf61feb30
Event: 31.177 Thread 0x000001c617dde7b0 DEOPT UNPACKING pc=0x000001c60bac4242 sp=0x000000aaf61fe088 mode 0

Classes loaded (20 events):
Event: 18.994 Loading class java/util/stream/ReduceOps$1ReducingSink
Event: 18.995 Loading class java/util/stream/ReduceOps$1ReducingSink done
Event: 19.153 Loading class org/xml/sax/SAXNotRecognizedException
Event: 19.155 Loading class org/xml/sax/SAXNotRecognizedException done
Event: 19.155 Loading class org/xml/sax/SAXNotSupportedException
Event: 19.156 Loading class org/xml/sax/SAXNotSupportedException done
Event: 19.172 Loading class com/sun/org/apache/xerces/internal/util/URI
Event: 19.177 Loading class com/sun/org/apache/xerces/internal/util/URI done
Event: 19.188 Loading class com/sun/org/apache/xerces/internal/xni/XNIException
Event: 19.190 Loading class com/sun/org/apache/xerces/internal/xni/XNIException done
Event: 19.204 Loading class com/sun/org/apache/xerces/internal/xni/parser/XMLParseException
Event: 19.206 Loading class com/sun/org/apache/xerces/internal/xni/parser/XMLParseException done
Event: 19.921 Loading class sun/nio/fs/WindowsFileCopy
Event: 19.924 Loading class sun/nio/fs/WindowsFileCopy done
Event: 31.261 Loading class sun/nio/cs/ISO_8859_1$Encoder
Event: 31.291 Loading class sun/nio/cs/ISO_8859_1$Encoder done
Event: 31.297 Loading class sun/nio/cs/Surrogate$Parser
Event: 31.309 Loading class sun/nio/cs/Surrogate$Parser done
Event: 31.313 Loading class sun/nio/cs/Surrogate
Event: 31.334 Loading class sun/nio/cs/Surrogate done

Classes unloaded (7 events):
Event: 2.890 Thread 0x000001c67f9ce950 Unloading class 0x000001c61919d000 'java/lang/invoke/LambdaForm$MH+0x000001c61919d000'
Event: 2.890 Thread 0x000001c67f9ce950 Unloading class 0x000001c61919cc00 'java/lang/invoke/LambdaForm$MH+0x000001c61919cc00'
Event: 2.890 Thread 0x000001c67f9ce950 Unloading class 0x000001c61919c800 'java/lang/invoke/LambdaForm$MH+0x000001c61919c800'
Event: 2.890 Thread 0x000001c67f9ce950 Unloading class 0x000001c61919c400 'java/lang/invoke/LambdaForm$MH+0x000001c61919c400'
Event: 2.890 Thread 0x000001c67f9ce950 Unloading class 0x000001c61919c000 'java/lang/invoke/LambdaForm$BMH+0x000001c61919c000'
Event: 2.890 Thread 0x000001c67f9ce950 Unloading class 0x000001c61919bc00 'java/lang/invoke/LambdaForm$DMH+0x000001c61919bc00'
Event: 2.890 Thread 0x000001c67f9ce950 Unloading class 0x000001c61919a800 'java/lang/invoke/LambdaForm$DMH+0x000001c61919a800'

Classes redefined (0 events):
No events

Internal exceptions (20 events):
Event: 29.522 Thread 0x000001c660013910 Exception <a 'sun/nio/fs/WindowsException'{0x00000000d57ad618}> (0x00000000d57ad618) 
thrown [s\src\hotspot\share\prims\jni.cpp, line 520]
Event: 29.881 Thread 0x000001c660013910 Exception <a 'sun/nio/fs/WindowsException'{0x00000000d57e1b68}> (0x00000000d57e1b68) 
thrown [s\src\hotspot\share\prims\jni.cpp, line 520]
Event: 30.165 Thread 0x000001c660013910 Exception <a 'sun/nio/fs/WindowsException'{0x00000000d56e84f0}> (0x00000000d56e84f0) 
thrown [s\src\hotspot\share\prims\jni.cpp, line 520]
Event: 30.232 Thread 0x000001c660013910 Exception <a 'sun/nio/fs/WindowsException'{0x00000000d57b5a60}> (0x00000000d57b5a60) 
thrown [s\src\hotspot\share\prims\jni.cpp, line 520]
Event: 30.253 Thread 0x000001c660013910 Exception <a 'sun/nio/fs/WindowsException'{0x00000000d57cf9c0}> (0x00000000d57cf9c0) 
thrown [s\src\hotspot\share\prims\jni.cpp, line 520]
Event: 30.428 Thread 0x000001c660013910 Exception <a 'sun/nio/fs/WindowsException'{0x00000000d58d5b50}> (0x00000000d58d5b50) 
thrown [s\src\hotspot\share\prims\jni.cpp, line 520]
Event: 30.614 Thread 0x000001c660013910 Exception <a 'sun/nio/fs/WindowsException'{0x00000000d5787fc0}> (0x00000000d5787fc0) 
thrown [s\src\hotspot\share\prims\jni.cpp, line 520]
Event: 30.716 Thread 0x000001c660013910 Exception <a 'sun/nio/fs/WindowsException'{0x00000000d570b898}> (0x00000000d570b898) 
thrown [s\src\hotspot\share\prims\jni.cpp, line 520]
Event: 30.737 Thread 0x000001c660013910 Exception <a 'sun/nio/fs/WindowsException'{0x00000000d5963dc0}> (0x00000000d5963dc0) 
thrown [s\src\hotspot\share\prims\jni.cpp, line 520]
Event: 30.862 Thread 0x000001c660013910 Exception <a 'sun/nio/fs/WindowsException'{0x00000000d59105f0}> (0x00000000d59105f0) 
thrown [s\src\hotspot\share\prims\jni.cpp, line 520]
Event: 30.875 Thread 0x000001c660013910 Exception <a 'sun/nio/fs/WindowsException'{0x00000000d5929f48}> (0x00000000d5929f48) 
thrown [s\src\hotspot\share\prims\jni.cpp, line 520]
Event: 30.927 Thread 0x000001c660013910 Exception <a 'sun/nio/fs/WindowsException'{0x00000000d58ce7f0}> (0x00000000d58ce7f0) 
thrown [s\src\hotspot\share\prims\jni.cpp, line 520]
Event: 31.235 Thread 0x000001c660013910 Exception <a 'sun/nio/fs/WindowsException'{0x00000000d5884050}> (0x00000000d5884050) 
thrown [s\src\hotspot\share\prims\jni.cpp, line 520]
Event: 31.275 Thread 0x000001c660013910 Exception <a 'sun/nio/fs/WindowsException'{0x00000000d59690a8}> (0x00000000d59690a8) 
thrown [s\src\hotspot\share\prims\jni.cpp, line 520]
Event: 31.315 Thread 0x000001c660013910 Exception <a 'sun/nio/fs/WindowsException'{0x00000000d5590530}> (0x00000000d5590530) 
thrown [s\src\hotspot\share\prims\jni.cpp, line 520]
Event: 31.371 Thread 0x000001c660013910 Exception <a 'sun/nio/fs/WindowsException'{0x00000000d5807548}> (0x00000000d5807548) 
thrown [s\src\hotspot\share\prims\jni.cpp, line 520]
Event: 31.496 Thread 0x000001c660013910 Exception <a 'sun/nio/fs/WindowsException'{0x00000000d564e3b8}> (0x00000000d564e3b8) 
thrown [s\src\hotspot\share\prims\jni.cpp, line 520]
Event: 31.519 Thread 0x000001c660013910 Exception <a 'sun/nio/fs/WindowsException'{0x00000000d584c750}> (0x00000000d584c750) 
thrown [s\src\hotspot\share\prims\jni.cpp, line 520]
Event: 31.541 Thread 0x000001c660013910 Exception <a 'sun/nio/fs/WindowsException'{0x00000000d55ad2a8}> (0x00000000d55ad2a8) 
thrown [s\src\hotspot\share\prims\jni.cpp, line 520]
Event: 31.562 Thread 0x000001c660013910 Exception <a 'sun/nio/fs/WindowsException'{0x00000000d577d3e0}> (0x00000000d577d3e0) 
thrown [s\src\hotspot\share\prims\jni.cpp, line 520]

ZGC Phase Switch (0 events):
No events

VM Operations (20 events):
Event: 31.187 Executing VM operation: ParallelGCFailedAllocation (Allocation Failure)
Event: 31.189 Executing VM operation: ParallelGCFailedAllocation (Allocation Failure) done
Event: 31.249 Executing VM operation: ParallelGCFailedAllocation (Allocation Failure)
Event: 31.255 Executing VM operation: ParallelGCFailedAllocation (Allocation Failure) done
Event: 31.280 Executing VM operation: ParallelGCFailedAllocation (Allocation Failure)
Event: 31.296 Executing VM operation: ParallelGCFailedAllocation (Allocation Failure) done
Event: 31.344 Executing VM operation: ParallelGCFailedAllocation (Allocation Failure)
Event: 31.349 Executing VM operation: ParallelGCFailedAllocation (Allocation Failure) done
Event: 31.391 Executing VM operation: ParallelGCFailedAllocation (Allocation Failure)
Event: 31.397 Executing VM operation: ParallelGCFailedAllocation (Allocation Failure) done
Event: 31.416 Executing VM operation: ParallelGCFailedAllocation (Allocation Failure)
Event: 31.419 Executing VM operation: ParallelGCFailedAllocation (Allocation Failure) done
Event: 31.444 Executing VM operation: ParallelGCFailedAllocation (Allocation Failure)
Event: 31.446 Executing VM operation: ParallelGCFailedAllocation (Allocation Failure) done
Event: 31.463 Executing VM operation: ParallelGCFailedAllocation (Allocation Failure)
Event: 31.465 Executing VM operation: ParallelGCFailedAllocation (Allocation Failure) done
Event: 31.483 Executing VM operation: ParallelGCFailedAllocation (Allocation Failure)
Event: 31.487 Executing VM operation: ParallelGCFailedAllocation (Allocation Failure) done
Event: 31.533 Executing VM operation: ParallelGCFailedAllocation (Allocation Failure)
Event: 31.534 Executing VM operation: ParallelGCFailedAllocation (Allocation Failure) done

Memory protections (0 events):
No events

Nmethod flushes (20 events):
Event: 10.460 Thread 0x000001c67f9ce950 flushing  nmethod 0x000001c604ebd790
Event: 10.460 Thread 0x000001c67f9ce950 flushing  nmethod 0x000001c604ed4190
Event: 10.460 Thread 0x000001c67f9ce950 flushing  nmethod 0x000001c604eed010
Event: 10.460 Thread 0x000001c67f9ce950 flushing  nmethod 0x000001c604efcb90
Event: 10.460 Thread 0x000001c67f9ce950 flushing  nmethod 0x000001c604efd290
Event: 10.460 Thread 0x000001c67f9ce950 flushing  nmethod 0x000001c604f19010
Event: 10.460 Thread 0x000001c67f9ce950 flushing  nmethod 0x000001c604f1a210
Event: 10.460 Thread 0x000001c67f9ce950 flushing  nmethod 0x000001c604f1b190
Event: 10.460 Thread 0x000001c67f9ce950 flushing  nmethod 0x000001c604f1ca10
Event: 10.460 Thread 0x000001c67f9ce950 flushing  nmethod 0x000001c604f25210
Event: 10.460 Thread 0x000001c67f9ce950 flushing  nmethod 0x000001c604f25b10
Event: 10.460 Thread 0x000001c67f9ce950 flushing  nmethod 0x000001c604f27a10
Event: 10.460 Thread 0x000001c67f9ce950 flushing  nmethod 0x000001c604f2a290
Event: 10.460 Thread 0x000001c67f9ce950 flushing  nmethod 0x000001c604f2aa10
Event: 10.460 Thread 0x000001c67f9ce950 flushing  nmethod 0x000001c604f2ae10
Event: 10.460 Thread 0x000001c67f9ce950 flushing  nmethod 0x000001c604f2b490
Event: 10.460 Thread 0x000001c67f9ce950 flushing  nmethod 0x000001c604f38e10
Event: 10.460 Thread 0x000001c67f9ce950 flushing  nmethod 0x000001c604f4ce10
Event: 10.460 Thread 0x000001c67f9ce950 flushing  nmethod 0x000001c604f4d710
Event: 10.460 Thread 0x000001c67f9ce950 flushing  nmethod 0x000001c604f4da90

Events (20 events):
Event: 11.892 Thread 0x000001c661f9feb0 Thread added: 0x000001c65f8038a0
Event: 11.893 Thread 0x000001c661f9feb0 Thread added: 0x000001c66ba00f10
Event: 12.524 Thread 0x000001c65f8045c0 Thread exited: 0x000001c65f8045c0
Event: 12.524 Thread 0x000001c66ba8cd80 Thread exited: 0x000001c66ba8cd80
Event: 12.524 Thread 0x000001c66ba8d410 Thread exited: 0x000001c66ba8d410
Event: 12.524 Thread 0x000001c66ba00f10 Thread exited: 0x000001c66ba00f10
Event: 12.524 Thread 0x000001c65f8038a0 Thread exited: 0x000001c65f8038a0
Event: 12.898 Thread 0x000001c661f9feb0 Thread added: 0x000001c66ba015a0
Event: 12.898 Thread 0x000001c661f9feb0 Thread added: 0x000001c66ba001f0
Event: 12.899 Thread 0x000001c661f9feb0 Thread added: 0x000001c66b9fee40
Event: 12.899 Thread 0x000001c661f9feb0 Thread added: 0x000001c66b9ffb60
Event: 12.899 Thread 0x000001c661f9feb0 Thread added: 0x000001c66b9fe120
Event: 13.043 Thread 0x000001c66b9ffb60 Thread exited: 0x000001c66b9ffb60
Event: 13.043 Thread 0x000001c66ba015a0 Thread exited: 0x000001c66ba015a0
Event: 13.043 Thread 0x000001c66b9fe120 Thread exited: 0x000001c66b9fe120
Event: 13.043 Thread 0x000001c66b9fee40 Thread exited: 0x000001c66b9fee40
Event: 13.043 Thread 0x000001c66ba001f0 Thread exited: 0x000001c66ba001f0
Event: 15.221 Thread 0x000001c660014630 Thread added: 0x000001c66ba015a0
Event: 18.171 Thread 0x000001c661fa2610 Thread added: 0x000001c66ba01c30
Event: 20.243 Thread 0x000001c66ba015a0 Thread exited: 0x000001c66ba015a0


Dynamic libraries:
0x00007ff7072c0000 - 0x00007ff7072ce000 	c:\Users\nikhi\.vscode\extensions\redhat.java-1.43.1-win32-x64\jre\21.0.7-win32-x86_64\bin\java.exe
0x00007fff8cfc0000 - 0x00007fff8d228000 	C:\WINDOWS\SYSTEM32\ntdll.dll
0x00007fff8bb40000 - 0x00007fff8bc09000 	C:\WINDOWS\System32\KERNEL32.DLL
0x00007fff8a6c0000 - 0x00007fff8aaad000 	C:\WINDOWS\System32\KERNELBASE.dll
0x00007fff8ab80000 - 0x00007fff8accb000 	C:\WINDOWS\System32\ucrtbase.dll
0x00007fff76e00000 - 0x00007fff76e1e000 	c:\Users\nikhi\.vscode\extensions\redhat.java-1.43.1-win32-x64\jre\21.0.7-win32-x86_64\bin\VCRUNTIME140.dll
0x00007fff848f0000 - 0x00007fff84908000 	c:\Users\nikhi\.vscode\extensions\redhat.java-1.43.1-win32-x64\jre\21.0.7-win32-x86_64\bin\jli.dll
0x00007fff8bc10000 - 0x00007fff8bddc000 	C:\WINDOWS\System32\USER32.dll
0x00007fff8aab0000 - 0x00007fff8aad7000 	C:\WINDOWS\System32\win32u.dll
0x00007fff8c400000 - 0x00007fff8c42b000 	C:\WINDOWS\System32\GDI32.dll
0x00007fff8a110000 - 0x00007fff8a247000 	C:\WINDOWS\System32\gdi32full.dll
0x00007fff73210000 - 0x00007fff734aa000 	C:\WINDOWS\WinSxS\amd64_microsoft.windows.common-controls_6595b64144ccf1df_6.0.26100.4484_none_3e0e6d4ce32ef3b3\COMCTL32.dll
0x00007fff8a550000 - 0x00007fff8a5f3000 	C:\WINDOWS\System32\msvcp_win.dll
0x00007fff8af70000 - 0x00007fff8b019000 	C:\WINDOWS\System32\msvcrt.dll
0x00007fff8bde0000 - 0x00007fff8be0f000 	C:\WINDOWS\System32\IMM32.DLL
0x000000006a9a0000 - 0x000000006a9ac000 	C:\Program Files (x86)\360\Total Security\safemon\SafeWrapper.dll
0x00007fff8ba80000 - 0x00007fff8bb34000 	C:\WINDOWS\System32\ADVAPI32.dll
0x00007fff8b130000 - 0x00007fff8b1d6000 	C:\WINDOWS\System32\sechost.dll
0x00007fff8cb80000 - 0x00007fff8cc98000 	C:\WINDOWS\System32\RPCRT4.dll
0x00007fff60900000 - 0x00007fff609ac000 	C:\Program Files (x86)\360\Total Security\safemon\libzdtp64.dll
0x00007fff8c430000 - 0x00007fff8cb7a000 	C:\WINDOWS\System32\SHELL32.dll
0x00007fff8a250000 - 0x00007fff8a3c4000 	C:\WINDOWS\System32\wintypes.dll
0x00007fff8b260000 - 0x00007fff8b5e6000 	C:\WINDOWS\System32\combase.dll
0x00007fff8b0a0000 - 0x00007fff8b10a000 	C:\WINDOWS\System32\SHLWAPI.dll
0x00007fff89a30000 - 0x00007fff89a3b000 	C:\WINDOWS\SYSTEM32\VERSION.dll
0x00007fff83f30000 - 0x00007fff83f3c000 	c:\Users\nikhi\.vscode\extensions\redhat.java-1.43.1-win32-x64\jre\21.0.7-win32-x86_64\bin\vcruntime140_1.dll
0x00007fff50550000 - 0x00007fff505dd000 	c:\Users\nikhi\.vscode\extensions\redhat.java-1.43.1-win32-x64\jre\21.0.7-win32-x86_64\bin\msvcp140.dll
0x00007fff0e8e0000 - 0x00007fff0f670000 	c:\Users\nikhi\.vscode\extensions\redhat.java-1.43.1-win32-x64\jre\21.0.7-win32-x86_64\bin\server\jvm.dll
0x00007fff8b1e0000 - 0x00007fff8b254000 	C:\WINDOWS\System32\WS2_32.dll
0x00007fff89f60000 - 0x00007fff89fbe000 	C:\WINDOWS\SYSTEM32\POWRPROF.dll
0x00007fff734b0000 - 0x00007fff734e5000 	C:\WINDOWS\SYSTEM32\WINMM.dll
0x00007fff89f40000 - 0x00007fff89f54000 	C:\WINDOWS\SYSTEM32\UMPDC.dll
0x00007fff88e40000 - 0x00007fff88e5b000 	C:\WINDOWS\SYSTEM32\kernel.appcore.dll
0x00007fff83f00000 - 0x00007fff83f0a000 	c:\Users\nikhi\.vscode\extensions\redhat.java-1.43.1-win32-x64\jre\21.0.7-win32-x86_64\bin\jimage.dll
0x00007fff87750000 - 0x00007fff87991000 	C:\WINDOWS\SYSTEM32\DBGHELP.DLL
0x00007fff8ce90000 - 0x00007fff8cf70000 	C:\WINDOWS\System32\OLEAUT32.dll
0x00007fff73630000 - 0x00007fff73673000 	C:\WINDOWS\SYSTEM32\dbgcore.DLL
0x00007fff8aae0000 - 0x00007fff8ab79000 	C:\WINDOWS\System32\bcryptPrimitives.dll
0x00007fff7d5d0000 - 0x00007fff7d5df000 	c:\Users\nikhi\.vscode\extensions\redhat.java-1.43.1-win32-x64\jre\21.0.7-win32-x86_64\bin\instrument.dll
0x00007fff769e0000 - 0x00007fff769ff000 	c:\Users\nikhi\.vscode\extensions\redhat.java-1.43.1-win32-x64\jre\21.0.7-win32-x86_64\bin\java.dll
0x00007fff87d00000 - 0x00007fff8855b000 	C:\WINDOWS\SYSTEM32\windows.storage.dll
0x00007fff8c2a0000 - 0x00007fff8c395000 	C:\WINDOWS\System32\SHCORE.dll
0x00007fff8a020000 - 0x00007fff8a04f000 	C:\WINDOWS\SYSTEM32\profapi.dll
0x00007fff76810000 - 0x00007fff76828000 	c:\Users\nikhi\.vscode\extensions\redhat.java-1.43.1-win32-x64\jre\21.0.7-win32-x86_64\bin\zip.dll
0x00007fff7bd00000 - 0x00007fff7bd10000 	C:\Users\nikhi\.vscode\extensions\redhat.java-1.43.1-win32-x64\jre\21.0.7-win32-x86_64\bin\net.dll
0x00007fff7d3d0000 - 0x00007fff7d4ee000 	C:\WINDOWS\SYSTEM32\WINHTTP.dll
0x00007fff893d0000 - 0x00007fff8943a000 	C:\WINDOWS\system32\mswsock.dll
0x00007fff74070000 - 0x00007fff74086000 	C:\Users\nikhi\.vscode\extensions\redhat.java-1.43.1-win32-x64\jre\21.0.7-win32-x86_64\bin\nio.dll
0x00007fff848e0000 - 0x00007fff848f0000 	c:\Users\nikhi\.vscode\extensions\redhat.java-1.43.1-win32-x64\jre\21.0.7-win32-x86_64\bin\verify.dll
0x00007fff6f660000 - 0x00007fff6f6a5000 	C:\Users\nikhi\AppData\Roaming\Code\User\globalStorage\redhat.java\1.43.1\config_win\org.eclipse.equinox.launcher\org.eclipse.equinox.launcher.win32.win32.x86_64_1.2.1300.v20250331-1702\eclipse_11911.dll
0x00007fff8be30000 - 0x00007fff8bfce000 	C:\WINDOWS\System32\ole32.dll
0x00007fff89680000 - 0x00007fff8969b000 	C:\WINDOWS\SYSTEM32\CRYPTSP.dll
0x00007fff88da0000 - 0x00007fff88ddb000 	C:\WINDOWS\system32\rsaenh.dll
0x00007fff89470000 - 0x00007fff8949b000 	C:\WINDOWS\SYSTEM32\USERENV.dll
0x00007fff89ff0000 - 0x00007fff8a016000 	C:\WINDOWS\SYSTEM32\bcrypt.dll
0x00007fff896a0000 - 0x00007fff896ac000 	C:\WINDOWS\SYSTEM32\CRYPTBASE.dll
0x00007fff889b0000 - 0x00007fff889e3000 	C:\WINDOWS\SYSTEM32\IPHLPAPI.DLL
0x00007fff8be20000 - 0x00007fff8be2a000 	C:\WINDOWS\System32\NSI.dll
0x00007fff6f610000 - 0x00007fff6f659000 	C:\Users\nikhi\AppData\Local\Temp\jna-104821521\jna7772743174817055559.dll
0x00007fff8ad60000 - 0x00007fff8ad68000 	C:\WINDOWS\System32\PSAPI.DLL
0x00007fff82d80000 - 0x00007fff82d9f000 	C:\WINDOWS\SYSTEM32\dhcpcsvc6.DLL
0x00007fff82630000 - 0x00007fff82655000 	C:\WINDOWS\SYSTEM32\dhcpcsvc.DLL

dbghelp: loaded successfully - version: 4.0.5 - missing functions: none
symbol engine: initialized successfully - sym options: 0x614 - pdb path: .;c:\Users\nikhi\.vscode\extensions\redhat.java-1.43.1-win32-x64\jre\21.0.7-win32-x86_64\bin;C:\WINDOWS\SYSTEM32;C:\WINDOWS\WinSxS\amd64_microsoft.windows.common-controls_6595b64144ccf1df_6.0.26100.4484_none_3e0e6d4ce32ef3b3;C:\Program Files (x86)\360\Total Security\safemon;c:\Users\nikhi\.vscode\extensions\redhat.java-1.43.1-win32-x64\jre\21.0.7-win32-x86_64\bin\server;C:\Users\nikhi\AppData\Roaming\Code\User\globalStorage\redhat.java\1.43.1\config_win\org.eclipse.equinox.launcher\org.eclipse.equinox.launcher.win32.win32.x86_64_1.2.1300.v20250331-1702;C:\Users\nikhi\AppData\Local\Temp\jna-104821521

VM Arguments:
jvm_args: --add-modules=ALL-SYSTEM --add-opens=java.base/java.util=ALL-UNNAMED --add-opens=java.base/java.lang=ALL-UNNAMED --add-opens=java.base/sun.nio.fs=ALL-UNNAMED -Declipse.application=org.eclipse.jdt.ls.core.id1 -Dosgi.bundles.defaultStartLevel=4 -Declipse.product=org.eclipse.jdt.ls.core.product -Djava.import.generatesMetadataFilesAtProjectRoot=false -DDetectVMInstallationsJob.disabled=true -Dfile.encoding=utf8 -XX:+UseParallelGC -XX:GCTimeRatio=4 -XX:AdaptiveSizePolicyWeight=90 -Dsun.zip.disableMemoryMapping=true -Xmx2G -Xms100m -Xlog:disable -javaagent:c:\Users\nikhi\.vscode\extensions\redhat.java-1.43.1-win32-x64\lombok\lombok-1.18.39-4050.jar -XX:+HeapDumpOnOutOfMemoryError -XX:HeapDumpPath=c:\Users\nikhi\AppData\Roaming\Code\User\workspaceStorage\2c7cbe482d4aa630f73c311e50a62fd4\redhat.java -Daether.dependencyCollector.impl=bf 
java_command: c:\Users\nikhi\.vscode\extensions\redhat.java-1.43.1-win32-x64\server\plugins\org.eclipse.equinox.launcher_1.7.0.v20250519-0528.jar -configuration c:\Users\nikhi\AppData\Roaming\Code\User\globalStorage\redhat.java\1.43.1\config_win -data c:\Users\nikhi\AppData\Roaming\Code\User\workspaceStorage\2c7cbe482d4aa630f73c311e50a62fd4\redhat.java\jdt_ws --pipe=\\.\pipe\lsp-02b430b4f134f608804e7ed781c04e01-sock
java_class_path (initial): c:\Users\nikhi\.vscode\extensions\redhat.java-1.43.1-win32-x64\server\plugins\org.eclipse.equinox.launcher_1.7.0.v20250519-0528.jar
Launcher Type: SUN_STANDARD

[Global flags]
    uintx AdaptiveSizePolicyWeight                 = 90                                        {product} {command line}
     intx CICompilerCount                          = 4                                         {product} {ergonomic}
    uintx GCTimeRatio                              = 4                                         {product} {command line}
     bool HeapDumpOnOutOfMemoryError               = true                                   {manageable} {command line}
    ccstr HeapDumpPath                             = c:\Users\nikhi\AppData\Roaming\Code\User\workspaceStorage\2c7cbe482d4aa630f73c311e50a62fd4\redhat.java         {manageable} {command line}
   size_t InitialHeapSize                          = 104857600                                 {product} {command line}
   size_t MaxHeapSize                              = 2147483648                                {product} {command line}
   size_t MaxNewSize                               = 715653120                                 {product} {ergonomic}
   size_t MinHeapDeltaBytes                        = 524288                                    {product} {ergonomic}
   size_t MinHeapSize                              = 104857600                                 {product} {command line}
   size_t NewSize                                  = 34603008                                  {product} {ergonomic}
    uintx NonNMethodCodeHeapSize                   = 5839372                                {pd product} {ergonomic}
    uintx NonProfiledCodeHeapSize                  = 122909434                              {pd product} {ergonomic}
   size_t OldSize                                  = 70254592                                  {product} {ergonomic}
    uintx ProfiledCodeHeapSize                     = 122909434                              {pd product} {ergonomic}
    uintx ReservedCodeCacheSize                    = 251658240                              {pd product} {ergonomic}
     bool SegmentedCodeCache                       = true                                      {product} {ergonomic}
   size_t SoftMaxHeapSize                          = 2147483648                             {manageable} {ergonomic}
     bool UseCompressedOops                        = true                           {product lp64_product} {ergonomic}
     bool UseLargePagesIndividualAllocation        = false                                  {pd product} {ergonomic}
     bool UseParallelGC                            = true                                      {product} {command line}

Logging:
Log output configuration:
 #0: stdout all=off uptime,level,tags foldmultilines=false
 #1: stderr all=off uptime,level,tags foldmultilines=false

Environment Variables:
PATH=C:\Program Files\Common Files\Oracle\Java\javapath;C:\WINDOWS\system32;C:\WINDOWS;C:\WINDOWS\System32\Wbem;C:\WINDOWS\System32\WindowsPowerShell\v1.0\;C:\WINDOWS\System32\OpenSSH\;C:\Program Files\Java\jdk-23\bin;D:\node.js\;C:\Program Files\MySQL\MySQL Shell 8.0\bin\;C:\Users\nikhi\AppData\Local\Microsoft\WindowsApps;C:\Users\nikhi\AppData\Local\Programs\Microsoft VS Code\bin;C:\Users\nikhi\AppData\Local\Programs\cursor\resources\app\bin;C:\Users\nikhi\AppData\Roaming\npm
USERNAME=nikhi
OS=Windows_NT
PROCESSOR_IDENTIFIER=Intel64 Family 6 Model 165 Stepping 2, GenuineIntel
TMP=C:\Users\nikhi\AppData\Local\Temp
TEMP=C:\Users\nikhi\AppData\Local\Temp




Periodic native trim disabled

---------------  S Y S T E M  ---------------

OS:
 Windows 11 , 64 bit Build 26100 (10.0.26100.4484)
OS uptime: 2 days 7:41 hours

CPU: total 8 (initial active 8) (4 cores per cpu, 2 threads per core) family 6 model 165 stepping 2 microcode 0xfc, cx8, cmov, fxsr, ht, mmx, 3dnowpref, sse, sse2, sse3, ssse3, sse4.1, sse4.2, popcnt, lzcnt, tsc, tscinvbit, avx, avx2, aes, erms, clmul, bmi1, bmi2, adx, fma, vzeroupper, clflush, clflushopt, rdtscp, f16c, pku
Processor Information for the first 8 processors :
  Max Mhz: 2496, Current Mhz: 2496, Mhz Limit: 2496

Memory: 4k page, system-wide physical 3889M (41M free)
TotalPageFile size 15665M (AvailPageFile size 3M)
current process WorkingSet (physical memory assigned to process): 215M, peak: 454M
current process commit charge ("private bytes"): 900M, peak: 901M

vm_info: OpenJDK 64-Bit Server VM (21.0.7+6-LTS) for windows-amd64 JRE (21.0.7+6-LTS), built on 2025-04-15T00:00:00Z by "admin" with MS VC++ 17.7 (VS2022)

END.
