#
# There is insufficient memory for the Java Runtime Environment to continue.
# Native memory allocation (malloc) failed to allocate 1551216 bytes. Error detail: Chunk::new
# Possible reasons:
#   The system is out of physical RAM or swap space
#   This process is running with CompressedOops enabled, and the Java Heap may be blocking the growth of the native heap
# Possible solutions:
#   Reduce memory load on the system
#   Increase physical memory or swap space
#   Check if swap backing store is full
#   Decrease Java heap size (-Xmx/-Xms)
#   Decrease number of Java threads
#   Decrease Java thread stack sizes (-Xss)
#   Set larger code cache with -XX:ReservedCodeCacheSize=
#   JVM is running with Unscaled Compressed Oops mode in which the Java heap is
#     placed in the first 4GB address space. The Java Heap base address is the
#     maximum limit for the native heap growth. Please use -XX:HeapBaseMinAddress
#     to set the Java Heap base and to place the Java Heap above 4GB virtual address.
# This output file may be truncated or incomplete.
#
#  Out of Memory Error (arena.cpp:168), pid=229404, tid=228616
#
# JRE version: OpenJDK Runtime Environment Temurin-21.0.7+6 (21.0.7+6) (build 21.0.7+6-LTS)
# Java VM: OpenJDK 64-Bit Server VM Temurin-21.0.7+6 (21.0.7+6-LTS, mixed mode, sharing, tiered, compressed oops, compressed class ptrs, parallel gc, windows-amd64)
# No core dump will be written. Minidumps are not enabled by default on client versions of Windows
#

---------------  S U M M A R Y ------------

Command Line: --add-modules=ALL-SYSTEM --add-opens=java.base/java.util=ALL-UNNAMED --add-opens=java.base/java.lang=ALL-UNNAMED --add-opens=java.base/sun.nio.fs=ALL-UNNAMED -Declipse.application=org.eclipse.jdt.ls.core.id1 -Dosgi.bundles.defaultStartLevel=4 -Declipse.product=org.eclipse.jdt.ls.core.product -Djava.import.generatesMetadataFilesAtProjectRoot=false -DDetectVMInstallationsJob.disabled=true -Dfile.encoding=utf8 -XX:+UseParallelGC -XX:GCTimeRatio=4 -XX:AdaptiveSizePolicyWeight=90 -Dsun.zip.disableMemoryMapping=true -Xmx2G -Xms100m -Xlog:disable -javaagent:c:\Users\nikhi\.vscode\extensions\redhat.java-1.43.1-win32-x64\lombok\lombok-1.18.39-4050.jar -XX:+HeapDumpOnOutOfMemoryError -XX:HeapDumpPath=c:\Users\nikhi\AppData\Roaming\Code\User\workspaceStorage\2c7cbe482d4aa630f73c311e50a62fd4\redhat.java -Daether.dependencyCollector.impl=bf c:\Users\nikhi\.vscode\extensions\redhat.java-1.43.1-win32-x64\server\plugins\org.eclipse.equinox.launcher_1.7.0.v20250519-0528.jar -configuration c:\Users\nikhi\AppData\Roaming\Code\User\globalStorage\redhat.java\1.43.1\config_win -data c:\Users\nikhi\AppData\Roaming\Code\User\workspaceStorage\2c7cbe482d4aa630f73c311e50a62fd4\redhat.java\jdt_ws --pipe=\\.\pipe\lsp-aa2a9f32f4b7ccc1ac3c8e03a740e8c4-sock

Host: Intel(R) Core(TM) i5-10300H CPU @ 2.50GHz, 8 cores, 3G,  Windows 11 , 64 bit Build 26100 (10.0.26100.4484)
Time: Sun Jul 27 17:20:37 2025 India Standard Time elapsed time: 2321.456430 seconds (0d 0h 38m 41s)

---------------  T H R E A D  ---------------

Current thread (0x000002f5abcb7f00):  JavaThread "C2 CompilerThread0" daemon [_thread_in_native, id=228616, stack(0x000000f811300000,0x000000f811400000) (1024K)]


Current CompileTask:
C2:2321457 17734   !   4       java.io.ObjectOutputStream::writeObject0 (620 bytes)

Stack: [0x000000f811300000,0x000000f811400000]
Native frames: (J=compiled Java code, j=interpreted, Vv=VM code, C=native code)
V  [jvm.dll+0x6ce119]
V  [jvm.dll+0x8a84a1]
V  [jvm.dll+0x8aa9ce]
V  [jvm.dll+0x8ab0b3]
V  [jvm.dll+0x27f8a6]
V  [jvm.dll+0xc507d]
V  [jvm.dll+0xc55b3]
V  [jvm.dll+0x3b68f2]
V  [jvm.dll+0x382aa5]
V  [jvm.dll+0x381f0a]
V  [jvm.dll+0x247af0]
V  [jvm.dll+0x2470cf]
V  [jvm.dll+0x1c760e]
V  [jvm.dll+0x25695a]
V  [jvm.dll+0x254efa]
V  [jvm.dll+0x3f03f6]
V  [jvm.dll+0x851f6b]
V  [jvm.dll+0x6cc7dd]
C  [ucrtbase.dll+0x37b0]
C  [KERNEL32.DLL+0x2e8d7]
C  [ntdll.dll+0x3c34c]


---------------  P R O C E S S  ---------------

Threads class SMR info:
_java_thread_list=0x000002f60a9da4d0, length=35, elements={
0x000002f5a9883110, 0x000002f5abca41f0, 0x000002f5abca4fa0, 0x000002f5abca8d80,
0x000002f5abca9c50, 0x000002f5abcac130, 0x000002f5abcaec90, 0x000002f5abcb7f00,
0x000002f609004090, 0x000002f6090dd960, 0x000002f609399f80, 0x000002f609c9c820,
0x000002f609df7260, 0x000002f609959b50, 0x000002f609df43f0, 0x000002f60a0cf080,
0x000002f60a0cf710, 0x000002f60a0d1150, 0x000002f60a0d0ac0, 0x000002f60a0d1e70,
0x000002f60bfb0a00, 0x000002f60bfb1720, 0x000002f60bfae930, 0x000002f60bfb1090,
0x000002f60bfaefc0, 0x000002f60bfb2ad0, 0x000002f60bfb2440, 0x000002f60bfb37f0,
0x000002f60bfb3160, 0x000002f60bfb0370, 0x000002f60bfb5f50, 0x000002f60bfb3e80,
0x000002f60c31fc10, 0x000002f60b3aaed0, 0x000002f60b3a8770
}

Java Threads: ( => current thread )
  0x000002f5a9883110 JavaThread "main"                              [_thread_blocked, id=232676, stack(0x000000f810900000,0x000000f810a00000) (1024K)]
  0x000002f5abca41f0 JavaThread "Reference Handler"          daemon [_thread_blocked, id=230336, stack(0x000000f810d00000,0x000000f810e00000) (1024K)]
  0x000002f5abca4fa0 JavaThread "Finalizer"                  daemon [_thread_blocked, id=229672, stack(0x000000f810e00000,0x000000f810f00000) (1024K)]
  0x000002f5abca8d80 JavaThread "Signal Dispatcher"          daemon [_thread_blocked, id=236356, stack(0x000000f810f00000,0x000000f811000000) (1024K)]
  0x000002f5abca9c50 JavaThread "Attach Listener"            daemon [_thread_blocked, id=210968, stack(0x000000f811000000,0x000000f811100000) (1024K)]
  0x000002f5abcac130 JavaThread "Service Thread"             daemon [_thread_blocked, id=165796, stack(0x000000f811100000,0x000000f811200000) (1024K)]
  0x000002f5abcaec90 JavaThread "Monitor Deflation Thread"   daemon [_thread_blocked, id=200660, stack(0x000000f811200000,0x000000f811300000) (1024K)]
=>0x000002f5abcb7f00 JavaThread "C2 CompilerThread0"         daemon [_thread_in_native, id=228616, stack(0x000000f811300000,0x000000f811400000) (1024K)]
  0x000002f609004090 JavaThread "C1 CompilerThread0"         daemon [_thread_blocked, id=235388, stack(0x000000f811400000,0x000000f811500000) (1024K)]
  0x000002f6090dd960 JavaThread "Common-Cleaner"             daemon [_thread_blocked, id=213484, stack(0x000000f811500000,0x000000f811600000) (1024K)]
  0x000002f609399f80 JavaThread "Notification Thread"        daemon [_thread_blocked, id=236368, stack(0x000000f811700000,0x000000f811800000) (1024K)]
  0x000002f609c9c820 JavaThread "Active Thread: Equinox Container: 68e922a5-4a0a-44b2-9fac-1ffd1dc905e6"        [_thread_blocked, id=234280, stack(0x000000f811e00000,0x000000f811f00000) (1024K)]
  0x000002f609df7260 JavaThread "Refresh Thread: Equinox Container: 68e922a5-4a0a-44b2-9fac-1ffd1dc905e6" daemon [_thread_blocked, id=237244, stack(0x000000f812000000,0x000000f812100000) (1024K)]
  0x000002f609959b50 JavaThread "Framework Event Dispatcher: Equinox Container: 68e922a5-4a0a-44b2-9fac-1ffd1dc905e6" daemon [_thread_blocked, id=235208, stack(0x000000f812100000,0x000000f812200000) (1024K)]
  0x000002f609df43f0 JavaThread "Start Level: Equinox Container: 68e922a5-4a0a-44b2-9fac-1ffd1dc905e6" daemon [_thread_blocked, id=228244, stack(0x000000f812200000,0x000000f812300000) (1024K)]
  0x000002f60a0cf080 JavaThread "Bundle File Closer"         daemon [_thread_blocked, id=217968, stack(0x000000f812300000,0x000000f812400000) (1024K)]
  0x000002f60a0cf710 JavaThread "SCR Component Actor"        daemon [_thread_blocked, id=222736, stack(0x000000f812400000,0x000000f812500000) (1024K)]
  0x000002f60a0d1150 JavaThread "Worker-JM"                         [_thread_blocked, id=208012, stack(0x000000f812600000,0x000000f812700000) (1024K)]
  0x000002f60a0d0ac0 JavaThread "JNA Cleaner"                daemon [_thread_blocked, id=228908, stack(0x000000f812700000,0x000000f812800000) (1024K)]
  0x000002f60a0d1e70 JavaThread "Java indexing"              daemon [_thread_blocked, id=237412, stack(0x000000f811600000,0x000000f811700000) (1024K)]
  0x000002f60bfb0a00 JavaThread "Thread-2"                   daemon [_thread_in_native, id=226908, stack(0x000000f812f00000,0x000000f813000000) (1024K)]
  0x000002f60bfb1720 JavaThread "Thread-3"                   daemon [_thread_in_native, id=236748, stack(0x000000f813000000,0x000000f813100000) (1024K)]
  0x000002f60bfae930 JavaThread "Thread-4"                   daemon [_thread_in_native, id=229136, stack(0x000000f813100000,0x000000f813200000) (1024K)]
  0x000002f60bfb1090 JavaThread "Thread-5"                   daemon [_thread_in_native, id=236492, stack(0x000000f813200000,0x000000f813300000) (1024K)]
  0x000002f60bfaefc0 JavaThread "Thread-6"                   daemon [_thread_in_native, id=202612, stack(0x000000f813300000,0x000000f813400000) (1024K)]
  0x000002f60bfb2ad0 JavaThread "Thread-7"                   daemon [_thread_in_native, id=229640, stack(0x000000f813400000,0x000000f813500000) (1024K)]
  0x000002f60bfb2440 JavaThread "Thread-8"                   daemon [_thread_in_native, id=212932, stack(0x000000f813500000,0x000000f813600000) (1024K)]
  0x000002f60bfb37f0 JavaThread "Thread-9"                   daemon [_thread_in_native, id=176844, stack(0x000000f813600000,0x000000f813700000) (1024K)]
  0x000002f60bfb3160 JavaThread "Thread-10"                  daemon [_thread_in_native, id=222300, stack(0x000000f813700000,0x000000f813800000) (1024K)]
  0x000002f60bfb0370 JavaThread "pool-2-thread-1"                   [_thread_blocked, id=210332, stack(0x000000f813800000,0x000000f813900000) (1024K)]
  0x000002f60bfb5f50 JavaThread "WorkspaceEventsHandler"            [_thread_blocked, id=213568, stack(0x000000f813900000,0x000000f813a00000) (1024K)]
  0x000002f60bfb3e80 JavaThread "pool-1-thread-1"                   [_thread_blocked, id=198976, stack(0x000000f813a00000,0x000000f813b00000) (1024K)]
  0x000002f60c31fc10 JavaThread "Worker-9"                          [_thread_blocked, id=235944, stack(0x000000f812500000,0x000000f812600000) (1024K)]
  0x000002f60b3aaed0 JavaThread "Cleaner-0"                  daemon [_thread_blocked, id=228084, stack(0x000000f813b00000,0x000000f813c00000) (1024K)]
  0x000002f60b3a8770 JavaThread "Worker-10"                         [_thread_blocked, id=240772, stack(0x000000f810600000,0x000000f810700000) (1024K)]
Total: 35

Other Threads:
  0x000002f5abb96ef0 VMThread "VM Thread"                           [id=234276, stack(0x000000f810c00000,0x000000f810d00000) (1024K)]
  0x000002f5aba8ca00 WatcherThread "VM Periodic Task Thread"        [id=235176, stack(0x000000f810b00000,0x000000f810c00000) (1024K)]
  0x000002f5abc3f610 WorkerThread "GC Thread#0"                     [id=212460, stack(0x000000f810a00000,0x000000f810b00000) (1024K)]
  0x000002f6093c87f0 WorkerThread "GC Thread#1"                     [id=237196, stack(0x000000f811800000,0x000000f811900000) (1024K)]
  0x000002f6093d7e40 WorkerThread "GC Thread#2"                     [id=236244, stack(0x000000f811900000,0x000000f811a00000) (1024K)]
  0x000002f6093d81e0 WorkerThread "GC Thread#3"                     [id=236044, stack(0x000000f811a00000,0x000000f811b00000) (1024K)]
  0x000002f609d1a490 WorkerThread "GC Thread#4"                     [id=217064, stack(0x000000f811b00000,0x000000f811c00000) (1024K)]
  0x000002f609d1a830 WorkerThread "GC Thread#5"                     [id=202448, stack(0x000000f811c00000,0x000000f811d00000) (1024K)]
  0x000002f609d1abd0 WorkerThread "GC Thread#6"                     [id=236252, stack(0x000000f811d00000,0x000000f811e00000) (1024K)]
  0x000002f609df0170 WorkerThread "GC Thread#7"                     [id=236980, stack(0x000000f811f00000,0x000000f812000000) (1024K)]
Total: 10

Threads with active compile tasks:
C2 CompilerThread0  2321548 17734   !   4       java.io.ObjectOutputStream::writeObject0 (620 bytes)
Total: 1

VM state: not at safepoint (normal execution)

VM Mutex/Monitor currently owned by a thread: None

Heap address: 0x0000000080000000, size: 2048 MB, Compressed Oops mode: 32-bit

CDS archive(s) mapped at: [0x000002f5c3000000-0x000002f5c3ba0000-0x000002f5c3ba0000), size 12189696, SharedBaseAddress: 0x000002f5c3000000, ArchiveRelocationMode: 1.
Compressed class space mapped at: 0x000002f5c4000000-0x000002f604000000, reserved size: 1073741824
Narrow klass base: 0x000002f5c3000000, Narrow klass shift: 0, Narrow klass range: 0x100000000

GC Precious Log:
 CardTable entry size: 512
 CPUs: 8 total, 8 available
 Memory: 3889M
 Large Page Support: Disabled
 NUMA Support: Disabled
 Compressed Oops: Enabled (32-bit)
 Alignments: Space 512K, Generation 512K, Heap 2M
 Heap Min Capacity: 100M
 Heap Initial Capacity: 100M
 Heap Max Capacity: 2G
 Pre-touch: Disabled
 Parallel Workers: 8

Heap:
 PSYoungGen      total 7680K, used 2798K [0x00000000d5580000, 0x00000000d6100000, 0x0000000100000000)
  eden space 7168K, 34% used [0x00000000d5580000,0x00000000d57ebab8,0x00000000d5c80000)
  from space 512K, 62% used [0x00000000d6080000,0x00000000d60d0020,0x00000000d6100000)
  to   space 512K, 0% used [0x00000000d6000000,0x00000000d6000000,0x00000000d6080000)
 ParOldGen       total 977408K, used 977396K [0x0000000080000000, 0x00000000bba80000, 0x00000000d5580000)
  object space 977408K, 99% used [0x0000000080000000,0x00000000bba7d378,0x00000000bba80000)
 Metaspace       used 77367K, committed 79104K, reserved 1179648K
  class space    used 7826K, committed 8640K, reserved 1048576K

Card table byte_map: [0x000002f5ab5a0000,0x000002f5ab9b0000] _byte_map_base: 0x000002f5ab1a0000

Marking Bits: (ParMarkBitMap*) 0x00007fff0f5931f0
 Begin Bits: [0x000002f5be0a0000, 0x000002f5c00a0000)
 End Bits:   [0x000002f5c00a0000, 0x000002f5c20a0000)

Polling page: 0x000002f5a9a50000

Metaspace:

Usage:
  Non-class:     67.91 MB used.
      Class:      7.64 MB used.
       Both:     75.55 MB used.

Virtual space:
  Non-class space:      128.00 MB reserved,      68.81 MB ( 54%) committed,  2 nodes.
      Class space:        1.00 GB reserved,       8.44 MB ( <1%) committed,  1 nodes.
             Both:        1.12 GB reserved,      77.25 MB (  7%) committed. 

Chunk freelists:
   Non-Class:  11.00 MB
       Class:  7.55 MB
        Both:  18.55 MB

MaxMetaspaceSize: unlimited
CompressedClassSpaceSize: 1.00 GB
Initial GC threshold: 21.00 MB
Current GC threshold: 97.31 MB
CDS: on
 - commit_granule_bytes: 65536.
 - commit_granule_words: 8192.
 - virtual_space_node_default_size: 8388608.
 - enlarge_chunks_in_place: 1.
 - use_allocation_guard: 0.


Internal statistics:

num_allocs_failed_limit: 9.
num_arena_births: 1538.
num_arena_deaths: 14.
num_vsnodes_births: 3.
num_vsnodes_deaths: 0.
num_space_committed: 1236.
num_space_uncommitted: 0.
num_chunks_returned_to_freelist: 23.
num_chunks_taken_from_freelist: 5320.
num_chunk_merges: 13.
num_chunk_splits: 3228.
num_chunks_enlarged: 1821.
num_inconsistent_stats: 0.

CodeHeap 'non-profiled nmethods': size=120000Kb used=12840Kb max_used=12840Kb free=107159Kb
 bounds [0x000002f5b68c0000, 0x000002f5b7550000, 0x000002f5bddf0000]
CodeHeap 'profiled nmethods': size=120000Kb used=39789Kb max_used=39789Kb free=80211Kb
 bounds [0x000002f5aedf0000, 0x000002f5b14d0000, 0x000002f5b6320000]
CodeHeap 'non-nmethods': size=5760Kb used=1490Kb max_used=1567Kb free=4269Kb
 bounds [0x000002f5b6320000, 0x000002f5b6590000, 0x000002f5b68c0000]
 total_blobs=17795 nmethods=16986 adapters=713
 compilation: enabled
              stopped_count=0, restarted_count=0
 full_count=0

Compilation events (20 events):
Event: 2241.878 Thread 0x000002f609004090 nmethod 17732 0x000002f5b7549b10 code [0x000002f5b7549ca0, 0x000002f5b7549d68]
Event: 2319.811 Thread 0x000002f609004090 17733       3       com.sun.org.apache.xml.internal.serializer.ToStream$CharacterBuffer::isAnyCharactersBuffered (18 bytes)
Event: 2319.824 Thread 0x000002f609004090 nmethod 17733 0x000002f5b14c4810 code [0x000002f5b14c49c0, 0x000002f5b14c4be8]
Event: 2319.960 Thread 0x000002f5abcb7f00 17734   !   4       java.io.ObjectOutputStream::writeObject0 (620 bytes)
Event: 2319.984 Thread 0x000002f609004090 17737       3       java.util.HashSet::writeObject (75 bytes)
Event: 2320.002 Thread 0x000002f609004090 nmethod 17737 0x000002f5b14c4c90 code [0x000002f5b14c4f00, 0x000002f5b14c5a10]
Event: 2320.002 Thread 0x000002f609004090 17743       3       java.util.LinkedHashMap::internalWriteEntries (34 bytes)
Event: 2320.004 Thread 0x000002f609004090 nmethod 17743 0x000002f5b14c5e10 code [0x000002f5b14c5fe0, 0x000002f5b14c6220]
Event: 2320.004 Thread 0x000002f609004090 17739       3       java.util.HashMap::writeObject (28 bytes)
Event: 2320.006 Thread 0x000002f609004090 nmethod 17739 0x000002f5b14c6390 code [0x000002f5b14c65a0, 0x000002f5b14c6b88]
Event: 2320.006 Thread 0x000002f609004090 17738       3       java.lang.invoke.LambdaForm$MH/0x000002f5c4754400::invoke (64 bytes)
Event: 2320.019 Thread 0x000002f609004090 nmethod 17738 0x000002f5b14c6e10 code [0x000002f5b14c7100, 0x000002f5b14c8350]
Event: 2320.019 Thread 0x000002f609004090 17740       3       java.io.ObjectOutputStream::writeFloat (9 bytes)
Event: 2320.019 Thread 0x000002f609004090 nmethod 17740 0x000002f5b14c8910 code [0x000002f5b14c8ac0, 0x000002f5b14c8c00]
Event: 2320.019 Thread 0x000002f609004090 17741       3       java.io.ObjectOutputStream$BlockDataOutputStream::writeFloat (46 bytes)
Event: 2320.037 Thread 0x000002f609004090 nmethod 17741 0x000002f5b14c8d10 code [0x000002f5b14c8fe0, 0x000002f5b14c9fe8]
Event: 2320.039 Thread 0x000002f609004090 17744       1       org.eclipse.core.internal.resources.WorkspaceRoot::getType (3 bytes)
Event: 2320.039 Thread 0x000002f609004090 nmethod 17744 0x000002f5b7549e10 code [0x000002f5b7549fa0, 0x000002f5b754a068]
Event: 2320.063 Thread 0x000002f609004090 17745       3       org.eclipse.core.internal.dtree.NoDataDeltaNode::asBackwardDelta (96 bytes)
Event: 2320.125 Thread 0x000002f609004090 nmethod 17745 0x000002f5b14ca590 code [0x000002f5b14ca7c0, 0x000002f5b14cb078]

GC Heap History (20 events):
Event: 373.183 GC heap before
{Heap before GC invocations=1536 (full 3):
 PSYoungGen      total 7680K, used 7456K [0x00000000d5580000, 0x00000000d6180000, 0x0000000100000000)
  eden space 7168K, 100% used [0x00000000d5580000,0x00000000d5c80000,0x00000000d5c80000)
  from space 512K, 56% used [0x00000000d6100000,0x00000000d6148010,0x00000000d6180000)
  to   space 1024K, 0% used [0x00000000d5f80000,0x00000000d5f80000,0x00000000d6080000)
 ParOldGen       total 976896K, used 975604K [0x0000000080000000, 0x00000000bba00000, 0x00000000d5580000)
  object space 976896K, 99% used [0x0000000080000000,0x00000000bb8bd220,0x00000000bba00000)
 Metaspace       used 75422K, committed 77120K, reserved 1179648K
  class space    used 7540K, committed 8256K, reserved 1048576K
}
Event: 373.187 GC heap after
{Heap after GC invocations=1536 (full 3):
 PSYoungGen      total 8192K, used 256K [0x00000000d5580000, 0x00000000d6180000, 0x0000000100000000)
  eden space 7168K, 0% used [0x00000000d5580000,0x00000000d5580000,0x00000000d5c80000)
  from space 1024K, 25% used [0x00000000d5f80000,0x00000000d5fc0000,0x00000000d6080000)
  to   space 512K, 0% used [0x00000000d6100000,0x00000000d6100000,0x00000000d6180000)
 ParOldGen       total 976896K, used 975644K [0x0000000080000000, 0x00000000bba00000, 0x00000000d5580000)
  object space 976896K, 99% used [0x0000000080000000,0x00000000bb8c7220,0x00000000bba00000)
 Metaspace       used 75422K, committed 77120K, reserved 1179648K
  class space    used 7540K, committed 8256K, reserved 1048576K
}
Event: 375.539 GC heap before
{Heap before GC invocations=1537 (full 3):
 PSYoungGen      total 8192K, used 7424K [0x00000000d5580000, 0x00000000d6180000, 0x0000000100000000)
  eden space 7168K, 100% used [0x00000000d5580000,0x00000000d5c80000,0x00000000d5c80000)
  from space 1024K, 25% used [0x00000000d5f80000,0x00000000d5fc0000,0x00000000d6080000)
  to   space 512K, 0% used [0x00000000d6100000,0x00000000d6100000,0x00000000d6180000)
 ParOldGen       total 976896K, used 975644K [0x0000000080000000, 0x00000000bba00000, 0x00000000d5580000)
  object space 976896K, 99% used [0x0000000080000000,0x00000000bb8c7220,0x00000000bba00000)
 Metaspace       used 75445K, committed 77184K, reserved 1179648K
  class space    used 7540K, committed 8256K, reserved 1048576K
}
Event: 375.568 GC heap after
{Heap after GC invocations=1537 (full 3):
 PSYoungGen      total 7680K, used 160K [0x00000000d5580000, 0x00000000d6180000, 0x0000000100000000)
  eden space 7168K, 0% used [0x00000000d5580000,0x00000000d5580000,0x00000000d5c80000)
  from space 512K, 31% used [0x00000000d6100000,0x00000000d6128000,0x00000000d6180000)
  to   space 512K, 0% used [0x00000000d6080000,0x00000000d6080000,0x00000000d6100000)
 ParOldGen       total 976896K, used 975740K [0x0000000080000000, 0x00000000bba00000, 0x00000000d5580000)
  object space 976896K, 99% used [0x0000000080000000,0x00000000bb8df220,0x00000000bba00000)
 Metaspace       used 75445K, committed 77184K, reserved 1179648K
  class space    used 7540K, committed 8256K, reserved 1048576K
}
Event: 377.704 GC heap before
{Heap before GC invocations=1538 (full 3):
 PSYoungGen      total 7680K, used 7328K [0x00000000d5580000, 0x00000000d6180000, 0x0000000100000000)
  eden space 7168K, 100% used [0x00000000d5580000,0x00000000d5c80000,0x00000000d5c80000)
  from space 512K, 31% used [0x00000000d6100000,0x00000000d6128000,0x00000000d6180000)
  to   space 512K, 0% used [0x00000000d6080000,0x00000000d6080000,0x00000000d6100000)
 ParOldGen       total 976896K, used 975740K [0x0000000080000000, 0x00000000bba00000, 0x00000000d5580000)
  object space 976896K, 99% used [0x0000000080000000,0x00000000bb8df220,0x00000000bba00000)
 Metaspace       used 75962K, committed 77696K, reserved 1179648K
  class space    used 7636K, committed 8384K, reserved 1048576K
}
Event: 377.716 GC heap after
{Heap after GC invocations=1538 (full 3):
 PSYoungGen      total 7680K, used 500K [0x00000000d5580000, 0x00000000d6180000, 0x0000000100000000)
  eden space 7168K, 0% used [0x00000000d5580000,0x00000000d5580000,0x00000000d5c80000)
  from space 512K, 97% used [0x00000000d6080000,0x00000000d60fd200,0x00000000d6100000)
  to   space 512K, 0% used [0x00000000d6100000,0x00000000d6100000,0x00000000d6180000)
 ParOldGen       total 976896K, used 975756K [0x0000000080000000, 0x00000000bba00000, 0x00000000d5580000)
  object space 976896K, 99% used [0x0000000080000000,0x00000000bb8e3220,0x00000000bba00000)
 Metaspace       used 75962K, committed 77696K, reserved 1179648K
  class space    used 7636K, committed 8384K, reserved 1048576K
}
Event: 377.929 GC heap before
{Heap before GC invocations=1539 (full 3):
 PSYoungGen      total 7680K, used 7668K [0x00000000d5580000, 0x00000000d6180000, 0x0000000100000000)
  eden space 7168K, 100% used [0x00000000d5580000,0x00000000d5c80000,0x00000000d5c80000)
  from space 512K, 97% used [0x00000000d6080000,0x00000000d60fd200,0x00000000d6100000)
  to   space 512K, 0% used [0x00000000d6100000,0x00000000d6100000,0x00000000d6180000)
 ParOldGen       total 976896K, used 975756K [0x0000000080000000, 0x00000000bba00000, 0x00000000d5580000)
  object space 976896K, 99% used [0x0000000080000000,0x00000000bb8e3220,0x00000000bba00000)
 Metaspace       used 76240K, committed 78016K, reserved 1179648K
  class space    used 7680K, committed 8448K, reserved 1048576K
}
Event: 377.935 GC heap after
{Heap after GC invocations=1539 (full 3):
 PSYoungGen      total 7680K, used 288K [0x00000000d5580000, 0x00000000d6180000, 0x0000000100000000)
  eden space 7168K, 0% used [0x00000000d5580000,0x00000000d5580000,0x00000000d5c80000)
  from space 512K, 56% used [0x00000000d6100000,0x00000000d6148000,0x00000000d6180000)
  to   space 512K, 0% used [0x00000000d6080000,0x00000000d6080000,0x00000000d6100000)
 ParOldGen       total 976896K, used 975842K [0x0000000080000000, 0x00000000bba00000, 0x00000000d5580000)
  object space 976896K, 99% used [0x0000000080000000,0x00000000bb8f8b28,0x00000000bba00000)
 Metaspace       used 76240K, committed 78016K, reserved 1179648K
  class space    used 7680K, committed 8448K, reserved 1048576K
}
Event: 377.983 GC heap before
{Heap before GC invocations=1540 (full 3):
 PSYoungGen      total 7680K, used 1100K [0x00000000d5580000, 0x00000000d6180000, 0x0000000100000000)
  eden space 7168K, 11% used [0x00000000d5580000,0x00000000d564b248,0x00000000d5c80000)
  from space 512K, 56% used [0x00000000d6100000,0x00000000d6148000,0x00000000d6180000)
  to   space 512K, 0% used [0x00000000d6080000,0x00000000d6080000,0x00000000d6100000)
 ParOldGen       total 976896K, used 975842K [0x0000000080000000, 0x00000000bba00000, 0x00000000d5580000)
  object space 976896K, 99% used [0x0000000080000000,0x00000000bb8f8b28,0x00000000bba00000)
 Metaspace       used 76351K, committed 78144K, reserved 1179648K
  class space    used 7687K, committed 8448K, reserved 1048576K
}
Event: 377.990 GC heap after
{Heap after GC invocations=1540 (full 3):
 PSYoungGen      total 7680K, used 228K [0x00000000d5580000, 0x00000000d6180000, 0x0000000100000000)
  eden space 7168K, 0% used [0x00000000d5580000,0x00000000d5580000,0x00000000d5c80000)
  from space 512K, 44% used [0x00000000d6080000,0x00000000d60b9328,0x00000000d6100000)
  to   space 512K, 0% used [0x00000000d6100000,0x00000000d6100000,0x00000000d6180000)
 ParOldGen       total 976896K, used 975948K [0x0000000080000000, 0x00000000bba00000, 0x00000000d5580000)
  object space 976896K, 99% used [0x0000000080000000,0x00000000bb913248,0x00000000bba00000)
 Metaspace       used 76351K, committed 78144K, reserved 1179648K
  class space    used 7687K, committed 8448K, reserved 1048576K
}
Event: 378.638 GC heap before
{Heap before GC invocations=1541 (full 3):
 PSYoungGen      total 7680K, used 7396K [0x00000000d5580000, 0x00000000d6180000, 0x0000000100000000)
  eden space 7168K, 100% used [0x00000000d5580000,0x00000000d5c80000,0x00000000d5c80000)
  from space 512K, 44% used [0x00000000d6080000,0x00000000d60b9328,0x00000000d6100000)
  to   space 512K, 0% used [0x00000000d6100000,0x00000000d6100000,0x00000000d6180000)
 ParOldGen       total 976896K, used 975948K [0x0000000080000000, 0x00000000bba00000, 0x00000000d5580000)
  object space 976896K, 99% used [0x0000000080000000,0x00000000bb913248,0x00000000bba00000)
 Metaspace       used 77051K, committed 78848K, reserved 1179648K
  class space    used 7804K, committed 8576K, reserved 1048576K
}
Event: 378.651 GC heap after
{Heap after GC invocations=1541 (full 3):
 PSYoungGen      total 7680K, used 506K [0x00000000d5580000, 0x00000000d6180000, 0x0000000100000000)
  eden space 7168K, 0% used [0x00000000d5580000,0x00000000d5580000,0x00000000d5c80000)
  from space 512K, 98% used [0x00000000d6100000,0x00000000d617e900,0x00000000d6180000)
  to   space 1024K, 0% used [0x00000000d5f80000,0x00000000d5f80000,0x00000000d6080000)
 ParOldGen       total 976896K, used 976150K [0x0000000080000000, 0x00000000bba00000, 0x00000000d5580000)
  object space 976896K, 99% used [0x0000000080000000,0x00000000bb945b58,0x00000000bba00000)
 Metaspace       used 77051K, committed 78848K, reserved 1179648K
  class space    used 7804K, committed 8576K, reserved 1048576K
}
Event: 378.810 GC heap before
{Heap before GC invocations=1542 (full 3):
 PSYoungGen      total 7680K, used 7674K [0x00000000d5580000, 0x00000000d6180000, 0x0000000100000000)
  eden space 7168K, 100% used [0x00000000d5580000,0x00000000d5c80000,0x00000000d5c80000)
  from space 512K, 98% used [0x00000000d6100000,0x00000000d617e900,0x00000000d6180000)
  to   space 1024K, 0% used [0x00000000d5f80000,0x00000000d5f80000,0x00000000d6080000)
 ParOldGen       total 976896K, used 976150K [0x0000000080000000, 0x00000000bba00000, 0x00000000d5580000)
  object space 976896K, 99% used [0x0000000080000000,0x00000000bb945b58,0x00000000bba00000)
 Metaspace       used 77111K, committed 78912K, reserved 1179648K
  class space    used 7804K, committed 8576K, reserved 1048576K
}
Event: 378.816 GC heap after
{Heap after GC invocations=1542 (full 3):
 PSYoungGen      total 8192K, used 1012K [0x00000000d5580000, 0x00000000d6180000, 0x0000000100000000)
  eden space 7168K, 0% used [0x00000000d5580000,0x00000000d5580000,0x00000000d5c80000)
  from space 1024K, 98% used [0x00000000d5f80000,0x00000000d607d200,0x00000000d6080000)
  to   space 1024K, 0% used [0x00000000d6080000,0x00000000d6080000,0x00000000d6180000)
 ParOldGen       total 976896K, used 976610K [0x0000000080000000, 0x00000000bba00000, 0x00000000d5580000)
  object space 976896K, 99% used [0x0000000080000000,0x00000000bb9b8bc8,0x00000000bba00000)
 Metaspace       used 77111K, committed 78912K, reserved 1179648K
  class space    used 7804K, committed 8576K, reserved 1048576K
}
Event: 379.041 GC heap before
{Heap before GC invocations=1543 (full 3):
 PSYoungGen      total 8192K, used 8180K [0x00000000d5580000, 0x00000000d6180000, 0x0000000100000000)
  eden space 7168K, 100% used [0x00000000d5580000,0x00000000d5c80000,0x00000000d5c80000)
  from space 1024K, 98% used [0x00000000d5f80000,0x00000000d607d200,0x00000000d6080000)
  to   space 1024K, 0% used [0x00000000d6080000,0x00000000d6080000,0x00000000d6180000)
 ParOldGen       total 976896K, used 976610K [0x0000000080000000, 0x00000000bba00000, 0x00000000d5580000)
  object space 976896K, 99% used [0x0000000080000000,0x00000000bb9b8bc8,0x00000000bba00000)
 Metaspace       used 77231K, committed 79040K, reserved 1179648K
  class space    used 7821K, committed 8640K, reserved 1048576K
}
Event: 379.046 GC heap after
{Heap after GC invocations=1543 (full 3):
 PSYoungGen      total 7680K, used 256K [0x00000000d5580000, 0x00000000d6100000, 0x0000000100000000)
  eden space 7168K, 0% used [0x00000000d5580000,0x00000000d5580000,0x00000000d5c80000)
  from space 512K, 50% used [0x00000000d6080000,0x00000000d60c0000,0x00000000d6100000)
  to   space 1024K, 0% used [0x00000000d5f00000,0x00000000d5f00000,0x00000000d6000000)
 ParOldGen       total 977408K, used 977204K [0x0000000080000000, 0x00000000bba80000, 0x00000000d5580000)
  object space 977408K, 99% used [0x0000000080000000,0x00000000bba4d378,0x00000000bba80000)
 Metaspace       used 77231K, committed 79040K, reserved 1179648K
  class space    used 7821K, committed 8640K, reserved 1048576K
}
Event: 612.860 GC heap before
{Heap before GC invocations=1544 (full 3):
 PSYoungGen      total 7680K, used 7424K [0x00000000d5580000, 0x00000000d6100000, 0x0000000100000000)
  eden space 7168K, 100% used [0x00000000d5580000,0x00000000d5c80000,0x00000000d5c80000)
  from space 512K, 50% used [0x00000000d6080000,0x00000000d60c0000,0x00000000d6100000)
  to   space 1024K, 0% used [0x00000000d5f00000,0x00000000d5f00000,0x00000000d6000000)
 ParOldGen       total 977408K, used 977204K [0x0000000080000000, 0x00000000bba80000, 0x00000000d5580000)
  object space 977408K, 99% used [0x0000000080000000,0x00000000bba4d378,0x00000000bba80000)
 Metaspace       used 77283K, committed 79104K, reserved 1179648K
  class space    used 7823K, committed 8640K, reserved 1048576K
}
Event: 613.246 GC heap after
{Heap after GC invocations=1544 (full 3):
 PSYoungGen      total 8192K, used 400K [0x00000000d5580000, 0x00000000d6100000, 0x0000000100000000)
  eden space 7168K, 0% used [0x00000000d5580000,0x00000000d5580000,0x00000000d5c80000)
  from space 1024K, 39% used [0x00000000d5f00000,0x00000000d5f64010,0x00000000d6000000)
  to   space 512K, 0% used [0x00000000d6080000,0x00000000d6080000,0x00000000d6100000)
 ParOldGen       total 977408K, used 977324K [0x0000000080000000, 0x00000000bba80000, 0x00000000d5580000)
  object space 977408K, 99% used [0x0000000080000000,0x00000000bba6b378,0x00000000bba80000)
 Metaspace       used 77283K, committed 79104K, reserved 1179648K
  class space    used 7823K, committed 8640K, reserved 1048576K
}
Event: 2035.063 GC heap before
{Heap before GC invocations=1545 (full 3):
 PSYoungGen      total 8192K, used 7568K [0x00000000d5580000, 0x00000000d6100000, 0x0000000100000000)
  eden space 7168K, 100% used [0x00000000d5580000,0x00000000d5c80000,0x00000000d5c80000)
  from space 1024K, 39% used [0x00000000d5f00000,0x00000000d5f64010,0x00000000d6000000)
  to   space 512K, 0% used [0x00000000d6080000,0x00000000d6080000,0x00000000d6100000)
 ParOldGen       total 977408K, used 977324K [0x0000000080000000, 0x00000000bba80000, 0x00000000d5580000)
  object space 977408K, 99% used [0x0000000080000000,0x00000000bba6b378,0x00000000bba80000)
 Metaspace       used 77357K, committed 79104K, reserved 1179648K
  class space    used 7826K, committed 8640K, reserved 1048576K
}
Event: 2035.385 GC heap after
{Heap after GC invocations=1545 (full 3):
 PSYoungGen      total 7680K, used 320K [0x00000000d5580000, 0x00000000d6100000, 0x0000000100000000)
  eden space 7168K, 0% used [0x00000000d5580000,0x00000000d5580000,0x00000000d5c80000)
  from space 512K, 62% used [0x00000000d6080000,0x00000000d60d0020,0x00000000d6100000)
  to   space 512K, 0% used [0x00000000d6000000,0x00000000d6000000,0x00000000d6080000)
 ParOldGen       total 977408K, used 977396K [0x0000000080000000, 0x00000000bba80000, 0x00000000d5580000)
  object space 977408K, 99% used [0x0000000080000000,0x00000000bba7d378,0x00000000bba80000)
 Metaspace       used 77357K, committed 79104K, reserved 1179648K
  class space    used 7826K, committed 8640K, reserved 1048576K
}

Dll operation events (10 events):
Event: 0.012 Loaded shared library c:\Users\nikhi\.vscode\extensions\redhat.java-1.43.1-win32-x64\jre\21.0.7-win32-x86_64\bin\java.dll
Event: 0.083 Loaded shared library c:\Users\nikhi\.vscode\extensions\redhat.java-1.43.1-win32-x64\jre\21.0.7-win32-x86_64\bin\zip.dll
Event: 0.109 Loaded shared library C:\Users\nikhi\.vscode\extensions\redhat.java-1.43.1-win32-x64\jre\21.0.7-win32-x86_64\bin\instrument.dll
Event: 0.115 Loaded shared library C:\Users\nikhi\.vscode\extensions\redhat.java-1.43.1-win32-x64\jre\21.0.7-win32-x86_64\bin\net.dll
Event: 0.118 Loaded shared library C:\Users\nikhi\.vscode\extensions\redhat.java-1.43.1-win32-x64\jre\21.0.7-win32-x86_64\bin\nio.dll
Event: 0.121 Loaded shared library C:\Users\nikhi\.vscode\extensions\redhat.java-1.43.1-win32-x64\jre\21.0.7-win32-x86_64\bin\zip.dll
Event: 0.139 Loaded shared library C:\Users\nikhi\.vscode\extensions\redhat.java-1.43.1-win32-x64\jre\21.0.7-win32-x86_64\bin\jimage.dll
Event: 0.204 Loaded shared library c:\Users\nikhi\.vscode\extensions\redhat.java-1.43.1-win32-x64\jre\21.0.7-win32-x86_64\bin\verify.dll
Event: 1.338 Loaded shared library C:\Users\nikhi\AppData\Roaming\Code\User\globalStorage\redhat.java\1.43.1\config_win\org.eclipse.equinox.launcher\org.eclipse.equinox.launcher.win32.win32.x86_64_1.2.1300.v20250331-1702\eclipse_11911.dll
Event: 2.880 Loaded shared library C:\Users\nikhi\AppData\Local\Temp\jna-104821521\jna4694147391609661671.dll

Deoptimization events (20 events):
Event: 495.114 Thread 0x000002f60c31f580 DEOPT PACKING pc=0x000002f5b751a694 sp=0x000000f8156fed10
Event: 495.116 Thread 0x000002f60c31f580 DEOPT UNPACKING pc=0x000002f5b6373aa2 sp=0x000000f8156fec88 mode 2
Event: 495.119 Thread 0x000002f60c31f580 Uncommon trap: trap_request=0xffffff45 fr.pc=0x000002f5b745f35c relative=0x000000000000065c
Event: 495.119 Thread 0x000002f60c31f580 Uncommon trap: reason=unstable_if action=reinterpret pc=0x000002f5b745f35c method=org.eclipse.jdt.core.dom.ASTNode$NodeList.newCursor()Lorg/eclipse/jdt/core/dom/ASTNode$NodeList$Cursor; @ 8 c2
Event: 495.119 Thread 0x000002f60c31f580 DEOPT PACKING pc=0x000002f5b745f35c sp=0x000000f8156feb40
Event: 495.120 Thread 0x000002f60c31f580 DEOPT UNPACKING pc=0x000002f5b6373aa2 sp=0x000000f8156feb10 mode 2
Event: 495.192 Thread 0x000002f60c31f580 Uncommon trap: trap_request=0xffffff45 fr.pc=0x000002f5b745e760 relative=0x0000000000000520
Event: 495.218 Thread 0x000002f60c31f580 Uncommon trap: reason=unstable_if action=reinterpret pc=0x000002f5b745e760 method=org.eclipse.jdt.core.dom.ASTNode$NodeList.releaseCursor(Lorg/eclipse/jdt/core/dom/ASTNode$NodeList$Cursor;)V @ 24 c2
Event: 495.218 Thread 0x000002f60c31f580 DEOPT PACKING pc=0x000002f5b745e760 sp=0x000000f8156fe790
Event: 495.218 Thread 0x000002f60c31f580 DEOPT UNPACKING pc=0x000002f5b6373aa2 sp=0x000000f8156fe768 mode 2
Event: 495.303 Thread 0x000002f60c31e1d0 Uncommon trap: trap_request=0xffffff45 fr.pc=0x000002f5b751a6bc relative=0x0000000000001afc
Event: 495.303 Thread 0x000002f60c31e1d0 Uncommon trap: reason=unstable_if action=reinterpret pc=0x000002f5b751a6bc method=org.eclipse.jdt.core.dom.ASTNode$NodeList.releaseCursor(Lorg/eclipse/jdt/core/dom/ASTNode$NodeList$Cursor;)V @ 24 c2
Event: 495.303 Thread 0x000002f60c31e1d0 DEOPT PACKING pc=0x000002f5b751a6bc sp=0x000000f812efe870
Event: 495.304 Thread 0x000002f60c31e1d0 DEOPT UNPACKING pc=0x000002f5b6373aa2 sp=0x000000f812efe7d0 mode 2
Event: 495.413 Thread 0x000002f60c31e1d0 Uncommon trap: trap_request=0xffffff45 fr.pc=0x000002f5b751a6bc relative=0x0000000000001afc
Event: 495.413 Thread 0x000002f60c31e1d0 Uncommon trap: reason=unstable_if action=reinterpret pc=0x000002f5b751a6bc method=org.eclipse.jdt.core.dom.ASTNode$NodeList.releaseCursor(Lorg/eclipse/jdt/core/dom/ASTNode$NodeList$Cursor;)V @ 24 c2
Event: 495.413 Thread 0x000002f60c31e1d0 DEOPT PACKING pc=0x000002f5b751a6bc sp=0x000000f812efeb60
Event: 495.413 Thread 0x000002f60c31e1d0 DEOPT UNPACKING pc=0x000002f5b6373aa2 sp=0x000000f812efead8 mode 2
Event: 2021.188 Thread 0x000002f60b3a9b20 DEOPT PACKING pc=0x000002f5b13562fd sp=0x000000f8108fd670
Event: 2021.192 Thread 0x000002f60b3a9b20 DEOPT UNPACKING pc=0x000002f5b6374242 sp=0x000000f8108fcb50 mode 0

Classes loaded (20 events):
Event: 328.518 Loading class com/sun/crypto/provider/Padding done
Event: 328.518 Loading class com/sun/crypto/provider/PKCS5Padding done
Event: 328.518 Loading class com/sun/crypto/provider/CipherBlockChaining
Event: 328.518 Loading class com/sun/crypto/provider/CipherBlockChaining done
Event: 328.526 Loading class javax/crypto/NullCipher
Event: 328.526 Loading class javax/crypto/NullCipher done
Event: 328.527 Loading class sun/security/util/ArrayUtil
Event: 328.532 Loading class sun/security/util/ArrayUtil done
Event: 328.617 Loading class java/util/zip/CheckedInputStream
Event: 328.620 Loading class java/util/zip/CheckedInputStream done
Event: 328.729 Loading class java/util/zip/GZIPInputStream$1
Event: 328.729 Loading class java/util/zip/GZIPInputStream$1 done
Event: 362.986 Loading class jdk/internal/ref/CleanerImpl$InnocuousThreadFactory
Event: 362.989 Loading class jdk/internal/ref/CleanerImpl$InnocuousThreadFactory done
Event: 371.268 Loading class jdk/internal/module/IllegalAccessLogger
Event: 371.268 Loading class jdk/internal/module/IllegalAccessLogger done
Event: 371.998 Loading class java/nio/BufferMismatch
Event: 371.999 Loading class java/nio/BufferMismatch done
Event: 2021.379 Loading class java/util/ArrayDeque$DeqSpliterator
Event: 2021.414 Loading class java/util/ArrayDeque$DeqSpliterator done

Classes unloaded (7 events):
Event: 3.688 Thread 0x000002f5abb96ef0 Unloading class 0x000002f5c41a0800 'java/lang/invoke/LambdaForm$MH+0x000002f5c41a0800'
Event: 3.688 Thread 0x000002f5abb96ef0 Unloading class 0x000002f5c41a0400 'java/lang/invoke/LambdaForm$MH+0x000002f5c41a0400'
Event: 3.688 Thread 0x000002f5abb96ef0 Unloading class 0x000002f5c41a0000 'java/lang/invoke/LambdaForm$MH+0x000002f5c41a0000'
Event: 3.688 Thread 0x000002f5abb96ef0 Unloading class 0x000002f5c419fc00 'java/lang/invoke/LambdaForm$MH+0x000002f5c419fc00'
Event: 3.688 Thread 0x000002f5abb96ef0 Unloading class 0x000002f5c419f800 'java/lang/invoke/LambdaForm$BMH+0x000002f5c419f800'
Event: 3.688 Thread 0x000002f5abb96ef0 Unloading class 0x000002f5c419f400 'java/lang/invoke/LambdaForm$DMH+0x000002f5c419f400'
Event: 3.688 Thread 0x000002f5abb96ef0 Unloading class 0x000002f5c419e000 'java/lang/invoke/LambdaForm$DMH+0x000002f5c419e000'

Classes redefined (0 events):
No events

Internal exceptions (20 events):
Event: 328.443 Thread 0x000002f60c3202a0 Exception <a 'sun/nio/fs/WindowsException'{0x00000000d598e780}> (0x00000000d598e780) 
thrown [s\src\hotspot\share\prims\jni.cpp, line 520]
Event: 328.452 Thread 0x000002f60c31b3e0 Exception <a 'java/lang/NoSuchMethodError'{0x00000000d59c9650}: 'int java.lang.invoke.Invokers$Holder.invokeExact_MT(java.lang.Object, java.lang.Object)'> (0x00000000d59c9650) 
thrown [s\src\hotspot\share\interpreter\linkResolver.cpp, line 773]
Event: 328.812 Thread 0x000002f60c31a030 Implicit null exception at 0x000002f5b6e523e0 to 0x000002f5b6e52439
Event: 335.513 Thread 0x000002f60c31b3e0 Exception <a 'java/lang/ArrayIndexOutOfBoundsException'{0x00000000d5b62be8}> (0x00000000d5b62be8) 
thrown [s\src\hotspot\share\runtime\sharedRuntime.cpp, line 625]
Event: 351.260 Thread 0x000002f60bfb3e80 Exception <a 'java/lang/IncompatibleClassChangeError'{0x00000000d56cc240}: Found class java.lang.Object, but interface was expected> (0x00000000d56cc240) 
thrown [s\src\hotspot\share\interpreter\linkResolver.cpp, line 840]
Event: 364.190 Thread 0x000002f60c31b3e0 Implicit null exception at 0x000002f5b72a318f to 0x000002f5b72a52e8
Event: 364.193 Thread 0x000002f60c31b3e0 Implicit null exception at 0x000002f5b72a78c4 to 0x000002f5b72a96e0
Event: 364.218 Thread 0x000002f60c31b3e0 Implicit null exception at 0x000002f5b6ed6161 to 0x000002f5b6ed809c
Event: 364.694 Thread 0x000002f60c31b3e0 Exception <a 'sun/nio/fs/WindowsException'{0x00000000d5778078}> (0x00000000d5778078) 
thrown [s\src\hotspot\share\prims\jni.cpp, line 520]
Event: 365.012 Thread 0x000002f60c31eef0 Exception <a 'java/lang/ArrayIndexOutOfBoundsException'{0x00000000d5863888}: Index 3994 out of bounds for length 3993> (0x00000000d5863888) 
thrown [s\src\hotspot\share\interpreter\interpreterRuntime.cpp, line 439]
Event: 366.499 Thread 0x000002f60bfb3e80 Exception <a 'java/lang/NoSuchMethodError'{0x00000000d56d65d8}: 'java.lang.Object java.lang.invoke.DirectMethodHandle$Holder.invokeStatic(java.lang.Object, int, int, java.lang.Object)'> (0x00000000d56d65d8) 
thrown [s\src\hotspot\share\interpreter\linkResolver.cpp, line 773]
Event: 370.438 Thread 0x000002f60bfb3e80 Exception <a 'java/lang/IncompatibleClassChangeError'{0x00000000d58e4648}: Found class java.lang.Object, but interface was expected> (0x00000000d58e4648) 
thrown [s\src\hotspot\share\interpreter\linkResolver.cpp, line 840]
Event: 370.439 Thread 0x000002f60bfb3e80 Exception <a 'java/lang/IncompatibleClassChangeError'{0x00000000d58e8480}: Found class java.lang.Object, but interface was expected> (0x00000000d58e8480) 
thrown [s\src\hotspot\share\interpreter\linkResolver.cpp, line 840]
Event: 370.748 Thread 0x000002f60a0d1e70 Implicit null exception at 0x000002f5b72537a3 to 0x000002f5b7253c5c
Event: 372.255 Thread 0x000002f60c318c80 Exception <a 'java/lang/NoSuchMethodError'{0x00000000d5c41b88}: 'java.lang.Object java.lang.invoke.DirectMethodHandle$Holder.invokeStatic(java.lang.Object, int, java.lang.Object)'> (0x00000000d5c41b88) 
thrown [s\src\hotspot\share\interpreter\linkResolver.cpp, line 773]
Event: 378.073 Thread 0x000002f60c318c80 Exception <a 'java/lang/NoSuchMethodError'{0x00000000d56057d8}: 'void java.lang.invoke.DirectMethodHandle$Holder.invokeSpecial(java.lang.Object, java.lang.Object, int)'> (0x00000000d56057d8) 
thrown [s\src\hotspot\share\interpreter\linkResolver.cpp, line 773]
Event: 378.582 Thread 0x000002f60c318c80 Exception <a 'java/lang/NoSuchMethodError'{0x00000000d595a698}: 'int java.lang.invoke.DirectMethodHandle$Holder.invokeVirtual(java.lang.Object, java.lang.Object, java.lang.Object, int)'> (0x00000000d595a698) 
thrown [s\src\hotspot\share\interpreter\linkResolver.cpp, line 773]
Event: 378.583 Thread 0x000002f60c318c80 Implicit null exception at 0x000002f5b718a380 to 0x000002f5b718ec34
Event: 378.904 Thread 0x000002f60c318c80 Implicit null exception at 0x000002f5b112f644 to 0x000002f5b112fdb4
Event: 378.904 Thread 0x000002f60c318c80 Exception <a 'java/lang/NullPointerException'{0x00000000d5ac6a90}> (0x00000000d5ac6a90) 
thrown [s\src\hotspot\share\runtime\sharedRuntime.cpp, line 625]

ZGC Phase Switch (0 events):
No events

VM Operations (20 events):
Event: 2021.990 Executing VM operation: Cleanup
Event: 2021.991 Executing VM operation: Cleanup done
Event: 2035.051 Executing VM operation: Cleanup
Event: 2035.053 Executing VM operation: Cleanup done
Event: 2035.062 Executing VM operation: ParallelGCFailedAllocation (Allocation Failure)
Event: 2035.385 Executing VM operation: ParallelGCFailedAllocation (Allocation Failure) done
Event: 2036.392 Executing VM operation: Cleanup
Event: 2036.392 Executing VM operation: Cleanup done
Event: 2070.169 Executing VM operation: HandshakeAllThreads (HandshakeForDeflation)
Event: 2070.175 Executing VM operation: HandshakeAllThreads (HandshakeForDeflation) done
Event: 2070.175 Executing VM operation: RendezvousGCThreads
Event: 2070.175 Executing VM operation: RendezvousGCThreads done
Event: 2130.409 Executing VM operation: HandshakeAllThreads (HandshakeForDeflation)
Event: 2130.414 Executing VM operation: HandshakeAllThreads (HandshakeForDeflation) done
Event: 2130.414 Executing VM operation: RendezvousGCThreads
Event: 2130.414 Executing VM operation: RendezvousGCThreads done
Event: 2320.066 Executing VM operation: Cleanup
Event: 2320.080 Executing VM operation: Cleanup done
Event: 2321.090 Executing VM operation: Cleanup
Event: 2321.090 Executing VM operation: Cleanup done

Memory protections (0 events):
No events

Nmethod flushes (20 events):
Event: 12.053 Thread 0x000002f5abb96ef0 flushing  nmethod 0x000002f5af607190
Event: 12.053 Thread 0x000002f5abb96ef0 flushing  nmethod 0x000002f5af607a10
Event: 12.053 Thread 0x000002f5abb96ef0 flushing  nmethod 0x000002f5af607e10
Event: 12.053 Thread 0x000002f5abb96ef0 flushing  nmethod 0x000002f5af608890
Event: 12.053 Thread 0x000002f5abb96ef0 flushing  nmethod 0x000002f5af621a90
Event: 12.053 Thread 0x000002f5abb96ef0 flushing  nmethod 0x000002f5af627510
Event: 12.053 Thread 0x000002f5abb96ef0 flushing  nmethod 0x000002f5af64fb10
Event: 12.053 Thread 0x000002f5abb96ef0 flushing osr nmethod 0x000002f5af691190
Event: 12.053 Thread 0x000002f5abb96ef0 flushing  nmethod 0x000002f5af6b5010
Event: 12.053 Thread 0x000002f5abb96ef0 flushing  nmethod 0x000002f5af6ba290
Event: 12.053 Thread 0x000002f5abb96ef0 flushing  nmethod 0x000002f5af6c4590
Event: 12.053 Thread 0x000002f5abb96ef0 flushing  nmethod 0x000002f5af6d1710
Event: 12.053 Thread 0x000002f5abb96ef0 flushing  nmethod 0x000002f5af6dff10
Event: 12.053 Thread 0x000002f5abb96ef0 flushing  nmethod 0x000002f5af6e1810
Event: 12.053 Thread 0x000002f5abb96ef0 flushing  nmethod 0x000002f5af6e1f10
Event: 12.053 Thread 0x000002f5abb96ef0 flushing  nmethod 0x000002f5af6e2510
Event: 12.053 Thread 0x000002f5abb96ef0 flushing  nmethod 0x000002f5af6f9b90
Event: 12.053 Thread 0x000002f5abb96ef0 flushing  nmethod 0x000002f5af750b10
Event: 12.053 Thread 0x000002f5abb96ef0 flushing  nmethod 0x000002f5af751a90
Event: 12.053 Thread 0x000002f5abb96ef0 flushing  nmethod 0x000002f5af752c90

Events (20 events):
Event: 611.845 Thread 0x000002f60c31e860 Thread exited: 0x000002f60c31e860
Event: 613.945 Thread 0x000002f60c31c790 Thread exited: 0x000002f60c31c790
Event: 619.844 Thread 0x000002f60c31f580 Thread exited: 0x000002f60c31f580
Event: 671.085 Thread 0x000002f60b3a80e0 Thread exited: 0x000002f60b3a80e0
Event: 679.867 Thread 0x000002f60c31a030 Thread exited: 0x000002f60c31a030
Event: 739.892 Thread 0x000002f60c31a6c0 Thread exited: 0x000002f60c31a6c0
Event: 799.912 Thread 0x000002f60c31b3e0 Thread exited: 0x000002f60c31b3e0
Event: 859.901 Thread 0x000002f60c31eef0 Thread exited: 0x000002f60c31eef0
Event: 2002.281 Thread 0x000002f60c31d4b0 Thread added: 0x000002f60b3a8770
Event: 2002.287 Thread 0x000002f60b3a8770 Thread added: 0x000002f60b3a9b20
Event: 2002.527 Thread 0x000002f60bfb3e80 Thread added: 0x000002f60b3a8e00
Event: 2019.402 Thread 0x000002f60b3a9b20 Thread added: 0x000002f60b3aa840
Event: 2021.487 Thread 0x000002f60c31fc10 Thread added: 0x000002f60b3ab560
Event: 2062.646 Thread 0x000002f60b3a8e00 Thread exited: 0x000002f60b3a8e00
Event: 2094.814 Thread 0x000002f60b3aa840 Thread exited: 0x000002f60b3aa840
Event: 2094.815 Thread 0x000002f60b3ab560 Thread exited: 0x000002f60b3ab560
Event: 2094.829 Thread 0x000002f60c31d4b0 Thread exited: 0x000002f60c31d4b0
Event: 2095.020 Thread 0x000002f60b3a9b20 Thread exited: 0x000002f60b3a9b20
Event: 2319.863 Thread 0x000002f60c31fc10 Thread added: 0x000002f60b3a8e00
Event: 2319.903 Thread 0x000002f60b3a8e00 Thread exited: 0x000002f60b3a8e00


Dynamic libraries:
0x00007ff7072c0000 - 0x00007ff7072ce000 	c:\Users\nikhi\.vscode\extensions\redhat.java-1.43.1-win32-x64\jre\21.0.7-win32-x86_64\bin\java.exe
0x00007fff8cfc0000 - 0x00007fff8d228000 	C:\WINDOWS\SYSTEM32\ntdll.dll
0x00007fff8bb40000 - 0x00007fff8bc09000 	C:\WINDOWS\System32\KERNEL32.DLL
0x00007fff8a6c0000 - 0x00007fff8aaad000 	C:\WINDOWS\System32\KERNELBASE.dll
0x00007fff8ab80000 - 0x00007fff8accb000 	C:\WINDOWS\System32\ucrtbase.dll
0x00007fff848f0000 - 0x00007fff84908000 	c:\Users\nikhi\.vscode\extensions\redhat.java-1.43.1-win32-x64\jre\21.0.7-win32-x86_64\bin\jli.dll
0x00007fff76e00000 - 0x00007fff76e1e000 	c:\Users\nikhi\.vscode\extensions\redhat.java-1.43.1-win32-x64\jre\21.0.7-win32-x86_64\bin\VCRUNTIME140.dll
0x00007fff8bc10000 - 0x00007fff8bddc000 	C:\WINDOWS\System32\USER32.dll
0x00007fff8aab0000 - 0x00007fff8aad7000 	C:\WINDOWS\System32\win32u.dll
0x00007fff8c400000 - 0x00007fff8c42b000 	C:\WINDOWS\System32\GDI32.dll
0x00007fff73210000 - 0x00007fff734aa000 	C:\WINDOWS\WinSxS\amd64_microsoft.windows.common-controls_6595b64144ccf1df_6.0.26100.4484_none_3e0e6d4ce32ef3b3\COMCTL32.dll
0x00007fff8a110000 - 0x00007fff8a247000 	C:\WINDOWS\System32\gdi32full.dll
0x00007fff8af70000 - 0x00007fff8b019000 	C:\WINDOWS\System32\msvcrt.dll
0x00007fff8a550000 - 0x00007fff8a5f3000 	C:\WINDOWS\System32\msvcp_win.dll
0x00007fff8bde0000 - 0x00007fff8be0f000 	C:\WINDOWS\System32\IMM32.DLL
0x000000006a9a0000 - 0x000000006a9ac000 	C:\Program Files (x86)\360\Total Security\safemon\SafeWrapper.dll
0x00007fff8ba80000 - 0x00007fff8bb34000 	C:\WINDOWS\System32\ADVAPI32.dll
0x00007fff8b130000 - 0x00007fff8b1d6000 	C:\WINDOWS\System32\sechost.dll
0x00007fff8cb80000 - 0x00007fff8cc98000 	C:\WINDOWS\System32\RPCRT4.dll
0x00007fff60900000 - 0x00007fff609ac000 	C:\Program Files (x86)\360\Total Security\safemon\libzdtp64.dll
0x00007fff8c430000 - 0x00007fff8cb7a000 	C:\WINDOWS\System32\SHELL32.dll
0x00007fff8a250000 - 0x00007fff8a3c4000 	C:\WINDOWS\System32\wintypes.dll
0x00007fff8b260000 - 0x00007fff8b5e6000 	C:\WINDOWS\System32\combase.dll
0x00007fff8b0a0000 - 0x00007fff8b10a000 	C:\WINDOWS\System32\SHLWAPI.dll
0x00007fff89a30000 - 0x00007fff89a3b000 	C:\WINDOWS\SYSTEM32\VERSION.dll
0x00007fff83f30000 - 0x00007fff83f3c000 	c:\Users\nikhi\.vscode\extensions\redhat.java-1.43.1-win32-x64\jre\21.0.7-win32-x86_64\bin\vcruntime140_1.dll
0x00007fff50550000 - 0x00007fff505dd000 	c:\Users\nikhi\.vscode\extensions\redhat.java-1.43.1-win32-x64\jre\21.0.7-win32-x86_64\bin\msvcp140.dll
0x00007fff0e8e0000 - 0x00007fff0f670000 	c:\Users\nikhi\.vscode\extensions\redhat.java-1.43.1-win32-x64\jre\21.0.7-win32-x86_64\bin\server\jvm.dll
0x00007fff8b1e0000 - 0x00007fff8b254000 	C:\WINDOWS\System32\WS2_32.dll
0x00007fff89f60000 - 0x00007fff89fbe000 	C:\WINDOWS\SYSTEM32\POWRPROF.dll
0x00007fff734b0000 - 0x00007fff734e5000 	C:\WINDOWS\SYSTEM32\WINMM.dll
0x00007fff89f40000 - 0x00007fff89f54000 	C:\WINDOWS\SYSTEM32\UMPDC.dll
0x00007fff88e40000 - 0x00007fff88e5b000 	C:\WINDOWS\SYSTEM32\kernel.appcore.dll
0x00007fff83f00000 - 0x00007fff83f0a000 	c:\Users\nikhi\.vscode\extensions\redhat.java-1.43.1-win32-x64\jre\21.0.7-win32-x86_64\bin\jimage.dll
0x00007fff87750000 - 0x00007fff87991000 	C:\WINDOWS\SYSTEM32\DBGHELP.DLL
0x00007fff8ce90000 - 0x00007fff8cf70000 	C:\WINDOWS\System32\OLEAUT32.dll
0x00007fff73630000 - 0x00007fff73673000 	C:\WINDOWS\SYSTEM32\dbgcore.DLL
0x00007fff8aae0000 - 0x00007fff8ab79000 	C:\WINDOWS\System32\bcryptPrimitives.dll
0x00007fff7d5c0000 - 0x00007fff7d5cf000 	c:\Users\nikhi\.vscode\extensions\redhat.java-1.43.1-win32-x64\jre\21.0.7-win32-x86_64\bin\instrument.dll
0x00007fff769e0000 - 0x00007fff769ff000 	c:\Users\nikhi\.vscode\extensions\redhat.java-1.43.1-win32-x64\jre\21.0.7-win32-x86_64\bin\java.dll
0x00007fff87d00000 - 0x00007fff8855b000 	C:\WINDOWS\SYSTEM32\windows.storage.dll
0x00007fff8c2a0000 - 0x00007fff8c395000 	C:\WINDOWS\System32\SHCORE.dll
0x00007fff8a020000 - 0x00007fff8a04f000 	C:\WINDOWS\SYSTEM32\profapi.dll
0x00007fff76810000 - 0x00007fff76828000 	c:\Users\nikhi\.vscode\extensions\redhat.java-1.43.1-win32-x64\jre\21.0.7-win32-x86_64\bin\zip.dll
0x00007fff7bd00000 - 0x00007fff7bd10000 	C:\Users\nikhi\.vscode\extensions\redhat.java-1.43.1-win32-x64\jre\21.0.7-win32-x86_64\bin\net.dll
0x00007fff7d3d0000 - 0x00007fff7d4ee000 	C:\WINDOWS\SYSTEM32\WINHTTP.dll
0x00007fff893d0000 - 0x00007fff8943a000 	C:\WINDOWS\system32\mswsock.dll
0x00007fff74070000 - 0x00007fff74086000 	C:\Users\nikhi\.vscode\extensions\redhat.java-1.43.1-win32-x64\jre\21.0.7-win32-x86_64\bin\nio.dll
0x00007fff7b110000 - 0x00007fff7b120000 	c:\Users\nikhi\.vscode\extensions\redhat.java-1.43.1-win32-x64\jre\21.0.7-win32-x86_64\bin\verify.dll
0x00007fff61370000 - 0x00007fff613b5000 	C:\Users\nikhi\AppData\Roaming\Code\User\globalStorage\redhat.java\1.43.1\config_win\org.eclipse.equinox.launcher\org.eclipse.equinox.launcher.win32.win32.x86_64_1.2.1300.v20250331-1702\eclipse_11911.dll
0x00007fff8be30000 - 0x00007fff8bfce000 	C:\WINDOWS\System32\ole32.dll
0x00007fff89680000 - 0x00007fff8969b000 	C:\WINDOWS\SYSTEM32\CRYPTSP.dll
0x00007fff88da0000 - 0x00007fff88ddb000 	C:\WINDOWS\system32\rsaenh.dll
0x00007fff89470000 - 0x00007fff8949b000 	C:\WINDOWS\SYSTEM32\USERENV.dll
0x00007fff89ff0000 - 0x00007fff8a016000 	C:\WINDOWS\SYSTEM32\bcrypt.dll
0x00007fff896a0000 - 0x00007fff896ac000 	C:\WINDOWS\SYSTEM32\CRYPTBASE.dll
0x00007fff889b0000 - 0x00007fff889e3000 	C:\WINDOWS\SYSTEM32\IPHLPAPI.DLL
0x00007fff8be20000 - 0x00007fff8be2a000 	C:\WINDOWS\System32\NSI.dll
0x00007fff5efc0000 - 0x00007fff5f009000 	C:\Users\nikhi\AppData\Local\Temp\jna-104821521\jna4694147391609661671.dll
0x00007fff8ad60000 - 0x00007fff8ad68000 	C:\WINDOWS\System32\PSAPI.DLL
0x00007fff82d80000 - 0x00007fff82d9f000 	C:\WINDOWS\SYSTEM32\dhcpcsvc6.DLL
0x00007fff82630000 - 0x00007fff82655000 	C:\WINDOWS\SYSTEM32\dhcpcsvc.DLL

dbghelp: loaded successfully - version: 4.0.5 - missing functions: none
symbol engine: initialized successfully - sym options: 0x614 - pdb path: .;c:\Users\nikhi\.vscode\extensions\redhat.java-1.43.1-win32-x64\jre\21.0.7-win32-x86_64\bin;C:\WINDOWS\SYSTEM32;C:\WINDOWS\WinSxS\amd64_microsoft.windows.common-controls_6595b64144ccf1df_6.0.26100.4484_none_3e0e6d4ce32ef3b3;C:\Program Files (x86)\360\Total Security\safemon;c:\Users\nikhi\.vscode\extensions\redhat.java-1.43.1-win32-x64\jre\21.0.7-win32-x86_64\bin\server;C:\Users\nikhi\AppData\Roaming\Code\User\globalStorage\redhat.java\1.43.1\config_win\org.eclipse.equinox.launcher\org.eclipse.equinox.launcher.win32.win32.x86_64_1.2.1300.v20250331-1702;C:\Users\nikhi\AppData\Local\Temp\jna-104821521

VM Arguments:
jvm_args: --add-modules=ALL-SYSTEM --add-opens=java.base/java.util=ALL-UNNAMED --add-opens=java.base/java.lang=ALL-UNNAMED --add-opens=java.base/sun.nio.fs=ALL-UNNAMED -Declipse.application=org.eclipse.jdt.ls.core.id1 -Dosgi.bundles.defaultStartLevel=4 -Declipse.product=org.eclipse.jdt.ls.core.product -Djava.import.generatesMetadataFilesAtProjectRoot=false -DDetectVMInstallationsJob.disabled=true -Dfile.encoding=utf8 -XX:+UseParallelGC -XX:GCTimeRatio=4 -XX:AdaptiveSizePolicyWeight=90 -Dsun.zip.disableMemoryMapping=true -Xmx2G -Xms100m -Xlog:disable -javaagent:c:\Users\nikhi\.vscode\extensions\redhat.java-1.43.1-win32-x64\lombok\lombok-1.18.39-4050.jar -XX:+HeapDumpOnOutOfMemoryError -XX:HeapDumpPath=c:\Users\nikhi\AppData\Roaming\Code\User\workspaceStorage\2c7cbe482d4aa630f73c311e50a62fd4\redhat.java -Daether.dependencyCollector.impl=bf 
java_command: c:\Users\nikhi\.vscode\extensions\redhat.java-1.43.1-win32-x64\server\plugins\org.eclipse.equinox.launcher_1.7.0.v20250519-0528.jar -configuration c:\Users\nikhi\AppData\Roaming\Code\User\globalStorage\redhat.java\1.43.1\config_win -data c:\Users\nikhi\AppData\Roaming\Code\User\workspaceStorage\2c7cbe482d4aa630f73c311e50a62fd4\redhat.java\jdt_ws --pipe=\\.\pipe\lsp-aa2a9f32f4b7ccc1ac3c8e03a740e8c4-sock
java_class_path (initial): c:\Users\nikhi\.vscode\extensions\redhat.java-1.43.1-win32-x64\server\plugins\org.eclipse.equinox.launcher_1.7.0.v20250519-0528.jar
Launcher Type: SUN_STANDARD

[Global flags]
    uintx AdaptiveSizePolicyWeight                 = 90                                        {product} {command line}
     intx CICompilerCount                          = 4                                         {product} {ergonomic}
    uintx GCTimeRatio                              = 4                                         {product} {command line}
     bool HeapDumpOnOutOfMemoryError               = true                                   {manageable} {command line}
    ccstr HeapDumpPath                             = c:\Users\nikhi\AppData\Roaming\Code\User\workspaceStorage\2c7cbe482d4aa630f73c311e50a62fd4\redhat.java         {manageable} {command line}
   size_t InitialHeapSize                          = 104857600                                 {product} {command line}
   size_t MaxHeapSize                              = 2147483648                                {product} {command line}
   size_t MaxNewSize                               = 715653120                                 {product} {ergonomic}
   size_t MinHeapDeltaBytes                        = 524288                                    {product} {ergonomic}
   size_t MinHeapSize                              = 104857600                                 {product} {command line}
   size_t NewSize                                  = 34603008                                  {product} {ergonomic}
    uintx NonNMethodCodeHeapSize                   = 5839372                                {pd product} {ergonomic}
    uintx NonProfiledCodeHeapSize                  = 122909434                              {pd product} {ergonomic}
   size_t OldSize                                  = 70254592                                  {product} {ergonomic}
    uintx ProfiledCodeHeapSize                     = 122909434                              {pd product} {ergonomic}
    uintx ReservedCodeCacheSize                    = 251658240                              {pd product} {ergonomic}
     bool SegmentedCodeCache                       = true                                      {product} {ergonomic}
   size_t SoftMaxHeapSize                          = 2147483648                             {manageable} {ergonomic}
     bool UseCompressedOops                        = true                           {product lp64_product} {ergonomic}
     bool UseLargePagesIndividualAllocation        = false                                  {pd product} {ergonomic}
     bool UseParallelGC                            = true                                      {product} {command line}

Logging:
Log output configuration:
 #0: stdout all=off uptime,level,tags foldmultilines=false
 #1: stderr all=off uptime,level,tags foldmultilines=false

Environment Variables:
PATH=C:\Program Files\Common Files\Oracle\Java\javapath;C:\WINDOWS\system32;C:\WINDOWS;C:\WINDOWS\System32\Wbem;C:\WINDOWS\System32\WindowsPowerShell\v1.0\;C:\WINDOWS\System32\OpenSSH\;C:\Program Files\Java\jdk-23\bin;D:\node.js\;C:\Program Files\MySQL\MySQL Shell 8.0\bin\;C:\Users\nikhi\AppData\Local\Microsoft\WindowsApps;C:\Users\nikhi\AppData\Local\Programs\Microsoft VS Code\bin;C:\Users\nikhi\AppData\Local\Programs\cursor\resources\app\bin;C:\Users\nikhi\AppData\Roaming\npm
USERNAME=nikhi
OS=Windows_NT
PROCESSOR_IDENTIFIER=Intel64 Family 6 Model 165 Stepping 2, GenuineIntel
TMP=C:\Users\nikhi\AppData\Local\Temp
TEMP=C:\Users\nikhi\AppData\Local\Temp




Periodic native trim disabled

---------------  S Y S T E M  ---------------

OS:
 Windows 11 , 64 bit Build 26100 (10.0.26100.4484)
OS uptime: 2 days 7:39 hours

CPU: total 8 (initial active 8) (4 cores per cpu, 2 threads per core) family 6 model 165 stepping 2 microcode 0xfc, cx8, cmov, fxsr, ht, mmx, 3dnowpref, sse, sse2, sse3, ssse3, sse4.1, sse4.2, popcnt, lzcnt, tsc, tscinvbit, avx, avx2, aes, erms, clmul, bmi1, bmi2, adx, fma, vzeroupper, clflush, clflushopt, rdtscp, f16c, pku
Processor Information for the first 8 processors :
  Max Mhz: 2496, Current Mhz: 2496, Mhz Limit: 2496

Memory: 4k page, system-wide physical 3889M (278M free)
TotalPageFile size 15665M (AvailPageFile size 0M)
current process WorkingSet (physical memory assigned to process): 52M, peak: 402M
current process commit charge ("private bytes"): 1292M, peak: 1299M

vm_info: OpenJDK 64-Bit Server VM (21.0.7+6-LTS) for windows-amd64 JRE (21.0.7+6-LTS), built on 2025-04-15T00:00:00Z by "admin" with MS VC++ 17.7 (VS2022)

END.
