#
# There is insufficient memory for the Java Runtime Environment to continue.
# Native memory allocation (malloc) failed to allocate 1173296 bytes. Error detail: Chunk::new
# Possible reasons:
#   The system is out of physical RAM or swap space
#   This process is running with CompressedOops enabled, and the Java Heap may be blocking the growth of the native heap
# Possible solutions:
#   Reduce memory load on the system
#   Increase physical memory or swap space
#   Check if swap backing store is full
#   Decrease Java heap size (-Xmx/-Xms)
#   Decrease number of Java threads
#   Decrease Java thread stack sizes (-Xss)
#   Set larger code cache with -XX:ReservedCodeCacheSize=
#   JVM is running with Unscaled Compressed Oops mode in which the Java heap is
#     placed in the first 4GB address space. The Java Heap base address is the
#     maximum limit for the native heap growth. Please use -XX:HeapBaseMinAddress
#     to set the Java Heap base and to place the Java Heap above 4GB virtual address.
# This output file may be truncated or incomplete.
#
#  Out of Memory Error (arena.cpp:168), pid=24472, tid=69404
#
# JRE version: OpenJDK Runtime Environment Temurin-21.0.7+6 (21.0.7+6) (build 21.0.7+6-LTS)
# Java VM: OpenJDK 64-Bit Server VM Temurin-21.0.7+6 (21.0.7+6-LTS, mixed mode, sharing, tiered, compressed oops, compressed class ptrs, parallel gc, windows-amd64)
# No core dump will be written. Minidumps are not enabled by default on client versions of Windows
#

---------------  S U M M A R Y ------------

Command Line: --add-modules=ALL-SYSTEM --add-opens=java.base/java.util=ALL-UNNAMED --add-opens=java.base/java.lang=ALL-UNNAMED --add-opens=java.base/sun.nio.fs=ALL-UNNAMED -Declipse.application=org.eclipse.jdt.ls.core.id1 -Dosgi.bundles.defaultStartLevel=4 -Declipse.product=org.eclipse.jdt.ls.core.product -Djava.import.generatesMetadataFilesAtProjectRoot=false -DDetectVMInstallationsJob.disabled=true -Dfile.encoding=utf8 -XX:+UseParallelGC -XX:GCTimeRatio=4 -XX:AdaptiveSizePolicyWeight=90 -Dsun.zip.disableMemoryMapping=true -Xmx2G -Xms100m -Xlog:disable -javaagent:c:\Users\nikhi\.vscode\extensions\redhat.java-1.43.1-win32-x64\lombok\lombok-1.18.39-4050.jar -XX:+HeapDumpOnOutOfMemoryError -XX:HeapDumpPath=c:\Users\nikhi\AppData\Roaming\Code\User\workspaceStorage\2c7cbe482d4aa630f73c311e50a62fd4\redhat.java -Daether.dependencyCollector.impl=bf c:\Users\nikhi\.vscode\extensions\redhat.java-1.43.1-win32-x64\server\plugins\org.eclipse.equinox.launcher_1.7.0.v20250519-0528.jar -configuration c:\Users\nikhi\AppData\Roaming\Code\User\globalStorage\redhat.java\1.43.1\config_win -data c:\Users\nikhi\AppData\Roaming\Code\User\workspaceStorage\2c7cbe482d4aa630f73c311e50a62fd4\redhat.java\jdt_ws --pipe=\\.\pipe\lsp-956fb5bc737df94812a93816772206a3-sock

Host: Intel(R) Core(TM) i5-10300H CPU @ 2.50GHz, 8 cores, 3G,  Windows 11 , 64 bit Build 26100 (10.0.26100.4484)
Time: Thu Jul 24 22:59:07 2025 India Standard Time elapsed time: 257.044421 seconds (0d 0h 4m 17s)

---------------  T H R E A D  ---------------

Current thread (0x000001aadaa4a750):  JavaThread "C2 CompilerThread0" daemon [_thread_in_native, id=69404, stack(0x0000002d9dc00000,0x0000002d9dd00000) (1024K)]


Current CompileTask:
C2:257044 18723       4       org.eclipse.jdt.core.dom.MethodDeclaration::accept0 (174 bytes)

Stack: [0x0000002d9dc00000,0x0000002d9dd00000]
Native frames: (J=compiled Java code, j=interpreted, Vv=VM code, C=native code)
V  [jvm.dll+0x6ce119]
V  [jvm.dll+0x8a84a1]
V  [jvm.dll+0x8aa9ce]
V  [jvm.dll+0x8ab0b3]
V  [jvm.dll+0x27f8a6]
V  [jvm.dll+0xc507d]
V  [jvm.dll+0xc55b3]
V  [jvm.dll+0x2f2c6d]
V  [jvm.dll+0x5f6bca]
V  [jvm.dll+0x250cb2]
V  [jvm.dll+0x25106f]
V  [jvm.dll+0x249934]
V  [jvm.dll+0x246fc4]
V  [jvm.dll+0x1c760e]
V  [jvm.dll+0x25695a]
V  [jvm.dll+0x254efa]
V  [jvm.dll+0x3f03f6]
V  [jvm.dll+0x851f6b]
V  [jvm.dll+0x6cc7dd]
C  [ucrtbase.dll+0x37b0]
C  [KERNEL32.DLL+0x2e8d7]
C  [ntdll.dll+0x3c34c]


---------------  P R O C E S S  ---------------

Threads class SMR info:
_java_thread_list=0x000001aafbb4a4d0, length=59, elements={
0x000001aad84c3850, 0x000001aada93e940, 0x000001aadaa38280, 0x000001aadaa3dbe0,
0x000001aadaa3e340, 0x000001aadaa41540, 0x000001aadaa45010, 0x000001aadaa4a750,
0x000001aaf2bcc0a0, 0x000001aaf2c9f410, 0x000001aaf70ded00, 0x000001aaf747f130,
0x000001aaf7699ad0, 0x000001aaf76a2e30, 0x000001aaf77679b0, 0x000001aaf7c1f940,
0x000001aaf7c1ec20, 0x000001aaf7c1f2b0, 0x000001aaf802eb90, 0x000001aaf802d7e0,
0x000001aaf802de70, 0x000001aaf8031980, 0x000001aaf802e500, 0x000001aaf8034770,
0x000001aaf80333c0, 0x000001aaf8033a50, 0x000001aaf8032d30, 0x000001aaf8032010,
0x000001aaf8034e00, 0x000001aaf80326a0, 0x000001aaf80340e0, 0x000001aaf9a082d0,
0x000001aaf9a09680, 0x000001aaf9a0b0c0, 0x000001aaf9a0d190, 0x000001aaf9a0deb0,
0x000001aaf9a0e540, 0x000001aaf9a0ebd0, 0x000001aaf9a0f260, 0x000001aaf9a0f8f0,
0x000001aafb750400, 0x000001aafb7524d0, 0x000001aafb752b60, 0x000001aafb7531f0,
0x000001aafb74fd70, 0x000001aafb753f10, 0x000001aafb750a90, 0x000001aafb7545a0,
0x000001aafb751120, 0x000001aafb754c30, 0x000001aafb756d00, 0x000001aafb755950,
0x000001aafb755fe0, 0x000001aaf7c1e590, 0x000001aafb6e8b60, 0x000001aafb6e84d0,
0x000001aafb6eac30, 0x000001aafb6e9f10, 0x000001aafb6e7e40
}

Java Threads: ( => current thread )
  0x000001aad84c3850 JavaThread "main"                              [_thread_blocked, id=105692, stack(0x0000002d9d200000,0x0000002d9d300000) (1024K)]
  0x000001aada93e940 JavaThread "Reference Handler"          daemon [_thread_blocked, id=104132, stack(0x0000002d9d600000,0x0000002d9d700000) (1024K)]
  0x000001aadaa38280 JavaThread "Finalizer"                  daemon [_thread_blocked, id=102780, stack(0x0000002d9d700000,0x0000002d9d800000) (1024K)]
  0x000001aadaa3dbe0 JavaThread "Signal Dispatcher"          daemon [_thread_blocked, id=103432, stack(0x0000002d9d800000,0x0000002d9d900000) (1024K)]
  0x000001aadaa3e340 JavaThread "Attach Listener"            daemon [_thread_blocked, id=102648, stack(0x0000002d9d900000,0x0000002d9da00000) (1024K)]
  0x000001aadaa41540 JavaThread "Service Thread"             daemon [_thread_blocked, id=99808, stack(0x0000002d9da00000,0x0000002d9db00000) (1024K)]
  0x000001aadaa45010 JavaThread "Monitor Deflation Thread"   daemon [_thread_blocked, id=108292, stack(0x0000002d9db00000,0x0000002d9dc00000) (1024K)]
=>0x000001aadaa4a750 JavaThread "C2 CompilerThread0"         daemon [_thread_in_native, id=69404, stack(0x0000002d9dc00000,0x0000002d9dd00000) (1024K)]
  0x000001aaf2bcc0a0 JavaThread "C1 CompilerThread0"         daemon [_thread_blocked, id=106120, stack(0x0000002d9dd00000,0x0000002d9de00000) (1024K)]
  0x000001aaf2c9f410 JavaThread "Common-Cleaner"             daemon [_thread_blocked, id=109312, stack(0x0000002d9de00000,0x0000002d9df00000) (1024K)]
  0x000001aaf70ded00 JavaThread "Notification Thread"        daemon [_thread_blocked, id=108084, stack(0x0000002d9e000000,0x0000002d9e100000) (1024K)]
  0x000001aaf747f130 JavaThread "Active Thread: Equinox Container: cecefe6f-d0c4-4318-8923-3801be7f352e"        [_thread_blocked, id=111056, stack(0x0000002d9e700000,0x0000002d9e800000) (1024K)]
  0x000001aaf7699ad0 JavaThread "Refresh Thread: Equinox Container: cecefe6f-d0c4-4318-8923-3801be7f352e" daemon [_thread_blocked, id=92352, stack(0x0000002d9e900000,0x0000002d9ea00000) (1024K)]
  0x000001aaf76a2e30 JavaThread "Framework Event Dispatcher: Equinox Container: cecefe6f-d0c4-4318-8923-3801be7f352e" daemon [_thread_blocked, id=105420, stack(0x0000002d9ea00000,0x0000002d9eb00000) (1024K)]
  0x000001aaf77679b0 JavaThread "Start Level: Equinox Container: cecefe6f-d0c4-4318-8923-3801be7f352e" daemon [_thread_blocked, id=75844, stack(0x0000002d9eb00000,0x0000002d9ec00000) (1024K)]
  0x000001aaf7c1f940 JavaThread "Bundle File Closer"         daemon [_thread_blocked, id=106488, stack(0x0000002d9ec00000,0x0000002d9ed00000) (1024K)]
  0x000001aaf7c1ec20 JavaThread "SCR Component Actor"        daemon [_thread_blocked, id=102576, stack(0x0000002d9ed00000,0x0000002d9ee00000) (1024K)]
  0x000001aaf7c1f2b0 JavaThread "Worker-JM"                         [_thread_blocked, id=82040, stack(0x0000002d9ef00000,0x0000002d9f000000) (1024K)]
  0x000001aaf802eb90 JavaThread "JNA Cleaner"                daemon [_thread_blocked, id=108856, stack(0x0000002d9f000000,0x0000002d9f100000) (1024K)]
  0x000001aaf802d7e0 JavaThread "Java indexing"              daemon [_thread_blocked, id=9988, stack(0x0000002d9f400000,0x0000002d9f500000) (1024K)]
  0x000001aaf802de70 JavaThread "Worker-3"                          [_thread_blocked, id=102816, stack(0x0000002d9f500000,0x0000002d9f600000) (1024K)]
  0x000001aaf8031980 JavaThread "Thread-2"                   daemon [_thread_in_native, id=111064, stack(0x0000002d9fa00000,0x0000002d9fb00000) (1024K)]
  0x000001aaf802e500 JavaThread "Thread-3"                   daemon [_thread_in_native, id=107396, stack(0x0000002d9fb00000,0x0000002d9fc00000) (1024K)]
  0x000001aaf8034770 JavaThread "Thread-4"                   daemon [_thread_in_native, id=111060, stack(0x0000002d9fc00000,0x0000002d9fd00000) (1024K)]
  0x000001aaf80333c0 JavaThread "Thread-5"                   daemon [_thread_in_native, id=111052, stack(0x0000002d9fd00000,0x0000002d9fe00000) (1024K)]
  0x000001aaf8033a50 JavaThread "Thread-6"                   daemon [_thread_in_native, id=111028, stack(0x0000002d9fe00000,0x0000002d9ff00000) (1024K)]
  0x000001aaf8032d30 JavaThread "Thread-7"                   daemon [_thread_in_native, id=111040, stack(0x0000002d9ff00000,0x0000002da0000000) (1024K)]
  0x000001aaf8032010 JavaThread "Thread-8"                   daemon [_thread_in_native, id=111076, stack(0x0000002da0000000,0x0000002da0100000) (1024K)]
  0x000001aaf8034e00 JavaThread "Thread-9"                   daemon [_thread_in_native, id=111048, stack(0x0000002da0100000,0x0000002da0200000) (1024K)]
  0x000001aaf80326a0 JavaThread "Thread-10"                  daemon [_thread_in_native, id=111024, stack(0x0000002da0200000,0x0000002da0300000) (1024K)]
  0x000001aaf80340e0 JavaThread "pool-2-thread-1"                   [_thread_blocked, id=111068, stack(0x0000002da0300000,0x0000002da0400000) (1024K)]
  0x000001aaf9a082d0 JavaThread "Worker-7"                          [_thread_blocked, id=111084, stack(0x0000002da0500000,0x0000002da0600000) (1024K)]
  0x000001aaf9a09680 JavaThread "WorkspaceEventsHandler"            [_thread_blocked, id=111088, stack(0x0000002da0600000,0x0000002da0700000) (1024K)]
  0x000001aaf9a0b0c0 JavaThread "pool-1-thread-1"                   [_thread_blocked, id=111092, stack(0x0000002da0700000,0x0000002da0800000) (1024K)]
  0x000001aaf9a0d190 JavaThread "LocalFile Deleter"          daemon [_thread_blocked, id=107212, stack(0x0000002da0a00000,0x0000002da0b00000) (1024K)]
  0x000001aaf9a0deb0 JavaThread "LocalFile Deleter"          daemon [_thread_blocked, id=108552, stack(0x0000002da0c00000,0x0000002da0d00000) (1024K)]
  0x000001aaf9a0e540 JavaThread "LocalFile Deleter"          daemon [_thread_blocked, id=100984, stack(0x0000002da0e00000,0x0000002da0f00000) (1024K)]
  0x000001aaf9a0ebd0 JavaThread "LocalFile Deleter"          daemon [_thread_blocked, id=110992, stack(0x0000002da0f00000,0x0000002da1000000) (1024K)]
  0x000001aaf9a0f260 JavaThread "Compiler Source File Reader" daemon [_thread_blocked, id=110980, stack(0x0000002da1000000,0x0000002da1100000) (1024K)]
  0x000001aaf9a0f8f0 JavaThread "Compiler Source File Reader" daemon [_thread_blocked, id=82392, stack(0x0000002da1100000,0x0000002da1200000) (1024K)]
  0x000001aafb750400 JavaThread "Compiler Source File Reader" daemon [_thread_blocked, id=110420, stack(0x0000002da1200000,0x0000002da1300000) (1024K)]
  0x000001aafb7524d0 JavaThread "Compiler Source File Reader" daemon [_thread_blocked, id=111200, stack(0x0000002da1300000,0x0000002da1400000) (1024K)]
  0x000001aafb752b60 JavaThread "Compiler Source File Reader" daemon [_thread_blocked, id=106284, stack(0x0000002da1400000,0x0000002da1500000) (1024K)]
  0x000001aafb7531f0 JavaThread "Compiler Source File Reader" daemon [_thread_blocked, id=110508, stack(0x0000002da1500000,0x0000002da1600000) (1024K)]
  0x000001aafb74fd70 JavaThread "Compiler Class File Writer" daemon [_thread_blocked, id=109304, stack(0x0000002da1600000,0x0000002da1700000) (1024K)]
  0x000001aafb753f10 JavaThread "Compiler Class File Writer" daemon [_thread_blocked, id=110552, stack(0x0000002da1700000,0x0000002da1800000) (1024K)]
  0x000001aafb750a90 JavaThread "Compiler Class File Writer" daemon [_thread_blocked, id=105000, stack(0x0000002da1800000,0x0000002da1900000) (1024K)]
  0x000001aafb7545a0 JavaThread "Compiler Class File Writer" daemon [_thread_blocked, id=110444, stack(0x0000002da1900000,0x0000002da1a00000) (1024K)]
  0x000001aafb751120 JavaThread "Compiler Class File Writer" daemon [_thread_blocked, id=110692, stack(0x0000002da1a00000,0x0000002da1b00000) (1024K)]
  0x000001aafb754c30 JavaThread "Compiler Class File Writer" daemon [_thread_blocked, id=110556, stack(0x0000002da1b00000,0x0000002da1c00000) (1024K)]
  0x000001aafb756d00 JavaThread "ForkJoinPool.commonPool-worker-2" daemon [_thread_blocked, id=109620, stack(0x0000002da1d00000,0x0000002da1e00000) (1024K)]
  0x000001aafb755950 JavaThread "ForkJoinPool.commonPool-worker-3" daemon [_thread_blocked, id=109164, stack(0x0000002da1e00000,0x0000002da1f00000) (1024K)]
  0x000001aafb755fe0 JavaThread "ForkJoinPool.commonPool-worker-4" daemon [_thread_blocked, id=109056, stack(0x0000002da1f00000,0x0000002da2000000) (1024K)]
  0x000001aaf7c1e590 JavaThread "ForkJoinPool.commonPool-worker-5" daemon [_thread_blocked, id=110320, stack(0x0000002da2100000,0x0000002da2200000) (1024K)]
  0x000001aafb6e8b60 JavaThread "ForkJoinPool.commonPool-worker-6" daemon [_thread_blocked, id=101000, stack(0x0000002da2000000,0x0000002da2100000) (1024K)]
  0x000001aafb6e84d0 JavaThread "Cleaner-0"                  daemon [_thread_blocked, id=110640, stack(0x0000002da2200000,0x0000002da2300000) (1024K)]
  0x000001aafb6eac30 JavaThread "Worker-8"                          [_thread_blocked, id=91256, stack(0x0000002d9cf00000,0x0000002d9d000000) (1024K)]
  0x000001aafb6e9f10 JavaThread "ForkJoinPool.commonPool-worker-8" daemon [_thread_blocked, id=110300, stack(0x0000002d9d000000,0x0000002d9d100000) (1024K)]
  0x000001aafb6e7e40 JavaThread "ForkJoinPool.commonPool-worker-9" daemon [_thread_blocked, id=108620, stack(0x0000002d9d100000,0x0000002d9d200000) (1024K)]
Total: 59

Other Threads:
  0x000001aada9272f0 VMThread "VM Thread"                           [id=106984, stack(0x0000002d9d500000,0x0000002d9d600000) (1024K)]
  0x000001aada81ca00 WatcherThread "VM Periodic Task Thread"        [id=104156, stack(0x0000002d9d400000,0x0000002d9d500000) (1024K)]
  0x000001aada9d0df0 WorkerThread "GC Thread#0"                     [id=89984, stack(0x0000002d9d300000,0x0000002d9d400000) (1024K)]
  0x000001aaf2f34b20 WorkerThread "GC Thread#1"                     [id=108588, stack(0x0000002d9e100000,0x0000002d9e200000) (1024K)]
  0x000001aaf754b460 WorkerThread "GC Thread#2"                     [id=65844, stack(0x0000002d9e200000,0x0000002d9e300000) (1024K)]
  0x000001aaf2f34ec0 WorkerThread "GC Thread#3"                     [id=108148, stack(0x0000002d9e300000,0x0000002d9e400000) (1024K)]
  0x000001aaf73eeea0 WorkerThread "GC Thread#4"                     [id=108228, stack(0x0000002d9e400000,0x0000002d9e500000) (1024K)]
  0x000001aaf73ef240 WorkerThread "GC Thread#5"                     [id=104640, stack(0x0000002d9e500000,0x0000002d9e600000) (1024K)]
  0x000001aaf73ef5e0 WorkerThread "GC Thread#6"                     [id=109272, stack(0x0000002d9e600000,0x0000002d9e700000) (1024K)]
  0x000001aaf76f7030 WorkerThread "GC Thread#7"                     [id=106308, stack(0x0000002d9e800000,0x0000002d9e900000) (1024K)]
Total: 10

Threads with active compile tasks:
C2 CompilerThread0  257101 18723       4       org.eclipse.jdt.core.dom.MethodDeclaration::accept0 (174 bytes)
Total: 1

VM state: not at safepoint (normal execution)

VM Mutex/Monitor currently owned by a thread: None

Heap address: 0x0000000080000000, size: 2048 MB, Compressed Oops mode: 32-bit

CDS archive(s) mapped at: [0x000001aa80000000-0x000001aa80ba0000-0x000001aa80ba0000), size 12189696, SharedBaseAddress: 0x000001aa80000000, ArchiveRelocationMode: 1.
Compressed class space mapped at: 0x000001aa81000000-0x000001aac1000000, reserved size: 1073741824
Narrow klass base: 0x000001aa80000000, Narrow klass shift: 0, Narrow klass range: 0x100000000

GC Precious Log:
 CardTable entry size: 512
 CPUs: 8 total, 8 available
 Memory: 3889M
 Large Page Support: Disabled
 NUMA Support: Disabled
 Compressed Oops: Enabled (32-bit)
 Alignments: Space 512K, Generation 512K, Heap 2M
 Heap Min Capacity: 100M
 Heap Initial Capacity: 100M
 Heap Max Capacity: 2G
 Pre-touch: Disabled
 Parallel Workers: 8

Heap:
 PSYoungGen      total 4096K, used 3206K [0x00000000d5580000, 0x00000000d5c80000, 0x0000000100000000)
  eden space 3584K, 75% used [0x00000000d5580000,0x00000000d58218f0,0x00000000d5900000)
  from space 512K, 100% used [0x00000000d5a80000,0x00000000d5b00000,0x00000000d5b00000)
  to   space 1536K, 0% used [0x00000000d5900000,0x00000000d5900000,0x00000000d5a80000)
 ParOldGen       total 783872K, used 290060K [0x0000000080000000, 0x00000000afd80000, 0x00000000d5580000)
  object space 783872K, 37% used [0x0000000080000000,0x0000000091b430b0,0x00000000afd80000)
 Metaspace       used 74685K, committed 76352K, reserved 1179648K
  class space    used 7392K, committed 8192K, reserved 1048576K

Card table byte_map: [0x000001aada330000,0x000001aada740000] _byte_map_base: 0x000001aad9f30000

Marking Bits: (ParMarkBitMap*) 0x00007ffd3c4f31f0
 Begin Bits: [0x000001aaece30000, 0x000001aaeee30000)
 End Bits:   [0x000001aaeee30000, 0x000001aaf0e30000)

Polling page: 0x000001aad8760000

Metaspace:

Usage:
  Non-class:     65.72 MB used.
      Class:      7.22 MB used.
       Both:     72.93 MB used.

Virtual space:
  Non-class space:      128.00 MB reserved,      66.56 MB ( 52%) committed,  2 nodes.
      Class space:        1.00 GB reserved,       8.00 MB ( <1%) committed,  1 nodes.
             Both:        1.12 GB reserved,      74.56 MB (  6%) committed. 

Chunk freelists:
   Non-Class:  13.20 MB
       Class:  8.05 MB
        Both:  21.25 MB

MaxMetaspaceSize: unlimited
CompressedClassSpaceSize: 1.00 GB
Initial GC threshold: 21.00 MB
Current GC threshold: 122.94 MB
CDS: on
 - commit_granule_bytes: 65536.
 - commit_granule_words: 8192.
 - virtual_space_node_default_size: 8388608.
 - enlarge_chunks_in_place: 1.
 - use_allocation_guard: 0.


Internal statistics:

num_allocs_failed_limit: 9.
num_arena_births: 1522.
num_arena_deaths: 22.
num_vsnodes_births: 3.
num_vsnodes_deaths: 0.
num_space_committed: 1193.
num_space_uncommitted: 0.
num_chunks_returned_to_freelist: 33.
num_chunks_taken_from_freelist: 5306.
num_chunk_merges: 9.
num_chunk_splits: 3170.
num_chunks_enlarged: 1709.
num_inconsistent_stats: 0.

CodeHeap 'non-profiled nmethods': size=120000Kb used=14296Kb max_used=14296Kb free=105703Kb
 bounds [0x000001aae5650000, 0x000001aae6450000, 0x000001aaecb80000]
CodeHeap 'profiled nmethods': size=120000Kb used=39242Kb max_used=39242Kb free=80757Kb
 bounds [0x000001aaddb80000, 0x000001aae01e0000, 0x000001aae50b0000]
CodeHeap 'non-nmethods': size=5760Kb used=1484Kb max_used=1670Kb free=4275Kb
 bounds [0x000001aae50b0000, 0x000001aae5320000, 0x000001aae5650000]
 total_blobs=17688 nmethods=16888 adapters=704
 compilation: enabled
              stopped_count=0, restarted_count=0
 full_count=0

Compilation events (20 events):
Event: 255.854 Thread 0x000001aaf2bcc0a0 nmethod 18714 0x000001aae6441990 code [0x000001aae6441b20, 0x000001aae6441be8]
Event: 255.854 Thread 0x000001aadaa4a750 18718       4       org.eclipse.jdt.core.dom.QualifiedName::setQualifier (41 bytes)
Event: 255.854 Thread 0x000001aaf2bcc0a0 18715       1       org.eclipse.jdt.internal.compiler.ast.ExplicitConstructorCall::arguments (5 bytes)
Event: 255.854 Thread 0x000001aaf2bcc0a0 nmethod 18715 0x000001aae6441c90 code [0x000001aae6441e20, 0x000001aae6441ee8]
Event: 255.857 Thread 0x000001aaf2bcc0a0 18720       3       java.util.TimSort::<init> (181 bytes)
Event: 255.858 Thread 0x000001aaf2bcc0a0 nmethod 18720 0x000001aae01d0510 code [0x000001aae01d0720, 0x000001aae01d0f20]
Event: 255.859 Thread 0x000001aaf2bcc0a0 18724       1       org.eclipse.jdt.core.dom.ASTVisitor::visit (2 bytes)
Event: 255.859 Thread 0x000001aaf2bcc0a0 nmethod 18724 0x000001aae6441f90 code [0x000001aae6442120, 0x000001aae64421e8]
Event: 255.860 Thread 0x000001aaf2bcc0a0 18727       3       org.eclipse.jdt.ls.core.internal.handlers.InlayHintVisitor::isOutOfRange (31 bytes)
Event: 255.860 Thread 0x000001aaf2bcc0a0 nmethod 18727 0x000001aae01d1190 code [0x000001aae01d1340, 0x000001aae01d1538]
Event: 255.860 Thread 0x000001aaf2bcc0a0 18728   !   3       org.eclipse.jdt.ls.core.internal.handlers.InlayHintVisitor::isGenerated (23 bytes)
Event: 255.860 Thread 0x000001aaf2bcc0a0 nmethod 18728 0x000001aae01d1610 code [0x000001aae01d1860, 0x000001aae01d1fc0]
Event: 255.860 Thread 0x000001aaf2bcc0a0 18729       3       org.eclipse.jdt.ls.core.internal.handlers.InlayHintVisitor::visit (32 bytes)
Event: 255.861 Thread 0x000001aaf2bcc0a0 nmethod 18729 0x000001aae01d2390 code [0x000001aae01d2640, 0x000001aae01d3160]
Event: 255.861 Thread 0x000001aadaa4a750 nmethod 18718 0x000001aae6442290 code [0x000001aae64424c0, 0x000001aae6443498]
Event: 255.861 Thread 0x000001aadaa4a750 18730       4       java.lang.reflect.AccessibleObject::slowVerifyAccess (67 bytes)
Event: 255.878 Thread 0x000001aadaa4a750 nmethod 18730 0x000001aae6443d90 code [0x000001aae6444060, 0x000001aae6445180]
Event: 255.878 Thread 0x000001aadaa4a750 18722       4       org.eclipse.jdt.core.dom.ASTVisitor::endVisit (1 bytes)
Event: 255.878 Thread 0x000001aadaa4a750 nmethod 18722 0x000001aae6446010 code [0x000001aae64461a0, 0x000001aae6446228]
Event: 255.878 Thread 0x000001aadaa4a750 18723       4       org.eclipse.jdt.core.dom.MethodDeclaration::accept0 (174 bytes)

GC Heap History (20 events):
Event: 255.072 GC heap before
{Heap before GC invocations=1327 (full 4):
 PSYoungGen      total 5120K, used 4608K [0x00000000d5580000, 0x00000000d5c80000, 0x0000000100000000)
  eden space 4096K, 100% used [0x00000000d5580000,0x00000000d5980000,0x00000000d5980000)
  from space 1024K, 50% used [0x00000000d5b80000,0x00000000d5c00020,0x00000000d5c80000)
  to   space 1024K, 0% used [0x00000000d5a80000,0x00000000d5a80000,0x00000000d5b80000)
 ParOldGen       total 783872K, used 285788K [0x0000000080000000, 0x00000000afd80000, 0x00000000d5580000)
  object space 783872K, 36% used [0x0000000080000000,0x00000000917173c0,0x00000000afd80000)
 Metaspace       used 74668K, committed 76352K, reserved 1179648K
  class space    used 7392K, committed 8192K, reserved 1048576K
}
Event: 255.074 GC heap after
{Heap after GC invocations=1327 (full 4):
 PSYoungGen      total 5120K, used 340K [0x00000000d5580000, 0x00000000d5c00000, 0x0000000100000000)
  eden space 4096K, 0% used [0x00000000d5580000,0x00000000d5580000,0x00000000d5980000)
  from space 1024K, 33% used [0x00000000d5a80000,0x00000000d5ad5200,0x00000000d5b80000)
  to   space 512K, 0% used [0x00000000d5b80000,0x00000000d5b80000,0x00000000d5c00000)
 ParOldGen       total 783872K, used 285874K [0x0000000080000000, 0x00000000afd80000, 0x00000000d5580000)
  object space 783872K, 36% used [0x0000000080000000,0x000000009172c9e8,0x00000000afd80000)
 Metaspace       used 74668K, committed 76352K, reserved 1179648K
  class space    used 7392K, committed 8192K, reserved 1048576K
}
Event: 255.081 GC heap before
{Heap before GC invocations=1328 (full 4):
 PSYoungGen      total 5120K, used 4436K [0x00000000d5580000, 0x00000000d5c00000, 0x0000000100000000)
  eden space 4096K, 100% used [0x00000000d5580000,0x00000000d5980000,0x00000000d5980000)
  from space 1024K, 33% used [0x00000000d5a80000,0x00000000d5ad5200,0x00000000d5b80000)
  to   space 512K, 0% used [0x00000000d5b80000,0x00000000d5b80000,0x00000000d5c00000)
 ParOldGen       total 783872K, used 285874K [0x0000000080000000, 0x00000000afd80000, 0x00000000d5580000)
  object space 783872K, 36% used [0x0000000080000000,0x000000009172c9e8,0x00000000afd80000)
 Metaspace       used 74668K, committed 76352K, reserved 1179648K
  class space    used 7392K, committed 8192K, reserved 1048576K
}
Event: 255.084 GC heap after
{Heap after GC invocations=1328 (full 4):
 PSYoungGen      total 4608K, used 496K [0x00000000d5580000, 0x00000000d5c00000, 0x0000000100000000)
  eden space 4096K, 0% used [0x00000000d5580000,0x00000000d5580000,0x00000000d5980000)
  from space 512K, 96% used [0x00000000d5b80000,0x00000000d5bfc020,0x00000000d5c00000)
  to   space 1024K, 0% used [0x00000000d5a00000,0x00000000d5a00000,0x00000000d5b00000)
 ParOldGen       total 783872K, used 286156K [0x0000000080000000, 0x00000000afd80000, 0x00000000d5580000)
  object space 783872K, 36% used [0x0000000080000000,0x00000000917730c8,0x00000000afd80000)
 Metaspace       used 74668K, committed 76352K, reserved 1179648K
  class space    used 7392K, committed 8192K, reserved 1048576K
}
Event: 255.093 GC heap before
{Heap before GC invocations=1329 (full 4):
 PSYoungGen      total 4608K, used 4592K [0x00000000d5580000, 0x00000000d5c00000, 0x0000000100000000)
  eden space 4096K, 100% used [0x00000000d5580000,0x00000000d5980000,0x00000000d5980000)
  from space 512K, 96% used [0x00000000d5b80000,0x00000000d5bfc020,0x00000000d5c00000)
  to   space 1024K, 0% used [0x00000000d5a00000,0x00000000d5a00000,0x00000000d5b00000)
 ParOldGen       total 783872K, used 286156K [0x0000000080000000, 0x00000000afd80000, 0x00000000d5580000)
  object space 783872K, 36% used [0x0000000080000000,0x00000000917730c8,0x00000000afd80000)
 Metaspace       used 74668K, committed 76352K, reserved 1179648K
  class space    used 7392K, committed 8192K, reserved 1048576K
}
Event: 255.096 GC heap after
{Heap after GC invocations=1329 (full 4):
 PSYoungGen      total 5120K, used 544K [0x00000000d5580000, 0x00000000d5c00000, 0x0000000100000000)
  eden space 4096K, 0% used [0x00000000d5580000,0x00000000d5580000,0x00000000d5980000)
  from space 1024K, 53% used [0x00000000d5a00000,0x00000000d5a88000,0x00000000d5b00000)
  to   space 1024K, 0% used [0x00000000d5b00000,0x00000000d5b00000,0x00000000d5c00000)
 ParOldGen       total 783872K, used 286576K [0x0000000080000000, 0x00000000afd80000, 0x00000000d5580000)
  object space 783872K, 36% used [0x0000000080000000,0x00000000917dc0f8,0x00000000afd80000)
 Metaspace       used 74668K, committed 76352K, reserved 1179648K
  class space    used 7392K, committed 8192K, reserved 1048576K
}
Event: 255.106 GC heap before
{Heap before GC invocations=1330 (full 4):
 PSYoungGen      total 5120K, used 4640K [0x00000000d5580000, 0x00000000d5c00000, 0x0000000100000000)
  eden space 4096K, 100% used [0x00000000d5580000,0x00000000d5980000,0x00000000d5980000)
  from space 1024K, 53% used [0x00000000d5a00000,0x00000000d5a88000,0x00000000d5b00000)
  to   space 1024K, 0% used [0x00000000d5b00000,0x00000000d5b00000,0x00000000d5c00000)
 ParOldGen       total 783872K, used 286576K [0x0000000080000000, 0x00000000afd80000, 0x00000000d5580000)
  object space 783872K, 36% used [0x0000000080000000,0x00000000917dc0f8,0x00000000afd80000)
 Metaspace       used 74669K, committed 76352K, reserved 1179648K
  class space    used 7392K, committed 8192K, reserved 1048576K
}
Event: 255.110 GC heap after
{Heap after GC invocations=1330 (full 4):
 PSYoungGen      total 4608K, used 1024K [0x00000000d5580000, 0x00000000d5d80000, 0x0000000100000000)
  eden space 3584K, 0% used [0x00000000d5580000,0x00000000d5580000,0x00000000d5900000)
  from space 1024K, 100% used [0x00000000d5b00000,0x00000000d5c00000,0x00000000d5c00000)
  to   space 2048K, 0% used [0x00000000d5900000,0x00000000d5900000,0x00000000d5b00000)
 ParOldGen       total 783872K, used 287024K [0x0000000080000000, 0x00000000afd80000, 0x00000000d5580000)
  object space 783872K, 36% used [0x0000000080000000,0x000000009184c0f8,0x00000000afd80000)
 Metaspace       used 74669K, committed 76352K, reserved 1179648K
  class space    used 7392K, committed 8192K, reserved 1048576K
}
Event: 255.254 GC heap before
{Heap before GC invocations=1331 (full 4):
 PSYoungGen      total 4608K, used 4608K [0x00000000d5580000, 0x00000000d5d80000, 0x0000000100000000)
  eden space 3584K, 100% used [0x00000000d5580000,0x00000000d5900000,0x00000000d5900000)
  from space 1024K, 100% used [0x00000000d5b00000,0x00000000d5c00000,0x00000000d5c00000)
  to   space 2048K, 0% used [0x00000000d5900000,0x00000000d5900000,0x00000000d5b00000)
 ParOldGen       total 783872K, used 287024K [0x0000000080000000, 0x00000000afd80000, 0x00000000d5580000)
  object space 783872K, 36% used [0x0000000080000000,0x000000009184c0f8,0x00000000afd80000)
 Metaspace       used 74676K, committed 76352K, reserved 1179648K
  class space    used 7392K, committed 8192K, reserved 1048576K
}
Event: 255.259 GC heap after
{Heap after GC invocations=1331 (full 4):
 PSYoungGen      total 4608K, used 608K [0x00000000d5580000, 0x00000000d5b80000, 0x0000000100000000)
  eden space 3584K, 0% used [0x00000000d5580000,0x00000000d5580000,0x00000000d5900000)
  from space 1024K, 59% used [0x00000000d5900000,0x00000000d5998010,0x00000000d5a00000)
  to   space 1024K, 0% used [0x00000000d5a80000,0x00000000d5a80000,0x00000000d5b80000)
 ParOldGen       total 783872K, used 288020K [0x0000000080000000, 0x00000000afd80000, 0x00000000d5580000)
  object space 783872K, 36% used [0x0000000080000000,0x0000000091945008,0x00000000afd80000)
 Metaspace       used 74676K, committed 76352K, reserved 1179648K
  class space    used 7392K, committed 8192K, reserved 1048576K
}
Event: 255.264 GC heap before
{Heap before GC invocations=1332 (full 4):
 PSYoungGen      total 4608K, used 4192K [0x00000000d5580000, 0x00000000d5b80000, 0x0000000100000000)
  eden space 3584K, 100% used [0x00000000d5580000,0x00000000d5900000,0x00000000d5900000)
  from space 1024K, 59% used [0x00000000d5900000,0x00000000d5998010,0x00000000d5a00000)
  to   space 1024K, 0% used [0x00000000d5a80000,0x00000000d5a80000,0x00000000d5b80000)
 ParOldGen       total 783872K, used 288020K [0x0000000080000000, 0x00000000afd80000, 0x00000000d5580000)
  object space 783872K, 36% used [0x0000000080000000,0x0000000091945008,0x00000000afd80000)
 Metaspace       used 74676K, committed 76352K, reserved 1179648K
  class space    used 7392K, committed 8192K, reserved 1048576K
}
Event: 255.266 GC heap after
{Heap after GC invocations=1332 (full 4):
 PSYoungGen      total 5120K, used 448K [0x00000000d5580000, 0x00000000d5c00000, 0x0000000100000000)
  eden space 4096K, 0% used [0x00000000d5580000,0x00000000d5580000,0x00000000d5980000)
  from space 1024K, 43% used [0x00000000d5a80000,0x00000000d5af0020,0x00000000d5b80000)
  to   space 1024K, 0% used [0x00000000d5980000,0x00000000d5980000,0x00000000d5a80000)
 ParOldGen       total 783872K, used 288510K [0x0000000080000000, 0x00000000afd80000, 0x00000000d5580000)
  object space 783872K, 36% used [0x0000000080000000,0x00000000919bfab0,0x00000000afd80000)
 Metaspace       used 74676K, committed 76352K, reserved 1179648K
  class space    used 7392K, committed 8192K, reserved 1048576K
}
Event: 255.555 GC heap before
{Heap before GC invocations=1333 (full 4):
 PSYoungGen      total 5120K, used 4544K [0x00000000d5580000, 0x00000000d5c00000, 0x0000000100000000)
  eden space 4096K, 100% used [0x00000000d5580000,0x00000000d5980000,0x00000000d5980000)
  from space 1024K, 43% used [0x00000000d5a80000,0x00000000d5af0020,0x00000000d5b80000)
  to   space 1024K, 0% used [0x00000000d5980000,0x00000000d5980000,0x00000000d5a80000)
 ParOldGen       total 783872K, used 288510K [0x0000000080000000, 0x00000000afd80000, 0x00000000d5580000)
  object space 783872K, 36% used [0x0000000080000000,0x00000000919bfab0,0x00000000afd80000)
 Metaspace       used 74677K, committed 76352K, reserved 1179648K
  class space    used 7392K, committed 8192K, reserved 1048576K
}
Event: 255.557 GC heap after
{Heap after GC invocations=1333 (full 4):
 PSYoungGen      total 5120K, used 480K [0x00000000d5580000, 0x00000000d5b00000, 0x0000000100000000)
  eden space 4096K, 0% used [0x00000000d5580000,0x00000000d5580000,0x00000000d5980000)
  from space 1024K, 46% used [0x00000000d5980000,0x00000000d59f8000,0x00000000d5a80000)
  to   space 512K, 0% used [0x00000000d5a80000,0x00000000d5a80000,0x00000000d5b00000)
 ParOldGen       total 783872K, used 288798K [0x0000000080000000, 0x00000000afd80000, 0x00000000d5580000)
  object space 783872K, 36% used [0x0000000080000000,0x0000000091a07ad0,0x00000000afd80000)
 Metaspace       used 74677K, committed 76352K, reserved 1179648K
  class space    used 7392K, committed 8192K, reserved 1048576K
}
Event: 255.830 GC heap before
{Heap before GC invocations=1334 (full 4):
 PSYoungGen      total 5120K, used 4576K [0x00000000d5580000, 0x00000000d5b00000, 0x0000000100000000)
  eden space 4096K, 100% used [0x00000000d5580000,0x00000000d5980000,0x00000000d5980000)
  from space 1024K, 46% used [0x00000000d5980000,0x00000000d59f8000,0x00000000d5a80000)
  to   space 512K, 0% used [0x00000000d5a80000,0x00000000d5a80000,0x00000000d5b00000)
 ParOldGen       total 783872K, used 288798K [0x0000000080000000, 0x00000000afd80000, 0x00000000d5580000)
  object space 783872K, 36% used [0x0000000080000000,0x0000000091a07ad0,0x00000000afd80000)
 Metaspace       used 74677K, committed 76352K, reserved 1179648K
  class space    used 7392K, committed 8192K, reserved 1048576K
}
Event: 255.832 GC heap after
{Heap after GC invocations=1334 (full 4):
 PSYoungGen      total 4608K, used 436K [0x00000000d5580000, 0x00000000d5b00000, 0x0000000100000000)
  eden space 4096K, 0% used [0x00000000d5580000,0x00000000d5580000,0x00000000d5980000)
  from space 512K, 85% used [0x00000000d5a80000,0x00000000d5aed200,0x00000000d5b00000)
  to   space 512K, 0% used [0x00000000d5a00000,0x00000000d5a00000,0x00000000d5a80000)
 ParOldGen       total 783872K, used 289179K [0x0000000080000000, 0x00000000afd80000, 0x00000000d5580000)
  object space 783872K, 36% used [0x0000000080000000,0x0000000091a66ec0,0x00000000afd80000)
 Metaspace       used 74677K, committed 76352K, reserved 1179648K
  class space    used 7392K, committed 8192K, reserved 1048576K
}
Event: 255.839 GC heap before
{Heap before GC invocations=1335 (full 4):
 PSYoungGen      total 4608K, used 4532K [0x00000000d5580000, 0x00000000d5b00000, 0x0000000100000000)
  eden space 4096K, 100% used [0x00000000d5580000,0x00000000d5980000,0x00000000d5980000)
  from space 512K, 85% used [0x00000000d5a80000,0x00000000d5aed200,0x00000000d5b00000)
  to   space 512K, 0% used [0x00000000d5a00000,0x00000000d5a00000,0x00000000d5a80000)
 ParOldGen       total 783872K, used 289179K [0x0000000080000000, 0x00000000afd80000, 0x00000000d5580000)
  object space 783872K, 36% used [0x0000000080000000,0x0000000091a66ec0,0x00000000afd80000)
 Metaspace       used 74677K, committed 76352K, reserved 1179648K
  class space    used 7392K, committed 8192K, reserved 1048576K
}
Event: 255.842 GC heap after
{Heap after GC invocations=1335 (full 4):
 PSYoungGen      total 4608K, used 448K [0x00000000d5580000, 0x00000000d5b00000, 0x0000000100000000)
  eden space 4096K, 0% used [0x00000000d5580000,0x00000000d5580000,0x00000000d5980000)
  from space 512K, 87% used [0x00000000d5a00000,0x00000000d5a70020,0x00000000d5a80000)
  to   space 512K, 0% used [0x00000000d5a80000,0x00000000d5a80000,0x00000000d5b00000)
 ParOldGen       total 783872K, used 289580K [0x0000000080000000, 0x00000000afd80000, 0x00000000d5580000)
  object space 783872K, 36% used [0x0000000080000000,0x0000000091acb090,0x00000000afd80000)
 Metaspace       used 74677K, committed 76352K, reserved 1179648K
  class space    used 7392K, committed 8192K, reserved 1048576K
}
Event: 255.848 GC heap before
{Heap before GC invocations=1336 (full 4):
 PSYoungGen      total 4608K, used 4544K [0x00000000d5580000, 0x00000000d5b00000, 0x0000000100000000)
  eden space 4096K, 100% used [0x00000000d5580000,0x00000000d5980000,0x00000000d5980000)
  from space 512K, 87% used [0x00000000d5a00000,0x00000000d5a70020,0x00000000d5a80000)
  to   space 512K, 0% used [0x00000000d5a80000,0x00000000d5a80000,0x00000000d5b00000)
 ParOldGen       total 783872K, used 289580K [0x0000000080000000, 0x00000000afd80000, 0x00000000d5580000)
  object space 783872K, 36% used [0x0000000080000000,0x0000000091acb090,0x00000000afd80000)
 Metaspace       used 74677K, committed 76352K, reserved 1179648K
  class space    used 7392K, committed 8192K, reserved 1048576K
}
Event: 255.851 GC heap after
{Heap after GC invocations=1336 (full 4):
 PSYoungGen      total 4096K, used 512K [0x00000000d5580000, 0x00000000d5c80000, 0x0000000100000000)
  eden space 3584K, 0% used [0x00000000d5580000,0x00000000d5580000,0x00000000d5900000)
  from space 512K, 100% used [0x00000000d5a80000,0x00000000d5b00000,0x00000000d5b00000)
  to   space 1536K, 0% used [0x00000000d5900000,0x00000000d5900000,0x00000000d5a80000)
 ParOldGen       total 783872K, used 290060K [0x0000000080000000, 0x00000000afd80000, 0x00000000d5580000)
  object space 783872K, 37% used [0x0000000080000000,0x0000000091b430b0,0x00000000afd80000)
 Metaspace       used 74677K, committed 76352K, reserved 1179648K
  class space    used 7392K, committed 8192K, reserved 1048576K
}

Dll operation events (10 events):
Event: 0.011 Loaded shared library c:\Users\nikhi\.vscode\extensions\redhat.java-1.43.1-win32-x64\jre\21.0.7-win32-x86_64\bin\java.dll
Event: 0.071 Loaded shared library c:\Users\nikhi\.vscode\extensions\redhat.java-1.43.1-win32-x64\jre\21.0.7-win32-x86_64\bin\zip.dll
Event: 0.087 Loaded shared library C:\Users\nikhi\.vscode\extensions\redhat.java-1.43.1-win32-x64\jre\21.0.7-win32-x86_64\bin\instrument.dll
Event: 0.091 Loaded shared library C:\Users\nikhi\.vscode\extensions\redhat.java-1.43.1-win32-x64\jre\21.0.7-win32-x86_64\bin\net.dll
Event: 0.093 Loaded shared library C:\Users\nikhi\.vscode\extensions\redhat.java-1.43.1-win32-x64\jre\21.0.7-win32-x86_64\bin\nio.dll
Event: 0.095 Loaded shared library C:\Users\nikhi\.vscode\extensions\redhat.java-1.43.1-win32-x64\jre\21.0.7-win32-x86_64\bin\zip.dll
Event: 0.108 Loaded shared library C:\Users\nikhi\.vscode\extensions\redhat.java-1.43.1-win32-x64\jre\21.0.7-win32-x86_64\bin\jimage.dll
Event: 0.192 Loaded shared library c:\Users\nikhi\.vscode\extensions\redhat.java-1.43.1-win32-x64\jre\21.0.7-win32-x86_64\bin\verify.dll
Event: 1.025 Loaded shared library C:\Users\nikhi\AppData\Roaming\Code\User\globalStorage\redhat.java\1.43.1\config_win\org.eclipse.equinox.launcher\org.eclipse.equinox.launcher.win32.win32.x86_64_1.2.1300.v20250331-1702\eclipse_11911.dll
Event: 2.016 Loaded shared library C:\Users\nikhi\AppData\Local\Temp\jna-104821521\jna10543547140752178059.dll

Deoptimization events (20 events):
Event: 255.103 Thread 0x000001aafb6e7e40 DEOPT PACKING pc=0x000001aadebce4bf sp=0x0000002d9d1fdda0
Event: 255.103 Thread 0x000001aafb6e7e40 DEOPT UNPACKING pc=0x000001aae5104242 sp=0x0000002d9d1fd368 mode 0
Event: 255.104 Thread 0x000001aafb6e7e40 Uncommon trap: trap_request=0xffffff45 fr.pc=0x000001aae62d6a7c relative=0x0000000000000c5c
Event: 255.104 Thread 0x000001aafb6e7e40 Uncommon trap: reason=unstable_if action=reinterpret pc=0x000001aae62d6a7c method=org.eclipse.jdt.internal.compiler.codegen.ConstantPool.literalIndexForLdc([C)I @ 90 c2
Event: 255.104 Thread 0x000001aafb6e7e40 DEOPT PACKING pc=0x000001aae62d6a7c sp=0x0000002d9d1fdc00
Event: 255.104 Thread 0x000001aafb6e7e40 DEOPT UNPACKING pc=0x000001aae5103aa2 sp=0x0000002d9d1fdb70 mode 2
Event: 255.260 Thread 0x000001aaf9a082d0 Uncommon trap: trap_request=0xffffffbe fr.pc=0x000001aae6425590 relative=0x00000000000007d0
Event: 255.260 Thread 0x000001aaf9a082d0 Uncommon trap: reason=profile_predicate action=maybe_recompile pc=0x000001aae6425590 method=lombok.eclipse.handlers.HandleConstructor.fieldsNeedingBuilderDefaults(Llombok/eclipse/EclipseNode;Ljava/util/Collection;)Ljava/util/List; @ 134 c2
Event: 255.260 Thread 0x000001aaf9a082d0 DEOPT PACKING pc=0x000001aae6425590 sp=0x0000002da05fdfa0
Event: 255.260 Thread 0x000001aaf9a082d0 DEOPT UNPACKING pc=0x000001aae5103aa2 sp=0x0000002da05fdf30 mode 2
Event: 255.397 Thread 0x000001aafb6e7e40 Uncommon trap: trap_request=0xffffffbe fr.pc=0x000001aae61e3d48 relative=0x0000000000000728
Event: 255.397 Thread 0x000001aafb6e7e40 Uncommon trap: reason=profile_predicate action=maybe_recompile pc=0x000001aae61e3d48 method=java.util.HashMap$TreeNode.find(ILjava/lang/Object;Ljava/lang/Class;)Ljava/util/HashMap$TreeNode; @ 3 c2
Event: 255.397 Thread 0x000001aafb6e7e40 DEOPT PACKING pc=0x000001aae61e3d48 sp=0x0000002d9d1fe5a0
Event: 255.397 Thread 0x000001aafb6e7e40 DEOPT UNPACKING pc=0x000001aae5103aa2 sp=0x0000002d9d1fe540 mode 2
Event: 255.397 Thread 0x000001aafb6e7e40 Uncommon trap: trap_request=0xffffffbe fr.pc=0x000001aae61e3d48 relative=0x0000000000000728
Event: 255.397 Thread 0x000001aafb6e7e40 Uncommon trap: reason=profile_predicate action=maybe_recompile pc=0x000001aae61e3d48 method=java.util.HashMap$TreeNode.find(ILjava/lang/Object;Ljava/lang/Class;)Ljava/util/HashMap$TreeNode; @ 3 c2
Event: 255.397 Thread 0x000001aafb6e7e40 DEOPT PACKING pc=0x000001aae61e3d48 sp=0x0000002d9d1fe5a0
Event: 255.397 Thread 0x000001aafb6e7e40 DEOPT UNPACKING pc=0x000001aae5103aa2 sp=0x0000002d9d1fe540 mode 2
Event: 255.853 Thread 0x000001aafb6e7e40 DEOPT PACKING pc=0x000001aae01be717 sp=0x0000002d9d1fdd10
Event: 255.853 Thread 0x000001aafb6e7e40 DEOPT UNPACKING pc=0x000001aae5104242 sp=0x0000002d9d1fd1d0 mode 0

Classes loaded (20 events):
Event: 18.556 Loading class org/xml/sax/SAXNotRecognizedException
Event: 18.557 Loading class org/xml/sax/SAXNotRecognizedException done
Event: 18.557 Loading class org/xml/sax/SAXNotSupportedException
Event: 18.557 Loading class org/xml/sax/SAXNotSupportedException done
Event: 18.562 Loading class com/sun/org/apache/xerces/internal/util/URI
Event: 18.568 Loading class com/sun/org/apache/xerces/internal/util/URI done
Event: 18.574 Loading class com/sun/org/apache/xerces/internal/xni/XNIException
Event: 18.577 Loading class com/sun/org/apache/xerces/internal/xni/XNIException done
Event: 18.578 Loading class com/sun/org/apache/xerces/internal/xni/parser/XMLParseException
Event: 18.579 Loading class com/sun/org/apache/xerces/internal/xni/parser/XMLParseException done
Event: 19.855 Loading class sun/nio/fs/WindowsFileCopy
Event: 19.856 Loading class sun/nio/fs/WindowsFileCopy done
Event: 30.643 Loading class jdk/internal/ref/CleanerImpl$InnocuousThreadFactory
Event: 30.645 Loading class jdk/internal/ref/CleanerImpl$InnocuousThreadFactory done
Event: 31.035 Loading class sun/nio/cs/ISO_8859_1$Encoder
Event: 31.036 Loading class sun/nio/cs/ISO_8859_1$Encoder done
Event: 31.036 Loading class sun/nio/cs/Surrogate$Parser
Event: 31.037 Loading class sun/nio/cs/Surrogate$Parser done
Event: 31.037 Loading class sun/nio/cs/Surrogate
Event: 31.037 Loading class sun/nio/cs/Surrogate done

Classes unloaded (11 events):
Event: 2.347 Thread 0x000001aada9272f0 Unloading class 0x000001aa811a4800 'java/lang/invoke/LambdaForm$MH+0x000001aa811a4800'
Event: 2.347 Thread 0x000001aada9272f0 Unloading class 0x000001aa811a4400 'java/lang/invoke/LambdaForm$MH+0x000001aa811a4400'
Event: 2.347 Thread 0x000001aada9272f0 Unloading class 0x000001aa811a4000 'java/lang/invoke/LambdaForm$MH+0x000001aa811a4000'
Event: 2.347 Thread 0x000001aada9272f0 Unloading class 0x000001aa811a3c00 'java/lang/invoke/LambdaForm$MH+0x000001aa811a3c00'
Event: 2.347 Thread 0x000001aada9272f0 Unloading class 0x000001aa811a3800 'java/lang/invoke/LambdaForm$BMH+0x000001aa811a3800'
Event: 2.347 Thread 0x000001aada9272f0 Unloading class 0x000001aa811a3400 'java/lang/invoke/LambdaForm$DMH+0x000001aa811a3400'
Event: 2.347 Thread 0x000001aada9272f0 Unloading class 0x000001aa811a2000 'java/lang/invoke/LambdaForm$DMH+0x000001aa811a2000'
Event: 234.142 Thread 0x000001aada9272f0 Unloading class 0x000001aa81798000 'java/lang/invoke/LambdaForm$DMH+0x000001aa81798000'
Event: 234.142 Thread 0x000001aada9272f0 Unloading class 0x000001aa816a5000 'java/lang/invoke/LambdaForm$DMH+0x000001aa816a5000'
Event: 234.142 Thread 0x000001aada9272f0 Unloading class 0x000001aa816a4c00 'java/lang/invoke/LambdaForm$DMH+0x000001aa816a4c00'
Event: 234.143 Thread 0x000001aada9272f0 Unloading class 0x000001aa816a4800 'java/lang/invoke/LambdaForm$DMH+0x000001aa816a4800'

Classes redefined (0 events):
No events

Internal exceptions (20 events):
Event: 28.907 Thread 0x000001aaf802d7e0 Exception <a 'sun/nio/fs/WindowsException'{0x00000000d563ee48}> (0x00000000d563ee48) 
thrown [s\src\hotspot\share\prims\jni.cpp, line 520]
Event: 29.021 Thread 0x000001aaf802d7e0 Exception <a 'sun/nio/fs/WindowsException'{0x00000000d5a01be0}> (0x00000000d5a01be0) 
thrown [s\src\hotspot\share\prims\jni.cpp, line 520]
Event: 29.051 Thread 0x000001aaf802d7e0 Exception <a 'sun/nio/fs/WindowsException'{0x00000000d56c7db8}> (0x00000000d56c7db8) 
thrown [s\src\hotspot\share\prims\jni.cpp, line 520]
Event: 30.020 Thread 0x000001aaf9a0b0c0 Exception <a 'java/lang/IncompatibleClassChangeError'{0x00000000d58a1dd8}: Found class java.lang.Object, but interface was expected> (0x00000000d58a1dd8) 
thrown [s\src\hotspot\share\interpreter\linkResolver.cpp, line 840]
Event: 30.145 Thread 0x000001aafb756d00 Implicit null exception at 0x000001aae5cacbcc to 0x000001aae5cad3a8
Event: 30.148 Thread 0x000001aafb6e7e40 Exception <a 'sun/nio/fs/WindowsException'{0x00000000d59c0560}> (0x00000000d59c0560) 
thrown [s\src\hotspot\share\prims\jni.cpp, line 520]
Event: 30.149 Thread 0x000001aafb6e7e40 Exception <a 'sun/nio/fs/WindowsException'{0x00000000d59c0e60}> (0x00000000d59c0e60) 
thrown [s\src\hotspot\share\prims\jni.cpp, line 520]
Event: 30.151 Thread 0x000001aafb6e7e40 Exception <a 'sun/nio/fs/WindowsException'{0x00000000d59c1ff0}> (0x00000000d59c1ff0) 
thrown [s\src\hotspot\share\prims\jni.cpp, line 520]
Event: 30.151 Thread 0x000001aafb6e7e40 Exception <a 'sun/nio/fs/WindowsException'{0x00000000d59c28d0}> (0x00000000d59c28d0) 
thrown [s\src\hotspot\share\prims\jni.cpp, line 520]
Event: 30.158 Thread 0x000001aafb6e7e40 Exception <a 'sun/nio/fs/WindowsException'{0x00000000d5a5df10}> (0x00000000d5a5df10) 
thrown [s\src\hotspot\share\prims\jni.cpp, line 520]
Event: 30.158 Thread 0x000001aafb6e7e40 Exception <a 'sun/nio/fs/WindowsException'{0x00000000d5a5e7f0}> (0x00000000d5a5e7f0) 
thrown [s\src\hotspot\share\prims\jni.cpp, line 520]
Event: 30.259 Thread 0x000001aafb6e7e40 Exception <a 'sun/nio/fs/WindowsException'{0x00000000d561ac40}> (0x00000000d561ac40) 
thrown [s\src\hotspot\share\prims\jni.cpp, line 520]
Event: 30.259 Thread 0x000001aafb6e7e40 Exception <a 'sun/nio/fs/WindowsException'{0x00000000d561b520}> (0x00000000d561b520) 
thrown [s\src\hotspot\share\prims\jni.cpp, line 520]
Event: 198.825 Thread 0x000001aaf9a0b0c0 Exception <a 'java/lang/IncompatibleClassChangeError'{0x00000000d5659c20}: Found class java.lang.Object, but interface was expected> (0x00000000d5659c20) 
thrown [s\src\hotspot\share\interpreter\linkResolver.cpp, line 840]
Event: 199.137 Thread 0x000001aaf9a0b0c0 Exception <a 'java/lang/IncompatibleClassChangeError'{0x00000000d56bb528}: Found class java.lang.Object, but interface was expected> (0x00000000d56bb528) 
thrown [s\src\hotspot\share\interpreter\linkResolver.cpp, line 840]
Event: 199.176 Thread 0x000001aaf9a0b0c0 Exception <a 'java/lang/IncompatibleClassChangeError'{0x00000000d56fe760}: Found class java.lang.Object, but interface was expected> (0x00000000d56fe760) 
thrown [s\src\hotspot\share\interpreter\linkResolver.cpp, line 840]
Event: 199.314 Thread 0x000001aaf7c1e590 Exception <a 'java/lang/NoSuchMethodError'{0x00000000d57aee08}: 'java.lang.Object java.lang.invoke.DirectMethodHandle$Holder.invokeSpecial(java.lang.Object, java.lang.Object, java.lang.Object, java.lang.Object, int, java.lang.Object, java.lang.Object)'> (0x00000000d57aee08) 
thrown [s\src\hotspot\share\interpreter\linkResolver.cpp, line 773]
Event: 199.314 Thread 0x000001aafb6e7e40 Exception <a 'java/lang/NoSuchMethodError'{0x00000000d575cb70}: 'java.lang.Object java.lang.invoke.DirectMethodHandle$Holder.invokeSpecial(java.lang.Object, java.lang.Object, java.lang.Object, java.lang.Object, int, java.lang.Object, java.lang.Object)'> (0x00000000d575cb70) 
thrown [s\src\hotspot\share\interpreter\linkResolver.cpp, line 773]
Event: 200.438 Thread 0x000001aafb6e8b60 Exception <a 'java/lang/NoSuchMethodError'{0x00000000d561d018}: 'java.lang.Object java.lang.invoke.DirectMethodHandle$Holder.invokeStatic(java.lang.Object, int, int, java.lang.Object)'> (0x00000000d561d018) 
thrown [s\src\hotspot\share\interpreter\linkResolver.cpp, line 773]
Event: 201.028 Thread 0x000001aafb755fe0 Exception <a 'java/lang/NoSuchMethodError'{0x00000000d5723aa0}: 'void java.lang.invoke.DirectMethodHandle$Holder.invokeSpecial(java.lang.Object, java.lang.Object, int)'> (0x00000000d5723aa0) 
thrown [s\src\hotspot\share\interpreter\linkResolver.cpp, line 773]

ZGC Phase Switch (0 events):
No events

VM Operations (20 events):
Event: 255.081 Executing VM operation: ParallelGCFailedAllocation (Allocation Failure)
Event: 255.084 Executing VM operation: ParallelGCFailedAllocation (Allocation Failure) done
Event: 255.093 Executing VM operation: ParallelGCFailedAllocation (Allocation Failure)
Event: 255.096 Executing VM operation: ParallelGCFailedAllocation (Allocation Failure) done
Event: 255.106 Executing VM operation: ParallelGCFailedAllocation (Allocation Failure)
Event: 255.110 Executing VM operation: ParallelGCFailedAllocation (Allocation Failure) done
Event: 255.254 Executing VM operation: ParallelGCFailedAllocation (Allocation Failure)
Event: 255.259 Executing VM operation: ParallelGCFailedAllocation (Allocation Failure) done
Event: 255.264 Executing VM operation: ParallelGCFailedAllocation (Allocation Failure)
Event: 255.266 Executing VM operation: ParallelGCFailedAllocation (Allocation Failure) done
Event: 255.555 Executing VM operation: ParallelGCFailedAllocation (Allocation Failure)
Event: 255.557 Executing VM operation: ParallelGCFailedAllocation (Allocation Failure) done
Event: 255.830 Executing VM operation: ParallelGCFailedAllocation (Allocation Failure)
Event: 255.832 Executing VM operation: ParallelGCFailedAllocation (Allocation Failure) done
Event: 255.839 Executing VM operation: ParallelGCFailedAllocation (Allocation Failure)
Event: 255.842 Executing VM operation: ParallelGCFailedAllocation (Allocation Failure) done
Event: 255.848 Executing VM operation: ParallelGCFailedAllocation (Allocation Failure)
Event: 255.851 Executing VM operation: ParallelGCFailedAllocation (Allocation Failure) done
Event: 256.851 Executing VM operation: Cleanup
Event: 256.851 Executing VM operation: Cleanup done

Memory protections (0 events):
No events

Nmethod flushes (20 events):
Event: 235.178 Thread 0x000001aada9272f0 flushing  nmethod 0x000001aaded28590
Event: 235.178 Thread 0x000001aada9272f0 flushing  nmethod 0x000001aaded28990
Event: 235.178 Thread 0x000001aada9272f0 flushing  nmethod 0x000001aaded30810
Event: 235.178 Thread 0x000001aada9272f0 flushing  nmethod 0x000001aaded3f790
Event: 235.178 Thread 0x000001aada9272f0 flushing  nmethod 0x000001aaded50610
Event: 235.178 Thread 0x000001aada9272f0 flushing  nmethod 0x000001aaded51110
Event: 235.178 Thread 0x000001aada9272f0 flushing  nmethod 0x000001aaded60790
Event: 235.178 Thread 0x000001aada9272f0 flushing  nmethod 0x000001aaded67390
Event: 235.178 Thread 0x000001aada9272f0 flushing  nmethod 0x000001aaded83490
Event: 235.178 Thread 0x000001aada9272f0 flushing  nmethod 0x000001aaded83910
Event: 235.178 Thread 0x000001aada9272f0 flushing  nmethod 0x000001aadedb1d90
Event: 235.178 Thread 0x000001aada9272f0 flushing  nmethod 0x000001aadedbc710
Event: 235.178 Thread 0x000001aada9272f0 flushing osr nmethod 0x000001aadedcd890
Event: 235.179 Thread 0x000001aada9272f0 flushing  nmethod 0x000001aadeddab10
Event: 235.179 Thread 0x000001aada9272f0 flushing  nmethod 0x000001aadede7390
Event: 235.179 Thread 0x000001aada9272f0 flushing  nmethod 0x000001aadede7a10
Event: 235.179 Thread 0x000001aada9272f0 flushing  nmethod 0x000001aadedfe490
Event: 235.179 Thread 0x000001aada9272f0 flushing  nmethod 0x000001aadee03610
Event: 235.179 Thread 0x000001aada9272f0 flushing  nmethod 0x000001aadee12e90
Event: 235.179 Thread 0x000001aada9272f0 flushing  nmethod 0x000001aadee26890

Events (20 events):
Event: 89.057 Thread 0x000001aaf802f220 Thread exited: 0x000001aaf802f220
Event: 89.061 Thread 0x000001aaf802f8b0 Thread exited: 0x000001aaf802f8b0
Event: 89.874 Thread 0x000001aaf8030c60 Thread exited: 0x000001aaf8030c60
Event: 90.047 Thread 0x000001aaf80312f0 Thread exited: 0x000001aaf80312f0
Event: 91.437 Thread 0x000001aafb756670 Thread exited: 0x000001aafb756670
Event: 130.658 Thread 0x000001aaf9a0aa30 Thread exited: 0x000001aaf9a0aa30
Event: 151.448 Thread 0x000001aafb6e7e40 Thread exited: 0x000001aafb6e7e40
Event: 190.669 Thread 0x000001aaf9a0d820 Thread exited: 0x000001aaf9a0d820
Event: 198.555 Thread 0x000001aaf9a0b0c0 Thread added: 0x000001aafb6eac30
Event: 199.227 Thread 0x000001aaf9a0b0c0 Thread added: 0x000001aafb6e9f10
Event: 199.232 Thread 0x000001aafb6e9f10 Thread added: 0x000001aafb6e7e40
Event: 199.311 Thread 0x000001aadaa4a750 Thread added: 0x000001aafb5523a0
Event: 208.760 Thread 0x000001aafb5523a0 Thread exited: 0x000001aafb5523a0
Event: 239.940 Thread 0x000001aaf2bcc0a0 Thread added: 0x000001aaf2de0b10
Event: 241.989 Thread 0x000001aaf2de0b10 Thread exited: 0x000001aaf2de0b10
Event: 242.081 Thread 0x000001aaf2bcc0a0 Thread added: 0x000001aaf2de11e0
Event: 242.226 Thread 0x000001aaf2de11e0 Thread exited: 0x000001aaf2de11e0
Event: 242.785 Thread 0x000001aaf2bcc0a0 Thread added: 0x000001aaf2ddefd0
Event: 243.611 Thread 0x000001aaf2ddefd0 Thread exited: 0x000001aaf2ddefd0
Event: 252.158 Thread 0x000001aaf9a0cb00 Thread exited: 0x000001aaf9a0cb00


Dynamic libraries:
0x00007ff792eb0000 - 0x00007ff792ebe000 	c:\Users\nikhi\.vscode\extensions\redhat.java-1.43.1-win32-x64\jre\21.0.7-win32-x86_64\bin\java.exe
0x00007ffdbe320000 - 0x00007ffdbe588000 	C:\WINDOWS\SYSTEM32\ntdll.dll
0x00007ffdbcf20000 - 0x00007ffdbcfe9000 	C:\WINDOWS\System32\KERNEL32.DLL
0x00007ffdbb930000 - 0x00007ffdbbd1d000 	C:\WINDOWS\System32\KERNELBASE.dll
0x00007ffdbb470000 - 0x00007ffdbb5bb000 	C:\WINDOWS\System32\ucrtbase.dll
0x00007ffd9b380000 - 0x00007ffd9b398000 	c:\Users\nikhi\.vscode\extensions\redhat.java-1.43.1-win32-x64\jre\21.0.7-win32-x86_64\bin\jli.dll
0x00007ffd94830000 - 0x00007ffd9484e000 	c:\Users\nikhi\.vscode\extensions\redhat.java-1.43.1-win32-x64\jre\21.0.7-win32-x86_64\bin\VCRUNTIME140.dll
0x00007ffdbc2a0000 - 0x00007ffdbc46c000 	C:\WINDOWS\System32\USER32.dll
0x00007ffdbbde0000 - 0x00007ffdbbe07000 	C:\WINDOWS\System32\win32u.dll
0x00007ffdbde20000 - 0x00007ffdbde4b000 	C:\WINDOWS\System32\GDI32.dll
0x00007ffdbb670000 - 0x00007ffdbb7a7000 	C:\WINDOWS\System32\gdi32full.dll
0x00007ffdbb5c0000 - 0x00007ffdbb663000 	C:\WINDOWS\System32\msvcp_win.dll
0x00007ffda66b0000 - 0x00007ffda694a000 	C:\WINDOWS\WinSxS\amd64_microsoft.windows.common-controls_6595b64144ccf1df_6.0.26100.4484_none_3e0e6d4ce32ef3b3\COMCTL32.dll
0x00007ffdbe230000 - 0x00007ffdbe2d9000 	C:\WINDOWS\System32\msvcrt.dll
0x00007ffdbc250000 - 0x00007ffdbc27f000 	C:\WINDOWS\System32\IMM32.DLL
0x00000000532f0000 - 0x00000000532fc000 	C:\Program Files (x86)\360\Total Security\safemon\SafeWrapper.dll
0x00007ffdbd2f0000 - 0x00007ffdbd3a4000 	C:\WINDOWS\System32\ADVAPI32.dll
0x00007ffdbdd70000 - 0x00007ffdbde16000 	C:\WINDOWS\System32\sechost.dll
0x00007ffdbcc90000 - 0x00007ffdbcda8000 	C:\WINDOWS\System32\RPCRT4.dll
0x00007ffd5f8a0000 - 0x00007ffd5f94c000 	C:\Program Files (x86)\360\Total Security\safemon\libzdtp64.dll
0x00007ffdbd620000 - 0x00007ffdbdd6a000 	C:\WINDOWS\System32\SHELL32.dll
0x00007ffdbbe10000 - 0x00007ffdbbf84000 	C:\WINDOWS\System32\wintypes.dll
0x00007ffdbdea0000 - 0x00007ffdbe226000 	C:\WINDOWS\System32\combase.dll
0x00007ffdbcbf0000 - 0x00007ffdbcc5a000 	C:\WINDOWS\System32\SHLWAPI.dll
0x00007ffdbad50000 - 0x00007ffdbad5b000 	C:\WINDOWS\SYSTEM32\VERSION.dll
0x00007ffdb2f80000 - 0x00007ffdb2f8c000 	c:\Users\nikhi\.vscode\extensions\redhat.java-1.43.1-win32-x64\jre\21.0.7-win32-x86_64\bin\vcruntime140_1.dll
0x00007ffd5e470000 - 0x00007ffd5e4fd000 	c:\Users\nikhi\.vscode\extensions\redhat.java-1.43.1-win32-x64\jre\21.0.7-win32-x86_64\bin\msvcp140.dll
0x00007ffd3b840000 - 0x00007ffd3c5d0000 	c:\Users\nikhi\.vscode\extensions\redhat.java-1.43.1-win32-x64\jre\21.0.7-win32-x86_64\bin\server\jvm.dll
0x00007ffdbd5a0000 - 0x00007ffdbd614000 	C:\WINDOWS\System32\WS2_32.dll
0x00007ffdbb2c0000 - 0x00007ffdbb31e000 	C:\WINDOWS\SYSTEM32\POWRPROF.dll
0x00007ffda8780000 - 0x00007ffda87b5000 	C:\WINDOWS\SYSTEM32\WINMM.dll
0x00007ffdbb2a0000 - 0x00007ffdbb2b4000 	C:\WINDOWS\SYSTEM32\UMPDC.dll
0x00007ffdba1a0000 - 0x00007ffdba1bb000 	C:\WINDOWS\SYSTEM32\kernel.appcore.dll
0x00007ffdacb40000 - 0x00007ffdacb4a000 	c:\Users\nikhi\.vscode\extensions\redhat.java-1.43.1-win32-x64\jre\21.0.7-win32-x86_64\bin\jimage.dll
0x00007ffdb8af0000 - 0x00007ffdb8d31000 	C:\WINDOWS\SYSTEM32\DBGHELP.DLL
0x00007ffdbd3b0000 - 0x00007ffdbd490000 	C:\WINDOWS\System32\OLEAUT32.dll
0x00007ffda3630000 - 0x00007ffda3673000 	C:\WINDOWS\SYSTEM32\dbgcore.DLL
0x00007ffdbc020000 - 0x00007ffdbc0b9000 	C:\WINDOWS\System32\bcryptPrimitives.dll
0x00007ffda10d0000 - 0x00007ffda10df000 	c:\Users\nikhi\.vscode\extensions\redhat.java-1.43.1-win32-x64\jre\21.0.7-win32-x86_64\bin\instrument.dll
0x00007ffd8efd0000 - 0x00007ffd8efef000 	c:\Users\nikhi\.vscode\extensions\redhat.java-1.43.1-win32-x64\jre\21.0.7-win32-x86_64\bin\java.dll
0x00007ffdb9060000 - 0x00007ffdb98bb000 	C:\WINDOWS\SYSTEM32\windows.storage.dll
0x00007ffdbc0c0000 - 0x00007ffdbc1b5000 	C:\WINDOWS\System32\SHCORE.dll
0x00007ffdbb380000 - 0x00007ffdbb3af000 	C:\WINDOWS\SYSTEM32\profapi.dll
0x00007ffd8e5c0000 - 0x00007ffd8e5d8000 	c:\Users\nikhi\.vscode\extensions\redhat.java-1.43.1-win32-x64\jre\21.0.7-win32-x86_64\bin\zip.dll
0x00007ffda0f20000 - 0x00007ffda0f30000 	C:\Users\nikhi\.vscode\extensions\redhat.java-1.43.1-win32-x64\jre\21.0.7-win32-x86_64\bin\net.dll
0x00007ffdb3cb0000 - 0x00007ffdb3dce000 	C:\WINDOWS\SYSTEM32\WINHTTP.dll
0x00007ffdba730000 - 0x00007ffdba79a000 	C:\WINDOWS\system32\mswsock.dll
0x00007ffd8e2b0000 - 0x00007ffd8e2c6000 	C:\Users\nikhi\.vscode\extensions\redhat.java-1.43.1-win32-x64\jre\21.0.7-win32-x86_64\bin\nio.dll
0x00007ffd9d650000 - 0x00007ffd9d660000 	c:\Users\nikhi\.vscode\extensions\redhat.java-1.43.1-win32-x64\jre\21.0.7-win32-x86_64\bin\verify.dll
0x00007ffd7d230000 - 0x00007ffd7d275000 	C:\Users\nikhi\AppData\Roaming\Code\User\globalStorage\redhat.java\1.43.1\config_win\org.eclipse.equinox.launcher\org.eclipse.equinox.launcher.win32.win32.x86_64_1.2.1300.v20250331-1702\eclipse_11911.dll
0x00007ffdbc5b0000 - 0x00007ffdbc74e000 	C:\WINDOWS\System32\ole32.dll
0x00007ffdba9e0000 - 0x00007ffdba9fb000 	C:\WINDOWS\SYSTEM32\CRYPTSP.dll
0x00007ffdba100000 - 0x00007ffdba13b000 	C:\WINDOWS\system32\rsaenh.dll
0x00007ffdba7d0000 - 0x00007ffdba7fb000 	C:\WINDOWS\SYSTEM32\USERENV.dll
0x00007ffdbb350000 - 0x00007ffdbb376000 	C:\WINDOWS\SYSTEM32\bcrypt.dll
0x00007ffdbaa00000 - 0x00007ffdbaa0c000 	C:\WINDOWS\SYSTEM32\CRYPTBASE.dll
0x00007ffdb9bd0000 - 0x00007ffdb9c03000 	C:\WINDOWS\SYSTEM32\IPHLPAPI.DLL
0x00007ffdbc290000 - 0x00007ffdbc29a000 	C:\WINDOWS\System32\NSI.dll
0x00007ffd9b2a0000 - 0x00007ffd9b2e9000 	C:\Users\nikhi\AppData\Local\Temp\jna-104821521\jna10543547140752178059.dll
0x00007ffdbd280000 - 0x00007ffdbd288000 	C:\WINDOWS\System32\PSAPI.DLL
0x00007ffdb4710000 - 0x00007ffdb472f000 	C:\WINDOWS\SYSTEM32\dhcpcsvc6.DLL
0x00007ffdb46e0000 - 0x00007ffdb4705000 	C:\WINDOWS\SYSTEM32\dhcpcsvc.DLL

dbghelp: loaded successfully - version: 4.0.5 - missing functions: none
symbol engine: initialized successfully - sym options: 0x614 - pdb path: .;c:\Users\nikhi\.vscode\extensions\redhat.java-1.43.1-win32-x64\jre\21.0.7-win32-x86_64\bin;C:\WINDOWS\SYSTEM32;C:\WINDOWS\WinSxS\amd64_microsoft.windows.common-controls_6595b64144ccf1df_6.0.26100.4484_none_3e0e6d4ce32ef3b3;C:\Program Files (x86)\360\Total Security\safemon;c:\Users\nikhi\.vscode\extensions\redhat.java-1.43.1-win32-x64\jre\21.0.7-win32-x86_64\bin\server;C:\Users\nikhi\AppData\Roaming\Code\User\globalStorage\redhat.java\1.43.1\config_win\org.eclipse.equinox.launcher\org.eclipse.equinox.launcher.win32.win32.x86_64_1.2.1300.v20250331-1702;C:\Users\nikhi\AppData\Local\Temp\jna-104821521

VM Arguments:
jvm_args: --add-modules=ALL-SYSTEM --add-opens=java.base/java.util=ALL-UNNAMED --add-opens=java.base/java.lang=ALL-UNNAMED --add-opens=java.base/sun.nio.fs=ALL-UNNAMED -Declipse.application=org.eclipse.jdt.ls.core.id1 -Dosgi.bundles.defaultStartLevel=4 -Declipse.product=org.eclipse.jdt.ls.core.product -Djava.import.generatesMetadataFilesAtProjectRoot=false -DDetectVMInstallationsJob.disabled=true -Dfile.encoding=utf8 -XX:+UseParallelGC -XX:GCTimeRatio=4 -XX:AdaptiveSizePolicyWeight=90 -Dsun.zip.disableMemoryMapping=true -Xmx2G -Xms100m -Xlog:disable -javaagent:c:\Users\nikhi\.vscode\extensions\redhat.java-1.43.1-win32-x64\lombok\lombok-1.18.39-4050.jar -XX:+HeapDumpOnOutOfMemoryError -XX:HeapDumpPath=c:\Users\nikhi\AppData\Roaming\Code\User\workspaceStorage\2c7cbe482d4aa630f73c311e50a62fd4\redhat.java -Daether.dependencyCollector.impl=bf 
java_command: c:\Users\nikhi\.vscode\extensions\redhat.java-1.43.1-win32-x64\server\plugins\org.eclipse.equinox.launcher_1.7.0.v20250519-0528.jar -configuration c:\Users\nikhi\AppData\Roaming\Code\User\globalStorage\redhat.java\1.43.1\config_win -data c:\Users\nikhi\AppData\Roaming\Code\User\workspaceStorage\2c7cbe482d4aa630f73c311e50a62fd4\redhat.java\jdt_ws --pipe=\\.\pipe\lsp-956fb5bc737df94812a93816772206a3-sock
java_class_path (initial): c:\Users\nikhi\.vscode\extensions\redhat.java-1.43.1-win32-x64\server\plugins\org.eclipse.equinox.launcher_1.7.0.v20250519-0528.jar
Launcher Type: SUN_STANDARD

[Global flags]
    uintx AdaptiveSizePolicyWeight                 = 90                                        {product} {command line}
     intx CICompilerCount                          = 4                                         {product} {ergonomic}
    uintx GCTimeRatio                              = 4                                         {product} {command line}
     bool HeapDumpOnOutOfMemoryError               = true                                   {manageable} {command line}
    ccstr HeapDumpPath                             = c:\Users\nikhi\AppData\Roaming\Code\User\workspaceStorage\2c7cbe482d4aa630f73c311e50a62fd4\redhat.java         {manageable} {command line}
   size_t InitialHeapSize                          = 104857600                                 {product} {command line}
   size_t MaxHeapSize                              = 2147483648                                {product} {command line}
   size_t MaxNewSize                               = 715653120                                 {product} {ergonomic}
   size_t MinHeapDeltaBytes                        = 524288                                    {product} {ergonomic}
   size_t MinHeapSize                              = 104857600                                 {product} {command line}
   size_t NewSize                                  = 34603008                                  {product} {ergonomic}
    uintx NonNMethodCodeHeapSize                   = 5839372                                {pd product} {ergonomic}
    uintx NonProfiledCodeHeapSize                  = 122909434                              {pd product} {ergonomic}
   size_t OldSize                                  = 70254592                                  {product} {ergonomic}
    uintx ProfiledCodeHeapSize                     = 122909434                              {pd product} {ergonomic}
    uintx ReservedCodeCacheSize                    = 251658240                              {pd product} {ergonomic}
     bool SegmentedCodeCache                       = true                                      {product} {ergonomic}
   size_t SoftMaxHeapSize                          = 2147483648                             {manageable} {ergonomic}
     bool UseCompressedOops                        = true                           {product lp64_product} {ergonomic}
     bool UseLargePagesIndividualAllocation        = false                                  {pd product} {ergonomic}
     bool UseParallelGC                            = true                                      {product} {command line}

Logging:
Log output configuration:
 #0: stdout all=off uptime,level,tags foldmultilines=false
 #1: stderr all=off uptime,level,tags foldmultilines=false

Environment Variables:
PATH=C:\Program Files\Common Files\Oracle\Java\javapath;C:\WINDOWS\system32;C:\WINDOWS;C:\WINDOWS\System32\Wbem;C:\WINDOWS\System32\WindowsPowerShell\v1.0\;C:\WINDOWS\System32\OpenSSH\;C:\Program Files\Java\jdk-23\bin;D:\node.js\;C:\Program Files\MySQL\MySQL Shell 8.0\bin\;C:\Users\nikhi\AppData\Local\Microsoft\WindowsApps;C:\Users\nikhi\AppData\Local\Programs\Microsoft VS Code\bin;C:\Users\nikhi\AppData\Local\Programs\cursor\resources\app\bin;C:\Users\nikhi\AppData\Roaming\npm
USERNAME=nikhi
OS=Windows_NT
PROCESSOR_IDENTIFIER=Intel64 Family 6 Model 165 Stepping 2, GenuineIntel
TMP=C:\Users\nikhi\AppData\Local\Temp
TEMP=C:\Users\nikhi\AppData\Local\Temp




Periodic native trim disabled

---------------  S Y S T E M  ---------------

OS:
 Windows 11 , 64 bit Build 26100 (10.0.26100.4484)
OS uptime: 4 days 9:33 hours

CPU: total 8 (initial active 8) (4 cores per cpu, 2 threads per core) family 6 model 165 stepping 2 microcode 0xfc, cx8, cmov, fxsr, ht, mmx, 3dnowpref, sse, sse2, sse3, ssse3, sse4.1, sse4.2, popcnt, lzcnt, tsc, tscinvbit, avx, avx2, aes, erms, clmul, bmi1, bmi2, adx, fma, vzeroupper, clflush, clflushopt, rdtscp, f16c, pku
Processor Information for the first 8 processors :
  Max Mhz: 2496, Current Mhz: 2496, Mhz Limit: 2496

Memory: 4k page, system-wide physical 3889M (182M free)
TotalPageFile size 15665M (AvailPageFile size 80M)
current process WorkingSet (physical memory assigned to process): 307M, peak: 527M
current process commit charge ("private bytes"): 1111M, peak: 1120M

vm_info: OpenJDK 64-Bit Server VM (21.0.7+6-LTS) for windows-amd64 JRE (21.0.7+6-LTS), built on 2025-04-15T00:00:00Z by "admin" with MS VC++ 17.7 (VS2022)

END.
