#
# There is insufficient memory for the Java Runtime Environment to continue.
# Native memory allocation (malloc) failed to allocate 1616016 bytes. Error detail: Chunk::new
# Possible reasons:
#   The system is out of physical RAM or swap space
#   This process is running with CompressedOops enabled, and the Java Heap may be blocking the growth of the native heap
# Possible solutions:
#   Reduce memory load on the system
#   Increase physical memory or swap space
#   Check if swap backing store is full
#   Decrease Java heap size (-Xmx/-Xms)
#   Decrease number of Java threads
#   Decrease Java thread stack sizes (-Xss)
#   Set larger code cache with -XX:ReservedCodeCacheSize=
#   JVM is running with Unscaled Compressed Oops mode in which the Java heap is
#     placed in the first 4GB address space. The Java Heap base address is the
#     maximum limit for the native heap growth. Please use -XX:HeapBaseMinAddress
#     to set the Java Heap base and to place the Java Heap above 4GB virtual address.
# This output file may be truncated or incomplete.
#
#  Out of Memory Error (arena.cpp:168), pid=213380, tid=193348
#
# JRE version: OpenJDK Runtime Environment Temurin-21.0.7+6 (21.0.7+6) (build 21.0.7+6-LTS)
# Java VM: OpenJDK 64-Bit Server VM Temurin-21.0.7+6 (21.0.7+6-LTS, mixed mode, sharing, tiered, compressed oops, compressed class ptrs, parallel gc, windows-amd64)
# No core dump will be written. Minidumps are not enabled by default on client versions of Windows
#

---------------  S U M M A R Y ------------

Command Line: --add-modules=ALL-SYSTEM --add-opens=java.base/java.util=ALL-UNNAMED --add-opens=java.base/java.lang=ALL-UNNAMED --add-opens=java.base/sun.nio.fs=ALL-UNNAMED -Declipse.application=org.eclipse.jdt.ls.core.id1 -Dosgi.bundles.defaultStartLevel=4 -Declipse.product=org.eclipse.jdt.ls.core.product -Djava.import.generatesMetadataFilesAtProjectRoot=false -DDetectVMInstallationsJob.disabled=true -Dfile.encoding=utf8 -XX:+UseParallelGC -XX:GCTimeRatio=4 -XX:AdaptiveSizePolicyWeight=90 -Dsun.zip.disableMemoryMapping=true -Xmx2G -Xms100m -Xlog:disable -javaagent:c:\Users\nikhi\.vscode\extensions\redhat.java-1.43.1-win32-x64\lombok\lombok-1.18.39-4050.jar -XX:+HeapDumpOnOutOfMemoryError -XX:HeapDumpPath=c:\Users\nikhi\AppData\Roaming\Code\User\workspaceStorage\2c7cbe482d4aa630f73c311e50a62fd4\redhat.java -Daether.dependencyCollector.impl=bf c:\Users\nikhi\.vscode\extensions\redhat.java-1.43.1-win32-x64\server\plugins\org.eclipse.equinox.launcher_1.7.0.v20250519-0528.jar -configuration c:\Users\nikhi\AppData\Roaming\Code\User\globalStorage\redhat.java\1.43.1\config_win -data c:\Users\nikhi\AppData\Roaming\Code\User\workspaceStorage\2c7cbe482d4aa630f73c311e50a62fd4\redhat.java\jdt_ws --pipe=\\.\pipe\lsp-acc4e464b88b030e384d21ae841425e1-sock

Host: Intel(R) Core(TM) i5-10300H CPU @ 2.50GHz, 8 cores, 3G,  Windows 11 , 64 bit Build 26100 (10.0.26100.4484)
Time: Sun Jul 27 15:18:34 2025 India Standard Time elapsed time: 4898.980645 seconds (0d 1h 21m 38s)

---------------  T H R E A D  ---------------

Current thread (0x000001c24a8f4e00):  JavaThread "C2 CompilerThread0" daemon [_thread_in_native, id=193348, stack(0x000000b529600000,0x000000b529700000) (1024K)]


Current CompileTask:
C2:4898980 20301       4       org.eclipse.jdt.internal.compiler.parser.Parser::consumeRule (7748 bytes)

Stack: [0x000000b529600000,0x000000b529700000]
Native frames: (J=compiled Java code, j=interpreted, Vv=VM code, C=native code)
V  [jvm.dll+0x6ce119]
V  [jvm.dll+0x8a84a1]
V  [jvm.dll+0x8aa9ce]
V  [jvm.dll+0x8ab0b3]
V  [jvm.dll+0x27f8a6]
V  [jvm.dll+0xc507d]
V  [jvm.dll+0xc55b3]
V  [jvm.dll+0x3b68f2]
V  [jvm.dll+0x382aa5]
V  [jvm.dll+0x381f0a]
V  [jvm.dll+0x247af0]
V  [jvm.dll+0x2470cf]
V  [jvm.dll+0x1c760e]
V  [jvm.dll+0x25695a]
V  [jvm.dll+0x254efa]
V  [jvm.dll+0x3f03f6]
V  [jvm.dll+0x851f6b]
V  [jvm.dll+0x6cc7dd]
C  [ucrtbase.dll+0x37b0]
C  [KERNEL32.DLL+0x2e8d7]
C  [ntdll.dll+0x3c34c]


---------------  P R O C E S S  ---------------

Threads class SMR info:
_java_thread_list=0x000001c273ddee80, length=57, elements={
0x000001c2483f20a0, 0x000001c24a8eb3b0, 0x000001c24a8ec000, 0x000001c24a8edf60,
0x000001c24a8f13a0, 0x000001c24a8f23c0, 0x000001c24a8f2f40, 0x000001c24a8f4e00,
0x000001c262a9fa10, 0x000001c24a8d39b0, 0x000001c262dac8c0, 0x000001c26717f390,
0x000001c26754e150, 0x000001c26747d640, 0x000001c2673beb50, 0x000001c2678f16c0,
0x000001c2678f23e0, 0x000001c2678f1030, 0x000001c2678dd4f0, 0x000001c2678ddb80,
0x000001c2678dbab0, 0x000001c2678dc140, 0x000001c2678dc7d0, 0x000001c2678db420,
0x000001c2678def30, 0x000001c2678dfc50, 0x000001c2678df5c0, 0x000001c2678e1000,
0x000001c2678e02e0, 0x000001c2678e0970, 0x000001c2678e1690, 0x000001c269b33080,
0x000001c2679d6540, 0x000001c2679da6e0, 0x000001c2679d5eb0, 0x000001c2679d4b00,
0x000001c2679d8610, 0x000001c2679da050, 0x000001c26a23f2d0, 0x000001c26a23cb70,
0x000001c26a23df20, 0x000001c26a23e5b0, 0x000001c26a23be50, 0x000001c26a23ec40,
0x000001c26a23f960, 0x000001c26a23c4e0, 0x000001c26a23d200, 0x000001c26a23fff0,
0x000001c26a240680, 0x000001c26a240d10, 0x000001c26a23d890, 0x000001c26a2420c0,
0x000001c26a241a30, 0x000001c26a242750, 0x000001c26a242de0, 0x000001c2679d6bd0,
0x000001c2679d5190
}

Java Threads: ( => current thread )
  0x000001c2483f20a0 JavaThread "main"                              [_thread_blocked, id=213480, stack(0x000000b528c00000,0x000000b528d00000) (1024K)]
  0x000001c24a8eb3b0 JavaThread "Reference Handler"          daemon [_thread_blocked, id=202448, stack(0x000000b529000000,0x000000b529100000) (1024K)]
  0x000001c24a8ec000 JavaThread "Finalizer"                  daemon [_thread_blocked, id=197232, stack(0x000000b529100000,0x000000b529200000) (1024K)]
  0x000001c24a8edf60 JavaThread "Signal Dispatcher"          daemon [_thread_blocked, id=190656, stack(0x000000b529200000,0x000000b529300000) (1024K)]
  0x000001c24a8f13a0 JavaThread "Attach Listener"            daemon [_thread_blocked, id=196204, stack(0x000000b529300000,0x000000b529400000) (1024K)]
  0x000001c24a8f23c0 JavaThread "Service Thread"             daemon [_thread_blocked, id=212648, stack(0x000000b529400000,0x000000b529500000) (1024K)]
  0x000001c24a8f2f40 JavaThread "Monitor Deflation Thread"   daemon [_thread_blocked, id=209996, stack(0x000000b529500000,0x000000b529600000) (1024K)]
=>0x000001c24a8f4e00 JavaThread "C2 CompilerThread0"         daemon [_thread_in_native, id=193348, stack(0x000000b529600000,0x000000b529700000) (1024K)]
  0x000001c262a9fa10 JavaThread "C1 CompilerThread0"         daemon [_thread_blocked, id=213248, stack(0x000000b529700000,0x000000b529800000) (1024K)]
  0x000001c24a8d39b0 JavaThread "Common-Cleaner"             daemon [_thread_blocked, id=209300, stack(0x000000b529800000,0x000000b529900000) (1024K)]
  0x000001c262dac8c0 JavaThread "Notification Thread"        daemon [_thread_blocked, id=205792, stack(0x000000b529900000,0x000000b529a00000) (1024K)]
  0x000001c26717f390 JavaThread "Active Thread: Equinox Container: b647bd80-6378-4f5d-a8a9-f9b2337c43bb"        [_thread_blocked, id=190424, stack(0x000000b52a000000,0x000000b52a100000) (1024K)]
  0x000001c26754e150 JavaThread "Refresh Thread: Equinox Container: b647bd80-6378-4f5d-a8a9-f9b2337c43bb" daemon [_thread_blocked, id=212320, stack(0x000000b52a200000,0x000000b52a300000) (1024K)]
  0x000001c26747d640 JavaThread "Framework Event Dispatcher: Equinox Container: b647bd80-6378-4f5d-a8a9-f9b2337c43bb" daemon [_thread_blocked, id=206044, stack(0x000000b52a300000,0x000000b52a400000) (1024K)]
  0x000001c2673beb50 JavaThread "Start Level: Equinox Container: b647bd80-6378-4f5d-a8a9-f9b2337c43bb" daemon [_thread_blocked, id=211508, stack(0x000000b52a400000,0x000000b52a500000) (1024K)]
  0x000001c2678f16c0 JavaThread "Bundle File Closer"         daemon [_thread_blocked, id=208964, stack(0x000000b52a500000,0x000000b52a600000) (1024K)]
  0x000001c2678f23e0 JavaThread "SCR Component Actor"        daemon [_thread_blocked, id=85048, stack(0x000000b52a600000,0x000000b52a700000) (1024K)]
  0x000001c2678f1030 JavaThread "Worker-JM"                         [_thread_blocked, id=213068, stack(0x000000b52a800000,0x000000b52a900000) (1024K)]
  0x000001c2678dd4f0 JavaThread "JNA Cleaner"                daemon [_thread_blocked, id=207056, stack(0x000000b52a900000,0x000000b52aa00000) (1024K)]
  0x000001c2678ddb80 JavaThread "Java indexing"              daemon [_thread_blocked, id=212676, stack(0x000000b52ac00000,0x000000b52ad00000) (1024K)]
  0x000001c2678dbab0 JavaThread "Thread-2"                   daemon [_thread_in_native, id=206232, stack(0x000000b52b200000,0x000000b52b300000) (1024K)]
  0x000001c2678dc140 JavaThread "Thread-3"                   daemon [_thread_in_native, id=201304, stack(0x000000b52b300000,0x000000b52b400000) (1024K)]
  0x000001c2678dc7d0 JavaThread "Thread-4"                   daemon [_thread_in_native, id=212880, stack(0x000000b52b400000,0x000000b52b500000) (1024K)]
  0x000001c2678db420 JavaThread "Thread-5"                   daemon [_thread_in_native, id=211272, stack(0x000000b52b500000,0x000000b52b600000) (1024K)]
  0x000001c2678def30 JavaThread "Thread-6"                   daemon [_thread_in_native, id=192804, stack(0x000000b52b600000,0x000000b52b700000) (1024K)]
  0x000001c2678dfc50 JavaThread "Thread-7"                   daemon [_thread_in_native, id=210936, stack(0x000000b52b700000,0x000000b52b800000) (1024K)]
  0x000001c2678df5c0 JavaThread "Thread-8"                   daemon [_thread_in_native, id=189736, stack(0x000000b52b800000,0x000000b52b900000) (1024K)]
  0x000001c2678e1000 JavaThread "Thread-9"                   daemon [_thread_in_native, id=203752, stack(0x000000b52b900000,0x000000b52ba00000) (1024K)]
  0x000001c2678e02e0 JavaThread "Thread-10"                  daemon [_thread_in_native, id=201668, stack(0x000000b52ba00000,0x000000b52bb00000) (1024K)]
  0x000001c2678e0970 JavaThread "pool-2-thread-1"                   [_thread_blocked, id=213648, stack(0x000000b52bb00000,0x000000b52bc00000) (1024K)]
  0x000001c2678e1690 JavaThread "WorkspaceEventsHandler"            [_thread_blocked, id=213376, stack(0x000000b52bc00000,0x000000b52bd00000) (1024K)]
  0x000001c269b33080 JavaThread "pool-1-thread-1"                   [_thread_blocked, id=213992, stack(0x000000b52bd00000,0x000000b52be00000) (1024K)]
  0x000001c2679d6540 JavaThread "ForkJoinPool.commonPool-worker-23" daemon [_thread_blocked, id=224772, stack(0x000000b52ad00000,0x000000b52ae00000) (1024K)]
  0x000001c2679da6e0 JavaThread "Cleaner-0"                  daemon [_thread_blocked, id=225132, stack(0x000000b52bf00000,0x000000b52c000000) (1024K)]
  0x000001c2679d5eb0 JavaThread "Worker-28"                         [_thread_blocked, id=224516, stack(0x000000b528a00000,0x000000b528b00000) (1024K)]
  0x000001c2679d4b00 JavaThread "Compiler Source File Reader" daemon [_thread_blocked, id=220596, stack(0x000000b52a700000,0x000000b52a800000) (1024K)]
  0x000001c2679d8610 JavaThread "Worker-30"                         [_thread_blocked, id=211896, stack(0x000000b52b000000,0x000000b52b100000) (1024K)]
  0x000001c2679da050 JavaThread "ForkJoinPool.commonPool-worker-27" daemon [_thread_blocked, id=204060, stack(0x000000b52c000000,0x000000b52c100000) (1024K)]
  0x000001c26a23f2d0 JavaThread "ForkJoinPool.commonPool-worker-28" daemon [_thread_blocked, id=212796, stack(0x000000b52c200000,0x000000b52c300000) (1024K)]
  0x000001c26a23cb70 JavaThread "Worker-33: Updating workspace"        [_thread_blocked, id=226020, stack(0x000000b528900000,0x000000b528a00000) (1024K)]
  0x000001c26a23df20 JavaThread "Worker-34: Building"               [_thread_blocked, id=226024, stack(0x000000b528b00000,0x000000b528c00000) (1024K)]
  0x000001c26a23e5b0 JavaThread "Worker-35"                         [_thread_blocked, id=226252, stack(0x000000b52c100000,0x000000b52c200000) (1024K)]
  0x000001c26a23be50 JavaThread "Worker-36"                         [_thread_blocked, id=226200, stack(0x000000b52c300000,0x000000b52c400000) (1024K)]
  0x000001c26a23ec40 JavaThread "Worker-37"                         [_thread_blocked, id=224688, stack(0x000000b52aa00000,0x000000b52ab00000) (1024K)]
  0x000001c26a23f960 JavaThread "LocalFile Deleter"          daemon [_thread_blocked, id=220116, stack(0x000000b52ae00000,0x000000b52af00000) (1024K)]
  0x000001c26a23c4e0 JavaThread "LocalFile Deleter"          daemon [_thread_blocked, id=226224, stack(0x000000b52af00000,0x000000b52b000000) (1024K)]
  0x000001c26a23d200 JavaThread "LocalFile Deleter"          daemon [_thread_blocked, id=225324, stack(0x000000b52c400000,0x000000b52c500000) (1024K)]
  0x000001c26a23fff0 JavaThread "LocalFile Deleter"          daemon [_thread_blocked, id=225372, stack(0x000000b52c500000,0x000000b52c600000) (1024K)]
  0x000001c26a240680 JavaThread "LocalFile Deleter"          daemon [_thread_blocked, id=224684, stack(0x000000b52c600000,0x000000b52c700000) (1024K)]
  0x000001c26a240d10 JavaThread "LocalFile Deleter"          daemon [_thread_blocked, id=225892, stack(0x000000b52c700000,0x000000b52c800000) (1024K)]
  0x000001c26a23d890 JavaThread "LocalFile Deleter"          daemon [_thread_blocked, id=225444, stack(0x000000b52c800000,0x000000b52c900000) (1024K)]
  0x000001c26a2420c0 JavaThread "LocalFile Deleter"          daemon [_thread_blocked, id=224308, stack(0x000000b52c900000,0x000000b52ca00000) (1024K)]
  0x000001c26a241a30 JavaThread "Compiler Source File Reader" daemon [_thread_blocked, id=225568, stack(0x000000b52ca00000,0x000000b52cb00000) (1024K)]
  0x000001c26a242750 JavaThread "Compiler Source File Reader" daemon [_thread_blocked, id=209764, stack(0x000000b52cb00000,0x000000b52cc00000) (1024K)]
  0x000001c26a242de0 JavaThread "Compiler Source File Reader" daemon [_thread_blocked, id=226264, stack(0x000000b52cc00000,0x000000b52cd00000) (1024K)]
  0x000001c2679d6bd0 JavaThread "Compiler Source File Reader" daemon [_thread_blocked, id=225480, stack(0x000000b52cd00000,0x000000b52ce00000) (1024K)]
  0x000001c2679d5190 JavaThread "Compiler Source File Reader" daemon [_thread_blocked, id=211732, stack(0x000000b52ce00000,0x000000b52cf00000) (1024K)]
Total: 57

Other Threads:
  0x000001c24a7d6f80 VMThread "VM Thread"                           [id=210012, stack(0x000000b528f00000,0x000000b529000000) (1024K)]
  0x000001c24a6cca00 WatcherThread "VM Periodic Task Thread"        [id=212620, stack(0x000000b528e00000,0x000000b528f00000) (1024K)]
  0x000001c24a884ad0 WorkerThread "GC Thread#0"                     [id=189964, stack(0x000000b528d00000,0x000000b528e00000) (1024K)]
  0x000001c262ddec50 WorkerThread "GC Thread#1"                     [id=96520, stack(0x000000b529a00000,0x000000b529b00000) (1024K)]
  0x000001c267199ff0 WorkerThread "GC Thread#2"                     [id=167896, stack(0x000000b529b00000,0x000000b529c00000) (1024K)]
  0x000001c26719a390 WorkerThread "GC Thread#3"                     [id=210004, stack(0x000000b529c00000,0x000000b529d00000) (1024K)]
  0x000001c26742e730 WorkerThread "GC Thread#4"                     [id=207548, stack(0x000000b529d00000,0x000000b529e00000) (1024K)]
  0x000001c26742ead0 WorkerThread "GC Thread#5"                     [id=211060, stack(0x000000b529e00000,0x000000b529f00000) (1024K)]
  0x000001c262e16480 WorkerThread "GC Thread#6"                     [id=213804, stack(0x000000b529f00000,0x000000b52a000000) (1024K)]
  0x000001c26749e580 WorkerThread "GC Thread#7"                     [id=212632, stack(0x000000b52a100000,0x000000b52a200000) (1024K)]
Total: 10

Threads with active compile tasks:
C2 CompilerThread0  4899071 20301       4       org.eclipse.jdt.internal.compiler.parser.Parser::consumeRule (7748 bytes)
C1 CompilerThread0  4899071 20340       3       org.eclipse.jdt.internal.compiler.SourceElementParser::checkComment (723 bytes)
Total: 2

VM state: at safepoint (normal execution)

VM Mutex/Monitor currently owned by a thread:  ([mutex/lock_event])
[0x00007fff1136e308] Threads_lock - owner thread: 0x000001c24a7d6f80
[0x00007fff1136e408] Heap_lock - owner thread: 0x000001c26a23df20

Heap address: 0x0000000080000000, size: 2048 MB, Compressed Oops mode: 32-bit

CDS archive(s) mapped at: [0x000001c200000000-0x000001c200ba0000-0x000001c200ba0000), size 12189696, SharedBaseAddress: 0x000001c200000000, ArchiveRelocationMode: 1.
Compressed class space mapped at: 0x000001c201000000-0x000001c241000000, reserved size: 1073741824
Narrow klass base: 0x000001c200000000, Narrow klass shift: 0, Narrow klass range: 0x100000000

GC Precious Log:
 CardTable entry size: 512
 CPUs: 8 total, 8 available
 Memory: 3889M
 Large Page Support: Disabled
 NUMA Support: Disabled
 Compressed Oops: Enabled (32-bit)
 Alignments: Space 512K, Generation 512K, Heap 2M
 Heap Min Capacity: 100M
 Heap Initial Capacity: 100M
 Heap Max Capacity: 2G
 Pre-touch: Disabled
 Parallel Workers: 8

Heap:
 PSYoungGen      total 18944K, used 2533K [0x00000000d5580000, 0x00000000d6a80000, 0x0000000100000000)
  eden space 16384K, 0% used [0x00000000d5580000,0x00000000d5580000,0x00000000d6580000)
  from space 2560K, 98% used [0x00000000d6580000,0x00000000d67f9698,0x00000000d6800000)
  to   space 512K, 0% used [0x00000000d6980000,0x00000000d6980000,0x00000000d6a00000)
 ParOldGen       total 1001472K, used 328204K [0x0000000080000000, 0x00000000bd200000, 0x00000000d5580000)
  object space 1001472K, 32% used [0x0000000080000000,0x0000000094083370,0x00000000bd200000)
 Metaspace       used 82472K, committed 84032K, reserved 1179648K
  class space    used 8288K, committed 8960K, reserved 1048576K

Card table byte_map: [0x000001c24a1e0000,0x000001c24a5f0000] _byte_map_base: 0x000001c249de0000

Marking Bits: (ParMarkBitMap*) 0x00007fff113731f0
 Begin Bits: [0x000001c25cce0000, 0x000001c25ece0000)
 End Bits:   [0x000001c25ece0000, 0x000001c260ce0000)

Polling page: 0x000001c248620000

Metaspace:

Usage:
  Non-class:     72.45 MB used.
      Class:      8.09 MB used.
       Both:     80.54 MB used.

Virtual space:
  Non-class space:      128.00 MB reserved,      73.31 MB ( 57%) committed,  2 nodes.
      Class space:        1.00 GB reserved,       8.75 MB ( <1%) committed,  1 nodes.
             Both:        1.12 GB reserved,      82.06 MB (  7%) committed. 

Chunk freelists:
   Non-Class:  5.94 MB
       Class:  7.10 MB
        Both:  13.04 MB

MaxMetaspaceSize: unlimited
CompressedClassSpaceSize: 1.00 GB
Initial GC threshold: 21.00 MB
Current GC threshold: 123.56 MB
CDS: on
 - commit_granule_bytes: 65536.
 - commit_granule_words: 8192.
 - virtual_space_node_default_size: 8388608.
 - enlarge_chunks_in_place: 1.
 - use_allocation_guard: 0.


Internal statistics:

num_allocs_failed_limit: 9.
num_arena_births: 1600.
num_arena_deaths: 416.
num_vsnodes_births: 3.
num_vsnodes_deaths: 0.
num_space_committed: 1313.
num_space_uncommitted: 0.
num_chunks_returned_to_freelist: 496.
num_chunks_taken_from_freelist: 5722.
num_chunk_merges: 139.
num_chunk_splits: 3280.
num_chunks_enlarged: 1792.
num_inconsistent_stats: 0.

CodeHeap 'non-profiled nmethods': size=120000Kb used=16027Kb max_used=16027Kb free=103972Kb
 bounds [0x000001c255500000, 0x000001c2564b0000, 0x000001c25ca30000]
CodeHeap 'profiled nmethods': size=120000Kb used=41905Kb max_used=41905Kb free=78094Kb
 bounds [0x000001c24da30000, 0x000001c250320000, 0x000001c254f60000]
CodeHeap 'non-nmethods': size=5760Kb used=1532Kb max_used=1618Kb free=4227Kb
 bounds [0x000001c254f60000, 0x000001c2551d0000, 0x000001c255500000]
 total_blobs=19070 nmethods=18217 adapters=754
 compilation: enabled
              stopped_count=0, restarted_count=0
 full_count=0

Compilation events (20 events):
Event: 4897.870 Thread 0x000001c262a9fa10 20322       3       org.eclipse.jdt.internal.compiler.ast.ASTNode::resolveAnnotations (1045 bytes)
Event: 4897.924 Thread 0x000001c262a9fa10 nmethod 20322 0x000001c250312610 code [0x000001c250312c80, 0x000001c250317190]
Event: 4897.930 Thread 0x000001c262a9fa10 20326       3       org.eclipse.jdt.internal.compiler.lookup.LookupEnvironment::createArrayType (11 bytes)
Event: 4897.933 Thread 0x000001c262a9fa10 nmethod 20326 0x000001c250318c90 code [0x000001c250318e40, 0x000001c250319018]
Event: 4897.933 Thread 0x000001c262a9fa10 20325       3       org.eclipse.jdt.internal.compiler.env.NameEnvironmentAnswer::isBetter (43 bytes)
Event: 4897.937 Thread 0x000001c262a9fa10 nmethod 20325 0x000001c250319110 code [0x000001c2503192e0, 0x000001c2503195b0]
Event: 4897.937 Thread 0x000001c262a9fa10 20323       3       org.eclipse.jdt.internal.compiler.lookup.AnnotationBinding::resolve (1 bytes)
Event: 4897.937 Thread 0x000001c262a9fa10 nmethod 20323 0x000001c24e8ecc10 code [0x000001c24e8ecda0, 0x000001c24e8ecea8]
Event: 4897.944 Thread 0x000001c262a9fa10 20327       3       com.sun.org.apache.xerces.internal.utils.XMLSecurityManager$Limit::is (35 bytes)
Event: 4897.947 Thread 0x000001c262a9fa10 nmethod 20327 0x000001c250319690 code [0x000001c250319860, 0x000001c250319a98]
Event: 4897.948 Thread 0x000001c262a9fa10 20328       3       org.xml.sax.helpers.DefaultHandler::endElement (1 bytes)
Event: 4897.949 Thread 0x000001c262a9fa10 nmethod 20328 0x000001c24e9b5910 code [0x000001c24e9b5aa0, 0x000001c24e9b5ba8]
Event: 4897.949 Thread 0x000001c262a9fa10 20329       1       org.eclipse.osgi.internal.serviceregistry.ServiceRegistrationImpl::getServiceObject (5 bytes)
Event: 4897.953 Thread 0x000001c262a9fa10 nmethod 20329 0x000001c2564a6b90 code [0x000001c2564a6d20, 0x000001c2564a6de8]
Event: 4897.966 Thread 0x000001c262a9fa10 20332       3       org.eclipse.jface.text.CopyOnWriteTextStore$StringTextStore::<init> (48 bytes)
Event: 4897.971 Thread 0x000001c262a9fa10 nmethod 20332 0x000001c250319b90 code [0x000001c250319d60, 0x000001c25031a1a0]
Event: 4897.971 Thread 0x000001c262a9fa10 20333       3       org.eclipse.core.internal.resources.Marker::getAttribute (41 bytes)
Event: 4897.983 Thread 0x000001c262a9fa10 nmethod 20333 0x000001c25031a390 code [0x000001c25031a600, 0x000001c25031b1c8]
Event: 4897.984 Thread 0x000001c262a9fa10 20334       3       org.eclipse.jdt.internal.core.builder.NameEnvironment::findType (34 bytes)
Event: 4898.015 Thread 0x000001c262a9fa10 nmethod 20334 0x000001c25031b690 code [0x000001c25031b8e0, 0x000001c25031beb8]

GC Heap History (20 events):
Event: 4891.165 GC heap before
{Heap before GC invocations=2083 (full 4):
 PSYoungGen      total 13312K, used 13283K [0x00000000d5580000, 0x00000000d6400000, 0x0000000100000000)
  eden space 12800K, 100% used [0x00000000d5580000,0x00000000d6200000,0x00000000d6200000)
  from space 512K, 94% used [0x00000000d6300000,0x00000000d6378e28,0x00000000d6380000)
  to   space 1024K, 0% used [0x00000000d6200000,0x00000000d6200000,0x00000000d6300000)
 ParOldGen       total 1001472K, used 321810K [0x0000000080000000, 0x00000000bd200000, 0x00000000d5580000)
  object space 1001472K, 32% used [0x0000000080000000,0x0000000093a44988,0x00000000bd200000)
 Metaspace       used 82360K, committed 83840K, reserved 1179648K
  class space    used 8283K, committed 8960K, reserved 1048576K
}
Event: 4891.176 GC heap after
{Heap after GC invocations=2083 (full 4):
 PSYoungGen      total 13824K, used 416K [0x00000000d5580000, 0x00000000d6400000, 0x0000000100000000)
  eden space 12800K, 0% used [0x00000000d5580000,0x00000000d5580000,0x00000000d6200000)
  from space 1024K, 40% used [0x00000000d6200000,0x00000000d6268000,0x00000000d6300000)
  to   space 1024K, 0% used [0x00000000d6300000,0x00000000d6300000,0x00000000d6400000)
 ParOldGen       total 1001472K, used 322267K [0x0000000080000000, 0x00000000bd200000, 0x00000000d5580000)
  object space 1001472K, 32% used [0x0000000080000000,0x0000000093ab6d58,0x00000000bd200000)
 Metaspace       used 82360K, committed 83840K, reserved 1179648K
  class space    used 8283K, committed 8960K, reserved 1048576K
}
Event: 4891.206 GC heap before
{Heap before GC invocations=2084 (full 4):
 PSYoungGen      total 13824K, used 13216K [0x00000000d5580000, 0x00000000d6400000, 0x0000000100000000)
  eden space 12800K, 100% used [0x00000000d5580000,0x00000000d6200000,0x00000000d6200000)
  from space 1024K, 40% used [0x00000000d6200000,0x00000000d6268000,0x00000000d6300000)
  to   space 1024K, 0% used [0x00000000d6300000,0x00000000d6300000,0x00000000d6400000)
 ParOldGen       total 1001472K, used 322267K [0x0000000080000000, 0x00000000bd200000, 0x00000000d5580000)
  object space 1001472K, 32% used [0x0000000080000000,0x0000000093ab6d58,0x00000000bd200000)
 Metaspace       used 82360K, committed 83840K, reserved 1179648K
  class space    used 8283K, committed 8960K, reserved 1048576K
}
Event: 4891.211 GC heap after
{Heap after GC invocations=2084 (full 4):
 PSYoungGen      total 13824K, used 495K [0x00000000d5580000, 0x00000000d6400000, 0x0000000100000000)
  eden space 12800K, 0% used [0x00000000d5580000,0x00000000d5580000,0x00000000d6200000)
  from space 1024K, 48% used [0x00000000d6300000,0x00000000d637bfc0,0x00000000d6400000)
  to   space 1024K, 0% used [0x00000000d6200000,0x00000000d6200000,0x00000000d6300000)
 ParOldGen       total 1001472K, used 322563K [0x0000000080000000, 0x00000000bd200000, 0x00000000d5580000)
  object space 1001472K, 32% used [0x0000000080000000,0x0000000093b00d58,0x00000000bd200000)
 Metaspace       used 82360K, committed 83840K, reserved 1179648K
  class space    used 8283K, committed 8960K, reserved 1048576K
}
Event: 4891.286 GC heap before
{Heap before GC invocations=2085 (full 4):
 PSYoungGen      total 13824K, used 13295K [0x00000000d5580000, 0x00000000d6400000, 0x0000000100000000)
  eden space 12800K, 99% used [0x00000000d5580000,0x00000000d61ffff0,0x00000000d6200000)
  from space 1024K, 48% used [0x00000000d6300000,0x00000000d637bfc0,0x00000000d6400000)
  to   space 1024K, 0% used [0x00000000d6200000,0x00000000d6200000,0x00000000d6300000)
 ParOldGen       total 1001472K, used 322563K [0x0000000080000000, 0x00000000bd200000, 0x00000000d5580000)
  object space 1001472K, 32% used [0x0000000080000000,0x0000000093b00d58,0x00000000bd200000)
 Metaspace       used 82360K, committed 83840K, reserved 1179648K
  class space    used 8283K, committed 8960K, reserved 1048576K
}
Event: 4891.287 GC heap after
{Heap after GC invocations=2085 (full 4):
 PSYoungGen      total 13824K, used 336K [0x00000000d5580000, 0x00000000d6380000, 0x0000000100000000)
  eden space 12800K, 0% used [0x00000000d5580000,0x00000000d5580000,0x00000000d6200000)
  from space 1024K, 32% used [0x00000000d6200000,0x00000000d6254190,0x00000000d6300000)
  to   space 512K, 0% used [0x00000000d6300000,0x00000000d6300000,0x00000000d6380000)
 ParOldGen       total 1001472K, used 322731K [0x0000000080000000, 0x00000000bd200000, 0x00000000d5580000)
  object space 1001472K, 32% used [0x0000000080000000,0x0000000093b2ad58,0x00000000bd200000)
 Metaspace       used 82360K, committed 83840K, reserved 1179648K
  class space    used 8283K, committed 8960K, reserved 1048576K
}
Event: 4891.315 GC heap before
{Heap before GC invocations=2086 (full 4):
 PSYoungGen      total 13824K, used 13136K [0x00000000d5580000, 0x00000000d6380000, 0x0000000100000000)
  eden space 12800K, 100% used [0x00000000d5580000,0x00000000d6200000,0x00000000d6200000)
  from space 1024K, 32% used [0x00000000d6200000,0x00000000d6254190,0x00000000d6300000)
  to   space 512K, 0% used [0x00000000d6300000,0x00000000d6300000,0x00000000d6380000)
 ParOldGen       total 1001472K, used 322731K [0x0000000080000000, 0x00000000bd200000, 0x00000000d5580000)
  object space 1001472K, 32% used [0x0000000080000000,0x0000000093b2ad58,0x00000000bd200000)
 Metaspace       used 82360K, committed 83840K, reserved 1179648K
  class space    used 8283K, committed 8960K, reserved 1048576K
}
Event: 4891.317 GC heap after
{Heap after GC invocations=2086 (full 4):
 PSYoungGen      total 13312K, used 344K [0x00000000d5580000, 0x00000000d6380000, 0x0000000100000000)
  eden space 12800K, 0% used [0x00000000d5580000,0x00000000d5580000,0x00000000d6200000)
  from space 512K, 67% used [0x00000000d6300000,0x00000000d63560d8,0x00000000d6380000)
  to   space 512K, 0% used [0x00000000d6280000,0x00000000d6280000,0x00000000d6300000)
 ParOldGen       total 1001472K, used 322795K [0x0000000080000000, 0x00000000bd200000, 0x00000000d5580000)
  object space 1001472K, 32% used [0x0000000080000000,0x0000000093b3ad58,0x00000000bd200000)
 Metaspace       used 82360K, committed 83840K, reserved 1179648K
  class space    used 8283K, committed 8960K, reserved 1048576K
}
Event: 4891.498 GC heap before
{Heap before GC invocations=2087 (full 4):
 PSYoungGen      total 13312K, used 13144K [0x00000000d5580000, 0x00000000d6380000, 0x0000000100000000)
  eden space 12800K, 100% used [0x00000000d5580000,0x00000000d6200000,0x00000000d6200000)
  from space 512K, 67% used [0x00000000d6300000,0x00000000d63560d8,0x00000000d6380000)
  to   space 512K, 0% used [0x00000000d6280000,0x00000000d6280000,0x00000000d6300000)
 ParOldGen       total 1001472K, used 322795K [0x0000000080000000, 0x00000000bd200000, 0x00000000d5580000)
  object space 1001472K, 32% used [0x0000000080000000,0x0000000093b3ad58,0x00000000bd200000)
 Metaspace       used 82360K, committed 83840K, reserved 1179648K
  class space    used 8283K, committed 8960K, reserved 1048576K
}
Event: 4891.553 GC heap after
{Heap after GC invocations=2087 (full 4):
 PSYoungGen      total 13312K, used 328K [0x00000000d5580000, 0x00000000d6380000, 0x0000000100000000)
  eden space 12800K, 0% used [0x00000000d5580000,0x00000000d5580000,0x00000000d6200000)
  from space 512K, 64% used [0x00000000d6280000,0x00000000d62d2310,0x00000000d6300000)
  to   space 512K, 0% used [0x00000000d6300000,0x00000000d6300000,0x00000000d6380000)
 ParOldGen       total 1001472K, used 323296K [0x0000000080000000, 0x00000000bd200000, 0x00000000d5580000)
  object space 1001472K, 32% used [0x0000000080000000,0x0000000093bb8268,0x00000000bd200000)
 Metaspace       used 82360K, committed 83840K, reserved 1179648K
  class space    used 8283K, committed 8960K, reserved 1048576K
}
Event: 4891.563 GC heap before
{Heap before GC invocations=2088 (full 4):
 PSYoungGen      total 13312K, used 13128K [0x00000000d5580000, 0x00000000d6380000, 0x0000000100000000)
  eden space 12800K, 100% used [0x00000000d5580000,0x00000000d6200000,0x00000000d6200000)
  from space 512K, 64% used [0x00000000d6280000,0x00000000d62d2310,0x00000000d6300000)
  to   space 512K, 0% used [0x00000000d6300000,0x00000000d6300000,0x00000000d6380000)
 ParOldGen       total 1001472K, used 323296K [0x0000000080000000, 0x00000000bd200000, 0x00000000d5580000)
  object space 1001472K, 32% used [0x0000000080000000,0x0000000093bb8268,0x00000000bd200000)
 Metaspace       used 82360K, committed 83840K, reserved 1179648K
  class space    used 8283K, committed 8960K, reserved 1048576K
}
Event: 4891.580 GC heap after
{Heap after GC invocations=2088 (full 4):
 PSYoungGen      total 13824K, used 352K [0x00000000d5580000, 0x00000000d6580000, 0x0000000100000000)
  eden space 13312K, 0% used [0x00000000d5580000,0x00000000d5580000,0x00000000d6280000)
  from space 512K, 68% used [0x00000000d6300000,0x00000000d6358000,0x00000000d6380000)
  to   space 512K, 0% used [0x00000000d6280000,0x00000000d6280000,0x00000000d6300000)
 ParOldGen       total 1001472K, used 323473K [0x0000000080000000, 0x00000000bd200000, 0x00000000d5580000)
  object space 1001472K, 32% used [0x0000000080000000,0x0000000093be4578,0x00000000bd200000)
 Metaspace       used 82360K, committed 83840K, reserved 1179648K
  class space    used 8283K, committed 8960K, reserved 1048576K
}
Event: 4891.587 GC heap before
{Heap before GC invocations=2089 (full 4):
 PSYoungGen      total 13824K, used 13664K [0x00000000d5580000, 0x00000000d6580000, 0x0000000100000000)
  eden space 13312K, 100% used [0x00000000d5580000,0x00000000d6280000,0x00000000d6280000)
  from space 512K, 68% used [0x00000000d6300000,0x00000000d6358000,0x00000000d6380000)
  to   space 512K, 0% used [0x00000000d6280000,0x00000000d6280000,0x00000000d6300000)
 ParOldGen       total 1001472K, used 323473K [0x0000000080000000, 0x00000000bd200000, 0x00000000d5580000)
  object space 1001472K, 32% used [0x0000000080000000,0x0000000093be4578,0x00000000bd200000)
 Metaspace       used 82360K, committed 83840K, reserved 1179648K
  class space    used 8283K, committed 8960K, reserved 1048576K
}
Event: 4891.596 GC heap after
{Heap after GC invocations=2089 (full 4):
 PSYoungGen      total 13824K, used 352K [0x00000000d5580000, 0x00000000d6680000, 0x0000000100000000)
  eden space 13312K, 0% used [0x00000000d5580000,0x00000000d5580000,0x00000000d6280000)
  from space 512K, 68% used [0x00000000d6280000,0x00000000d62d8000,0x00000000d6300000)
  to   space 512K, 0% used [0x00000000d6600000,0x00000000d6600000,0x00000000d6680000)
 ParOldGen       total 1001472K, used 323737K [0x0000000080000000, 0x00000000bd200000, 0x00000000d5580000)
  object space 1001472K, 32% used [0x0000000080000000,0x0000000093c26578,0x00000000bd200000)
 Metaspace       used 82360K, committed 83840K, reserved 1179648K
  class space    used 8283K, committed 8960K, reserved 1048576K
}
Event: 4891.860 GC heap before
{Heap before GC invocations=2090 (full 4):
 PSYoungGen      total 13824K, used 13507K [0x00000000d5580000, 0x00000000d6680000, 0x0000000100000000)
  eden space 13312K, 98% used [0x00000000d5580000,0x00000000d6258fa8,0x00000000d6280000)
  from space 512K, 68% used [0x00000000d6280000,0x00000000d62d8000,0x00000000d6300000)
  to   space 512K, 0% used [0x00000000d6600000,0x00000000d6600000,0x00000000d6680000)
 ParOldGen       total 1001472K, used 323737K [0x0000000080000000, 0x00000000bd200000, 0x00000000d5580000)
  object space 1001472K, 32% used [0x0000000080000000,0x0000000093c26578,0x00000000bd200000)
 Metaspace       used 82360K, committed 83840K, reserved 1179648K
  class space    used 8283K, committed 8960K, reserved 1048576K
}
Event: 4891.870 GC heap after
{Heap after GC invocations=2090 (full 4):
 PSYoungGen      total 16896K, used 430K [0x00000000d5580000, 0x00000000d6680000, 0x0000000100000000)
  eden space 16384K, 0% used [0x00000000d5580000,0x00000000d5580000,0x00000000d6580000)
  from space 512K, 84% used [0x00000000d6600000,0x00000000d666bb00,0x00000000d6680000)
  to   space 512K, 0% used [0x00000000d6580000,0x00000000d6580000,0x00000000d6600000)
 ParOldGen       total 1001472K, used 323985K [0x0000000080000000, 0x00000000bd200000, 0x00000000d5580000)
  object space 1001472K, 32% used [0x0000000080000000,0x0000000093c64578,0x00000000bd200000)
 Metaspace       used 82360K, committed 83840K, reserved 1179648K
  class space    used 8283K, committed 8960K, reserved 1048576K
}
Event: 4894.406 GC heap before
{Heap before GC invocations=2091 (full 4):
 PSYoungGen      total 16896K, used 16811K [0x00000000d5580000, 0x00000000d6680000, 0x0000000100000000)
  eden space 16384K, 99% used [0x00000000d5580000,0x00000000d657f358,0x00000000d6580000)
  from space 512K, 84% used [0x00000000d6600000,0x00000000d666bb00,0x00000000d6680000)
  to   space 512K, 0% used [0x00000000d6580000,0x00000000d6580000,0x00000000d6600000)
 ParOldGen       total 1001472K, used 323985K [0x0000000080000000, 0x00000000bd200000, 0x00000000d5580000)
  object space 1001472K, 32% used [0x0000000080000000,0x0000000093c64578,0x00000000bd200000)
 Metaspace       used 82438K, committed 83968K, reserved 1179648K
  class space    used 8288K, committed 8960K, reserved 1048576K
}
Event: 4894.711 GC heap after
{Heap after GC invocations=2091 (full 4):
 PSYoungGen      total 16896K, used 480K [0x00000000d5580000, 0x00000000d6a00000, 0x0000000100000000)
  eden space 16384K, 0% used [0x00000000d5580000,0x00000000d5580000,0x00000000d6580000)
  from space 512K, 93% used [0x00000000d6580000,0x00000000d65f8000,0x00000000d6600000)
  to   space 512K, 0% used [0x00000000d6980000,0x00000000d6980000,0x00000000d6a00000)
 ParOldGen       total 1001472K, used 324185K [0x0000000080000000, 0x00000000bd200000, 0x00000000d5580000)
  object space 1001472K, 32% used [0x0000000080000000,0x0000000093c96578,0x00000000bd200000)
 Metaspace       used 82438K, committed 83968K, reserved 1179648K
  class space    used 8288K, committed 8960K, reserved 1048576K
}
Event: 4895.847 GC heap before
{Heap before GC invocations=2092 (full 4):
 PSYoungGen      total 16896K, used 16863K [0x00000000d5580000, 0x00000000d6a00000, 0x0000000100000000)
  eden space 16384K, 99% used [0x00000000d5580000,0x00000000d657ffd0,0x00000000d6580000)
  from space 512K, 93% used [0x00000000d6580000,0x00000000d65f8000,0x00000000d6600000)
  to   space 512K, 0% used [0x00000000d6980000,0x00000000d6980000,0x00000000d6a00000)
 ParOldGen       total 1001472K, used 324185K [0x0000000080000000, 0x00000000bd200000, 0x00000000d5580000)
  object space 1001472K, 32% used [0x0000000080000000,0x0000000093c96578,0x00000000bd200000)
 Metaspace       used 82462K, committed 84032K, reserved 1179648K
  class space    used 8288K, committed 8960K, reserved 1048576K
}
Event: 4895.859 GC heap after
{Heap after GC invocations=2092 (full 4):
 PSYoungGen      total 16896K, used 503K [0x00000000d5580000, 0x00000000d6a80000, 0x0000000100000000)
  eden space 16384K, 0% used [0x00000000d5580000,0x00000000d5580000,0x00000000d6580000)
  from space 512K, 98% used [0x00000000d6980000,0x00000000d69fdc30,0x00000000d6a00000)
  to   space 2560K, 0% used [0x00000000d6580000,0x00000000d6580000,0x00000000d6800000)
 ParOldGen       total 1001472K, used 325715K [0x0000000080000000, 0x00000000bd200000, 0x00000000d5580000)
  object space 1001472K, 32% used [0x0000000080000000,0x0000000093e14dd0,0x00000000bd200000)
 Metaspace       used 82462K, committed 84032K, reserved 1179648K
  class space    used 8288K, committed 8960K, reserved 1048576K
}

Dll operation events (12 events):
Event: 0.020 Loaded shared library c:\Users\nikhi\.vscode\extensions\redhat.java-1.43.1-win32-x64\jre\21.0.7-win32-x86_64\bin\java.dll
Event: 0.116 Loaded shared library c:\Users\nikhi\.vscode\extensions\redhat.java-1.43.1-win32-x64\jre\21.0.7-win32-x86_64\bin\zip.dll
Event: 0.146 Loaded shared library C:\Users\nikhi\.vscode\extensions\redhat.java-1.43.1-win32-x64\jre\21.0.7-win32-x86_64\bin\instrument.dll
Event: 0.153 Loaded shared library C:\Users\nikhi\.vscode\extensions\redhat.java-1.43.1-win32-x64\jre\21.0.7-win32-x86_64\bin\net.dll
Event: 0.156 Loaded shared library C:\Users\nikhi\.vscode\extensions\redhat.java-1.43.1-win32-x64\jre\21.0.7-win32-x86_64\bin\nio.dll
Event: 0.161 Loaded shared library C:\Users\nikhi\.vscode\extensions\redhat.java-1.43.1-win32-x64\jre\21.0.7-win32-x86_64\bin\zip.dll
Event: 0.184 Loaded shared library C:\Users\nikhi\.vscode\extensions\redhat.java-1.43.1-win32-x64\jre\21.0.7-win32-x86_64\bin\jimage.dll
Event: 0.304 Loaded shared library c:\Users\nikhi\.vscode\extensions\redhat.java-1.43.1-win32-x64\jre\21.0.7-win32-x86_64\bin\verify.dll
Event: 1.773 Loaded shared library C:\Users\nikhi\AppData\Roaming\Code\User\globalStorage\redhat.java\1.43.1\config_win\org.eclipse.equinox.launcher\org.eclipse.equinox.launcher.win32.win32.x86_64_1.2.1300.v20250331-1702\eclipse_11911.dll
Event: 4.404 Loaded shared library C:\Users\nikhi\AppData\Local\Temp\jna-104821521\jna3457284748917105216.dll
Event: 4842.497 Loaded shared library C:\Users\nikhi\.vscode\extensions\redhat.java-1.43.1-win32-x64\jre\21.0.7-win32-x86_64\bin\extnet.dll
Event: 4842.721 Loaded shared library C:\Users\nikhi\.vscode\extensions\redhat.java-1.43.1-win32-x64\jre\21.0.7-win32-x86_64\bin\sunmscapi.dll

Deoptimization events (20 events):
Event: 4895.935 Thread 0x000001c26a23df20 Uncommon trap: trap_request=0xffffffde fr.pc=0x000001c2560fb100 relative=0x00000000000012a0
Event: 4895.935 Thread 0x000001c26a23df20 Uncommon trap: reason=class_check action=maybe_recompile pc=0x000001c2560fb100 method=org.eclipse.jdt.internal.compiler.parser.Parser.consumeRule(I)V @ 4461 c2
Event: 4895.935 Thread 0x000001c26a23df20 DEOPT PACKING pc=0x000001c2560fb100 sp=0x000000b528bfe720
Event: 4895.935 Thread 0x000001c26a23df20 DEOPT UNPACKING pc=0x000001c254fb3aa2 sp=0x000000b528bfe698 mode 2
Event: 4897.067 Thread 0x000001c26a23df20 Uncommon trap: trap_request=0xffffffde fr.pc=0x000001c2560fb018 relative=0x00000000000011b8
Event: 4897.067 Thread 0x000001c26a23df20 Uncommon trap: reason=class_check action=maybe_recompile pc=0x000001c2560fb018 method=org.eclipse.jdt.internal.compiler.parser.Parser.consumeRule(I)V @ 4689 c2
Event: 4897.068 Thread 0x000001c26a23df20 DEOPT PACKING pc=0x000001c2560fb018 sp=0x000000b528bfe720
Event: 4897.068 Thread 0x000001c26a23df20 DEOPT UNPACKING pc=0x000001c254fb3aa2 sp=0x000000b528bfe6a0 mode 2
Event: 4897.069 Thread 0x000001c26a23df20 Uncommon trap: trap_request=0xffffffde fr.pc=0x000001c2560fa968 relative=0x0000000000000b08
Event: 4897.069 Thread 0x000001c26a23df20 Uncommon trap: reason=class_check action=maybe_recompile pc=0x000001c2560fa968 method=org.eclipse.jdt.internal.compiler.parser.Parser.consumeRule(I)V @ 6809 c2
Event: 4897.069 Thread 0x000001c26a23df20 DEOPT PACKING pc=0x000001c2560fa968 sp=0x000000b528bfe720
Event: 4897.069 Thread 0x000001c26a23df20 DEOPT UNPACKING pc=0x000001c254fb3aa2 sp=0x000000b528bfe6a0 mode 2
Event: 4897.069 Thread 0x000001c26a23df20 Uncommon trap: trap_request=0xffffffde fr.pc=0x000001c2560fae70 relative=0x0000000000001010
Event: 4897.069 Thread 0x000001c26a23df20 Uncommon trap: reason=class_check action=maybe_recompile pc=0x000001c2560fae70 method=org.eclipse.jdt.internal.compiler.parser.Parser.consumeRule(I)V @ 4188 c2
Event: 4897.069 Thread 0x000001c26a23df20 DEOPT PACKING pc=0x000001c2560fae70 sp=0x000000b528bfe720
Event: 4897.069 Thread 0x000001c26a23df20 DEOPT UNPACKING pc=0x000001c254fb3aa2 sp=0x000000b528bfe6a0 mode 2
Event: 4897.942 Thread 0x000001c26a23df20 Uncommon trap: trap_request=0xfffffff4 fr.pc=0x000001c255e184bc relative=0x00000000000015fc
Event: 4897.942 Thread 0x000001c26a23df20 Uncommon trap: reason=null_check action=make_not_entrant pc=0x000001c255e184bc method=org.eclipse.jdt.internal.compiler.util.SoftClassCache$ClassBytes.getBytes()[B @ 22 c2
Event: 4897.942 Thread 0x000001c26a23df20 DEOPT PACKING pc=0x000001c255e184bc sp=0x000000b528bfcf30
Event: 4897.944 Thread 0x000001c26a23df20 DEOPT UNPACKING pc=0x000001c254fb3aa2 sp=0x000000b528bfcf58 mode 2

Classes loaded (20 events):
Event: 4843.310 Loading class sun/security/ssl/SSLCipher$T12CC20P1305ReadCipherGenerator$CC20P1305ReadCipher
Event: 4843.315 Loading class sun/security/ssl/SSLCipher$T12CC20P1305ReadCipherGenerator$CC20P1305ReadCipher done
Event: 4843.316 Loading class com/sun/crypto/provider/ChaCha20Cipher$EngineAEADDec
Event: 4843.316 Loading class com/sun/crypto/provider/ChaCha20Cipher$EngineAEADDec done
Event: 4843.320 Loading class jdk/internal/event/TLSHandshakeEvent
Event: 4843.320 Loading class jdk/internal/event/TLSHandshakeEvent done
Event: 4843.320 Loading class javax/net/ssl/SSLEngineResult$HandshakeStatus
Event: 4843.320 Loading class javax/net/ssl/SSLEngineResult$HandshakeStatus done
Event: 4843.375 Loading class java/nio/HeapByteBufferR
Event: 4843.376 Loading class java/nio/HeapByteBufferR done
Event: 4848.164 Loading class java/util/ArrayDeque$DeqSpliterator
Event: 4848.172 Loading class java/util/ArrayDeque$DeqSpliterator done
Event: 4870.529 Loading class java/lang/StackStreamFactory$CallerClassFinder
Event: 4870.593 Loading class java/lang/StackStreamFactory$CallerClassFinder done
Event: 4870.595 Loading class java/lang/StackStreamFactory$CallerClassFinder$ClassBuffer
Event: 4870.617 Loading class java/lang/StackStreamFactory$CallerClassFinder$ClassBuffer done
Event: 4892.688 Loading class java/lang/Throwable$WrappedPrintWriter
Event: 4892.696 Loading class java/lang/Throwable$PrintStreamOrWriter
Event: 4892.701 Loading class java/lang/Throwable$PrintStreamOrWriter done
Event: 4892.701 Loading class java/lang/Throwable$WrappedPrintWriter done

Classes unloaded (20 events):
Event: 4464.804 Thread 0x000001c24a7d6f80 Unloading class 0x000001c20108ac00 'java/lang/invoke/LambdaForm$MH+0x000001c20108ac00'
Event: 4464.805 Thread 0x000001c24a7d6f80 Unloading class 0x000001c20101ec00 'java/lang/invoke/LambdaForm$MH+0x000001c20101ec00'
Event: 4464.805 Thread 0x000001c24a7d6f80 Unloading class 0x000001c20100d800 'java/lang/invoke/LambdaForm$MH+0x000001c20100d800'
Event: 4464.805 Thread 0x000001c24a7d6f80 Unloading class 0x000001c20100d400 'java/lang/invoke/LambdaForm$MH+0x000001c20100d400'
Event: 4464.805 Thread 0x000001c24a7d6f80 Unloading class 0x000001c20100d000 'java/lang/invoke/LambdaForm$MH+0x000001c20100d000'
Event: 4464.805 Thread 0x000001c24a7d6f80 Unloading class 0x000001c20100cc00 'java/lang/invoke/LambdaForm$MH+0x000001c20100cc00'
Event: 4464.805 Thread 0x000001c24a7d6f80 Unloading class 0x000001c20100c800 'java/lang/invoke/LambdaForm$BMH+0x000001c20100c800'
Event: 4464.805 Thread 0x000001c24a7d6f80 Unloading class 0x000001c20100c000 'java/lang/invoke/LambdaForm$DMH+0x000001c20100c000'
Event: 4464.806 Thread 0x000001c24a7d6f80 Unloading class 0x000001c201008400 'java/lang/invoke/LambdaForm$MH+0x000001c201008400'
Event: 4464.806 Thread 0x000001c24a7d6f80 Unloading class 0x000001c201008000 'java/lang/invoke/LambdaForm$MH+0x000001c201008000'
Event: 4464.806 Thread 0x000001c24a7d6f80 Unloading class 0x000001c201007c00 'java/lang/invoke/LambdaForm$MH+0x000001c201007c00'
Event: 4464.806 Thread 0x000001c24a7d6f80 Unloading class 0x000001c201006800 'java/lang/invoke/LambdaForm$MH+0x000001c201006800'
Event: 4464.806 Thread 0x000001c24a7d6f80 Unloading class 0x000001c201006000 'java/lang/invoke/LambdaForm$MH+0x000001c201006000'
Event: 4464.807 Thread 0x000001c24a7d6f80 Unloading class 0x000001c201005c00 'java/lang/invoke/LambdaForm$MH+0x000001c201005c00'
Event: 4464.807 Thread 0x000001c24a7d6f80 Unloading class 0x000001c201005800 'java/lang/invoke/LambdaForm$MH+0x000001c201005800'
Event: 4464.807 Thread 0x000001c24a7d6f80 Unloading class 0x000001c201005400 'java/lang/invoke/LambdaForm$BMH+0x000001c201005400'
Event: 4464.807 Thread 0x000001c24a7d6f80 Unloading class 0x000001c201004000 'java/lang/invoke/LambdaForm$DMH+0x000001c201004000'
Event: 4464.807 Thread 0x000001c24a7d6f80 Unloading class 0x000001c201002400 'java/lang/invoke/LambdaForm$MH+0x000001c201002400'
Event: 4464.807 Thread 0x000001c24a7d6f80 Unloading class 0x000001c201002000 'java/lang/invoke/LambdaForm$MH+0x000001c201002000'
Event: 4464.807 Thread 0x000001c24a7d6f80 Unloading class 0x000001c201001800 'java/lang/invoke/LambdaForm$MH+0x000001c201001800'

Classes redefined (0 events):
No events

Internal exceptions (20 events):
Event: 4892.813 Thread 0x000001c2679d5eb0 Exception <a 'sun/nio/fs/WindowsException'{0x00000000d61d8fe0}> (0x00000000d61d8fe0) 
thrown [s\src\hotspot\share\prims\jni.cpp, line 520]
Event: 4892.813 Thread 0x000001c2679d5eb0 Exception <a 'sun/nio/fs/WindowsException'{0x00000000d61d98a8}> (0x00000000d61d98a8) 
thrown [s\src\hotspot\share\prims\jni.cpp, line 520]
Event: 4893.107 Thread 0x000001c2679d6540 Exception <a 'sun/nio/fs/WindowsException'{0x00000000d630fb08}> (0x00000000d630fb08) 
thrown [s\src\hotspot\share\prims\jni.cpp, line 520]
Event: 4893.107 Thread 0x000001c2679d6540 Exception <a 'sun/nio/fs/WindowsException'{0x00000000d6310638}> (0x00000000d6310638) 
thrown [s\src\hotspot\share\prims\jni.cpp, line 520]
Event: 4893.108 Thread 0x000001c2679d6540 Exception <a 'sun/nio/fs/WindowsException'{0x00000000d6311c78}> (0x00000000d6311c78) 
thrown [s\src\hotspot\share\prims\jni.cpp, line 520]
Event: 4893.109 Thread 0x000001c2679d6540 Exception <a 'sun/nio/fs/WindowsException'{0x00000000d63127c0}> (0x00000000d63127c0) 
thrown [s\src\hotspot\share\prims\jni.cpp, line 520]
Event: 4893.121 Thread 0x000001c2679d6540 Exception <a 'sun/nio/fs/WindowsException'{0x00000000d6314a78}> (0x00000000d6314a78) 
thrown [s\src\hotspot\share\prims\jni.cpp, line 520]
Event: 4893.121 Thread 0x000001c2679d6540 Exception <a 'sun/nio/fs/WindowsException'{0x00000000d63155b0}> (0x00000000d63155b0) 
thrown [s\src\hotspot\share\prims\jni.cpp, line 520]
Event: 4893.897 Thread 0x000001c2679d6540 Exception <a 'sun/nio/fs/WindowsException'{0x00000000d633a090}> (0x00000000d633a090) 
thrown [s\src\hotspot\share\prims\jni.cpp, line 520]
Event: 4893.913 Thread 0x000001c2679d6540 Exception <a 'sun/nio/fs/WindowsException'{0x00000000d633abd0}> (0x00000000d633abd0) 
thrown [s\src\hotspot\share\prims\jni.cpp, line 520]
Event: 4895.511 Thread 0x000001c26a23df20 Exception <a 'sun/nio/fs/WindowsException'{0x00000000d6120778}> (0x00000000d6120778) 
thrown [s\src\hotspot\share\prims\jni.cpp, line 520]
Event: 4895.545 Thread 0x000001c26a23f960 Exception <a 'sun/nio/fs/WindowsException'{0x00000000d6122df0}> (0x00000000d6122df0) 
thrown [s\src\hotspot\share\prims\jni.cpp, line 520]
Event: 4895.547 Thread 0x000001c26a23f960 Exception <a 'sun/nio/fs/WindowsException'{0x00000000d6124ee8}> (0x00000000d6124ee8) 
thrown [s\src\hotspot\share\prims\jni.cpp, line 520]
Event: 4895.551 Thread 0x000001c26a23c4e0 Exception <a 'sun/nio/fs/WindowsException'{0x00000000d612ed28}> (0x00000000d612ed28) 
thrown [s\src\hotspot\share\prims\jni.cpp, line 520]
Event: 4895.552 Thread 0x000001c26a23fff0 Exception <a 'sun/nio/fs/WindowsException'{0x00000000d6146588}> (0x00000000d6146588) 
thrown [s\src\hotspot\share\prims\jni.cpp, line 520]
Event: 4895.601 Thread 0x000001c26a2420c0 Exception <a 'sun/nio/fs/WindowsException'{0x00000000d6175440}> (0x00000000d6175440) 
thrown [s\src\hotspot\share\prims\jni.cpp, line 520]
Event: 4895.602 Thread 0x000001c26a23d200 Exception <a 'sun/nio/fs/WindowsException'{0x00000000d613ad30}> (0x00000000d613ad30) 
thrown [s\src\hotspot\share\prims\jni.cpp, line 520]
Event: 4895.623 Thread 0x000001c26a23d200 Exception <a 'sun/nio/fs/WindowsException'{0x00000000d613bed0}> (0x00000000d613bed0) 
thrown [s\src\hotspot\share\prims\jni.cpp, line 520]
Event: 4895.636 Thread 0x000001c26a23d890 Exception <a 'sun/nio/fs/WindowsException'{0x00000000d616a430}> (0x00000000d616a430) 
thrown [s\src\hotspot\share\prims\jni.cpp, line 520]
Event: 4897.940 Thread 0x000001c26a23df20 Implicit null exception at 0x000001c255e1790e to 0x000001c255e184ac

ZGC Phase Switch (0 events):
No events

VM Operations (20 events):
Event: 4891.498 Executing VM operation: ParallelGCFailedAllocation (Allocation Failure)
Event: 4891.553 Executing VM operation: ParallelGCFailedAllocation (Allocation Failure) done
Event: 4891.562 Executing VM operation: ParallelGCFailedAllocation (Allocation Failure)
Event: 4891.580 Executing VM operation: ParallelGCFailedAllocation (Allocation Failure) done
Event: 4891.587 Executing VM operation: ParallelGCFailedAllocation (Allocation Failure)
Event: 4891.596 Executing VM operation: ParallelGCFailedAllocation (Allocation Failure) done
Event: 4891.860 Executing VM operation: ParallelGCFailedAllocation (Allocation Failure)
Event: 4891.870 Executing VM operation: ParallelGCFailedAllocation (Allocation Failure) done
Event: 4892.873 Executing VM operation: Cleanup
Event: 4892.874 Executing VM operation: Cleanup done
Event: 4893.878 Executing VM operation: Cleanup
Event: 4893.888 Executing VM operation: Cleanup done
Event: 4894.402 Executing VM operation: ParallelGCFailedAllocation (Allocation Failure)
Event: 4894.711 Executing VM operation: ParallelGCFailedAllocation (Allocation Failure) done
Event: 4895.719 Executing VM operation: Cleanup
Event: 4895.719 Executing VM operation: Cleanup done
Event: 4895.847 Executing VM operation: ParallelGCFailedAllocation (Allocation Failure)
Event: 4895.859 Executing VM operation: ParallelGCFailedAllocation (Allocation Failure) done
Event: 4896.863 Executing VM operation: Cleanup
Event: 4897.022 Executing VM operation: Cleanup done

Memory protections (0 events):
No events

Nmethod flushes (20 events):
Event: 4466.803 Thread 0x000001c24a7d6f80 flushing  nmethod 0x000001c24ed38890
Event: 4466.803 Thread 0x000001c24a7d6f80 flushing osr nmethod 0x000001c24ed4fc10
Event: 4466.804 Thread 0x000001c24a7d6f80 flushing  nmethod 0x000001c24ed89010
Event: 4466.804 Thread 0x000001c24a7d6f80 flushing  nmethod 0x000001c24ed8c910
Event: 4466.804 Thread 0x000001c24a7d6f80 flushing osr nmethod 0x000001c24ed92910
Event: 4466.804 Thread 0x000001c24a7d6f80 flushing  nmethod 0x000001c24ed94490
Event: 4466.804 Thread 0x000001c24a7d6f80 flushing  nmethod 0x000001c24edab290
Event: 4466.804 Thread 0x000001c24a7d6f80 flushing  nmethod 0x000001c24edab610
Event: 4466.804 Thread 0x000001c24a7d6f80 flushing  nmethod 0x000001c24edac010
Event: 4466.804 Thread 0x000001c24a7d6f80 flushing  nmethod 0x000001c24edad490
Event: 4466.804 Thread 0x000001c24a7d6f80 flushing  nmethod 0x000001c24edae090
Event: 4466.804 Thread 0x000001c24a7d6f80 flushing  nmethod 0x000001c24edbc310
Event: 4466.804 Thread 0x000001c24a7d6f80 flushing  nmethod 0x000001c24edbd510
Event: 4466.804 Thread 0x000001c24a7d6f80 flushing  nmethod 0x000001c24edbd910
Event: 4466.805 Thread 0x000001c24a7d6f80 flushing  nmethod 0x000001c24edbe810
Event: 4466.805 Thread 0x000001c24a7d6f80 flushing  nmethod 0x000001c24edd9490
Event: 4466.805 Thread 0x000001c24a7d6f80 flushing  nmethod 0x000001c24edd9f10
Event: 4466.805 Thread 0x000001c24a7d6f80 flushing  nmethod 0x000001c24ede1d10
Event: 4466.805 Thread 0x000001c24a7d6f80 flushing  nmethod 0x000001c24ee10590
Event: 4466.805 Thread 0x000001c24a7d6f80 flushing  nmethod 0x000001c24eef3a10

Events (20 events):
Event: 4862.037 Thread 0x000001c26a23ec40 Thread exited: 0x000001c26a23ec40
Event: 4862.037 Thread 0x000001c26a23d200 Thread exited: 0x000001c26a23d200
Event: 4862.037 Thread 0x000001c26a23c4e0 Thread exited: 0x000001c26a23c4e0
Event: 4862.037 Thread 0x000001c26a23e5b0 Thread exited: 0x000001c26a23e5b0
Event: 4876.010 Thread 0x000001c26a23cb70 Thread added: 0x000001c26a23e5b0
Event: 4882.474 Thread 0x000001c26a23e5b0 Thread added: 0x000001c26a23be50
Event: 4891.986 Thread 0x000001c26a23e5b0 Thread added: 0x000001c26a23ec40
Event: 4895.531 Thread 0x000001c26a23df20 Thread added: 0x000001c26a23f960
Event: 4895.546 Thread 0x000001c26a23f960 Thread added: 0x000001c26a23c4e0
Event: 4895.549 Thread 0x000001c26a23c4e0 Thread added: 0x000001c26a23d200
Event: 4895.550 Thread 0x000001c26a23d200 Thread added: 0x000001c26a23fff0
Event: 4895.551 Thread 0x000001c26a23fff0 Thread added: 0x000001c26a240680
Event: 4895.551 Thread 0x000001c26a23c4e0 Thread added: 0x000001c26a240d10
Event: 4895.552 Thread 0x000001c26a240680 Thread added: 0x000001c26a23d890
Event: 4895.553 Thread 0x000001c26a23fff0 Thread added: 0x000001c26a2420c0
Event: 4895.736 Thread 0x000001c26a23df20 Thread added: 0x000001c26a241a30
Event: 4895.737 Thread 0x000001c26a23df20 Thread added: 0x000001c26a242750
Event: 4895.737 Thread 0x000001c26a23df20 Thread added: 0x000001c26a242de0
Event: 4895.738 Thread 0x000001c26a23df20 Thread added: 0x000001c2679d6bd0
Event: 4895.738 Thread 0x000001c26a23df20 Thread added: 0x000001c2679d5190


Dynamic libraries:
0x00007ff6ac500000 - 0x00007ff6ac50e000 	c:\Users\nikhi\.vscode\extensions\redhat.java-1.43.1-win32-x64\jre\21.0.7-win32-x86_64\bin\java.exe
0x00007fff8cfc0000 - 0x00007fff8d228000 	C:\WINDOWS\SYSTEM32\ntdll.dll
0x00007fff8bb40000 - 0x00007fff8bc09000 	C:\WINDOWS\System32\KERNEL32.DLL
0x00007fff8a6c0000 - 0x00007fff8aaad000 	C:\WINDOWS\System32\KERNELBASE.dll
0x00007fff8ab80000 - 0x00007fff8accb000 	C:\WINDOWS\System32\ucrtbase.dll
0x00007fff613a0000 - 0x00007fff613b8000 	c:\Users\nikhi\.vscode\extensions\redhat.java-1.43.1-win32-x64\jre\21.0.7-win32-x86_64\bin\jli.dll
0x00007fff8bc10000 - 0x00007fff8bddc000 	C:\WINDOWS\System32\USER32.dll
0x00007fff8aab0000 - 0x00007fff8aad7000 	C:\WINDOWS\System32\win32u.dll
0x00007fff8c400000 - 0x00007fff8c42b000 	C:\WINDOWS\System32\GDI32.dll
0x00007fff8a110000 - 0x00007fff8a247000 	C:\WINDOWS\System32\gdi32full.dll
0x00007fff8a550000 - 0x00007fff8a5f3000 	C:\WINDOWS\System32\msvcp_win.dll
0x00007fff76810000 - 0x00007fff7682e000 	c:\Users\nikhi\.vscode\extensions\redhat.java-1.43.1-win32-x64\jre\21.0.7-win32-x86_64\bin\VCRUNTIME140.dll
0x00007fff73210000 - 0x00007fff734aa000 	C:\WINDOWS\WinSxS\amd64_microsoft.windows.common-controls_6595b64144ccf1df_6.0.26100.4484_none_3e0e6d4ce32ef3b3\COMCTL32.dll
0x00007fff8af70000 - 0x00007fff8b019000 	C:\WINDOWS\System32\msvcrt.dll
0x00007fff8bde0000 - 0x00007fff8be0f000 	C:\WINDOWS\System32\IMM32.DLL
0x000000006a9a0000 - 0x000000006a9ac000 	C:\Program Files (x86)\360\Total Security\safemon\SafeWrapper.dll
0x00007fff8ba80000 - 0x00007fff8bb34000 	C:\WINDOWS\System32\ADVAPI32.dll
0x00007fff8b130000 - 0x00007fff8b1d6000 	C:\WINDOWS\System32\sechost.dll
0x00007fff8cb80000 - 0x00007fff8cc98000 	C:\WINDOWS\System32\RPCRT4.dll
0x00007fff60900000 - 0x00007fff609ac000 	C:\Program Files (x86)\360\Total Security\safemon\libzdtp64.dll
0x00007fff8c430000 - 0x00007fff8cb7a000 	C:\WINDOWS\System32\SHELL32.dll
0x00007fff8a250000 - 0x00007fff8a3c4000 	C:\WINDOWS\System32\wintypes.dll
0x00007fff8b260000 - 0x00007fff8b5e6000 	C:\WINDOWS\System32\combase.dll
0x00007fff8b0a0000 - 0x00007fff8b10a000 	C:\WINDOWS\System32\SHLWAPI.dll
0x00007fff89a30000 - 0x00007fff89a3b000 	C:\WINDOWS\SYSTEM32\VERSION.dll
0x00007fff73dd0000 - 0x00007fff73ddc000 	c:\Users\nikhi\.vscode\extensions\redhat.java-1.43.1-win32-x64\jre\21.0.7-win32-x86_64\bin\vcruntime140_1.dll
0x00007fff4dab0000 - 0x00007fff4db3d000 	c:\Users\nikhi\.vscode\extensions\redhat.java-1.43.1-win32-x64\jre\21.0.7-win32-x86_64\bin\msvcp140.dll
0x00007fff106c0000 - 0x00007fff11450000 	c:\Users\nikhi\.vscode\extensions\redhat.java-1.43.1-win32-x64\jre\21.0.7-win32-x86_64\bin\server\jvm.dll
0x00007fff8b1e0000 - 0x00007fff8b254000 	C:\WINDOWS\System32\WS2_32.dll
0x00007fff89f60000 - 0x00007fff89fbe000 	C:\WINDOWS\SYSTEM32\POWRPROF.dll
0x00007fff734b0000 - 0x00007fff734e5000 	C:\WINDOWS\SYSTEM32\WINMM.dll
0x00007fff89f40000 - 0x00007fff89f54000 	C:\WINDOWS\SYSTEM32\UMPDC.dll
0x00007fff88e40000 - 0x00007fff88e5b000 	C:\WINDOWS\SYSTEM32\kernel.appcore.dll
0x00007fff73730000 - 0x00007fff7373a000 	c:\Users\nikhi\.vscode\extensions\redhat.java-1.43.1-win32-x64\jre\21.0.7-win32-x86_64\bin\jimage.dll
0x00007fff87750000 - 0x00007fff87991000 	C:\WINDOWS\SYSTEM32\DBGHELP.DLL
0x00007fff8ce90000 - 0x00007fff8cf70000 	C:\WINDOWS\System32\OLEAUT32.dll
0x00007fff73630000 - 0x00007fff73673000 	C:\WINDOWS\SYSTEM32\dbgcore.DLL
0x00007fff8aae0000 - 0x00007fff8ab79000 	C:\WINDOWS\System32\bcryptPrimitives.dll
0x00007fff736c0000 - 0x00007fff736cf000 	c:\Users\nikhi\.vscode\extensions\redhat.java-1.43.1-win32-x64\jre\21.0.7-win32-x86_64\bin\instrument.dll
0x00007fff61380000 - 0x00007fff6139f000 	c:\Users\nikhi\.vscode\extensions\redhat.java-1.43.1-win32-x64\jre\21.0.7-win32-x86_64\bin\java.dll
0x00007fff87d00000 - 0x00007fff8855b000 	C:\WINDOWS\SYSTEM32\windows.storage.dll
0x00007fff8c2a0000 - 0x00007fff8c395000 	C:\WINDOWS\System32\SHCORE.dll
0x00007fff8a020000 - 0x00007fff8a04f000 	C:\WINDOWS\SYSTEM32\profapi.dll
0x00007fff61360000 - 0x00007fff61378000 	c:\Users\nikhi\.vscode\extensions\redhat.java-1.43.1-win32-x64\jre\21.0.7-win32-x86_64\bin\zip.dll
0x00007fff710f0000 - 0x00007fff71100000 	C:\Users\nikhi\.vscode\extensions\redhat.java-1.43.1-win32-x64\jre\21.0.7-win32-x86_64\bin\net.dll
0x00007fff7d3d0000 - 0x00007fff7d4ee000 	C:\WINDOWS\SYSTEM32\WINHTTP.dll
0x00007fff893d0000 - 0x00007fff8943a000 	C:\WINDOWS\system32\mswsock.dll
0x00007fff61340000 - 0x00007fff61356000 	C:\Users\nikhi\.vscode\extensions\redhat.java-1.43.1-win32-x64\jre\21.0.7-win32-x86_64\bin\nio.dll
0x00007fff6f7f0000 - 0x00007fff6f800000 	c:\Users\nikhi\.vscode\extensions\redhat.java-1.43.1-win32-x64\jre\21.0.7-win32-x86_64\bin\verify.dll
0x00007fff5d770000 - 0x00007fff5d7b5000 	C:\Users\nikhi\AppData\Roaming\Code\User\globalStorage\redhat.java\1.43.1\config_win\org.eclipse.equinox.launcher\org.eclipse.equinox.launcher.win32.win32.x86_64_1.2.1300.v20250331-1702\eclipse_11911.dll
0x00007fff8be30000 - 0x00007fff8bfce000 	C:\WINDOWS\System32\ole32.dll
0x00007fff89680000 - 0x00007fff8969b000 	C:\WINDOWS\SYSTEM32\CRYPTSP.dll
0x00007fff88da0000 - 0x00007fff88ddb000 	C:\WINDOWS\system32\rsaenh.dll
0x00007fff89470000 - 0x00007fff8949b000 	C:\WINDOWS\SYSTEM32\USERENV.dll
0x00007fff89ff0000 - 0x00007fff8a016000 	C:\WINDOWS\SYSTEM32\bcrypt.dll
0x00007fff896a0000 - 0x00007fff896ac000 	C:\WINDOWS\SYSTEM32\CRYPTBASE.dll
0x00007fff889b0000 - 0x00007fff889e3000 	C:\WINDOWS\SYSTEM32\IPHLPAPI.DLL
0x00007fff8be20000 - 0x00007fff8be2a000 	C:\WINDOWS\System32\NSI.dll
0x00007fff5bf50000 - 0x00007fff5bf99000 	C:\Users\nikhi\AppData\Local\Temp\jna-104821521\jna3457284748917105216.dll
0x00007fff8ad60000 - 0x00007fff8ad68000 	C:\WINDOWS\System32\PSAPI.DLL
0x00007fff82d80000 - 0x00007fff82d9f000 	C:\WINDOWS\SYSTEM32\dhcpcsvc6.DLL
0x00007fff82630000 - 0x00007fff82655000 	C:\WINDOWS\SYSTEM32\dhcpcsvc.DLL
0x00007fff889f0000 - 0x00007fff88b16000 	C:\WINDOWS\SYSTEM32\DNSAPI.dll
0x00007fff7c1d0000 - 0x00007fff7c1db000 	C:\Windows\System32\rasadhlp.dll
0x00007fff83950000 - 0x00007fff839d6000 	C:\WINDOWS\System32\fwpuclnt.dll
0x00007fff6f770000 - 0x00007fff6f779000 	C:\Users\nikhi\.vscode\extensions\redhat.java-1.43.1-win32-x64\jre\21.0.7-win32-x86_64\bin\extnet.dll
0x00007fff75ad0000 - 0x00007fff75ade000 	C:\Users\nikhi\.vscode\extensions\redhat.java-1.43.1-win32-x64\jre\21.0.7-win32-x86_64\bin\sunmscapi.dll
0x00007fff8a3d0000 - 0x00007fff8a547000 	C:\WINDOWS\System32\CRYPT32.dll
0x00007fff898a0000 - 0x00007fff898d0000 	C:\WINDOWS\SYSTEM32\ncrypt.dll
0x00007fff89850000 - 0x00007fff8988f000 	C:\WINDOWS\SYSTEM32\NTASN1.dll

dbghelp: loaded successfully - version: 4.0.5 - missing functions: none
symbol engine: initialized successfully - sym options: 0x614 - pdb path: .;c:\Users\nikhi\.vscode\extensions\redhat.java-1.43.1-win32-x64\jre\21.0.7-win32-x86_64\bin;C:\WINDOWS\SYSTEM32;C:\WINDOWS\WinSxS\amd64_microsoft.windows.common-controls_6595b64144ccf1df_6.0.26100.4484_none_3e0e6d4ce32ef3b3;C:\Program Files (x86)\360\Total Security\safemon;c:\Users\nikhi\.vscode\extensions\redhat.java-1.43.1-win32-x64\jre\21.0.7-win32-x86_64\bin\server;C:\Users\nikhi\AppData\Roaming\Code\User\globalStorage\redhat.java\1.43.1\config_win\org.eclipse.equinox.launcher\org.eclipse.equinox.launcher.win32.win32.x86_64_1.2.1300.v20250331-1702;C:\Users\nikhi\AppData\Local\Temp\jna-104821521

VM Arguments:
jvm_args: --add-modules=ALL-SYSTEM --add-opens=java.base/java.util=ALL-UNNAMED --add-opens=java.base/java.lang=ALL-UNNAMED --add-opens=java.base/sun.nio.fs=ALL-UNNAMED -Declipse.application=org.eclipse.jdt.ls.core.id1 -Dosgi.bundles.defaultStartLevel=4 -Declipse.product=org.eclipse.jdt.ls.core.product -Djava.import.generatesMetadataFilesAtProjectRoot=false -DDetectVMInstallationsJob.disabled=true -Dfile.encoding=utf8 -XX:+UseParallelGC -XX:GCTimeRatio=4 -XX:AdaptiveSizePolicyWeight=90 -Dsun.zip.disableMemoryMapping=true -Xmx2G -Xms100m -Xlog:disable -javaagent:c:\Users\nikhi\.vscode\extensions\redhat.java-1.43.1-win32-x64\lombok\lombok-1.18.39-4050.jar -XX:+HeapDumpOnOutOfMemoryError -XX:HeapDumpPath=c:\Users\nikhi\AppData\Roaming\Code\User\workspaceStorage\2c7cbe482d4aa630f73c311e50a62fd4\redhat.java -Daether.dependencyCollector.impl=bf 
java_command: c:\Users\nikhi\.vscode\extensions\redhat.java-1.43.1-win32-x64\server\plugins\org.eclipse.equinox.launcher_1.7.0.v20250519-0528.jar -configuration c:\Users\nikhi\AppData\Roaming\Code\User\globalStorage\redhat.java\1.43.1\config_win -data c:\Users\nikhi\AppData\Roaming\Code\User\workspaceStorage\2c7cbe482d4aa630f73c311e50a62fd4\redhat.java\jdt_ws --pipe=\\.\pipe\lsp-acc4e464b88b030e384d21ae841425e1-sock
java_class_path (initial): c:\Users\nikhi\.vscode\extensions\redhat.java-1.43.1-win32-x64\server\plugins\org.eclipse.equinox.launcher_1.7.0.v20250519-0528.jar
Launcher Type: SUN_STANDARD

[Global flags]
    uintx AdaptiveSizePolicyWeight                 = 90                                        {product} {command line}
     intx CICompilerCount                          = 4                                         {product} {ergonomic}
    uintx GCTimeRatio                              = 4                                         {product} {command line}
     bool HeapDumpOnOutOfMemoryError               = true                                   {manageable} {command line}
    ccstr HeapDumpPath                             = c:\Users\nikhi\AppData\Roaming\Code\User\workspaceStorage\2c7cbe482d4aa630f73c311e50a62fd4\redhat.java         {manageable} {command line}
   size_t InitialHeapSize                          = 104857600                                 {product} {command line}
   size_t MaxHeapSize                              = 2147483648                                {product} {command line}
   size_t MaxNewSize                               = 715653120                                 {product} {ergonomic}
   size_t MinHeapDeltaBytes                        = 524288                                    {product} {ergonomic}
   size_t MinHeapSize                              = 104857600                                 {product} {command line}
   size_t NewSize                                  = 34603008                                  {product} {ergonomic}
    uintx NonNMethodCodeHeapSize                   = 5839372                                {pd product} {ergonomic}
    uintx NonProfiledCodeHeapSize                  = 122909434                              {pd product} {ergonomic}
   size_t OldSize                                  = 70254592                                  {product} {ergonomic}
    uintx ProfiledCodeHeapSize                     = 122909434                              {pd product} {ergonomic}
    uintx ReservedCodeCacheSize                    = 251658240                              {pd product} {ergonomic}
     bool SegmentedCodeCache                       = true                                      {product} {ergonomic}
   size_t SoftMaxHeapSize                          = 2147483648                             {manageable} {ergonomic}
     bool UseCompressedOops                        = true                           {product lp64_product} {ergonomic}
     bool UseLargePagesIndividualAllocation        = false                                  {pd product} {ergonomic}
     bool UseParallelGC                            = true                                      {product} {command line}

Logging:
Log output configuration:
 #0: stdout all=off uptime,level,tags foldmultilines=false
 #1: stderr all=off uptime,level,tags foldmultilines=false

Environment Variables:
PATH=C:\Program Files\Common Files\Oracle\Java\javapath;C:\WINDOWS\system32;C:\WINDOWS;C:\WINDOWS\System32\Wbem;C:\WINDOWS\System32\WindowsPowerShell\v1.0\;C:\WINDOWS\System32\OpenSSH\;C:\Program Files\Java\jdk-23\bin;D:\node.js\;C:\Program Files\MySQL\MySQL Shell 8.0\bin\;C:\Users\nikhi\AppData\Local\Microsoft\WindowsApps;C:\Users\nikhi\AppData\Local\Programs\Microsoft VS Code\bin;C:\Users\nikhi\AppData\Local\Programs\cursor\resources\app\bin;C:\Users\nikhi\AppData\Roaming\npm
USERNAME=nikhi
OS=Windows_NT
PROCESSOR_IDENTIFIER=Intel64 Family 6 Model 165 Stepping 2, GenuineIntel
TMP=C:\Users\nikhi\AppData\Local\Temp
TEMP=C:\Users\nikhi\AppData\Local\Temp




Periodic native trim disabled

---------------  S Y S T E M  ---------------

OS:
 Windows 11 , 64 bit Build 26100 (10.0.26100.4484)
OS uptime: 2 days 5:37 hours

CPU: total 8 (initial active 8) (4 cores per cpu, 2 threads per core) family 6 model 165 stepping 2 microcode 0xfc, cx8, cmov, fxsr, ht, mmx, 3dnowpref, sse, sse2, sse3, ssse3, sse4.1, sse4.2, popcnt, lzcnt, tsc, tscinvbit, avx, avx2, aes, erms, clmul, bmi1, bmi2, adx, fma, vzeroupper, clflush, clflushopt, rdtscp, f16c, pku
Processor Information for the first 8 processors :
  Max Mhz: 2496, Current Mhz: 2496, Mhz Limit: 2496

Memory: 4k page, system-wide physical 3889M (241M free)
TotalPageFile size 15665M (AvailPageFile size 0M)
current process WorkingSet (physical memory assigned to process): 154M, peak: 500M
current process commit charge ("private bytes"): 1350M, peak: 1360M

vm_info: OpenJDK 64-Bit Server VM (21.0.7+6-LTS) for windows-amd64 JRE (21.0.7+6-LTS), built on 2025-04-15T00:00:00Z by "admin" with MS VC++ 17.7 (VS2022)

END.
